[0.015s] Invoking command in '/home/john/Desktop/rp_ros2_rviz/build/rp_ros2_rviz': CMAKE_PREFIX_PATH=${CMAKE_PREFIX_PATH}:/opt/ros/jazzy DEBUGINFOD_URLS=https://debuginfod.ubuntu.com /usr/bin/cmake --build /home/john/Desktop/rp_ros2_rviz/build/rp_ros2_rviz -- -j4 -l4
[0.177s] [  8%] [32mBuilding CXX object CMakeFiles/world_node.dir/src/world_node.cpp.o[0m
[0.180s] [ 16%] [32mBuilding CXX object CMakeFiles/world_node.dir/src/lidar.cpp.o[0m
[0.184s] [ 33%] Built target control_robot
[0.188s] [ 41%] [32mBuilding CXX object CMakeFiles/world_node.dir/src/grid_map.cpp.o[0m
[3.027s] In file included from [01m[K/home/john/Desktop/rp_ros2_rviz/src/grid_map.cpp:1[m[K:
[3.027s] [01m[K/home/john/Desktop/rp_ros2_rviz/include/rp_ros2_rviz/grid_map.h:51:3:[m[K [01;31m[Kerror: [m[Kâ€˜[01m[KVector2iVector[m[Kâ€™ does not name a type
[3.027s]    51 |   [01;31m[KVector2iVector[m[K GridMap::getObstacles() const;
[3.027s]       |   [01;31m[K^~~~~~~~~~~~~~[m[K
[3.035s] [01m[K/home/john/Desktop/rp_ros2_rviz/src/grid_map.cpp:103:1:[m[K [01;31m[Kerror: [m[Kâ€˜[01m[KVector2iVector[m[Kâ€™ does not name a type
[3.035s]   103 | [01;31m[KVector2iVector[m[K GridMap::getObstacles() const {
[3.035s]       | [01;31m[K^~~~~~~~~~~~~~[m[K
[3.144s] In file included from [01m[K/home/john/Desktop/rp_ros2_rviz/include/rp_ros2_rviz/lidar.h:3[m[K,
[3.144s]                  from [01m[K/home/john/Desktop/rp_ros2_rviz/src/lidar.cpp:1[m[K:
[3.144s] [01m[K/home/john/Desktop/rp_ros2_rviz/include/rp_ros2_rviz/grid_map.h:51:3:[m[K [01;31m[Kerror: [m[Kâ€˜[01m[KVector2iVector[m[Kâ€™ does not name a type
[3.144s]    51 |   [01;31m[KVector2iVector[m[K GridMap::getObstacles() const;
[3.144s]       |   [01;31m[K^~~~~~~~~~~~~~[m[K
[3.154s] [01m[K/home/john/Desktop/rp_ros2_rviz/src/lidar.cpp:[m[K In member function â€˜[01m[Kvirtual void Lidar::[01;32m[KtimerTick[m[K(float)[m[Kâ€™:
[3.155s] [01m[K/home/john/Desktop/rp_ros2_rviz/src/lidar.cpp:31:29:[m[K [01;35m[Kwarning: [m[Kunused parameter â€˜[01m[Kdt[m[Kâ€™ [[01;35m[K]8;;https://gcc.gnu.org/onlinedocs/gcc/Warning-Options.html#index-Wunused-parameter-Wunused-parameter]8;;[m[K]
[3.155s]    31 | void Lidar::timerTick([01;35m[Kfloat dt[m[K) {
[3.155s]       |                       [01;35m[K~~~~~~^~[m[K
[3.601s] gmake[2]: *** [CMakeFiles/world_node.dir/build.make:104: CMakeFiles/world_node.dir/src/grid_map.cpp.o] Error 1
[3.602s] gmake[2]: *** Waiting for unfinished jobs....
[3.695s] gmake[2]: *** [CMakeFiles/world_node.dir/build.make:160: CMakeFiles/world_node.dir/src/lidar.cpp.o] Error 1
[5.792s] In file included from [01m[K/home/john/Desktop/rp_ros2_rviz/src/world_node.cpp:5[m[K:
[5.793s] [01m[K/home/john/Desktop/rp_ros2_rviz/include/rp_ros2_rviz/grid_map.h:51:3:[m[K [01;31m[Kerror: [m[Kâ€˜[01m[KVector2iVector[m[Kâ€™ does not name a type
[5.796s]    51 |   [01;31m[KVector2iVector[m[K GridMap::getObstacles() const;
[5.796s]       |   [01;31m[K^~~~~~~~~~~~~~[m[K
[6.197s] [01m[K/home/john/Desktop/rp_ros2_rviz/src/world_node.cpp:[m[K In constructor â€˜[01m[KWorldNode::[01;32m[KWorldNode[m[K()[m[Kâ€™:
[6.197s] [01m[K/home/john/Desktop/rp_ros2_rviz/src/world_node.cpp:56:17:[m[K [01;35m[Kwarning: [m[Kunused variable â€˜[01m[Kkey[m[Kâ€™ [[01;35m[K]8;;https://gcc.gnu.org/onlinedocs/gcc/Warning-Options.html#index-Wunused-variable-Wunused-variable]8;;[m[K]
[6.197s]    56 |             int [01;35m[Kkey[m[K=0;
[6.198s]       |                 [01;35m[K^~~[m[K
[6.220s] [01m[K/home/john/Desktop/rp_ros2_rviz/src/world_node.cpp:[m[K In static member function â€˜[01m[Kstatic void WorldNode::[01;32m[KonMouse[m[K(int, int, int, int, void*)[m[Kâ€™:
[6.220s] [01m[K/home/john/Desktop/rp_ros2_rviz/src/world_node.cpp:82:54:[m[K [01;35m[Kwarning: [m[Kunused parameter â€˜[01m[Kval[m[Kâ€™ [[01;35m[K]8;;https://gcc.gnu.org/onlinedocs/gcc/Warning-Options.html#index-Wunused-parameter-Wunused-parameter]8;;[m[K]
[6.220s]    82 |     static void onMouse(int event, int x, int y, [01;35m[Kint val[m[K, void* arg) {
[6.220s]       |                                                  [01;35m[K~~~~^~~[m[K
[8.736s] gmake[2]: *** [CMakeFiles/world_node.dir/build.make:76: CMakeFiles/world_node.dir/src/world_node.cpp.o] Error 1
[8.736s] gmake[1]: *** [CMakeFiles/Makefile2:165: CMakeFiles/world_node.dir/all] Error 2
[8.736s] gmake: *** [Makefile:146: all] Error 2
[8.740s] Invoked command in '/home/john/Desktop/rp_ros2_rviz/build/rp_ros2_rviz' returned '2': CMAKE_PREFIX_PATH=${CMAKE_PREFIX_PATH}:/opt/ros/jazzy DEBUGINFOD_URLS=https://debuginfod.ubuntu.com /usr/bin/cmake --build /home/john/Desktop/rp_ros2_rviz/build/rp_ros2_rviz -- -j4 -l4
