-- Found ament_cmake: 2.5.3 (/opt/ros/jazzy/share/ament_cmake/cmake)
-- Found rclcpp: 28.1.6 (/opt/ros/jazzy/share/rclcpp/cmake)
-- Found rosidl_generator_c: 4.6.5 (/opt/ros/jazzy/share/rosidl_generator_c/cmake)
-- Found rosidl_generator_cpp: 4.6.5 (/opt/ros/jazzy/share/rosidl_generator_cpp/cmake)
-- Using all available rosidl_typesupport_c: rosidl_typesupport_fastrtps_c;rosidl_typesupport_introspection_c
-- Using all available rosidl_typesupport_cpp: rosidl_typesupport_fastrtps_cpp;rosidl_typesupport_introspection_cpp
-- Found rmw_implementation_cmake: 7.3.1 (/opt/ros/jazzy/share/rmw_implementation_cmake/cmake)
-- Found rmw_fastrtps_cpp: 8.4.1 (/opt/ros/jazzy/share/rmw_fastrtps_cpp/cmake)
-- Using RMW implementation 'rmw_fastrtps_cpp' as default
-- Found std_msgs: 5.3.5 (/opt/ros/jazzy/share/std_msgs/cmake)
-- Found geometry_msgs: 5.3.5 (/opt/ros/jazzy/share/geometry_msgs/cmake)
-- Found ament_lint_auto: 0.17.1 (/opt/ros/jazzy/share/ament_lint_auto/cmake)
-- Added test 'cppcheck' to perform static code analysis on C / C++ code
-- Configured cppcheck include dirs: /home/john/Desktop/rp_ros2_rviz/include;/home/john/Desktop/rp_ros2_rviz/msg
-- Configured cppcheck exclude dirs and/or files: 
-- Added test 'flake8' to check Python code syntax and style conventions
-- Configured 'flake8' exclude dirs and/or files: 
-- Added test 'lint_cmake' to check CMake code style
-- Added test 'pep257' to check Python code against some of the docstring style conventions in PEP 257
-- Added test 'uncrustify' to check C / C++ code style
-- Configured uncrustify additional arguments: 
-- Added test 'xmllint' to check XML markup files
-- Configuring done (2.1s)
-- Generating done (0.0s)
-- Build files have been written to: /home/john/Desktop/rp_ros2_rviz/build/rp_ros2_rviz
[ 11%] [32mBuilding CXX object CMakeFiles/listener_node.dir/src/listener.cpp.o[0m
[ 22%] [32mBuilding CXX object CMakeFiles/world_node.dir/src/world_node.cpp.o[0m
[ 33%] [32mBuilding CXX object CMakeFiles/world_node.dir/src/world.cpp.o[0m
[ 44%] [32mBuilding CXX object CMakeFiles/world_node.dir/src/grid_map.cpp.o[0m
[01m[K/home/john/Desktop/rp_ros2_rviz/src/grid_map.cpp:[m[K In member function â€˜[01m[Kvirtual void GridMap::[01;32m[Kdraw[m[K(Canvas&) const[m[Kâ€™:
[01m[K/home/john/Desktop/rp_ros2_rviz/src/grid_map.cpp:80:9:[m[K [01;35m[Kwarning: [m[Kvariable â€˜[01m[Kt[m[Kâ€™ set but not used [[01;35m[K]8;;https://gcc.gnu.org/onlinedocs/gcc/Warning-Options.html#index-Wunused-but-set-variable-Wunused-but-set-variable]8;;[m[K]
   80 |   Vec2f [01;35m[Kt[m[K=_piw.t*(1./dest.resolution);
      |         [01;35m[K^[m[K
[01m[K/home/john/Desktop/rp_ros2_rviz/src/world.cpp:[m[K In member function â€˜[01m[Kvirtual bool World::[01;32m[Kcollides[m[K(const WorldItem*) const[m[Kâ€™:
[01m[K/home/john/Desktop/rp_ros2_rviz/src/world.cpp:82:39:[m[K [01;35m[Kwarning: [m[Kunused parameter â€˜[01m[Kother[m[Kâ€™ [[01;35m[K]8;;https://gcc.gnu.org/onlinedocs/gcc/Warning-Options.html#index-Wunused-parameter-Wunused-parameter]8;;[m[K]
   82 | bool World::collides([01;35m[Kconst WorldItem* other[m[K) const {
      |                      [01;35m[K~~~~~~~~~~~~~~~~~^~~~~[m[K
[ 55%] [32mBuilding CXX object CMakeFiles/world_node.dir/src/grid.cpp.o[0m
In file included from [01m[K/home/john/Desktop/rp_ros2_rviz/src/world_node.cpp:3[m[K:
[01m[K/home/john/Desktop/rp_ros2_rviz/msg/world.msg:1:1:[m[K [01;31m[Kerror: [m[Kâ€˜[01m[KWorld[m[Kâ€™ does not name a type
    1 | [01;31m[KWorld[m[K
      | [01;31m[K^~~~~[m[K
[ 66%] [32mBuilding CXX object CMakeFiles/world_node.dir/src/canvas.cpp.o[0m
In file included from [01m[K/home/john/Desktop/rp_ros2_rviz/include/rp_ros2_rviz/world.h:5[m[K,
                 from [01m[K/home/john/Desktop/rp_ros2_rviz/src/world_node.cpp:4[m[K:
[01m[K/home/john/Desktop/rp_ros2_rviz/include/rp_ros2_rviz/linalg.h:84:8:[m[K [01;31m[Kerror: [m[Kâ€˜[01m[Kostream[m[Kâ€™ does not name a type
   84 | inline [01;31m[Kostream[m[K& operator << (ostream& os, const Vec2f& src){
      |        [01;31m[K^~~~~~~[m[K
[01m[K/home/john/Desktop/rp_ros2_rviz/include/rp_ros2_rviz/linalg.h:174:8:[m[K [01;31m[Kerror: [m[Kâ€˜[01m[Kostream[m[Kâ€™ does not name a type
  174 | inline [01;31m[Kostream[m[K& operator << (ostream& os, const Rotation2f& src){
      |        [01;31m[K^~~~~~~[m[K
[ 77%] [32mBuilding CXX object CMakeFiles/world_node.dir/src/differential_drive_robot.cpp.o[0m
[01m[K/home/john/Desktop/rp_ros2_rviz/src/world_node.cpp:23:23:[m[K [01;31m[Kerror: [m[Kâ€˜[01m[Krp_ros2_rviz[m[Kâ€™ was not declared in this scope
   23 |     rclcpp::Publisher<[01;31m[Krp_ros2_rviz[m[K::msg::World>::SharedPtr world_publisher_;
      |                       [01;31m[K^~~~~~~~~~~~[m[K
[01m[K/home/john/Desktop/rp_ros2_rviz/src/world_node.cpp:23:47:[m[K [01;31m[Kerror: [m[Ktemplate argument 1 is invalid
   23 |     rclcpp::Publisher<rp_ros2_rviz::msg::World[01;31m[K>[m[K::SharedPtr world_publisher_;
      |                                               [01;31m[K^[m[K
[01m[K/home/john/Desktop/rp_ros2_rviz/src/world_node.cpp:23:50:[m[K [01;31m[Kerror: [m[Kexpected â€˜[01m[K;[m[Kâ€™ at end of member declaration
   23 |     rclcpp::Publisher<rp_ros2_rviz::msg::World>::[01;31m[KSharedPtr[m[K world_publisher_;
      |                                                  [01;31m[K^~~~~~~~~[m[K
      |                                                           [32m[K;[m[K
[01m[K/home/john/Desktop/rp_ros2_rviz/src/world_node.cpp:23:60:[m[K [01;31m[Kerror: [m[Kâ€˜[01m[Kworld_publisher_[m[Kâ€™ does not name a type; did you mean â€˜[01m[Krmw_publisher_t[m[Kâ€™?
   23 |     rclcpp::Publisher<rp_ros2_rviz::msg::World>::SharedPtr [01;31m[Kworld_publisher_[m[K;
      |                                                            [01;31m[K^~~~~~~~~~~~~~~~[m[K
      |                                                            [32m[Krmw_publisher_t[m[K
[01m[K/home/john/Desktop/rp_ros2_rviz/src/world_node.cpp:[m[K In constructor â€˜[01m[KWorldNode::[01;32m[KWorldNode[m[K()[m[Kâ€™:
[01m[K/home/john/Desktop/rp_ros2_rviz/src/world_node.cpp:19:9:[m[K [01;31m[Kerror: [m[Kâ€˜[01m[Kworld_publisher_[m[Kâ€™ was not declared in this scope; did you mean â€˜[01m[Kcount_publishers[m[Kâ€™?
   19 |         [01;31m[Kworld_publisher_[m[K = this->create_publisher<rp_ros2_rviz::msg::World>("World", 10);
      |         [01;31m[K^~~~~~~~~~~~~~~~[m[K
      |         [32m[Kcount_publishers[m[K
[01m[K/home/john/Desktop/rp_ros2_rviz/src/world_node.cpp:19:51:[m[K [01;31m[Kerror: [m[Kâ€˜[01m[Krp_ros2_rviz[m[Kâ€™ was not declared in this scope
   19 |         world_publisher_ = this->create_publisher<[01;31m[Krp_ros2_rviz[m[K::msg::World>("World", 10);
      |                                                   [01;31m[K^~~~~~~~~~~~[m[K
[01m[K/home/john/Desktop/rp_ros2_rviz/src/world_node.cpp:19:34:[m[K [01;31m[Kerror: [m[Kparse error in template argument list
   19 |         world_publisher_ = this->[01;31m[Kcreate_publisher<rp_ros2_rviz::msg::World>[m[K("World", 10);
      |                                  [01;31m[K^~~~~~~~~~~~~~~~~~~~~~~~~~~~~~~~~~~~~~~~~~[m[K
[01m[K/home/john/Desktop/rp_ros2_rviz/src/world_node.cpp:19:76:[m[K [01;31m[Kerror: [m[Kno matching function for call to â€˜[01m[KWorldNode::create_publisher<<expression error> >(const char [6], int)[m[Kâ€™
   19 |         world_publisher_ = [01;31m[Kthis->create_publisher<rp_ros2_rviz::msg::World>("World", 10)[m[K;
      |                            [01;31m[K~~~~~~~~~~~~~~~~~~~~~~~~~~~~~~~~~~~~~~~~~~~~~~~~^~~~~~~~~~~~~[m[K
In file included from [01m[K/opt/ros/jazzy/include/rclcpp/rclcpp/executors/single_threaded_executor.hpp:28[m[K,
                 from [01m[K/opt/ros/jazzy/include/rclcpp/rclcpp/executors.hpp:22[m[K,
                 from [01m[K/opt/ros/jazzy/include/rclcpp/rclcpp/rclcpp.hpp:172[m[K,
                 from [01m[K/home/john/Desktop/rp_ros2_rviz/src/world_node.cpp:1[m[K:
[01m[K/opt/ros/jazzy/include/rclcpp/rclcpp/node.hpp:197:3:[m[K [01;36m[Knote: [m[Kcandidate: â€˜[01m[Ktemplate<class MessageT, class AllocatorT, class PublisherT> std::shared_ptr<PublisherT> rclcpp::Node::[01;32m[Kcreate_publisher[m[K(const std::string&, const rclcpp::QoS&, const rclcpp::PublisherOptionsWithAllocator<AllocatorT>&)[m[Kâ€™
  197 |   [01;36m[Kcreate_publisher[m[K(
      |   [01;36m[K^~~~~~~~~~~~~~~~[m[K
[01m[K/opt/ros/jazzy/include/rclcpp/rclcpp/node.hpp:197:3:[m[K [01;36m[Knote: [m[K  template argument deduction/substitution failed:
[01m[K/home/john/Desktop/rp_ros2_rviz/src/world_node.cpp:19:76:[m[K [01;31m[Kerror: [m[Ktemplate argument 1 is invalid
   19 |         world_publisher_ = [01;31m[Kthis->create_publisher<rp_ros2_rviz::msg::World>("World", 10)[m[K;
      |                            [01;31m[K~~~~~~~~~~~~~~~~~~~~~~~~~~~~~~~~~~~~~~~~~~~~~~~~^~~~~~~~~~~~~[m[K
[ 88%] [32m[1mLinking CXX executable listener_node[0m
[ 88%] Built target listener_node
gmake[2]: *** [CMakeFiles/world_node.dir/build.make:76: CMakeFiles/world_node.dir/src/world_node.cpp.o] Error 1
gmake[1]: *** [CMakeFiles/Makefile2:165: CMakeFiles/world_node.dir/all] Error 2
gmake: *** [Makefile:146: all] Error 2
