[ 33%] Built target world_node
[ 66%] Built target dmap_node
[ 73%] [32mBuilding CXX object CMakeFiles/pathplanner_node.dir/src/pathplanner_node.cpp.o[0m
[01m[K/home/john/Desktop/path_ros/rp_ros2_rviz/src/pathplanner_node.cpp:[m[K In constructor â€˜[01m[KPathPlanner::[01;32m[KPathPlanner[m[K()[m[Kâ€™:
[01m[K/home/john/Desktop/path_ros/rp_ros2_rviz/src/pathplanner_node.cpp:32:9:[m[K [01;31m[Kerror: [m[Kâ€˜[01m[Kcustom_image[m[Kâ€™ was not declared in this scope
   32 |         [01;31m[Kcustom_image[m[K = cv::imread(image_path, cv::IMREAD_COLOR);
      |         [01;31m[K^~~~~~~~~~~~[m[K
[01m[K/home/john/Desktop/path_ros/rp_ros2_rviz/src/pathplanner_node.cpp:[m[K In member function â€˜[01m[Kvoid PathPlanner::[01;32m[Kstring_callback[m[K(std_msgs::msg::String_<std::allocator<void> >::SharedPtr)[m[Kâ€™:
[01m[K/home/john/Desktop/path_ros/rp_ros2_rviz/src/pathplanner_node.cpp:62:9:[m[K [01;31m[Kerror: [m[Kâ€˜[01m[Kcustom_image[m[Kâ€™ was not declared in this scope
   62 |         [01;31m[Kcustom_image[m[K = cv::imread(image_path, cv::IMREAD_COLOR);
      |         [01;31m[K^~~~~~~~~~~~[m[K
gmake[2]: *** [CMakeFiles/pathplanner_node.dir/build.make:76: CMakeFiles/pathplanner_node.dir/src/pathplanner_node.cpp.o] Error 1
gmake[1]: *** [CMakeFiles/Makefile2:193: CMakeFiles/pathplanner_node.dir/all] Error 2
gmake: *** [Makefile:146: all] Error 2
