[0.017s] Invoking command in '/home/john/Desktop/rp_ros2_rviz/build/rp_ros2_rviz': CMAKE_PREFIX_PATH=${CMAKE_PREFIX_PATH}:/opt/ros/jazzy DEBUGINFOD_URLS=https://debuginfod.ubuntu.com /usr/bin/cmake --build /home/john/Desktop/rp_ros2_rviz/build/rp_ros2_rviz -- -j4 -l4
[0.081s] [ 20%] Built target control_robot
[0.135s] [ 30%] [32mBuilding CXX object CMakeFiles/world_node.dir/src/world_node.cpp.o[0m
[2.884s] [01m[K/home/john/Desktop/rp_ros2_rviz/src/world_node.cpp:[m[K In constructor â€˜[01m[KWorldNode::[01;32m[KWorldNode[m[K()[m[Kâ€™:
[2.884s] [01m[K/home/john/Desktop/rp_ros2_rviz/src/world_node.cpp:45:13:[m[K [01;31m[Kerror: [m[Kâ€˜[01m[Ktimer_[m[Kâ€™ was not declared in this scope; did you mean â€˜[01m[Ktimer_t[m[Kâ€™?
[2.884s]    45 |             [01;31m[Ktimer_[m[K = this->create_wall_timer(
[2.884s]       |             [01;31m[K^~~~~~[m[K
[2.884s]       |             [32m[Ktimer_t[m[K
[2.887s] [01m[K/home/john/Desktop/rp_ros2_rviz/src/world_node.cpp:50:17:[m[K [01;35m[Kwarning: [m[Kunused variable â€˜[01m[Kkey[m[Kâ€™ [[01;35m[K]8;;https://gcc.gnu.org/onlinedocs/gcc/Warning-Options.html#index-Wunused-variable-Wunused-variable]8;;[m[K]
[2.887s]    50 |             int [01;35m[Kkey[m[K=0;
[2.887s]       |                 [01;35m[K^~~[m[K
[2.897s] [01m[K/home/john/Desktop/rp_ros2_rviz/src/world_node.cpp:[m[K In static member function â€˜[01m[Kstatic void WorldNode::[01;32m[KonMouse[m[K(int, int, int, int, void*)[m[Kâ€™:
[2.897s] [01m[K/home/john/Desktop/rp_ros2_rviz/src/world_node.cpp:182:53:[m[K [01;35m[Kwarning: [m[Kunused parameter â€˜[01m[Kflags[m[Kâ€™ [[01;35m[K]8;;https://gcc.gnu.org/onlinedocs/gcc/Warning-Options.html#index-Wunused-parameter-Wunused-parameter]8;;[m[K]
[2.897s]   182 |    static void onMouse(int event, int x, int y, [01;35m[Kint flags[m[K, void* userdata) {
[2.897s]       |                                                 [01;35m[K~~~~^~~~~[m[K
[5.230s] gmake[2]: *** [CMakeFiles/world_node.dir/build.make:76: CMakeFiles/world_node.dir/src/world_node.cpp.o] Error 1
[5.232s] gmake[1]: *** [CMakeFiles/Makefile2:165: CMakeFiles/world_node.dir/all] Error 2
[5.232s] gmake: *** [Makefile:146: all] Error 2
[5.236s] Invoked command in '/home/john/Desktop/rp_ros2_rviz/build/rp_ros2_rviz' returned '2': CMAKE_PREFIX_PATH=${CMAKE_PREFIX_PATH}:/opt/ros/jazzy DEBUGINFOD_URLS=https://debuginfod.ubuntu.com /usr/bin/cmake --build /home/john/Desktop/rp_ros2_rviz/build/rp_ros2_rviz -- -j4 -l4
