[0.011s] Invoking command in '/home/john/Desktop/rp_ros2_rviz/build/rp_ros2_rviz': CMAKE_PREFIX_PATH=${CMAKE_PREFIX_PATH}:/opt/ros/jazzy DEBUGINFOD_URLS=https://debuginfod.ubuntu.com /usr/bin/cmake --build /home/john/Desktop/rp_ros2_rviz/build/rp_ros2_rviz -- -j4 -l4
[0.096s] [ 16%] Built target control_robot
[0.120s] [ 25%] [32mBuilding CXX object CMakeFiles/world_node.dir/src/grid_map.cpp.o[0m
[0.121s] [ 33%] [32mBuilding CXX object CMakeFiles/world_node.dir/src/world_node.cpp.o[0m
[0.128s] [ 41%] [32mBuilding CXX object CMakeFiles/world_node.dir/src/lidar.cpp.o[0m
[2.664s] In file included from [01m[K/home/john/Desktop/rp_ros2_rviz/include/rp_ros2_rviz/lidar.h:3[m[K,
[2.664s]                  from [01m[K/home/john/Desktop/rp_ros2_rviz/src/lidar.cpp:1[m[K:
[2.664s] [01m[K/home/john/Desktop/rp_ros2_rviz/include/rp_ros2_rviz/grid_map.h:9:36:[m[K [01;31m[Kerror: [m[Kâ€˜[01m[KVector2i[m[Kâ€™ was not declared in this scope; did you mean â€˜[01m[KEigen::Vector2i[m[Kâ€™?
[2.664s]     9 | using Vector2iVector = std::vector<[01;31m[KVector2i[m[K>;
[2.664s]       |                                    [01;31m[K^~~~~~~~[m[K
[2.664s]       |                                    [32m[KEigen::Vector2i[m[K
[2.664s] In file included from [01m[K/usr/include/eigen3/Eigen/Core:295[m[K,
[2.664s]                  from [01m[K/home/john/Desktop/rp_ros2_rviz/include/rp_ros2_rviz/grid_map.h:7[m[K:
[2.664s] [01m[K/usr/include/eigen3/Eigen/src/Core/Matrix.h:485:34:[m[K [01;36m[Knote: [m[Kâ€˜[01m[KEigen::Vector2i[m[Kâ€™ declared here
[2.664s]   485 | typedef Matrix<Type, Size, 1>    [01;36m[KVector[m[K##SizeSuffix##TypeSuffix;  \
[2.664s]       |                                  [01;36m[K^~~~~~[m[K
[2.665s] [01m[K/usr/include/eigen3/Eigen/src/Core/Matrix.h:496:1:[m[K [01;36m[Knote: [m[Kin expansion of macro â€˜[01m[KEIGEN_MAKE_TYPEDEFS[m[Kâ€™
[2.665s]   496 | [01;36m[KEIGEN_MAKE_TYPEDEFS[m[K(Type, TypeSuffix, 2, 2) \
[2.665s]       | [01;36m[K^~~~~~~~~~~~~~~~~~~[m[K
[2.668s] [01m[K/usr/include/eigen3/Eigen/src/Core/Matrix.h:504:1:[m[K [01;36m[Knote: [m[Kin expansion of macro â€˜[01m[KEIGEN_MAKE_TYPEDEFS_ALL_SIZES[m[Kâ€™
[2.668s]   504 | [01;36m[KEIGEN_MAKE_TYPEDEFS_ALL_SIZES[m[K(int,                  i)
[2.668s]       | [01;36m[K^~~~~~~~~~~~~~~~~~~~~~~~~~~~~[m[K
[2.668s] [01m[K/home/john/Desktop/rp_ros2_rviz/include/rp_ros2_rviz/grid_map.h:9:44:[m[K [01;31m[Kerror: [m[Ktemplate argument 1 is invalid
[2.668s]     9 | using Vector2iVector = std::vector<Vector2i[01;31m[K>[m[K;
[2.668s]       |                                            [01;31m[K^[m[K
[2.668s] [01m[K/home/john/Desktop/rp_ros2_rviz/include/rp_ros2_rviz/grid_map.h:9:44:[m[K [01;31m[Kerror: [m[Ktemplate argument 2 is invalid
[2.668s] [01m[K/home/john/Desktop/rp_ros2_rviz/include/rp_ros2_rviz/grid_map.h:52:3:[m[K [01;31m[Kerror: [m[Kâ€˜[01m[KVector2iVector[m[Kâ€™ does not name a type
[2.668s]    52 |   [01;31m[KVector2iVector[m[K GridMap::getObstacles() const;
[2.668s]       |   [01;31m[K^~~~~~~~~~~~~~[m[K
[2.668s] [01m[K/home/john/Desktop/rp_ros2_rviz/src/lidar.cpp:[m[K In member function â€˜[01m[Kvirtual void Lidar::[01;32m[KtimerTick[m[K(float)[m[Kâ€™:
[2.668s] [01m[K/home/john/Desktop/rp_ros2_rviz/src/lidar.cpp:31:29:[m[K [01;35m[Kwarning: [m[Kunused parameter â€˜[01m[Kdt[m[Kâ€™ [[01;35m[K]8;;https://gcc.gnu.org/onlinedocs/gcc/Warning-Options.html#index-Wunused-parameter-Wunused-parameter]8;;[m[K]
[2.668s]    31 | void Lidar::timerTick([01;35m[Kfloat dt[m[K) {
[2.668s]       |                       [01;35m[K~~~~~~^~[m[K
[2.958s] In file included from [01m[K/home/john/Desktop/rp_ros2_rviz/src/grid_map.cpp:1[m[K:
[2.960s] [01m[K/home/john/Desktop/rp_ros2_rviz/include/rp_ros2_rviz/grid_map.h:9:36:[m[K [01;31m[Kerror: [m[Kâ€˜[01m[KVector2i[m[Kâ€™ was not declared in this scope; did you mean â€˜[01m[KEigen::Vector2i[m[Kâ€™?
[2.960s]     9 | using Vector2iVector = std::vector<[01;31m[KVector2i[m[K>;
[2.960s]       |                                    [01;31m[K^~~~~~~~[m[K
[2.960s]       |                                    [32m[KEigen::Vector2i[m[K
[2.960s] In file included from [01m[K/usr/include/eigen3/Eigen/Core:295[m[K,
[2.960s]                  from [01m[K/home/john/Desktop/rp_ros2_rviz/include/rp_ros2_rviz/grid_map.h:7[m[K:
[2.960s] [01m[K/usr/include/eigen3/Eigen/src/Core/Matrix.h:485:34:[m[K [01;36m[Knote: [m[Kâ€˜[01m[KEigen::Vector2i[m[Kâ€™ declared here
[2.960s]   485 | typedef Matrix<Type, Size, 1>    [01;36m[KVector[m[K##SizeSuffix##TypeSuffix;  \
[2.961s]       |                                  [01;36m[K^~~~~~[m[K
[2.962s] [01m[K/usr/include/eigen3/Eigen/src/Core/Matrix.h:496:1:[m[K [01;36m[Knote: [m[Kin expansion of macro â€˜[01m[KEIGEN_MAKE_TYPEDEFS[m[Kâ€™
[2.962s]   496 | [01;36m[KEIGEN_MAKE_TYPEDEFS[m[K(Type, TypeSuffix, 2, 2) \
[2.962s]       | [01;36m[K^~~~~~~~~~~~~~~~~~~[m[K
[2.962s] [01m[K/usr/include/eigen3/Eigen/src/Core/Matrix.h:504:1:[m[K [01;36m[Knote: [m[Kin expansion of macro â€˜[01m[KEIGEN_MAKE_TYPEDEFS_ALL_SIZES[m[Kâ€™
[2.962s]   504 | [01;36m[KEIGEN_MAKE_TYPEDEFS_ALL_SIZES[m[K(int,                  i)
[2.962s]       | [01;36m[K^~~~~~~~~~~~~~~~~~~~~~~~~~~~~[m[K
[2.962s] [01m[K/home/john/Desktop/rp_ros2_rviz/include/rp_ros2_rviz/grid_map.h:9:44:[m[K [01;31m[Kerror: [m[Ktemplate argument 1 is invalid
[2.962s]     9 | using Vector2iVector = std::vector<Vector2i[01;31m[K>[m[K;
[2.962s]       |                                            [01;31m[K^[m[K
[2.962s] [01m[K/home/john/Desktop/rp_ros2_rviz/include/rp_ros2_rviz/grid_map.h:9:44:[m[K [01;31m[Kerror: [m[Ktemplate argument 2 is invalid
[2.967s] [01m[K/home/john/Desktop/rp_ros2_rviz/include/rp_ros2_rviz/grid_map.h:52:3:[m[K [01;31m[Kerror: [m[Kâ€˜[01m[KVector2iVector[m[Kâ€™ does not name a type
[2.968s]    52 |   [01;31m[KVector2iVector[m[K GridMap::getObstacles() const;
[2.968s]       |   [01;31m[K^~~~~~~~~~~~~~[m[K
[2.976s] [01m[K/home/john/Desktop/rp_ros2_rviz/src/grid_map.cpp:103:1:[m[K [01;31m[Kerror: [m[Kâ€˜[01m[KVector2iVector[m[Kâ€™ does not name a type
[2.976s]   103 | [01;31m[KVector2iVector[m[K GridMap::getObstacles() const {
[2.976s]       | [01;31m[K^~~~~~~~~~~~~~[m[K
[3.133s] gmake[2]: *** [CMakeFiles/world_node.dir/build.make:160: CMakeFiles/world_node.dir/src/lidar.cpp.o] Error 1
[3.133s] gmake[2]: *** Waiting for unfinished jobs....
[3.451s] gmake[2]: *** [CMakeFiles/world_node.dir/build.make:104: CMakeFiles/world_node.dir/src/grid_map.cpp.o] Error 1
[4.989s] In file included from [01m[K/home/john/Desktop/rp_ros2_rviz/src/world_node.cpp:5[m[K:
[4.989s] [01m[K/home/john/Desktop/rp_ros2_rviz/include/rp_ros2_rviz/grid_map.h:9:36:[m[K [01;31m[Kerror: [m[Kâ€˜[01m[KVector2i[m[Kâ€™ was not declared in this scope; did you mean â€˜[01m[KEigen::Vector2i[m[Kâ€™?
[4.990s]     9 | using Vector2iVector = std::vector<[01;31m[KVector2i[m[K>;
[4.990s]       |                                    [01;31m[K^~~~~~~~[m[K
[4.990s]       |                                    [32m[KEigen::Vector2i[m[K
[4.990s] In file included from [01m[K/usr/include/eigen3/Eigen/Core:295[m[K,
[4.990s]                  from [01m[K/home/john/Desktop/rp_ros2_rviz/include/rp_ros2_rviz/grid_map.h:7[m[K:
[4.990s] [01m[K/usr/include/eigen3/Eigen/src/Core/Matrix.h:485:34:[m[K [01;36m[Knote: [m[Kâ€˜[01m[KEigen::Vector2i[m[Kâ€™ declared here
[4.990s]   485 | typedef Matrix<Type, Size, 1>    [01;36m[KVector[m[K##SizeSuffix##TypeSuffix;  \
[4.990s]       |                                  [01;36m[K^~~~~~[m[K
[4.990s] [01m[K/usr/include/eigen3/Eigen/src/Core/Matrix.h:496:1:[m[K [01;36m[Knote: [m[Kin expansion of macro â€˜[01m[KEIGEN_MAKE_TYPEDEFS[m[Kâ€™
[4.990s]   496 | [01;36m[KEIGEN_MAKE_TYPEDEFS[m[K(Type, TypeSuffix, 2, 2) \
[4.990s]       | [01;36m[K^~~~~~~~~~~~~~~~~~~[m[K
[4.990s] [01m[K/usr/include/eigen3/Eigen/src/Core/Matrix.h:504:1:[m[K [01;36m[Knote: [m[Kin expansion of macro â€˜[01m[KEIGEN_MAKE_TYPEDEFS_ALL_SIZES[m[Kâ€™
[4.990s]   504 | [01;36m[KEIGEN_MAKE_TYPEDEFS_ALL_SIZES[m[K(int,                  i)
[4.990s]       | [01;36m[K^~~~~~~~~~~~~~~~~~~~~~~~~~~~~[m[K
[4.990s] [01m[K/home/john/Desktop/rp_ros2_rviz/include/rp_ros2_rviz/grid_map.h:9:44:[m[K [01;31m[Kerror: [m[Ktemplate argument 1 is invalid
[4.990s]     9 | using Vector2iVector = std::vector<Vector2i[01;31m[K>[m[K;
[4.990s]       |                                            [01;31m[K^[m[K
[4.990s] [01m[K/home/john/Desktop/rp_ros2_rviz/include/rp_ros2_rviz/grid_map.h:9:44:[m[K [01;31m[Kerror: [m[Ktemplate argument 2 is invalid
[4.995s] [01m[K/home/john/Desktop/rp_ros2_rviz/include/rp_ros2_rviz/grid_map.h:52:3:[m[K [01;31m[Kerror: [m[Kâ€˜[01m[KVector2iVector[m[Kâ€™ does not name a type
[4.995s]    52 |   [01;31m[KVector2iVector[m[K GridMap::getObstacles() const;
[4.995s]       |   [01;31m[K^~~~~~~~~~~~~~[m[K
[5.249s] [01m[K/home/john/Desktop/rp_ros2_rviz/src/world_node.cpp:[m[K In constructor â€˜[01m[KWorldNode::[01;32m[KWorldNode[m[K()[m[Kâ€™:
[5.249s] [01m[K/home/john/Desktop/rp_ros2_rviz/src/world_node.cpp:56:17:[m[K [01;35m[Kwarning: [m[Kunused variable â€˜[01m[Kkey[m[Kâ€™ [[01;35m[K]8;;https://gcc.gnu.org/onlinedocs/gcc/Warning-Options.html#index-Wunused-variable-Wunused-variable]8;;[m[K]
[5.249s]    56 |             int [01;35m[Kkey[m[K=0;
[5.249s]       |                 [01;35m[K^~~[m[K
[5.272s] [01m[K/home/john/Desktop/rp_ros2_rviz/src/world_node.cpp:[m[K In static member function â€˜[01m[Kstatic void WorldNode::[01;32m[KonMouse[m[K(int, int, int, int, void*)[m[Kâ€™:
[5.272s] [01m[K/home/john/Desktop/rp_ros2_rviz/src/world_node.cpp:82:54:[m[K [01;35m[Kwarning: [m[Kunused parameter â€˜[01m[Kval[m[Kâ€™ [[01;35m[K]8;;https://gcc.gnu.org/onlinedocs/gcc/Warning-Options.html#index-Wunused-parameter-Wunused-parameter]8;;[m[K]
[5.272s]    82 |     static void onMouse(int event, int x, int y, [01;35m[Kint val[m[K, void* arg) {
[5.272s]       |                                                  [01;35m[K~~~~^~~[m[K
[8.379s] gmake[2]: *** [CMakeFiles/world_node.dir/build.make:76: CMakeFiles/world_node.dir/src/world_node.cpp.o] Error 1
[8.380s] gmake[1]: *** [CMakeFiles/Makefile2:165: CMakeFiles/world_node.dir/all] Error 2
[8.380s] gmake: *** [Makefile:146: all] Error 2
[8.383s] Invoked command in '/home/john/Desktop/rp_ros2_rviz/build/rp_ros2_rviz' returned '2': CMAKE_PREFIX_PATH=${CMAKE_PREFIX_PATH}:/opt/ros/jazzy DEBUGINFOD_URLS=https://debuginfod.ubuntu.com /usr/bin/cmake --build /home/john/Desktop/rp_ros2_rviz/build/rp_ros2_rviz -- -j4 -l4
