[0.016s] Invoking command in '/home/john/Desktop/rp_ros2_rviz/build/rp_ros2_rviz': CMAKE_PREFIX_PATH=${CMAKE_PREFIX_PATH}:/opt/ros/jazzy DEBUGINFOD_URLS=https://debuginfod.ubuntu.com /usr/bin/cmake --build /home/john/Desktop/rp_ros2_rviz/build/rp_ros2_rviz -- -j4 -l4
[0.089s] [ 16%] Built target control_robot
[0.104s] [ 25%] [32mBuilding CXX object CMakeFiles/world_node.dir/src/dmap_planner.cpp.o[0m
[0.104s] [ 33%] [32mBuilding CXX object CMakeFiles/world_node.dir/src/world_node.cpp.o[0m
[2.399s] In file included from [01m[K/home/john/Desktop/rp_ros2_rviz/src/dmap_planner.cpp:1[m[K:
[2.399s] [01m[K/home/john/Desktop/rp_ros2_rviz/include/rp_ros2_rviz/dmap_planner.h:9:3:[m[K [01;31m[Kerror: [m[Kâ€˜[01m[KGridMapping[m[Kâ€™ does not name a type; did you mean â€˜[01m[KGridMap[m[Kâ€™?
[2.399s]     9 |   [01;31m[KGridMapping[m[K mapping; // to convert from world to grid coordinates
[2.399s]       |   [01;31m[K^~~~~~~~~~~[m[K
[2.399s]       |   [32m[KGridMap[m[K
[2.423s] [01m[K/home/john/Desktop/rp_ros2_rviz/src/dmap_planner.cpp:[m[K In member function â€˜[01m[Kvoid DMapPlanner::[01;32m[Kinit[m[K(float, float, float, const DMap&)[m[Kâ€™:
[2.423s] [01m[K/home/john/Desktop/rp_ros2_rviz/src/dmap_planner.cpp:25:3:[m[K [01;31m[Kerror: [m[Kâ€˜[01m[Kmapping[m[Kâ€™ was not declared in this scope
[2.423s]    25 |   [01;31m[Kmapping[m[K.resize(obstacle_costs.rows, obstacle_costs.cols, resolution);
[2.423s]       |   [01;31m[K^~~~~~~[m[K
[2.433s] [01m[K/home/john/Desktop/rp_ros2_rviz/src/dmap_planner.cpp:[m[K In member function â€˜[01m[Kvoid DMapPlanner::[01;32m[KcomputePolicy[m[K(const Eigen::Vector2f&)[m[Kâ€™:
[2.433s] [01m[K/home/john/Desktop/rp_ros2_rviz/src/dmap_planner.cpp:41:17:[m[K [01;31m[Kerror: [m[Kâ€˜[01m[Kmapping[m[Kâ€™ was not declared in this scope
[2.433s]    41 |   d_grid.resize([01;31m[Kmapping[m[K.rows, mapping.cols);
[2.433s]       |                 [01;31m[K^~~~~~~[m[K
[2.433s] [01m[K/home/john/Desktop/rp_ros2_rviz/src/dmap_planner.cpp:43:42:[m[K [01;31m[Kerror: [m[Kexpected primary-expression before â€˜[01m[Kint[m[Kâ€™
[2.433s]    43 |   Vector2i goal_i=mapping.w2g(goal).cast<[01;31m[Kint[m[K>();
[2.433s]       |                                          [01;31m[K^~~[m[K
[2.453s] [01m[K/home/john/Desktop/rp_ros2_rviz/src/dmap_planner.cpp:54:8:[m[K [01;35m[Kwarning: [m[Kunused variable â€˜[01m[Kstep_mode[m[Kâ€™ [[01;35m[K]8;;https://gcc.gnu.org/onlinedocs/gcc/Warning-Options.html#index-Wunused-variable-Wunused-variable]8;;[m[K]
[2.453s]    54 |   bool [01;35m[Kstep_mode[m[K=true;
[2.453s]       |        [01;35m[K^~~~~~~~~[m[K
[2.468s] [01m[K/home/john/Desktop/rp_ros2_rviz/src/dmap_planner.cpp:[m[K In member function â€˜[01m[Kfloat DMapPlanner::[01;32m[KcomputePath[m[K(std::__cxx11::list<Eigen::Matrix<float, 2, 1> >&, const Eigen::Vector2f&, float, size_t, bool) const[m[Kâ€™:
[2.469s] [01m[K/home/john/Desktop/rp_ros2_rviz/src/dmap_planner.cpp:107:19:[m[K [01;31m[Kerror: [m[Kâ€˜[01m[Kmapping[m[Kâ€™ was not declared in this scope
[2.469s]   107 |     approach_cost=[01;31m[Kmapping[m[K.resolution*2;
[2.469s]       |                   [01;31m[K^~~~~~~[m[K
[2.493s] [01m[K/home/john/Desktop/rp_ros2_rviz/src/dmap_planner.cpp:114:16:[m[K [01;31m[Kerror: [m[Kâ€˜[01m[Kmapping[m[Kâ€™ was not declared in this scope
[2.493s]   114 |       auto pgf=[01;31m[Kmapping[m[K.w2g(current);
[2.493s]       |                [01;31m[K^~~~~~~[m[K
[2.493s] [01m[K/home/john/Desktop/rp_ros2_rviz/src/dmap_planner.cpp:115:24:[m[K [01;31m[Kerror: [m[Kexpected primary-expression before â€˜[01m[Kint[m[Kâ€™
[2.493s]   115 |       auto pg=pgf.cast<[01;31m[Kint[m[K>();
[2.493s]       |                        [01;31m[K^~~[m[K
[2.519s] [01m[K/home/john/Desktop/rp_ros2_rviz/src/dmap_planner.cpp:142:14:[m[K [01;31m[Kerror: [m[Kâ€˜[01m[Kmapping[m[Kâ€™ was not declared in this scope
[2.519s]   142 |     auto pgf=[01;31m[Kmapping[m[K.w2g(start_pose);
[2.519s]       |              [01;31m[K^~~~~~~[m[K
[2.520s] [01m[K/home/john/Desktop/rp_ros2_rviz/src/dmap_planner.cpp:143:22:[m[K [01;31m[Kerror: [m[Kexpected primary-expression before â€˜[01m[Kint[m[Kâ€™
[2.520s]   143 |     auto pg=pgf.cast<[01;31m[Kint[m[K>();
[2.520s]       |                      [01;31m[K^~~[m[K
[2.527s] [01m[K/home/john/Desktop/rp_ros2_rviz/src/dmap_planner.cpp:155:62:[m[K [01;31m[Kerror: [m[Kexpected primary-expression before â€˜[01m[Kfloat[m[Kâ€™
[2.527s]   155 |       path.push_back(mapping.g2w(d_grid.ptr2rc(current).cast<[01;31m[Kfloat[m[K>()));
[2.527s]       |                                                              [01;31m[K^~~~~[m[K
[3.163s] gmake[2]: *** [CMakeFiles/world_node.dir/build.make:174: CMakeFiles/world_node.dir/src/dmap_planner.cpp.o] Error 1
[3.163s] gmake[2]: *** Waiting for unfinished jobs....
[4.584s] In file included from [01m[K/home/john/Desktop/rp_ros2_rviz/src/world_node.cpp:8[m[K:
[4.585s] [01m[K/home/john/Desktop/rp_ros2_rviz/include/rp_ros2_rviz/dmap_planner.h:9:3:[m[K [01;31m[Kerror: [m[Kâ€˜[01m[KGridMapping[m[Kâ€™ does not name a type; did you mean â€˜[01m[KGridMap[m[Kâ€™?
[4.585s]     9 |   [01;31m[KGridMapping[m[K mapping; // to convert from world to grid coordinates
[4.585s]       |   [01;31m[K^~~~~~~~~~~[m[K
[4.585s]       |   [32m[KGridMap[m[K
[4.595s] In file included from [01m[K/home/john/Desktop/rp_ros2_rviz/src/world_node.cpp:9[m[K:
[4.596s] [01m[K/home/john/Desktop/rp_ros2_rviz/include/rp_ros2_rviz/display_utils.h:7:23:[m[K [01;31m[Kerror: [m[Kâ€˜[01m[KGridMapping[m[Kâ€™ does not name a type; did you mean â€˜[01m[KGridMap[m[Kâ€™?
[4.596s]     7 |                 const [01;31m[KGridMapping[m[K& mapping,
[4.596s]       |                       [01;31m[K^~~~~~~~~~~[m[K
[4.596s]       |                       [32m[KGridMap[m[K
[4.596s] [01m[K/home/john/Desktop/rp_ros2_rviz/include/rp_ros2_rviz/display_utils.h:[m[K In function â€˜[01m[Kvoid[01;32m[K drawPoints[m[K(cv::Mat&, const int&, const Eigen::Isometry2f&, const ContainerType&, uint8_t)[m[Kâ€™:
[4.596s] [01m[K/home/john/Desktop/rp_ros2_rviz/include/rp_ros2_rviz/display_utils.h:12:27:[m[K [01;31m[Kerror: [m[Krequest for member â€˜[01m[Kw2g[m[Kâ€™ in â€˜[01m[Kmapping[m[Kâ€™, which is of non-class type â€˜[01m[Kconst int[m[Kâ€™
[4.596s]    12 |     const auto pg=mapping.[01;31m[Kw2g[m[K(X*p);
[4.596s]       |                           [01;31m[K^~~[m[K
[4.599s] [01m[K/home/john/Desktop/rp_ros2_rviz/src/world_node.cpp:[m[K At global scope:
[4.599s] [01m[K/home/john/Desktop/rp_ros2_rviz/src/world_node.cpp:71:26:[m[K [01;31m[Kerror: [m[Kâ€˜[01m[KGridMapping[m[Kâ€™ does not name a type; did you mean â€˜[01m[KGridMap[m[Kâ€™?
[4.599s]    71 |     void redisplay(const [01;31m[KGridMapping[m[K& mapping) {
[4.599s]       |                          [01;31m[K^~~~~~~~~~~[m[K
[4.599s]       |                          [32m[KGridMap[m[K
[4.635s] [01m[K/home/john/Desktop/rp_ros2_rviz/src/world_node.cpp:[m[K In constructor â€˜[01m[KWorldNode::[01;32m[KWorldNode[m[K()[m[Kâ€™:
[4.635s] [01m[K/home/john/Desktop/rp_ros2_rviz/src/world_node.cpp:53:17:[m[K [01;35m[Kwarning: [m[Kunused variable â€˜[01m[Kkey[m[Kâ€™ [[01;35m[K]8;;https://gcc.gnu.org/onlinedocs/gcc/Warning-Options.html#index-Wunused-variable-Wunused-variable]8;;[m[K]
[4.635s]    53 |             int [01;35m[Kkey[m[K=0;
[4.635s]       |                 [01;35m[K^~~[m[K
[4.676s] [01m[K/home/john/Desktop/rp_ros2_rviz/src/world_node.cpp:[m[K In static member function â€˜[01m[Kstatic void WorldNode::[01;32m[KonMouse[m[K(int, int, int, int, void*)[m[Kâ€™:
[4.676s] [01m[K/home/john/Desktop/rp_ros2_rviz/src/world_node.cpp:88:47:[m[K [01;31m[Kerror: [m[Kâ€˜[01m[Kstruct DMapPlanner[m[Kâ€™ has no member named â€˜[01m[Kmapping[m[Kâ€™
[4.676s]    88 |         Eigen::Vector2f world_pose = planner->[01;31m[Kmapping[m[K.g2w(Eigen::Vector2f(y, x));
[4.676s]       |                                               [01;31m[K^~~~~~~[m[K
[4.687s] [01m[K/home/john/Desktop/rp_ros2_rviz/src/world_node.cpp:94:38:[m[K [01;31m[Kerror: [m[Kâ€˜[01m[Kstruct DMapPlanner[m[Kâ€™ has no member named â€˜[01m[Kmapping[m[Kâ€™
[4.687s]    94 |             self->redisplay(planner->[01;31m[Kmapping[m[K);  // Chiama redisplay su self (istanza di WorldNode)
[4.687s]       |                                      [01;31m[K^~~~~~~[m[K
[4.687s] [01m[K/home/john/Desktop/rp_ros2_rviz/src/world_node.cpp:96:67:[m[K [01;31m[Kerror: [m[Kâ€˜[01m[Kstruct DMapPlanner[m[Kâ€™ has no member named â€˜[01m[Kmapping[m[Kâ€™
[4.687s]    96 |             planner->computePath(self->path, world_pose, planner->[01;31m[Kmapping[m[K.resolution * 2, 10000, self->use_gradient);
[4.687s]       |                                                                   [01;31m[K^~~~~~~[m[K
[4.688s] [01m[K/home/john/Desktop/rp_ros2_rviz/src/world_node.cpp:97:38:[m[K [01;31m[Kerror: [m[Kâ€˜[01m[Kstruct DMapPlanner[m[Kâ€™ has no member named â€˜[01m[Kmapping[m[Kâ€™
[4.688s]    97 |             self->redisplay(planner->[01;31m[Kmapping[m[K);  // Chiama redisplay su self (istanza di WorldNode)
[4.688s]       |                                      [01;31m[K^~~~~~~[m[K
[4.688s] [01m[K/home/john/Desktop/rp_ros2_rviz/src/world_node.cpp:79:54:[m[K [01;35m[Kwarning: [m[Kunused parameter â€˜[01m[Kval[m[Kâ€™ [[01;35m[K]8;;https://gcc.gnu.org/onlinedocs/gcc/Warning-Options.html#index-Wunused-parameter-Wunused-parameter]8;;[m[K]
[4.688s]    79 |     static void onMouse(int event, int x, int y, [01;35m[Kint val[m[K, void* arg) {
[4.688s]       |                                                  [01;35m[K~~~~^~~[m[K
[7.000s] gmake[2]: *** [CMakeFiles/world_node.dir/build.make:76: CMakeFiles/world_node.dir/src/world_node.cpp.o] Error 1
[7.001s] gmake[1]: *** [CMakeFiles/Makefile2:165: CMakeFiles/world_node.dir/all] Error 2
[7.001s] gmake: *** [Makefile:146: all] Error 2
[7.014s] Invoked command in '/home/john/Desktop/rp_ros2_rviz/build/rp_ros2_rviz' returned '2': CMAKE_PREFIX_PATH=${CMAKE_PREFIX_PATH}:/opt/ros/jazzy DEBUGINFOD_URLS=https://debuginfod.ubuntu.com /usr/bin/cmake --build /home/john/Desktop/rp_ros2_rviz/build/rp_ros2_rviz -- -j4 -l4
