[0.010s] Invoking command in '/home/john/Desktop/rp_ros2_rviz/build/rp_ros2_rviz': CMAKE_PREFIX_PATH=${CMAKE_PREFIX_PATH}:/opt/ros/jazzy DEBUGINFOD_URLS=https://debuginfod.ubuntu.com /usr/bin/cmake --build /home/john/Desktop/rp_ros2_rviz/build/rp_ros2_rviz -- -j4 -l4
[0.108s] [ 14%] [32mBuilding CXX object CMakeFiles/world_node.dir/src/world.cpp.o[0m
[0.122s] [ 28%] [32mBuilding CXX object CMakeFiles/world_node.dir/src/world_node.cpp.o[0m
[0.130s] [ 57%] Built target listener_node
[0.137s] [ 85%] Built target canvas_node
[0.652s] In file included from [01m[K/home/john/Desktop/rp_ros2_rviz/include/rp_ros2_rviz/world.h:6[m[K,
[0.652s]                  from [01m[K/home/john/Desktop/rp_ros2_rviz/src/world.cpp:1[m[K:
[0.652s] [01m[K/home/john/Desktop/rp_ros2_rviz/include/rp_ros2_rviz/canvas.h:5:3:[m[K [01;31m[Kerror: [m[Kâ€˜[01m[Kcv[m[Kâ€™ does not name a type
[0.652s]     5 |   [01;31m[Kcv[m[K::Mat draw_image;
[0.652s]       |   [01;31m[K^~[m[K
[0.652s] [01m[K/home/john/Desktop/rp_ros2_rviz/include/rp_ros2_rviz/canvas.h:26:66:[m[K [01;31m[Kerror: [m[Kâ€˜[01m[Kuint8_t[m[Kâ€™ does not name a type
[0.653s]    26 |   void drawCircle(const Vec2f& center, const float radius, const [01;31m[Kuint8_t[m[K gray_value);
[0.653s]       |                                                                  [01;31m[K^~~~~~~[m[K
[0.653s] [01m[K/home/john/Desktop/rp_ros2_rviz/include/rp_ros2_rviz/canvas.h:1:1:[m[K [01;36m[Knote: [m[Kâ€˜[01m[Kuint8_t[m[Kâ€™ is defined in header â€˜[01m[K<cstdint>[m[Kâ€™; did you forget to â€˜[01m[K#include <cstdint>[m[Kâ€™?
[0.653s]   +++ |+[32m[K#include <cstdint>[m[K
[0.653s]     1 | #pragma once
[0.653s] [01m[K/home/john/Desktop/rp_ros2_rviz/include/rp_ros2_rviz/canvas.h:27:42:[m[K [01;31m[Kerror: [m[Kâ€˜[01m[Kuint8_t[m[Kâ€™ does not name a type
[0.653s]    27 |   void drawPoint(const Vec2f& pos, const [01;31m[Kuint8_t[m[K gray_value);
[0.653s]       |                                          [01;31m[K^~~~~~~[m[K
[0.653s] [01m[K/home/john/Desktop/rp_ros2_rviz/include/rp_ros2_rviz/canvas.h:27:42:[m[K [01;36m[Knote: [m[Kâ€˜[01m[Kuint8_t[m[Kâ€™ is defined in header â€˜[01m[K<cstdint>[m[Kâ€™; did you forget to â€˜[01m[K#include <cstdint>[m[Kâ€™?
[0.653s] [01m[K/home/john/Desktop/rp_ros2_rviz/include/rp_ros2_rviz/canvas.h:28:65:[m[K [01;31m[Kerror: [m[Kâ€˜[01m[Kuint8_t[m[Kâ€™ does not name a type
[0.653s]    28 |   void drawLine(const Vec2f& p_start, const Vec2f& p_end, const [01;31m[Kuint8_t[m[K gray_value);
[0.653s]       |                                                                 [01;31m[K^~~~~~~[m[K
[0.653s] [01m[K/home/john/Desktop/rp_ros2_rviz/include/rp_ros2_rviz/canvas.h:28:65:[m[K [01;36m[Knote: [m[Kâ€˜[01m[Kuint8_t[m[Kâ€™ is defined in header â€˜[01m[K<cstdint>[m[Kâ€™; did you forget to â€˜[01m[K#include <cstdint>[m[Kâ€™?
[0.660s] [01m[K/home/john/Desktop/rp_ros2_rviz/include/rp_ros2_rviz/canvas.h:[m[K In member function â€˜[01m[Kint Canvas::[01;32m[Krows[m[K() const[m[Kâ€™:
[0.660s] [01m[K/home/john/Desktop/rp_ros2_rviz/include/rp_ros2_rviz/canvas.h:14:35:[m[K [01;31m[Kerror: [m[Kâ€˜[01m[Kdraw_image[m[Kâ€™ was not declared in this scope
[0.660s]    14 |   inline int rows() const {return [01;31m[Kdraw_image[m[K.rows;}
[0.660s]       |                                   [01;31m[K^~~~~~~~~~[m[K
[0.668s] [01m[K/home/john/Desktop/rp_ros2_rviz/include/rp_ros2_rviz/canvas.h:[m[K In member function â€˜[01m[Kint Canvas::[01;32m[Kcols[m[K() const[m[Kâ€™:
[0.668s] [01m[K/home/john/Desktop/rp_ros2_rviz/include/rp_ros2_rviz/canvas.h:15:35:[m[K [01;31m[Kerror: [m[Kâ€˜[01m[Kdraw_image[m[Kâ€™ was not declared in this scope
[0.668s]    15 |   inline int cols() const {return [01;31m[Kdraw_image[m[K.cols;}
[0.668s]       |                                   [01;31m[K^~~~~~~~~~[m[K
[0.675s] [01m[K/home/john/Desktop/rp_ros2_rviz/include/rp_ros2_rviz/canvas.h:[m[K In member function â€˜[01m[Kbool Canvas::[01;32m[Kinside[m[K(const Vec2f&)[m[Kâ€™:
[0.675s] [01m[K/home/john/Desktop/rp_ros2_rviz/include/rp_ros2_rviz/canvas.h:21:18:[m[K [01;31m[Kerror: [m[Kâ€˜[01m[Kdraw_image[m[Kâ€™ was not declared in this scope
[0.675s]    21 |       || cp.x()>=[01;31m[Kdraw_image[m[K.rows
[0.675s]       |                  [01;31m[K^~~~~~~~~~[m[K
[0.683s] [01m[K/home/john/Desktop/rp_ros2_rviz/src/world.cpp:[m[K In member function â€˜[01m[Kvirtual bool World::[01;32m[Kcollides[m[K(const WorldItem*) const[m[Kâ€™:
[0.683s] [01m[K/home/john/Desktop/rp_ros2_rviz/src/world.cpp:82:39:[m[K [01;35m[Kwarning: [m[Kunused parameter â€˜[01m[Kother[m[Kâ€™ [[01;35m[K]8;;https://gcc.gnu.org/onlinedocs/gcc/Warning-Options.html#index-Wunused-parameter-Wunused-parameter]8;;[m[K]
[0.683s]    82 | bool World::collides([01;35m[Kconst WorldItem* other[m[K) const {
[0.683s]       |                      [01;35m[K~~~~~~~~~~~~~~~~~^~~~~[m[K
[0.754s] gmake[2]: *** [CMakeFiles/world_node.dir/build.make:90: CMakeFiles/world_node.dir/src/world.cpp.o] Error 1
[0.755s] gmake[2]: *** Waiting for unfinished jobs....
[2.314s] In file included from [01m[K/home/john/Desktop/rp_ros2_rviz/include/rp_ros2_rviz/world.h:6[m[K,
[2.314s]                  from [01m[K/home/john/Desktop/rp_ros2_rviz/src/world_node.cpp:3[m[K:
[2.314s] [01m[K/home/john/Desktop/rp_ros2_rviz/include/rp_ros2_rviz/canvas.h:5:3:[m[K [01;31m[Kerror: [m[Kâ€˜[01m[Kcv[m[Kâ€™ does not name a type
[2.314s]     5 |   [01;31m[Kcv[m[K::Mat draw_image;
[2.315s]       |   [01;31m[K^~[m[K
[2.325s] [01m[K/home/john/Desktop/rp_ros2_rviz/include/rp_ros2_rviz/canvas.h:[m[K In member function â€˜[01m[Kint Canvas::[01;32m[Krows[m[K() const[m[Kâ€™:
[2.325s] [01m[K/home/john/Desktop/rp_ros2_rviz/include/rp_ros2_rviz/canvas.h:14:35:[m[K [01;31m[Kerror: [m[Kâ€˜[01m[Kdraw_image[m[Kâ€™ was not declared in this scope
[2.326s]    14 |   inline int rows() const {return [01;31m[Kdraw_image[m[K.rows;}
[2.326s]       |                                   [01;31m[K^~~~~~~~~~[m[K
[2.336s] [01m[K/home/john/Desktop/rp_ros2_rviz/include/rp_ros2_rviz/canvas.h:[m[K In member function â€˜[01m[Kint Canvas::[01;32m[Kcols[m[K() const[m[Kâ€™:
[2.336s] [01m[K/home/john/Desktop/rp_ros2_rviz/include/rp_ros2_rviz/canvas.h:15:35:[m[K [01;31m[Kerror: [m[Kâ€˜[01m[Kdraw_image[m[Kâ€™ was not declared in this scope
[2.336s]    15 |   inline int cols() const {return [01;31m[Kdraw_image[m[K.cols;}
[2.336s]       |                                   [01;31m[K^~~~~~~~~~[m[K
[2.348s] [01m[K/home/john/Desktop/rp_ros2_rviz/include/rp_ros2_rviz/canvas.h:[m[K In member function â€˜[01m[Kbool Canvas::[01;32m[Kinside[m[K(const Vec2f&)[m[Kâ€™:
[2.348s] [01m[K/home/john/Desktop/rp_ros2_rviz/include/rp_ros2_rviz/canvas.h:21:18:[m[K [01;31m[Kerror: [m[Kâ€˜[01m[Kdraw_image[m[Kâ€™ was not declared in this scope
[2.348s]    21 |       || cp.x()>=[01;31m[Kdraw_image[m[K.rows
[2.348s]       |                  [01;31m[K^~~~~~~~~~[m[K
[2.382s] [01m[K/home/john/Desktop/rp_ros2_rviz/src/world_node.cpp:[m[K In constructor â€˜[01m[KWorldNode::[01;32m[KWorldNode[m[K()[m[Kâ€™:
[2.383s] [01m[K/home/john/Desktop/rp_ros2_rviz/src/world_node.cpp:14:17:[m[K [01;31m[Kerror: [m[Kâ€˜[01m[Kusing std::__shared_ptr_access<World, __gnu_cxx::_S_atomic, false, false>::element_type = struct World[m[Kâ€™ {aka â€˜[01m[Kstruct World[m[Kâ€™} has no member named â€˜[01m[KaddItem[m[Kâ€™
[2.383s]    14 |         world_->[01;31m[KaddItem[m[K(item1_);
[2.383s]       |                 [01;31m[K^~~~~~~[m[K
[2.383s] [01m[K/home/john/Desktop/rp_ros2_rviz/src/world_node.cpp:18:17:[m[K [01;31m[Kerror: [m[Kâ€˜[01m[Kusing std::__shared_ptr_access<World, __gnu_cxx::_S_atomic, false, false>::element_type = struct World[m[Kâ€™ {aka â€˜[01m[Kstruct World[m[Kâ€™} has no member named â€˜[01m[KaddItem[m[Kâ€™
[2.383s]    18 |         world_->[01;31m[KaddItem[m[K(item2_);
[2.383s]       |                 [01;31m[K^~~~~~~[m[K
[2.386s] [01m[K/home/john/Desktop/rp_ros2_rviz/src/world_node.cpp:[m[K In member function â€˜[01m[Kvoid WorldNode::[01;32m[KposeCallback[m[K(geometry_msgs::msg::Pose_<std::allocator<void> >::SharedPtr)[m[Kâ€™:
[2.386s] [01m[K/home/john/Desktop/rp_ros2_rviz/src/world_node.cpp:28:9:[m[K [01;31m[Kerror: [m[Kâ€˜[01m[KEigen[m[Kâ€™ has not been declared
[2.386s]    28 |         [01;31m[KEigen[m[K::Isometry2f new_pose;
[2.386s]       |         [01;31m[K^~~~~[m[K
[2.398s] [01m[K/home/john/Desktop/rp_ros2_rviz/src/world_node.cpp:29:9:[m[K [01;31m[Kerror: [m[Kâ€˜[01m[Knew_pose[m[Kâ€™ was not declared in this scope
[2.398s]    29 |         [01;31m[Knew_pose[m[K.translation() = Eigen::Vector2f(msg->position.x, msg->position.y);
[2.398s]       |         [01;31m[K^~~~~~~~[m[K
[2.398s] [01m[K/home/john/Desktop/rp_ros2_rviz/src/world_node.cpp:29:34:[m[K [01;31m[Kerror: [m[Kâ€˜[01m[KEigen[m[Kâ€™ has not been declared
[2.398s]    29 |         new_pose.translation() = [01;31m[KEigen[m[K::Vector2f(msg->position.x, msg->position.y);
[2.398s]       |                                  [01;31m[K^~~~~[m[K
[2.398s] [01m[K/home/john/Desktop/rp_ros2_rviz/src/world_node.cpp:30:25:[m[K [01;31m[Kerror: [m[Kâ€˜[01m[KEigen[m[Kâ€™ has not been declared
[2.398s]    30 |         new_pose.rotate([01;31m[KEigen[m[K::Rotation2Df(msg->orientation.w));  // Ruotiamo in base all'orientamento (solo Z)
[2.398s]       |                         [01;31m[K^~~~~[m[K
[2.398s] [01m[K/home/john/Desktop/rp_ros2_rviz/src/world_node.cpp:33:17:[m[K [01;31m[Kerror: [m[Kâ€˜[01m[Kstruct WorldItem[m[Kâ€™ has no member named â€˜[01m[KupdatePose[m[Kâ€™
[2.398s]    33 |         item1_->[01;31m[KupdatePose[m[K(new_pose);
[2.398s]       |                 [01;31m[K^~~~~~~~~~[m[K
[4.401s] gmake[2]: *** [CMakeFiles/world_node.dir/build.make:76: CMakeFiles/world_node.dir/src/world_node.cpp.o] Error 1
[4.402s] gmake[1]: *** [CMakeFiles/Makefile2:193: CMakeFiles/world_node.dir/all] Error 2
[4.402s] gmake: *** [Makefile:146: all] Error 2
[4.403s] Invoked command in '/home/john/Desktop/rp_ros2_rviz/build/rp_ros2_rviz' returned '2': CMAKE_PREFIX_PATH=${CMAKE_PREFIX_PATH}:/opt/ros/jazzy DEBUGINFOD_URLS=https://debuginfod.ubuntu.com /usr/bin/cmake --build /home/john/Desktop/rp_ros2_rviz/build/rp_ros2_rviz -- -j4 -l4
