[ 20%] [32mBuilding CXX object CMakeFiles/pathplanner_node.dir/src/pathplanner_node.cpp.o[0m
[ 40%] Built target dmap_node
[ 73%] Built target world_node
[01m[K/home/john/Desktop/rp_ros2_rviz/src/pathplanner_node.cpp:165:2:[m[K [01;31m[Kerror: [m[Kexpected â€˜[01m[K}[m[Kâ€™ at end of input
  165 | }
      |  [01;31m[K^[m[K
[01m[K/home/john/Desktop/rp_ros2_rviz/src/pathplanner_node.cpp:14:1:[m[K [01;36m[Knote: [m[Kto match this â€˜[01m[K{[m[Kâ€™
   14 | [01;36m[K{[m[K
      | [01;36m[K^[m[K
[01m[K/home/john/Desktop/rp_ros2_rviz/src/pathplanner_node.cpp:[m[K In constructor â€˜[01m[KPathPlanner::[01;32m[KPathPlanner[m[K()[m[Kâ€™:
[01m[K/home/john/Desktop/rp_ros2_rviz/src/pathplanner_node.cpp:19:9:[m[K [01;31m[Kerror: [m[Kâ€˜[01m[Kbool_msg[m[Kâ€™ was not declared in this scope
   19 |         [01;31m[Kbool_msg[m[K.data = false;
      |         [01;31m[K^~~~~~~~[m[K
[01m[K/home/john/Desktop/rp_ros2_rviz/src/pathplanner_node.cpp:22:9:[m[K [01;31m[Kerror: [m[Kâ€˜[01m[Ksubscription_[m[Kâ€™ was not declared in this scope; did you mean â€˜[01m[Krmw_subscription_t[m[Kâ€™?
   22 |         [01;31m[Ksubscription_[m[K = this->create_subscription<std_msgs::msg::String>(
      |         [01;31m[K^~~~~~~~~~~~~[m[K
      |         [32m[Krmw_subscription_t[m[K
[01m[K/home/john/Desktop/rp_ros2_rviz/src/pathplanner_node.cpp:25:9:[m[K [01;31m[Kerror: [m[Kâ€˜[01m[Kbool_pub_path[m[Kâ€™ was not declared in this scope
   25 |         [01;31m[Kbool_pub_path[m[K = this->create_publisher<std_msgs::msg::Bool>("stop_publish", 10);
      |         [01;31m[K^~~~~~~~~~~~~[m[K
[01m[K/home/john/Desktop/rp_ros2_rviz/src/pathplanner_node.cpp:27:9:[m[K [01;31m[Kerror: [m[Kâ€˜[01m[Krobot_position_sub_[m[Kâ€™ was not declared in this scope
   27 |         [01;31m[Krobot_position_sub_[m[K = this->create_subscription<geometry_msgs::msg::Point>(
      |         [01;31m[K^~~~~~~~~~~~~~~~~~~[m[K
[01m[K/home/john/Desktop/rp_ros2_rviz/src/pathplanner_node.cpp:31:9:[m[K [01;31m[Kerror: [m[Kâ€˜[01m[Ktimer_[m[Kâ€™ was not declared in this scope; did you mean â€˜[01m[Ktimer_t[m[Kâ€™?
   31 |         [01;31m[Ktimer_[m[K = this->create_wall_timer(
      |         [01;31m[K^~~~~~[m[K
      |         [32m[Ktimer_t[m[K
[01m[K/home/john/Desktop/rp_ros2_rviz/src/pathplanner_node.cpp:33:37:[m[K [01;31m[Kerror: [m[Kâ€˜[01m[KpublishBool[m[Kâ€™ is not a member of â€˜[01m[KPathPlanner[m[Kâ€™
   33 |             std::bind(&PathPlanner::[01;31m[KpublishBool[m[K, this));
      |                                     [01;31m[K^~~~~~~~~~~[m[K
[01m[K/home/john/Desktop/rp_ros2_rviz/src/pathplanner_node.cpp:[m[K In member function â€˜[01m[Kvoid PathPlanner::[01;32m[KrobotCallback[m[K(geometry_msgs::msg::Point_<std::allocator<void> >::SharedPtr)[m[Kâ€™:
[01m[K/home/john/Desktop/rp_ros2_rviz/src/pathplanner_node.cpp:41:9:[m[K [01;31m[Kerror: [m[Kâ€˜[01m[Klatest_robot_position[m[Kâ€™ was not declared in this scope
   41 |         [01;31m[Klatest_robot_position[m[K = Eigen::Vector2f(msg->x, msg->y);
      |         [01;31m[K^~~~~~~~~~~~~~~~~~~~~[m[K
[01m[K/home/john/Desktop/rp_ros2_rviz/src/pathplanner_node.cpp:42:9:[m[K [01;31m[Kerror: [m[Kâ€˜[01m[Khas_robot_position_[m[Kâ€™ was not declared in this scope
   42 |         [01;31m[Khas_robot_position_[m[K = true;
      |         [01;31m[K^~~~~~~~~~~~~~~~~~~[m[K
[01m[K/home/john/Desktop/rp_ros2_rviz/src/pathplanner_node.cpp:[m[K In member function â€˜[01m[Kvoid PathPlanner::[01;32m[Kstring_callback[m[K(std_msgs::msg::String_<std::allocator<void> >::SharedPtr)[m[Kâ€™:
[01m[K/home/john/Desktop/rp_ros2_rviz/src/pathplanner_node.cpp:49:9:[m[K [01;31m[Kerror: [m[Kâ€˜[01m[Kimage_path[m[Kâ€™ was not declared in this scope; did you mean â€˜[01m[KmakePath[m[Kâ€™?
   49 |         [01;31m[Kimage_path[m[K =  msg->data;
      |         [01;31m[K^~~~~~~~~~[m[K
      |         [32m[KmakePath[m[K
[01m[K/home/john/Desktop/rp_ros2_rviz/src/pathplanner_node.cpp:53:9:[m[K [01;31m[Kerror: [m[Kâ€˜[01m[Kbool_msg[m[Kâ€™ was not declared in this scope
   53 |         [01;31m[Kbool_msg[m[K.data = true;
      |         [01;31m[K^~~~~~~~[m[K
[01m[K/home/john/Desktop/rp_ros2_rviz/src/pathplanner_node.cpp:54:9:[m[K [01;31m[Kerror: [m[Kâ€˜[01m[Kbool_pub_path[m[Kâ€™ was not declared in this scope
   54 |         [01;31m[Kbool_pub_path[m[K->publish(bool_msg);
      |         [01;31m[K^~~~~~~~~~~~~[m[K
[01m[K/home/john/Desktop/rp_ros2_rviz/src/pathplanner_node.cpp:55:9:[m[K [01;31m[Kerror: [m[Kâ€˜[01m[Kcustom_image[m[Kâ€™ was not declared in this scope
   55 |         [01;31m[Kcustom_image[m[K = cv::imread(image_path, cv::IMREAD_COLOR);
      |         [01;31m[K^~~~~~~~~~~~[m[K
[01m[K/home/john/Desktop/rp_ros2_rviz/src/pathplanner_node.cpp:62:25:[m[K [01;31m[Kerror: [m[Kâ€˜[01m[Kcols[m[Kâ€™ was not declared in this scope; did you mean â€˜[01m[Kcosl[m[Kâ€™?
   62 |         DMap dmap(rows, [01;31m[Kcols[m[K);
      |                         [01;31m[K^~~~[m[K
      |                         [32m[Kcosl[m[K
[01m[K/home/john/Desktop/rp_ros2_rviz/src/pathplanner_node.cpp:65:30:[m[K [01;31m[Kerror: [m[Kâ€˜[01m[KgetObstaclesFromImage[m[Kâ€™ was not declared in this scope
   65 |         Vector2iVector obs = [01;31m[KgetObstaclesFromImage[m[K(custom_image);
      |                              [01;31m[K^~~~~~~~~~~~~~~~~~~~~[m[K
[01m[K/home/john/Desktop/rp_ros2_rviz/src/pathplanner_node.cpp:[m[K In member function â€˜[01m[Kvoid PathPlanner::[01;32m[KmakePath[m[K(const DMap&, float, float)[m[Kâ€™:
[01m[K/home/john/Desktop/rp_ros2_rviz/src/pathplanner_node.cpp:74:17:[m[K [01;31m[Kerror: [m[Kâ€˜[01m[Khas_robot_position_[m[Kâ€™ was not declared in this scope
   74 |         while (![01;31m[Khas_robot_position_[m[K && rclcpp::ok() && retries-- > 0) {
      |                 [01;31m[K^~~~~~~~~~~~~~~~~~~[m[K
[01m[K/home/john/Desktop/rp_ros2_rviz/src/pathplanner_node.cpp:79:14:[m[K [01;31m[Kerror: [m[Kâ€˜[01m[Khas_robot_position_[m[Kâ€™ was not declared in this scope
   79 |         if (![01;31m[Khas_robot_position_[m[K) {
      |              [01;31m[K^~~~~~~~~~~~~~~~~~~[m[K
In file included from [01m[K/opt/ros/jazzy/include/rclcpp/rclcpp/logging.hpp:24[m[K,
                 from [01m[K/opt/ros/jazzy/include/rclcpp/rclcpp/copy_all_parameter_values.hpp:27[m[K,
                 from [01m[K/opt/ros/jazzy/include/rclcpp/rclcpp/rclcpp.hpp:171[m[K,
                 from [01m[K/home/john/Desktop/rp_ros2_rviz/src/pathplanner_node.cpp:2[m[K:
[01m[K/home/john/Desktop/rp_ros2_rviz/src/pathplanner_node.cpp:84:17:[m[K [01;31m[Kerror: [m[Kâ€˜[01m[Klatest_robot_position[m[Kâ€™ was not declared in this scope
   84 |                 [01;31m[Klatest_robot_position[m[K.x(), latest_robot_position.y());
      |                 [01;31m[K^~~~~~~~~~~~~~~~~~~~~[m[K
[01m[K/home/john/Desktop/rp_ros2_rviz/src/pathplanner_node.cpp:86:9:[m[K [01;31m[Kerror: [m[Kâ€˜[01m[Kplanner[m[Kâ€™ was not declared in this scope
   86 |         [01;31m[Kplanner[m[K.init(resolution, 0.3, expansion_range, dmap);
      |         [01;31m[K^~~~~~~[m[K
[01m[K/home/john/Desktop/rp_ros2_rviz/src/pathplanner_node.cpp:89:58:[m[K [01;31m[Kerror: [m[Kâ€˜[01m[Klatest_robot_position[m[Kâ€™ was not declared in this scope
   89 |         Eigen::Vector2f world_goal = planner.mapping.g2w([01;31m[Klatest_robot_position[m[K);
      |                                                          [01;31m[K^~~~~~~~~~~~~~~~~~~~~[m[K
[01m[K/home/john/Desktop/rp_ros2_rviz/src/pathplanner_node.cpp:91:29:[m[K [01;31m[Kerror: [m[Kâ€˜[01m[Kpath[m[Kâ€™ was not declared in this scope; did you mean â€˜[01m[Krcpputils::fs::path[m[Kâ€™?
   91 |         planner.computePath([01;31m[Kpath[m[K, world_goal, planner.mapping.resolution * 2, 10000, use_gradient);
      |                             [01;31m[K^~~~[m[K
      |                             [32m[Krcpputils::fs::path[m[K
In file included from [01m[K/opt/ros/jazzy/include/rclcpp/rclcpp/logger.hpp:26[m[K,
                 from [01m[K/opt/ros/jazzy/include/rclcpp/rclcpp/copy_all_parameter_values.hpp:26[m[K:
[01m[K/opt/ros/jazzy/include/rcpputils/rcpputils/filesystem_helper.hpp:75:7:[m[K [01;36m[Knote: [m[Kâ€˜[01m[Krcpputils::fs::path[m[Kâ€™ declared here
   75 | class [01;36m[Kpath[m[K
      |       [01;36m[K^~~~[m[K
[01m[K/home/john/Desktop/rp_ros2_rviz/src/pathplanner_node.cpp:91:86:[m[K [01;31m[Kerror: [m[Kâ€˜[01m[Kuse_gradient[m[Kâ€™ was not declared in this scope
   91 |         planner.computePath(path, world_goal, planner.mapping.resolution * 2, 10000, [01;31m[Kuse_gradient[m[K);
      |                                                                                      [01;31m[K^~~~~~~~~~~~[m[K
[01m[K/home/john/Desktop/rp_ros2_rviz/src/pathplanner_node.cpp:101:5:[m[K [01;31m[Kerror: [m[Ka function-definition is not allowed here before â€˜[01m[K{[m[Kâ€™ token
  101 |     [01;31m[K{[m[K
      |     [01;31m[K^[m[K
[01m[K/home/john/Desktop/rp_ros2_rviz/src/pathplanner_node.cpp:105:64:[m[K [01;31m[Kerror: [m[Ka function-definition is not allowed here before â€˜[01m[K{[m[Kâ€™ token
  105 |     Vector2iVector getObstaclesFromImage(const cv::Mat& image) [01;31m[K{[m[K
      |                                                                [01;31m[K^[m[K
[01m[K/home/john/Desktop/rp_ros2_rviz/src/pathplanner_node.cpp:141:10:[m[K [01;35m[Kwarning: [m[Kunused variable â€˜[01m[Khas_robot_position_[m[Kâ€™ [[01;35m[K]8;;https://gcc.gnu.org/onlinedocs/gcc/Warning-Options.html#index-Wunused-variable-Wunused-variable]8;;[m[K]
  141 |     bool [01;35m[Khas_robot_position_[m[K = false;
      |          [01;35m[K^~~~~~~~~~~~~~~~~~~[m[K
[01m[K/home/john/Desktop/rp_ros2_rviz/src/pathplanner_node.cpp:145:10:[m[K [01;35m[Kwarning: [m[Kunused variable â€˜[01m[Kuse_gradient[m[Kâ€™ [[01;35m[K]8;;https://gcc.gnu.org/onlinedocs/gcc/Warning-Options.html#index-Wunused-variable-Wunused-variable]8;;[m[K]
  145 |     bool [01;35m[Kuse_gradient[m[K = false;
      |          [01;35m[K^~~~~~~~~~~~[m[K
[01m[K/home/john/Desktop/rp_ros2_rviz/src/pathplanner_node.cpp:[m[K At global scope:
[01m[K/home/john/Desktop/rp_ros2_rviz/src/pathplanner_node.cpp:165:2:[m[K [01;31m[Kerror: [m[Kexpected unqualified-id at end of input
  165 | }
      |  [01;31m[K^[m[K
gmake[2]: *** [CMakeFiles/pathplanner_node.dir/build.make:76: CMakeFiles/pathplanner_node.dir/src/pathplanner_node.cpp.o] Error 1
gmake[1]: *** [CMakeFiles/Makefile2:193: CMakeFiles/pathplanner_node.dir/all] Error 2
gmake: *** [Makefile:146: all] Error 2
