[0.008s] Invoking command in '/home/john/Desktop/rp_ros2_rviz/build/rp_ros2_rviz': CMAKE_PREFIX_PATH=${CMAKE_PREFIX_PATH}:/opt/ros/jazzy DEBUGINFOD_URLS=https://debuginfod.ubuntu.com /usr/bin/cmake --build /home/john/Desktop/rp_ros2_rviz/build/rp_ros2_rviz -- -j4 -l4
[0.079s] [ 20%] [32mBuilding CXX object CMakeFiles/pathplanner_node.dir/src/pathplanner_node.cpp.o[0m
[0.079s] [ 40%] Built target dmap_node
[0.079s] [ 73%] Built target world_node
[3.379s] [01m[K/home/john/Desktop/rp_ros2_rviz/src/pathplanner_node.cpp:165:2:[m[K [01;31m[Kerror: [m[Kexpected â€˜[01m[K}[m[Kâ€™ at end of input
[3.379s]   165 | }
[3.379s]       |  [01;31m[K^[m[K
[3.379s] [01m[K/home/john/Desktop/rp_ros2_rviz/src/pathplanner_node.cpp:14:1:[m[K [01;36m[Knote: [m[Kto match this â€˜[01m[K{[m[Kâ€™
[3.379s]    14 | [01;36m[K{[m[K
[3.379s]       | [01;36m[K^[m[K
[3.397s] [01m[K/home/john/Desktop/rp_ros2_rviz/src/pathplanner_node.cpp:[m[K In constructor â€˜[01m[KPathPlanner::[01;32m[KPathPlanner[m[K()[m[Kâ€™:
[3.397s] [01m[K/home/john/Desktop/rp_ros2_rviz/src/pathplanner_node.cpp:19:9:[m[K [01;31m[Kerror: [m[Kâ€˜[01m[Kbool_msg[m[Kâ€™ was not declared in this scope
[3.397s]    19 |         [01;31m[Kbool_msg[m[K.data = false;
[3.397s]       |         [01;31m[K^~~~~~~~[m[K
[3.417s] [01m[K/home/john/Desktop/rp_ros2_rviz/src/pathplanner_node.cpp:22:9:[m[K [01;31m[Kerror: [m[Kâ€˜[01m[Ksubscription_[m[Kâ€™ was not declared in this scope; did you mean â€˜[01m[Krmw_subscription_t[m[Kâ€™?
[3.417s]    22 |         [01;31m[Ksubscription_[m[K = this->create_subscription<std_msgs::msg::String>(
[3.417s]       |         [01;31m[K^~~~~~~~~~~~~[m[K
[3.417s]       |         [32m[Krmw_subscription_t[m[K
[3.465s] [01m[K/home/john/Desktop/rp_ros2_rviz/src/pathplanner_node.cpp:25:9:[m[K [01;31m[Kerror: [m[Kâ€˜[01m[Kbool_pub_path[m[Kâ€™ was not declared in this scope
[3.465s]    25 |         [01;31m[Kbool_pub_path[m[K = this->create_publisher<std_msgs::msg::Bool>("stop_publish", 10);
[3.465s]       |         [01;31m[K^~~~~~~~~~~~~[m[K
[3.487s] [01m[K/home/john/Desktop/rp_ros2_rviz/src/pathplanner_node.cpp:27:9:[m[K [01;31m[Kerror: [m[Kâ€˜[01m[Krobot_position_sub_[m[Kâ€™ was not declared in this scope
[3.487s]    27 |         [01;31m[Krobot_position_sub_[m[K = this->create_subscription<geometry_msgs::msg::Point>(
[3.487s]       |         [01;31m[K^~~~~~~~~~~~~~~~~~~[m[K
[3.519s] [01m[K/home/john/Desktop/rp_ros2_rviz/src/pathplanner_node.cpp:31:9:[m[K [01;31m[Kerror: [m[Kâ€˜[01m[Ktimer_[m[Kâ€™ was not declared in this scope; did you mean â€˜[01m[Ktimer_t[m[Kâ€™?
[3.519s]    31 |         [01;31m[Ktimer_[m[K = this->create_wall_timer(
[3.519s]       |         [01;31m[K^~~~~~[m[K
[3.519s]       |         [32m[Ktimer_t[m[K
[3.519s] [01m[K/home/john/Desktop/rp_ros2_rviz/src/pathplanner_node.cpp:33:37:[m[K [01;31m[Kerror: [m[Kâ€˜[01m[KpublishBool[m[Kâ€™ is not a member of â€˜[01m[KPathPlanner[m[Kâ€™
[3.519s]    33 |             std::bind(&PathPlanner::[01;31m[KpublishBool[m[K, this));
[3.519s]       |                                     [01;31m[K^~~~~~~~~~~[m[K
[3.547s] [01m[K/home/john/Desktop/rp_ros2_rviz/src/pathplanner_node.cpp:[m[K In member function â€˜[01m[Kvoid PathPlanner::[01;32m[KrobotCallback[m[K(geometry_msgs::msg::Point_<std::allocator<void> >::SharedPtr)[m[Kâ€™:
[3.547s] [01m[K/home/john/Desktop/rp_ros2_rviz/src/pathplanner_node.cpp:41:9:[m[K [01;31m[Kerror: [m[Kâ€˜[01m[Klatest_robot_position[m[Kâ€™ was not declared in this scope
[3.547s]    41 |         [01;31m[Klatest_robot_position[m[K = Eigen::Vector2f(msg->x, msg->y);
[3.547s]       |         [01;31m[K^~~~~~~~~~~~~~~~~~~~~[m[K
[3.567s] [01m[K/home/john/Desktop/rp_ros2_rviz/src/pathplanner_node.cpp:42:9:[m[K [01;31m[Kerror: [m[Kâ€˜[01m[Khas_robot_position_[m[Kâ€™ was not declared in this scope
[3.568s]    42 |         [01;31m[Khas_robot_position_[m[K = true;
[3.568s]       |         [01;31m[K^~~~~~~~~~~~~~~~~~~[m[K
[3.589s] [01m[K/home/john/Desktop/rp_ros2_rviz/src/pathplanner_node.cpp:[m[K In member function â€˜[01m[Kvoid PathPlanner::[01;32m[Kstring_callback[m[K(std_msgs::msg::String_<std::allocator<void> >::SharedPtr)[m[Kâ€™:
[3.589s] [01m[K/home/john/Desktop/rp_ros2_rviz/src/pathplanner_node.cpp:49:9:[m[K [01;31m[Kerror: [m[Kâ€˜[01m[Kimage_path[m[Kâ€™ was not declared in this scope; did you mean â€˜[01m[KmakePath[m[Kâ€™?
[3.589s]    49 |         [01;31m[Kimage_path[m[K =  msg->data;
[3.589s]       |         [01;31m[K^~~~~~~~~~[m[K
[3.589s]       |         [32m[KmakePath[m[K
[3.605s] [01m[K/home/john/Desktop/rp_ros2_rviz/src/pathplanner_node.cpp:53:9:[m[K [01;31m[Kerror: [m[Kâ€˜[01m[Kbool_msg[m[Kâ€™ was not declared in this scope
[3.605s]    53 |         [01;31m[Kbool_msg[m[K.data = true;
[3.605s]       |         [01;31m[K^~~~~~~~[m[K
[3.627s] [01m[K/home/john/Desktop/rp_ros2_rviz/src/pathplanner_node.cpp:54:9:[m[K [01;31m[Kerror: [m[Kâ€˜[01m[Kbool_pub_path[m[Kâ€™ was not declared in this scope
[3.627s]    54 |         [01;31m[Kbool_pub_path[m[K->publish(bool_msg);
[3.627s]       |         [01;31m[K^~~~~~~~~~~~~[m[K
[3.651s] [01m[K/home/john/Desktop/rp_ros2_rviz/src/pathplanner_node.cpp:55:9:[m[K [01;31m[Kerror: [m[Kâ€˜[01m[Kcustom_image[m[Kâ€™ was not declared in this scope
[3.651s]    55 |         [01;31m[Kcustom_image[m[K = cv::imread(image_path, cv::IMREAD_COLOR);
[3.651s]       |         [01;31m[K^~~~~~~~~~~~[m[K
[3.667s] [01m[K/home/john/Desktop/rp_ros2_rviz/src/pathplanner_node.cpp:62:25:[m[K [01;31m[Kerror: [m[Kâ€˜[01m[Kcols[m[Kâ€™ was not declared in this scope; did you mean â€˜[01m[Kcosl[m[Kâ€™?
[3.667s]    62 |         DMap dmap(rows, [01;31m[Kcols[m[K);
[3.667s]       |                         [01;31m[K^~~~[m[K
[3.667s]       |                         [32m[Kcosl[m[K
[3.694s] [01m[K/home/john/Desktop/rp_ros2_rviz/src/pathplanner_node.cpp:65:30:[m[K [01;31m[Kerror: [m[Kâ€˜[01m[KgetObstaclesFromImage[m[Kâ€™ was not declared in this scope
[3.694s]    65 |         Vector2iVector obs = [01;31m[KgetObstaclesFromImage[m[K(custom_image);
[3.694s]       |                              [01;31m[K^~~~~~~~~~~~~~~~~~~~~[m[K
[3.721s] [01m[K/home/john/Desktop/rp_ros2_rviz/src/pathplanner_node.cpp:[m[K In member function â€˜[01m[Kvoid PathPlanner::[01;32m[KmakePath[m[K(const DMap&, float, float)[m[Kâ€™:
[3.721s] [01m[K/home/john/Desktop/rp_ros2_rviz/src/pathplanner_node.cpp:74:17:[m[K [01;31m[Kerror: [m[Kâ€˜[01m[Khas_robot_position_[m[Kâ€™ was not declared in this scope
[3.721s]    74 |         while (![01;31m[Khas_robot_position_[m[K && rclcpp::ok() && retries-- > 0) {
[3.721s]       |                 [01;31m[K^~~~~~~~~~~~~~~~~~~[m[K
[3.744s] [01m[K/home/john/Desktop/rp_ros2_rviz/src/pathplanner_node.cpp:79:14:[m[K [01;31m[Kerror: [m[Kâ€˜[01m[Khas_robot_position_[m[Kâ€™ was not declared in this scope
[3.744s]    79 |         if (![01;31m[Khas_robot_position_[m[K) {
[3.744s]       |              [01;31m[K^~~~~~~~~~~~~~~~~~~[m[K
[3.771s] In file included from [01m[K/opt/ros/jazzy/include/rclcpp/rclcpp/logging.hpp:24[m[K,
[3.771s]                  from [01m[K/opt/ros/jazzy/include/rclcpp/rclcpp/copy_all_parameter_values.hpp:27[m[K,
[3.771s]                  from [01m[K/opt/ros/jazzy/include/rclcpp/rclcpp/rclcpp.hpp:171[m[K,
[3.771s]                  from [01m[K/home/john/Desktop/rp_ros2_rviz/src/pathplanner_node.cpp:2[m[K:
[3.771s] [01m[K/home/john/Desktop/rp_ros2_rviz/src/pathplanner_node.cpp:84:17:[m[K [01;31m[Kerror: [m[Kâ€˜[01m[Klatest_robot_position[m[Kâ€™ was not declared in this scope
[3.771s]    84 |                 [01;31m[Klatest_robot_position[m[K.x(), latest_robot_position.y());
[3.771s]       |                 [01;31m[K^~~~~~~~~~~~~~~~~~~~~[m[K
[3.784s] [01m[K/home/john/Desktop/rp_ros2_rviz/src/pathplanner_node.cpp:86:9:[m[K [01;31m[Kerror: [m[Kâ€˜[01m[Kplanner[m[Kâ€™ was not declared in this scope
[3.784s]    86 |         [01;31m[Kplanner[m[K.init(resolution, 0.3, expansion_range, dmap);
[3.784s]       |         [01;31m[K^~~~~~~[m[K
[3.812s] [01m[K/home/john/Desktop/rp_ros2_rviz/src/pathplanner_node.cpp:89:58:[m[K [01;31m[Kerror: [m[Kâ€˜[01m[Klatest_robot_position[m[Kâ€™ was not declared in this scope
[3.812s]    89 |         Eigen::Vector2f world_goal = planner.mapping.g2w([01;31m[Klatest_robot_position[m[K);
[3.812s]       |                                                          [01;31m[K^~~~~~~~~~~~~~~~~~~~~[m[K
[3.815s] [01m[K/home/john/Desktop/rp_ros2_rviz/src/pathplanner_node.cpp:91:29:[m[K [01;31m[Kerror: [m[Kâ€˜[01m[Kpath[m[Kâ€™ was not declared in this scope; did you mean â€˜[01m[Krcpputils::fs::path[m[Kâ€™?
[3.815s]    91 |         planner.computePath([01;31m[Kpath[m[K, world_goal, planner.mapping.resolution * 2, 10000, use_gradient);
[3.815s]       |                             [01;31m[K^~~~[m[K
[3.815s]       |                             [32m[Krcpputils::fs::path[m[K
[3.815s] In file included from [01m[K/opt/ros/jazzy/include/rclcpp/rclcpp/logger.hpp:26[m[K,
[3.815s]                  from [01m[K/opt/ros/jazzy/include/rclcpp/rclcpp/copy_all_parameter_values.hpp:26[m[K:
[3.815s] [01m[K/opt/ros/jazzy/include/rcpputils/rcpputils/filesystem_helper.hpp:75:7:[m[K [01;36m[Knote: [m[Kâ€˜[01m[Krcpputils::fs::path[m[Kâ€™ declared here
[3.815s]    75 | class [01;36m[Kpath[m[K
[3.815s]       |       [01;36m[K^~~~[m[K
[3.832s] [01m[K/home/john/Desktop/rp_ros2_rviz/src/pathplanner_node.cpp:91:86:[m[K [01;31m[Kerror: [m[Kâ€˜[01m[Kuse_gradient[m[Kâ€™ was not declared in this scope
[3.832s]    91 |         planner.computePath(path, world_goal, planner.mapping.resolution * 2, 10000, [01;31m[Kuse_gradient[m[K);
[3.832s]       |                                                                                      [01;31m[K^~~~~~~~~~~~[m[K
[3.832s] [01m[K/home/john/Desktop/rp_ros2_rviz/src/pathplanner_node.cpp:101:5:[m[K [01;31m[Kerror: [m[Ka function-definition is not allowed here before â€˜[01m[K{[m[Kâ€™ token
[3.832s]   101 |     [01;31m[K{[m[K
[3.832s]       |     [01;31m[K^[m[K
[3.832s] [01m[K/home/john/Desktop/rp_ros2_rviz/src/pathplanner_node.cpp:105:64:[m[K [01;31m[Kerror: [m[Ka function-definition is not allowed here before â€˜[01m[K{[m[Kâ€™ token
[3.832s]   105 |     Vector2iVector getObstaclesFromImage(const cv::Mat& image) [01;31m[K{[m[K
[3.832s]       |                                                                [01;31m[K^[m[K
[3.848s] [01m[K/home/john/Desktop/rp_ros2_rviz/src/pathplanner_node.cpp:141:10:[m[K [01;35m[Kwarning: [m[Kunused variable â€˜[01m[Khas_robot_position_[m[Kâ€™ [[01;35m[K]8;;https://gcc.gnu.org/onlinedocs/gcc/Warning-Options.html#index-Wunused-variable-Wunused-variable]8;;[m[K]
[3.848s]   141 |     bool [01;35m[Khas_robot_position_[m[K = false;
[3.848s]       |          [01;35m[K^~~~~~~~~~~~~~~~~~~[m[K
[3.848s] [01m[K/home/john/Desktop/rp_ros2_rviz/src/pathplanner_node.cpp:145:10:[m[K [01;35m[Kwarning: [m[Kunused variable â€˜[01m[Kuse_gradient[m[Kâ€™ [[01;35m[K]8;;https://gcc.gnu.org/onlinedocs/gcc/Warning-Options.html#index-Wunused-variable-Wunused-variable]8;;[m[K]
[3.848s]   145 |     bool [01;35m[Kuse_gradient[m[K = false;
[3.849s]       |          [01;35m[K^~~~~~~~~~~~[m[K
[3.850s] [01m[K/home/john/Desktop/rp_ros2_rviz/src/pathplanner_node.cpp:[m[K At global scope:
[3.850s] [01m[K/home/john/Desktop/rp_ros2_rviz/src/pathplanner_node.cpp:165:2:[m[K [01;31m[Kerror: [m[Kexpected unqualified-id at end of input
[3.850s]   165 | }
[3.850s]       |  [01;31m[K^[m[K
[6.411s] gmake[2]: *** [CMakeFiles/pathplanner_node.dir/build.make:76: CMakeFiles/pathplanner_node.dir/src/pathplanner_node.cpp.o] Error 1
[6.412s] gmake[1]: *** [CMakeFiles/Makefile2:193: CMakeFiles/pathplanner_node.dir/all] Error 2
[6.412s] gmake: *** [Makefile:146: all] Error 2
[6.417s] Invoked command in '/home/john/Desktop/rp_ros2_rviz/build/rp_ros2_rviz' returned '2': CMAKE_PREFIX_PATH=${CMAKE_PREFIX_PATH}:/opt/ros/jazzy DEBUGINFOD_URLS=https://debuginfod.ubuntu.com /usr/bin/cmake --build /home/john/Desktop/rp_ros2_rviz/build/rp_ros2_rviz -- -j4 -l4
