[0.007s] Invoking command in '/home/john/Desktop/rp_ros2_rviz/build/rp_ros2_rviz': CMAKE_PREFIX_PATH=${CMAKE_PREFIX_PATH}:/opt/ros/foxy /usr/bin/cmake --build /home/john/Desktop/rp_ros2_rviz/build/rp_ros2_rviz -- -j4 -l4
[0.063s] [ 20%] Built target controller_node
[0.065s] [35m[1mScanning dependencies of target particle_node_filter[0m
[0.075s] [ 40%] Built target world_node
[0.079s] [ 60%] Built target pathplanner_node
[0.099s] [ 64%] [32mBuilding CXX object CMakeFiles/particle_node_filter.dir/src/particle_node_filter.cpp.o[0m
[0.099s] [ 84%] Built target mapserver
[1.620s] [01m[K/home/john/Desktop/rp_ros2_rviz/src/particle_node_filter.cpp:[m[K In member function â€˜[01m[Kvoid ParticleFilterNode::publishEstimate()[m[Kâ€™:
[1.620s] [01m[K/home/john/Desktop/rp_ros2_rviz/src/particle_node_filter.cpp:301:27:[m[K [01;31m[Kerror: [m[Kâ€˜[01m[Kvv[m[Kâ€™ was not declared in this scope; did you mean â€˜[01m[Kcv[m[Kâ€™?
[1.620s]   301 |       tf2::Quaternion qq; [01;31m[Kvv[m[K.setRPY(0,0,p.theta);
[1.620s]       |                           [01;31m[K^~[m[K
[1.620s]       |                           [32m[Kcv[m[K
[4.047s] make[2]: *** [CMakeFiles/particle_node_filter.dir/build.make:63: CMakeFiles/particle_node_filter.dir/src/particle_node_filter.cpp.o] Error 1
[4.047s] make[1]: *** [CMakeFiles/Makefile2:194: CMakeFiles/particle_node_filter.dir/all] Error 2
[4.047s] make: *** [Makefile:141: all] Error 2
[4.049s] Invoked command in '/home/john/Desktop/rp_ros2_rviz/build/rp_ros2_rviz' returned '2': CMAKE_PREFIX_PATH=${CMAKE_PREFIX_PATH}:/opt/ros/foxy /usr/bin/cmake --build /home/john/Desktop/rp_ros2_rviz/build/rp_ros2_rviz -- -j4 -l4
