[0.019s] Invoking command in '/home/john/Desktop/rp_ros2_rviz/build/rp_ros2_rviz': CMAKE_PREFIX_PATH=${CMAKE_PREFIX_PATH}:/opt/ros/jazzy DEBUGINFOD_URLS=https://debuginfod.ubuntu.com /usr/bin/cmake --build /home/john/Desktop/rp_ros2_rviz/build/rp_ros2_rviz -- -j4 -l4
[0.054s] -- Found ament_cmake: 2.5.3 (/opt/ros/jazzy/share/ament_cmake/cmake)
[0.294s] -- Found rclcpp: 28.1.6 (/opt/ros/jazzy/share/rclcpp/cmake)
[0.338s] -- Found rosidl_generator_c: 4.6.5 (/opt/ros/jazzy/share/rosidl_generator_c/cmake)
[0.353s] -- Found rosidl_generator_cpp: 4.6.5 (/opt/ros/jazzy/share/rosidl_generator_cpp/cmake)
[0.363s] -- Using all available rosidl_typesupport_c: rosidl_typesupport_fastrtps_c;rosidl_typesupport_introspection_c
[0.375s] -- Using all available rosidl_typesupport_cpp: rosidl_typesupport_fastrtps_cpp;rosidl_typesupport_introspection_cpp
[0.431s] -- Found rmw_implementation_cmake: 7.3.1 (/opt/ros/jazzy/share/rmw_implementation_cmake/cmake)
[0.432s] -- Found rmw_fastrtps_cpp: 8.4.1 (/opt/ros/jazzy/share/rmw_fastrtps_cpp/cmake)
[0.495s] -- Using RMW implementation 'rmw_fastrtps_cpp' as default
[0.553s] -- Found std_msgs: 5.3.5 (/opt/ros/jazzy/share/std_msgs/cmake)
[0.565s] -- Found geometry_msgs: 5.3.5 (/opt/ros/jazzy/share/geometry_msgs/cmake)
[0.586s] -- Found ament_lint_auto: 0.17.1 (/opt/ros/jazzy/share/ament_lint_auto/cmake)
[0.744s] -- Added test 'cppcheck' to perform static code analysis on C / C++ code
[0.744s] -- Configured cppcheck include dirs: 
[0.744s] -- Configured cppcheck exclude dirs and/or files: 
[0.748s] -- Added test 'flake8' to check Python code syntax and style conventions
[0.748s] -- Configured 'flake8' exclude dirs and/or files: 
[0.754s] -- Added test 'lint_cmake' to check CMake code style
[0.757s] -- Added test 'pep257' to check Python code against some of the docstring style conventions in PEP 257
[0.784s] -- Added test 'uncrustify' to check C / C++ code style
[0.784s] -- Configured uncrustify additional arguments: 
[0.788s] -- Added test 'xmllint' to check XML markup files
[0.788s] -- Configuring done (0.7s)
[0.832s] -- Generating done (0.0s)
[0.843s] -- Build files have been written to: /home/john/Desktop/rp_ros2_rviz/build/rp_ros2_rviz
[0.895s] [ 25%] [32mBuilding CXX object CMakeFiles/listener_node.dir/src/listener.cpp.o[0m
[0.918s] [ 50%] [32mBuilding CXX object CMakeFiles/canvas_node.dir/src/canvas.cpp.o[0m
[4.309s] [01m[K/home/john/Desktop/rp_ros2_rviz/src/canvas.cpp:29:5:[m[K [01;31m[Kerror: [m[KISO C++ forbids declaration of â€˜[01m[KCanvasNode[m[Kâ€™ with no type [[01;31m[K]8;;https://gcc.gnu.org/onlinedocs/gcc/Warning-Options.html#index-fpermissive-fpermissive]8;;[m[K]
[4.309s]    29 |     [01;31m[KCanvasNode[m[K() : Node("canvas_node") {
[4.309s]       |     [01;31m[K^~~~~~~~~~[m[K
[4.324s] [01m[K/home/john/Desktop/rp_ros2_rviz/src/canvas.cpp:49:26:[m[K [01;31m[Kerror: [m[Kâ€˜[01m[Kstd_msgs[m[Kâ€™ was not declared in this scope
[4.324s]    49 |     rclcpp::Subscription<[01;31m[Kstd_msgs[m[K::msg::String>::SharedPtr subscription_;
[4.324s]       |                          [01;31m[K^~~~~~~~[m[K
[4.324s] [01m[K/home/john/Desktop/rp_ros2_rviz/src/canvas.cpp:49:47:[m[K [01;31m[Kerror: [m[Ktemplate argument 1 is invalid
[4.324s]    49 |     rclcpp::Subscription<std_msgs::msg::String[01;31m[K>[m[K::SharedPtr subscription_;
[4.324s]       |                                               [01;31m[K^[m[K
[4.324s] [01m[K/home/john/Desktop/rp_ros2_rviz/src/canvas.cpp:49:47:[m[K [01;31m[Kerror: [m[Ktemplate argument 3 is invalid
[4.324s] [01m[K/home/john/Desktop/rp_ros2_rviz/src/canvas.cpp:49:47:[m[K [01;31m[Kerror: [m[Ktemplate argument 4 is invalid
[4.324s] [01m[K/home/john/Desktop/rp_ros2_rviz/src/canvas.cpp:49:47:[m[K [01;31m[Kerror: [m[Ktemplate argument 5 is invalid
[4.324s] [01m[K/home/john/Desktop/rp_ros2_rviz/src/canvas.cpp:49:50:[m[K [01;31m[Kerror: [m[Kexpected â€˜[01m[K;[m[Kâ€™ at end of member declaration
[4.325s]    49 |     rclcpp::Subscription<std_msgs::msg::String>::[01;31m[KSharedPtr[m[K subscription_;
[4.325s]       |                                                  [01;31m[K^~~~~~~~~[m[K
[4.325s]       |                                                           [32m[K;[m[K
[4.327s] [01m[K/home/john/Desktop/rp_ros2_rviz/src/canvas.cpp:49:60:[m[K [01;31m[Kerror: [m[Kâ€˜[01m[Ksubscription_[m[Kâ€™ does not name a type; did you mean â€˜[01m[Krmw_subscription_t[m[Kâ€™?
[4.327s]    49 |     rclcpp::Subscription<std_msgs::msg::String>::SharedPtr [01;31m[Ksubscription_[m[K;
[4.327s]       |                                                            [01;31m[K^~~~~~~~~~~~~[m[K
[4.327s]       |                                                            [32m[Krmw_subscription_t[m[K
[4.329s] [01m[K/home/john/Desktop/rp_ros2_rviz/src/canvas.cpp:52:34:[m[K [01;31m[Kerror: [m[Kâ€˜[01m[Kstd_msgs[m[Kâ€™ does not name a type
[4.329s]    52 |     void map_path_callback(const [01;31m[Kstd_msgs[m[K::msg::String::SharedPtr msg) {
[4.329s]       |                                  [01;31m[K^~~~~~~~[m[K
[4.329s] [01m[K/home/john/Desktop/rp_ros2_rviz/src/canvas.cpp:52:47:[m[K [01;31m[Kerror: [m[Kexpected unqualified-id before â€˜[01m[K::[m[Kâ€™ token
[4.329s]    52 |     void map_path_callback(const std_msgs::msg[01;31m[K::[m[KString::SharedPtr msg) {
[4.329s]       |                                               [01;31m[K^~[m[K
[4.329s] [01m[K/home/john/Desktop/rp_ros2_rviz/src/canvas.cpp:52:47:[m[K [01;31m[Kerror: [m[Kexpected â€˜[01m[K)[m[Kâ€™ before â€˜[01m[K::[m[Kâ€™ token
[4.329s]    52 |     void map_path_callback[34m[K([m[Kconst std_msgs::msg[01;31m[K:[m[K[32m[K:[m[KString::SharedPtr msg) {
[4.330s]       |                           [34m[K~[m[K                   [01;31m[K^[m[K[32m[K~[m[K
[4.330s]       |                                               [32m[K)[m[K
[4.332s] [01m[K/home/john/Desktop/rp_ros2_rviz/src/canvas.cpp:52:44:[m[K [01;31m[Kerror: [m[Kexpected â€˜[01m[K;[m[Kâ€™ at end of member declaration
[4.332s]    52 |     void map_path_callback(const std_msgs::[01;31m[Kmsg[m[K::String::SharedPtr msg) {
[4.332s]       |                                            [01;31m[K^~~[m[K
[4.332s]       |                                               [32m[K;[m[K
[4.336s] [01m[K/home/john/Desktop/rp_ros2_rviz/src/canvas.cpp:52:49:[m[K [01;31m[Kerror: [m[Kâ€˜[01m[KString[m[Kâ€™ in namespace â€˜[01m[K::[m[Kâ€™ does not name a type
[4.336s]    52 |     void map_path_callback(const std_msgs::msg::[01;31m[KString[m[K::SharedPtr msg) {
[4.336s]       |                                                 [01;31m[K^~~~~~[m[K
[4.337s] [01m[K/home/john/Desktop/rp_ros2_rviz/src/canvas.cpp:[m[K In member function â€˜[01m[Kint Canvas::[01;32m[KCanvasNode[m[K()[m[Kâ€™:
[4.338s] [01m[K/home/john/Desktop/rp_ros2_rviz/src/canvas.cpp:29:20:[m[K [01;31m[Kerror: [m[Konly constructors take member initializers
[4.338s]    29 |     CanvasNode() : [01;31m[KNode[m[K("canvas_node") {
[4.339s]       |                    [01;31m[K^~~~[m[K
[4.358s] [01m[K/home/john/Desktop/rp_ros2_rviz/src/canvas.cpp:30:9:[m[K [01;31m[Kerror: [m[Kâ€˜[01m[Ksubscription_[m[Kâ€™ was not declared in this scope; did you mean â€˜[01m[Krmw_subscription_t[m[Kâ€™?
[4.358s]    30 |         [01;31m[Ksubscription_[m[K = this->create_subscription<std_msgs::msg::String>(
[4.358s]       |         [01;31m[K^~~~~~~~~~~~~[m[K
[4.358s]       |         [32m[Krmw_subscription_t[m[K
[4.370s] [01m[K/home/john/Desktop/rp_ros2_rviz/src/canvas.cpp:30:51:[m[K [01;31m[Kerror: [m[Kâ€˜[01m[Kstd_msgs[m[Kâ€™ was not declared in this scope
[4.371s]    30 |         subscription_ = this->create_subscription<[01;31m[Kstd_msgs[m[K::msg::String>(
[4.371s]       |                                                   [01;31m[K^~~~~~~~[m[K
[4.371s] [01m[K/home/john/Desktop/rp_ros2_rviz/src/canvas.cpp:30:31:[m[K [01;31m[Kerror: [m[Kparse error in template argument list
[4.372s]    30 |         subscription_ = this->[01;31m[Kcreate_subscription<std_msgs::msg::String>[m[K(
[4.372s]       |                               [01;31m[K^~~~~~~~~~~~~~~~~~~~~~~~~~~~~~~~~~~~~~~~~~[m[K
[4.372s] [01m[K/home/john/Desktop/rp_ros2_rviz/src/canvas.cpp:31:40:[m[K [01;31m[Kerror: [m[Kâ€˜[01m[KCanvasNode[m[Kâ€™ is not a class, namespace, or enumeration
[4.373s]    31 |             "map_path", 10, std::bind(&[01;31m[KCanvasNode[m[K::map_path_callback, this, std::placeholders::_1)
[4.373s]       |                                        [01;31m[K^~~~~~~~~~[m[K
[4.374s] [01m[K/home/john/Desktop/rp_ros2_rviz/src/canvas.cpp:35:5:[m[K [01;35m[Kwarning: [m[Kno return statement in function returning non-void [[01;35m[K]8;;https://gcc.gnu.org/onlinedocs/gcc/Warning-Options.html#index-Wreturn-type-Wreturn-type]8;;[m[K]
[4.374s]    35 |     [01;35m[K}[m[K
[4.374s]       |     [01;35m[K^[m[K
[5.035s] [ 75%] [32m[1mLinking CXX executable listener_node[0m
[5.364s] In file included from [01m[K/usr/include/c++/13/bits/stl_tempbuf.h:61[m[K,
[5.365s]                  from [01m[K/usr/include/c++/13/memory:66[m[K,
[5.365s]                  from [01m[K/opt/ros/jazzy/include/rclcpp/rclcpp/rclcpp.hpp:169[m[K,
[5.365s]                  from [01m[K/home/john/Desktop/rp_ros2_rviz/src/canvas.cpp:1[m[K:
[5.366s] /usr/include/c++/13/bits/stl_construct.h: In instantiation of â€˜[01m[Kvoid std::[01;32m[K_Construct[m[K(_Tp*, _Args&& ...) [35m[K[with _Tp = Canvas; _Args = {}][m[K[m[Kâ€™:
[5.366s] [01m[K/usr/include/c++/13/bits/alloc_traits.h:661:19:[m[K   required from â€˜[01m[Kstatic void std::allocator_traits<std::allocator<void> >::[01;32m[Kconstruct[m[K(allocator_type&, _Up*, _Args&& ...) [35m[K[with _Up = Canvas; _Args = {}; allocator_type = std::allocator<void>][m[K[m[Kâ€™
[5.366s] [01m[K/usr/include/c++/13/bits/shared_ptr_base.h:604:39:[m[K   required from â€˜[01m[Kstd::_Sp_counted_ptr_inplace<_Tp, _Alloc, _Lp>::[01;32m[K_Sp_counted_ptr_inplace[m[K(_Alloc, _Args&& ...) [35m[K[with _Args = {}; _Tp = Canvas; _Alloc = std::allocator<void>; __gnu_cxx::_Lock_policy _Lp = __gnu_cxx::_S_atomic][m[K[m[Kâ€™
[5.366s] [01m[K/usr/include/c++/13/bits/shared_ptr_base.h:971:16:[m[K   required from â€˜[01m[Kstd::__shared_count<_Lp>::[01;32m[K__shared_count[m[K(_Tp*&, std::_Sp_alloc_shared_tag<_Alloc>, _Args&& ...) [35m[K[with _Tp = Canvas; _Alloc = std::allocator<void>; _Args = {}; __gnu_cxx::_Lock_policy _Lp = __gnu_cxx::_S_atomic][m[K[m[Kâ€™
[5.366s] [01m[K/usr/include/c++/13/bits/shared_ptr_base.h:1712:14:[m[K   required from â€˜[01m[Kstd::__shared_ptr<_Tp, _Lp>::[01;32m[K__shared_ptr[m[K(std::_Sp_alloc_shared_tag<_Tp>, _Args&& ...) [35m[K[with _Alloc = std::allocator<void>; _Args = {}; _Tp = Canvas; __gnu_cxx::_Lock_policy _Lp = __gnu_cxx::_S_atomic][m[K[m[Kâ€™
[5.367s] [01m[K/usr/include/c++/13/bits/shared_ptr.h:464:59:[m[K   required from â€˜[01m[Kstd::shared_ptr<_Tp>::[01;32m[Kshared_ptr[m[K(std::_Sp_alloc_shared_tag<_Tp>, _Args&& ...) [35m[K[with _Alloc = std::allocator<void>; _Args = {}; _Tp = Canvas][m[K[m[Kâ€™
[5.367s] [01m[K/usr/include/c++/13/bits/shared_ptr.h:1009:14:[m[K   required from â€˜[01m[Kstd::shared_ptr<typename std::enable_if<(! std::is_array< <template-parameter-1-1> >::value), _Tp>::type> std::[01;32m[Kmake_shared[m[K(_Args&& ...) [35m[K[with _Tp = Canvas; _Args = {}; typename enable_if<(! is_array< <template-parameter-1-1> >::value), _Tp>::type = Canvas][m[K[m[Kâ€™
[5.367s] [01m[K/home/john/Desktop/rp_ros2_rviz/src/canvas.cpp:76:42:[m[K   required from here
[5.367s] [01m[K/usr/include/c++/13/bits/stl_construct.h:119:7:[m[K [01;31m[Kerror: [m[Kuse of deleted function â€˜[01m[KCanvas::[01;32m[KCanvas[m[K()[m[Kâ€™
[5.368s]   119 |       [01;31m[K::new((void*)__p) _Tp(std::forward<_Args>(__args)...)[m[K;
[5.368s]       |       [01;31m[K^~~~~~~~~~~~~~~~~~~~~~~~~~~~~~~~~~~~~~~~~~~~~~~~~~~~~[m[K
[5.368s] [01m[K/home/john/Desktop/rp_ros2_rviz/src/canvas.cpp:4:7:[m[K [01;36m[Knote: [m[Kâ€˜[01m[KCanvas::[01;32m[KCanvas[m[K()[m[Kâ€™ is implicitly deleted because the default definition would be ill-formed:
[5.369s]     4 | class [01;36m[KCanvas[m[K : public rclcpp::Node {
[5.371s]       |       [01;36m[K^~~~~~[m[K
[5.372s] [01m[K/home/john/Desktop/rp_ros2_rviz/src/canvas.cpp:4:7:[m[K [01;31m[Kerror: [m[Kno matching function for call to â€˜[01m[Krclcpp::Node::Node()[m[Kâ€™
[5.372s] In file included from [01m[K/opt/ros/jazzy/include/rclcpp/rclcpp/executors/single_threaded_executor.hpp:28[m[K,
[5.372s]                  from [01m[K/opt/ros/jazzy/include/rclcpp/rclcpp/executors.hpp:22[m[K,
[5.373s]                  from [01m[K/opt/ros/jazzy/include/rclcpp/rclcpp/rclcpp.hpp:172[m[K:
[5.373s] [01m[K/opt/ros/jazzy/include/rclcpp/rclcpp/node.hpp:1629:3:[m[K [01;36m[Knote: [m[Kcandidate: â€˜[01m[Krclcpp::Node::[01;32m[KNode[m[K(const rclcpp::Node&, const std::string&)[m[Kâ€™
[5.373s]  1629 |   [01;36m[KNode[m[K(
[5.373s]       |   [01;36m[K^~~~[m[K
[5.373s] [01m[K/opt/ros/jazzy/include/rclcpp/rclcpp/node.hpp:1629:3:[m[K [01;36m[Knote: [m[K  candidate expects 2 arguments, 0 provided
[5.373s] [01m[K/opt/ros/jazzy/include/rclcpp/rclcpp/node.hpp:103:12:[m[K [01;36m[Knote: [m[Kcandidate: â€˜[01m[Krclcpp::Node::[01;32m[KNode[m[K(const std::string&, const std::string&, const rclcpp::NodeOptions&)[m[Kâ€™
[5.373s]   103 |   explicit [01;36m[KNode[m[K(
[5.373s]       |            [01;36m[K^~~~[m[K
[5.373s] [01m[K/opt/ros/jazzy/include/rclcpp/rclcpp/node.hpp:103:12:[m[K [01;36m[Knote: [m[K  candidate expects 3 arguments, 0 provided
[5.373s] [01m[K/opt/ros/jazzy/include/rclcpp/rclcpp/node.hpp:91:12:[m[K [01;36m[Knote: [m[Kcandidate: â€˜[01m[Krclcpp::Node::[01;32m[KNode[m[K(const std::string&, const rclcpp::NodeOptions&)[m[Kâ€™
[5.374s]    91 |   explicit [01;36m[KNode[m[K(
[5.374s]       |            [01;36m[K^~~~[m[K
[5.374s] [01m[K/opt/ros/jazzy/include/rclcpp/rclcpp/node.hpp:91:12:[m[K [01;36m[Knote: [m[K  candidate expects 2 arguments, 0 provided
[5.452s] [ 75%] Built target listener_node
[5.611s] gmake[2]: *** [CMakeFiles/canvas_node.dir/build.make:76: CMakeFiles/canvas_node.dir/src/canvas.cpp.o] Error 1
[5.611s] gmake[1]: *** [CMakeFiles/Makefile2:165: CMakeFiles/canvas_node.dir/all] Error 2
[5.611s] gmake: *** [Makefile:146: all] Error 2
[5.617s] Invoked command in '/home/john/Desktop/rp_ros2_rviz/build/rp_ros2_rviz' returned '2': CMAKE_PREFIX_PATH=${CMAKE_PREFIX_PATH}:/opt/ros/jazzy DEBUGINFOD_URLS=https://debuginfod.ubuntu.com /usr/bin/cmake --build /home/john/Desktop/rp_ros2_rviz/build/rp_ros2_rviz -- -j4 -l4
