[0.010s] Invoking command in '/home/john/Desktop/rp_ros2_rviz/build/rp_ros2_rviz': CMAKE_PREFIX_PATH=${CMAKE_PREFIX_PATH}:/opt/ros/jazzy DEBUGINFOD_URLS=https://debuginfod.ubuntu.com /usr/bin/cmake --build /home/john/Desktop/rp_ros2_rviz/build/rp_ros2_rviz -- -j4 -l4
[0.067s] [ 33%] Built target world_node
[0.067s] [ 66%] Built target dmap_node
[0.075s] [ 73%] [32mBuilding CXX object CMakeFiles/pathplanner_node.dir/src/pathplanner_node.cpp.o[0m
[3.568s] [01m[K/home/john/Desktop/rp_ros2_rviz/src/pathplanner_node.cpp:[m[K In member function â€˜[01m[Kvoid PathPlanner::[01;32m[KrobotCallback[m[K(geometry_msgs::msg::Point_<std::allocator<void> >::SharedPtr)[m[Kâ€™:
[3.568s] [01m[K/home/john/Desktop/rp_ros2_rviz/src/pathplanner_node.cpp:48:22:[m[K [01;31m[Kerror: [m[Kâ€˜[01m[Kdmap[m[Kâ€™ was not declared in this scope; did you mean â€˜[01m[KDMap[m[Kâ€™?
[3.568s]    48 |             makePath([01;31m[Kdmap[m[K, 0.05, 1.0);
[3.568s]       |                      [01;31m[K^~~~[m[K
[3.568s]       |                      [32m[KDMap[m[K
[6.607s] gmake[2]: *** [CMakeFiles/pathplanner_node.dir/build.make:76: CMakeFiles/pathplanner_node.dir/src/pathplanner_node.cpp.o] Error 1
[6.608s] gmake[1]: *** [CMakeFiles/Makefile2:193: CMakeFiles/pathplanner_node.dir/all] Error 2
[6.608s] gmake: *** [Makefile:146: all] Error 2
[6.612s] Invoked command in '/home/john/Desktop/rp_ros2_rviz/build/rp_ros2_rviz' returned '2': CMAKE_PREFIX_PATH=${CMAKE_PREFIX_PATH}:/opt/ros/jazzy DEBUGINFOD_URLS=https://debuginfod.ubuntu.com /usr/bin/cmake --build /home/john/Desktop/rp_ros2_rviz/build/rp_ros2_rviz -- -j4 -l4
