[0.007s] Invoking command in '/home/john/Desktop/rp_ros2_rviz/build/rp_ros2_rviz': CMAKE_PREFIX_PATH=${CMAKE_PREFIX_PATH}:/opt/ros/foxy /usr/bin/cmake /home/john/Desktop/rp_ros2_rviz -DCMAKE_INSTALL_PREFIX=/home/john/Desktop/rp_ros2_rviz/install/rp_ros2_rviz
[0.122s] -- The C compiler identification is GNU 9.4.0
[0.206s] -- The CXX compiler identification is GNU 9.4.0
[0.213s] -- Check for working C compiler: /usr/bin/cc
[0.258s] -- Check for working C compiler: /usr/bin/cc -- works
[0.260s] -- Detecting C compiler ABI info
[0.302s] -- Detecting C compiler ABI info - done
[0.310s] -- Detecting C compile features
[0.310s] -- Detecting C compile features - done
[0.312s] -- Check for working CXX compiler: /usr/bin/c++
[0.362s] -- Check for working CXX compiler: /usr/bin/c++ -- works
[0.363s] -- Detecting CXX compiler ABI info
[0.414s] -- Detecting CXX compiler ABI info - done
[0.422s] -- Detecting CXX compile features
[0.422s] -- Detecting CXX compile features - done
[0.428s] -- Found ament_cmake: 0.9.12 (/opt/ros/foxy/share/ament_cmake/cmake)
[0.447s] -- Found PythonInterp: /usr/bin/python3 (found suitable version "3.8.10", minimum required is "3") 
[0.447s] -- Using PYTHON_EXECUTABLE: /usr/bin/python3
[0.565s] -- Found rclcpp: 2.4.3 (/opt/ros/foxy/share/rclcpp/cmake)
[0.612s] -- Using all available rosidl_typesupport_c: rosidl_typesupport_fastrtps_c;rosidl_typesupport_introspection_c
[0.619s] -- Found rosidl_adapter: 1.3.1 (/opt/ros/foxy/share/rosidl_adapter/cmake)
[0.694s] -- Found OpenSSL: /usr/lib/aarch64-linux-gnu/libcrypto.so (found version "1.1.1f")  
[0.717s] -- Found FastRTPS: /opt/ros/foxy/include  
[0.782s] -- Using all available rosidl_typesupport_cpp: rosidl_typesupport_fastrtps_cpp;rosidl_typesupport_introspection_cpp
[0.838s] -- Found rmw_implementation_cmake: 1.0.4 (/opt/ros/foxy/share/rmw_implementation_cmake/cmake)
[0.840s] -- Using RMW implementation 'rmw_fastrtps_cpp' as default
[0.842s] -- Looking for pthread.h
[0.895s] -- Looking for pthread.h - found
[0.895s] -- Performing Test CMAKE_HAVE_LIBC_PTHREAD
[0.945s] -- Performing Test CMAKE_HAVE_LIBC_PTHREAD - Failed
[0.945s] -- Looking for pthread_create in pthreads
[0.983s] -- Looking for pthread_create in pthreads - not found
[0.983s] -- Looking for pthread_create in pthread
[1.026s] -- Looking for pthread_create in pthread - found
[1.027s] -- Found Threads: TRUE  
[1.154s] -- Found geometry_msgs: 2.0.5 (/opt/ros/foxy/share/geometry_msgs/cmake)
[1.191s] -- Found OpenCV: /usr (found version "4.2.0") 
[1.195s] -- Found sensor_msgs: 2.0.5 (/opt/ros/foxy/share/sensor_msgs/cmake)
[1.254s] -- Found cv_bridge: 3.0.7 (/opt/ros/foxy/share/cv_bridge/cmake)
[1.267s] -- Found nav_msgs: 2.0.5 (/opt/ros/foxy/share/nav_msgs/cmake)
[1.327s] -- Found tf2: 0.13.14 (/opt/ros/foxy/share/tf2/cmake)
[1.338s] -- Found tf2_ros: 0.13.14 (/opt/ros/foxy/share/tf2_ros/cmake)
[1.618s] -- Found tf2_geometry_msgs: 0.13.14 (/opt/ros/foxy/share/tf2_geometry_msgs/cmake)
[1.626s] -- Found eigen3_cmake_module: 0.1.1 (/opt/ros/foxy/share/eigen3_cmake_module/cmake)
[1.628s] -- Found Eigen3: TRUE (found version "3.3.7") 
[1.693s] -- Found ament_lint_auto: 0.9.8 (/opt/ros/foxy/share/ament_lint_auto/cmake)
[1.749s] -- Added test 'cppcheck' to perform static code analysis on C / C++ code
[1.750s] -- Configured cppcheck include dirs: /home/john/Desktop/rp_ros2_rviz/include
[1.750s] -- Configured cppcheck exclude dirs and/or files: 
[1.751s] -- Added test 'flake8' to check Python code syntax and style conventions
[1.752s] -- Added test 'lint_cmake' to check CMake code style
[1.753s] -- Added test 'pep257' to check Python code against some of the style conventions in PEP 257
[1.757s] -- Added test 'uncrustify' to check C / C++ code style
[1.757s] -- Configured uncrustify additional arguments: 
[1.758s] -- Added test 'xmllint' to check XML markup files
[1.761s] -- Configuring done
[1.827s] -- Generating done
[1.866s] -- Build files have been written to: /home/john/Desktop/rp_ros2_rviz/build/rp_ros2_rviz
[1.873s] Invoked command in '/home/john/Desktop/rp_ros2_rviz/build/rp_ros2_rviz' returned '0': CMAKE_PREFIX_PATH=${CMAKE_PREFIX_PATH}:/opt/ros/foxy /usr/bin/cmake /home/john/Desktop/rp_ros2_rviz -DCMAKE_INSTALL_PREFIX=/home/john/Desktop/rp_ros2_rviz/install/rp_ros2_rviz
[1.875s] Invoking command in '/home/john/Desktop/rp_ros2_rviz/build/rp_ros2_rviz': CMAKE_PREFIX_PATH=${CMAKE_PREFIX_PATH}:/opt/ros/foxy /usr/bin/cmake --build /home/john/Desktop/rp_ros2_rviz/build/rp_ros2_rviz -- -j4 -l4
[1.901s] [35m[1mScanning dependencies of target controller_node[0m
[1.901s] [35m[1mScanning dependencies of target world_node[0m
[1.903s] [35m[1mScanning dependencies of target pathplanner_node[0m
[1.906s] [35m[1mScanning dependencies of target particle_node_filter[0m
[2.031s] [  4%] [32mBuilding CXX object CMakeFiles/controller_node.dir/src/controller_node.cpp.o[0m
[2.069s] [  8%] [32mBuilding CXX object CMakeFiles/particle_node_filter.dir/src/particle_node_filter.cpp.o[0m
[2.069s] [ 12%] [32mBuilding CXX object CMakeFiles/world_node.dir/src/world_node.cpp.o[0m
[2.074s] [ 16%] [32mBuilding CXX object CMakeFiles/pathplanner_node.dir/src/pathplanner_node.cpp.o[0m
[2.155s] [01m[K/home/john/Desktop/rp_ros2_rviz/src/world_node.cpp:4:10:[m[K [01;31m[Kfatal error: [m[Kcv_bridge/cv_bridge.hpp: No such file or directory
[2.155s]     4 | #include [01;31m[K<cv_bridge/cv_bridge.hpp>[m[K
[2.155s]       |          [01;31m[K^~~~~~~~~~~~~~~~~~~~~~~~~[m[K
[2.155s] compilation terminated.
[2.157s] [01m[K/home/john/Desktop/rp_ros2_rviz/src/pathplanner_node.cpp:6:10:[m[K [01;31m[Kfatal error: [m[Kcv_bridge/cv_bridge.hpp: No such file or directory
[2.157s]     6 | #include [01;31m[K<cv_bridge/cv_bridge.hpp>[m[K
[2.157s]       |          [01;31m[K^~~~~~~~~~~~~~~~~~~~~~~~~[m[K
[2.157s] make[2]: *** [CMakeFiles/world_node.dir/build.make:63: CMakeFiles/world_node.dir/src/world_node.cpp.o] Error 1
[2.157s] compilation terminated.
[2.157s] make[1]: *** [CMakeFiles/Makefile2:140: CMakeFiles/world_node.dir/all] Error 2
[2.157s] make[1]: *** Waiting for unfinished jobs....
[2.158s] make[2]: *** [CMakeFiles/pathplanner_node.dir/build.make:63: CMakeFiles/pathplanner_node.dir/src/pathplanner_node.cpp.o] Error 1
[2.158s] make[1]: *** [CMakeFiles/Makefile2:167: CMakeFiles/pathplanner_node.dir/all] Error 2
[2.163s] [ 20%] [32mBuilding CXX object CMakeFiles/particle_node_filter.dir/src/dmap_planner.cpp.o[0m
[2.167s] [ 24%] [32mBuilding CXX object CMakeFiles/particle_node_filter.dir/src/dmap.cpp.o[0m
[2.244s] [01m[K/home/john/Desktop/rp_ros2_rviz/src/particle_node_filter.cpp:10:10:[m[K [01;31m[Kfatal error: [m[Ktf2_geometry_msgs/tf2_geometry_msgs.hpp: No such file or directory
[2.244s]    10 | #include [01;31m[K<tf2_geometry_msgs/tf2_geometry_msgs.hpp>[m[K
[2.244s]       |          [01;31m[K^~~~~~~~~~~~~~~~~~~~~~~~~~~~~~~~~~~~~~~~~[m[K
[2.244s] compilation terminated.
[2.247s] make[2]: *** [CMakeFiles/particle_node_filter.dir/build.make:63: CMakeFiles/particle_node_filter.dir/src/particle_node_filter.cpp.o] Error 1
[2.247s] make[2]: *** Waiting for unfinished jobs....
[2.252s] [ 28%] [32mBuilding CXX object CMakeFiles/controller_node.dir/src/dmap_planner.cpp.o[0m
[2.866s] [01m[K/home/john/Desktop/rp_ros2_rviz/src/dmap_planner.cpp:[m[K In member function â€˜[01m[Kvoid DMapPlanner::computePolicy(const Vector2f&)[m[Kâ€™:
[2.866s] [01m[K/home/john/Desktop/rp_ros2_rviz/src/dmap_planner.cpp:54:8:[m[K [01;35m[Kwarning: [m[Kunused variable â€˜[01m[Kstep_mode[m[Kâ€™ [[01;35m[K-Wunused-variable[m[K]
[2.866s]    54 |   bool [01;35m[Kstep_mode[m[K=true;
[2.867s]       |        [01;35m[K^~~~~~~~~[m[K
[2.950s] [ 32%] [32mBuilding CXX object CMakeFiles/controller_node.dir/src/dmap.cpp.o[0m
[2.968s] [01m[K/home/john/Desktop/rp_ros2_rviz/src/dmap_planner.cpp:[m[K In member function â€˜[01m[Kvoid DMapPlanner::computePolicy(const Vector2f&)[m[Kâ€™:
[2.968s] [01m[K/home/john/Desktop/rp_ros2_rviz/src/dmap_planner.cpp:54:8:[m[K [01;35m[Kwarning: [m[Kunused variable â€˜[01m[Kstep_mode[m[Kâ€™ [[01;35m[K-Wunused-variable[m[K]
[2.968s]    54 |   bool [01;35m[Kstep_mode[m[K=true;
[2.968s]       |        [01;35m[K^~~~~~~~~[m[K
[3.605s] make[1]: *** [CMakeFiles/Makefile2:194: CMakeFiles/particle_node_filter.dir/all] Error 2
[3.624s] [ 36%] [32mBuilding CXX object CMakeFiles/controller_node.dir/src/robot.cpp.o[0m
[5.995s] [ 40%] [32m[1mLinking CXX executable controller_node[0m
[6.333s] [ 40%] Built target controller_node
[6.334s] make: *** [Makefile:141: all] Error 2
[6.337s] Invoked command in '/home/john/Desktop/rp_ros2_rviz/build/rp_ros2_rviz' returned '2': CMAKE_PREFIX_PATH=${CMAKE_PREFIX_PATH}:/opt/ros/foxy /usr/bin/cmake --build /home/john/Desktop/rp_ros2_rviz/build/rp_ros2_rviz -- -j4 -l4
