[ 66%] Built target dmap_node
[ 66%] Built target world_node
[ 73%] [32mBuilding CXX object CMakeFiles/pathplanner_node.dir/src/pathplanner_node.cpp.o[0m
[01m[K/home/john/Desktop/rp_ros2_rviz/src/pathplanner_node.cpp:[m[K In member function â€˜[01m[Kvoid PathPlanner::[01;32m[KmakePath[m[K(const std::shared_ptr<DMap>&, float, float, const Eigen::Vector2f&)[m[Kâ€™:
[01m[K/home/john/Desktop/rp_ros2_rviz/src/pathplanner_node.cpp:144:35:[m[K [01;31m[Kerror: [m[Kcould not convert â€˜[01m[K((PathPlanner*)this)->PathPlanner::planner.DMapPlanner::computePolicy(click)[m[Kâ€™ from â€˜[01m[Kvoid[m[Kâ€™ to â€˜[01m[Kbool[m[Kâ€™
  144 |         if (![01;31m[Kplanner.computePolicy(click)[m[K) {
      |              [01;31m[K~~~~~~~~~~~~~~~~~~~~~^~~~~~~[m[K
      |                                   [01;31m[K|[m[K
      |                                   [01;31m[Kvoid[m[K
[01m[K/home/john/Desktop/rp_ros2_rviz/src/pathplanner_node.cpp:144:35:[m[K [01;31m[Kerror: [m[Kin argument to unary !
[01m[K/home/john/Desktop/rp_ros2_rviz/src/pathplanner_node.cpp:154:30:[m[K [01;31m[Kerror: [m[Kâ€˜[01m[Kstruct GridMapping[m[Kâ€™ has no member named â€˜[01m[KisInside[m[Kâ€™
  154 |         if (!planner.mapping.[01;31m[KisInside[m[K(goal_position) || !planner.mapping.isInside(latest_robot_position)) {
      |                              [01;31m[K^~~~~~~~[m[K
[01m[K/home/john/Desktop/rp_ros2_rviz/src/pathplanner_node.cpp:154:74:[m[K [01;31m[Kerror: [m[Kâ€˜[01m[Kstruct GridMapping[m[Kâ€™ has no member named â€˜[01m[KisInside[m[Kâ€™
  154 |         if (!planner.mapping.isInside(goal_position) || !planner.mapping.[01;31m[KisInside[m[K(latest_robot_position)) {
      |                                                                          [01;31m[K^~~~~~~~[m[K
[01m[K/home/john/Desktop/rp_ros2_rviz/src/pathplanner_node.cpp:122:48:[m[K [01;35m[Kwarning: [m[Kunused parameter â€˜[01m[Kdmap[m[Kâ€™ [[01;35m[K]8;;https://gcc.gnu.org/onlinedocs/gcc/Warning-Options.html#index-Wunused-parameter-Wunused-parameter]8;;[m[K]
  122 |     void makePath([01;35m[Kconst std::shared_ptr<DMap>& dmap[m[K, float resolution, float expansion_range, const Eigen::Vector2f& goal_position){
      |                   [01;35m[K~~~~~~~~~~~~~~~~~~~~~~~~~~~~~^~~~[m[K
[01m[K/home/john/Desktop/rp_ros2_rviz/src/pathplanner_node.cpp:122:60:[m[K [01;35m[Kwarning: [m[Kunused parameter â€˜[01m[Kresolution[m[Kâ€™ [[01;35m[K]8;;https://gcc.gnu.org/onlinedocs/gcc/Warning-Options.html#index-Wunused-parameter-Wunused-parameter]8;;[m[K]
  122 |     void makePath(const std::shared_ptr<DMap>& dmap, [01;35m[Kfloat resolution[m[K, float expansion_range, const Eigen::Vector2f& goal_position){
      |                                                      [01;35m[K~~~~~~^~~~~~~~~~[m[K
[01m[K/home/john/Desktop/rp_ros2_rviz/src/pathplanner_node.cpp:122:78:[m[K [01;35m[Kwarning: [m[Kunused parameter â€˜[01m[Kexpansion_range[m[Kâ€™ [[01;35m[K]8;;https://gcc.gnu.org/onlinedocs/gcc/Warning-Options.html#index-Wunused-parameter-Wunused-parameter]8;;[m[K]
  122 |     void makePath(const std::shared_ptr<DMap>& dmap, float resolution, [01;35m[Kfloat expansion_range[m[K, const Eigen::Vector2f& goal_position){
      |                                                                        [01;35m[K~~~~~~^~~~~~~~~~~~~~~[m[K
gmake[2]: *** [CMakeFiles/pathplanner_node.dir/build.make:76: CMakeFiles/pathplanner_node.dir/src/pathplanner_node.cpp.o] Error 1
gmake[1]: *** [CMakeFiles/Makefile2:193: CMakeFiles/pathplanner_node.dir/all] Error 2
gmake: *** [Makefile:146: all] Error 2
