[0.023s] Invoking command in '/home/john/Desktop/path_ros/rp_ros2_rviz/build/rp_ros2_rviz': CMAKE_PREFIX_PATH=${CMAKE_PREFIX_PATH}:/opt/ros/jazzy DEBUGINFOD_URLS=https://debuginfod.ubuntu.com /usr/bin/cmake --build /home/john/Desktop/path_ros/rp_ros2_rviz/build/rp_ros2_rviz -- -j4 -l4
[0.162s] [ 33%] Built target dmap_node
[0.182s] [ 66%] Built target world_node
[0.186s] [ 73%] [32mBuilding CXX object CMakeFiles/pathplanner_node.dir/src/pathplanner_node.cpp.o[0m
[4.293s] [01m[K/home/john/Desktop/path_ros/rp_ros2_rviz/src/pathplanner_node.cpp:[m[K In constructor â€˜[01m[KPathPlanner::[01;32m[KPathPlanner[m[K()[m[Kâ€™:
[4.293s] [01m[K/home/john/Desktop/path_ros/rp_ros2_rviz/src/pathplanner_node.cpp:33:19:[m[K [01;31m[Kerror: [m[Kâ€˜[01m[Krows[m[Kâ€™ was not declared in this scope
[4.293s]    33 |         DMap dmap([01;31m[Krows[m[K, cols);
[4.293s]       |                   [01;31m[K^~~~[m[K
[4.306s] [01m[K/home/john/Desktop/path_ros/rp_ros2_rviz/src/pathplanner_node.cpp:33:25:[m[K [01;31m[Kerror: [m[Kâ€˜[01m[Kcols[m[Kâ€™ was not declared in this scope; did you mean â€˜[01m[Kcosl[m[Kâ€™?
[4.306s]    33 |         DMap dmap(rows, [01;31m[Kcols[m[K);
[4.306s]       |                         [01;31m[K^~~~[m[K
[4.306s]       |                         [32m[Kcosl[m[K
[4.329s] [01m[K/home/john/Desktop/path_ros/rp_ros2_rviz/src/pathplanner_node.cpp:36:52:[m[K [01;31m[Kerror: [m[Kâ€˜[01m[Kcustom_image[m[Kâ€™ was not declared in this scope
[4.329s]    36 |         Vector2iVector obs = getObstaclesFromImage([01;31m[Kcustom_image[m[K);
[4.329s]       |                                                    [01;31m[K^~~~~~~~~~~~[m[K
[4.345s] [01m[K/home/john/Desktop/path_ros/rp_ros2_rviz/src/pathplanner_node.cpp:39:9:[m[K [01;31m[Kerror: [m[Kâ€˜[01m[Kmy_robot[m[Kâ€™ was not declared in this scope
[4.345s]    39 |         [01;31m[Kmy_robot[m[K = std::make_unique<Robot>(10.0f, 0.0f, 0, 1);
[4.346s]       |         [01;31m[K^~~~~~~~[m[K
[4.368s] [01m[K/home/john/Desktop/path_ros/rp_ros2_rviz/src/pathplanner_node.cpp:43:9:[m[K [01;31m[Kerror: [m[Kâ€˜[01m[Kplanner[m[Kâ€™ was not declared in this scope
[4.368s]    43 |         [01;31m[Kplanner[m[K.init(resolution, 0.3, expansion_range, dmap);
[4.368s]       |         [01;31m[K^~~~~~~[m[K
[4.387s] [01m[K/home/john/Desktop/path_ros/rp_ros2_rviz/src/pathplanner_node.cpp:43:22:[m[K [01;31m[Kerror: [m[Kâ€˜[01m[Kresolution[m[Kâ€™ was not declared in this scope
[4.387s]    43 |         planner.init([01;31m[Kresolution[m[K, 0.3, expansion_range, dmap);
[4.387s]       |                      [01;31m[K^~~~~~~~~~[m[K
[4.412s] [01m[K/home/john/Desktop/path_ros/rp_ros2_rviz/src/pathplanner_node.cpp:49:9:[m[K [01;31m[Kerror: [m[Kâ€˜[01m[Kbackground_image[m[Kâ€™ was not declared in this scope
[4.413s]    49 |         [01;31m[Kbackground_image[m[K=grid2cv(planner.policy, true);
[4.413s]       |         [01;31m[K^~~~~~~~~~~~~~~~[m[K
[4.415s] In file included from [01m[K/opt/ros/jazzy/include/rclcpp/rclcpp/logging.hpp:24[m[K,
[4.415s]                  from [01m[K/opt/ros/jazzy/include/rclcpp/rclcpp/copy_all_parameter_values.hpp:27[m[K,
[4.415s]                  from [01m[K/opt/ros/jazzy/include/rclcpp/rclcpp/rclcpp.hpp:171[m[K,
[4.415s]                  from [01m[K/home/john/Desktop/path_ros/rp_ros2_rviz/src/pathplanner_node.cpp:2[m[K:
[4.416s] [01m[K/home/john/Desktop/path_ros/rp_ros2_rviz/src/pathplanner_node.cpp:[m[K In member function â€˜[01m[Kvoid PathPlanner::[01;32m[Kstring_callback[m[K(std_msgs::msg::String_<std::allocator<void> >::SharedPtr)[m[Kâ€™:
[4.416s] [01m[K/home/john/Desktop/path_ros/rp_ros2_rviz/src/pathplanner_node.cpp:58:41:[m[K [01;35m[Kwarning: [m[Kformat â€˜[01m[K%s[m[Kâ€™ expects argument of type â€˜[01m[Kchar*[m[Kâ€™, but argument 5 has type â€˜[01m[Kstd::string[m[Kâ€™ {aka â€˜[01m[Kstd::__cxx11::basic_string<char>[m[Kâ€™} [[01;35m[K]8;;https://gcc.gnu.org/onlinedocs/gcc/Warning-Options.html#index-Wformat=-Wformat=]8;;[m[K]
[4.416s]    58 |         RCLCPP_INFO(this->get_logger(), [01;35m[K"Ricevuto PNG: '%s'"[m[K, image_path);
[4.416s]       |                                         [01;35m[K^~~~~~~~~~~~~~~~~~~~[m[K
[4.416s] [01m[K/home/john/Desktop/path_ros/rp_ros2_rviz/src/pathplanner_node.cpp:58:58:[m[K [01;36m[Knote: [m[Kformat string is defined here
[4.416s]    58 |         RCLCPP_INFO(this->get_logger(), "Ricevuto PNG: '[01;36m[K%s[m[K'", image_path);
[4.416s]       |                                                         [01;36m[K~^[m[K
[4.416s]       |                                                          [01;36m[K|[m[K
[4.416s]       |                                                          [01;36m[Kchar*[m[K
[7.238s] gmake[2]: *** [CMakeFiles/pathplanner_node.dir/build.make:76: CMakeFiles/pathplanner_node.dir/src/pathplanner_node.cpp.o] Error 1
[7.239s] gmake[1]: *** [CMakeFiles/Makefile2:193: CMakeFiles/pathplanner_node.dir/all] Error 2
[7.240s] gmake: *** [Makefile:146: all] Error 2
[7.245s] Invoked command in '/home/john/Desktop/path_ros/rp_ros2_rviz/build/rp_ros2_rviz' returned '2': CMAKE_PREFIX_PATH=${CMAKE_PREFIX_PATH}:/opt/ros/jazzy DEBUGINFOD_URLS=https://debuginfod.ubuntu.com /usr/bin/cmake --build /home/john/Desktop/path_ros/rp_ros2_rviz/build/rp_ros2_rviz -- -j4 -l4
