-- Found ament_cmake: 2.5.3 (/opt/ros/jazzy/share/ament_cmake/cmake)
-- Found rclcpp: 28.1.6 (/opt/ros/jazzy/share/rclcpp/cmake)
-- Found rosidl_generator_c: 4.6.5 (/opt/ros/jazzy/share/rosidl_generator_c/cmake)
-- Found rosidl_generator_cpp: 4.6.5 (/opt/ros/jazzy/share/rosidl_generator_cpp/cmake)
-- Using all available rosidl_typesupport_c: rosidl_typesupport_fastrtps_c;rosidl_typesupport_introspection_c
-- Using all available rosidl_typesupport_cpp: rosidl_typesupport_fastrtps_cpp;rosidl_typesupport_introspection_cpp
-- Found rmw_implementation_cmake: 7.3.1 (/opt/ros/jazzy/share/rmw_implementation_cmake/cmake)
-- Found rmw_fastrtps_cpp: 8.4.1 (/opt/ros/jazzy/share/rmw_fastrtps_cpp/cmake)
-- Using RMW implementation 'rmw_fastrtps_cpp' as default
-- Found std_msgs: 5.3.5 (/opt/ros/jazzy/share/std_msgs/cmake)
-- Found geometry_msgs: 5.3.5 (/opt/ros/jazzy/share/geometry_msgs/cmake)
-- Found ament_lint_auto: 0.17.1 (/opt/ros/jazzy/share/ament_lint_auto/cmake)
-- Added test 'cppcheck' to perform static code analysis on C / C++ code
-- Configured cppcheck include dirs: /home/john/Desktop/rp_ros2_rviz/include
-- Configured cppcheck exclude dirs and/or files: 
-- Added test 'flake8' to check Python code syntax and style conventions
-- Configured 'flake8' exclude dirs and/or files: 
-- Added test 'lint_cmake' to check CMake code style
-- Added test 'pep257' to check Python code against some of the docstring style conventions in PEP 257
-- Added test 'uncrustify' to check C / C++ code style
-- Configured uncrustify additional arguments: 
-- Added test 'xmllint' to check XML markup files
-- Configuring done (1.4s)
-- Generating done (0.0s)
-- Build files have been written to: /home/john/Desktop/rp_ros2_rviz/build/rp_ros2_rviz
[ 11%] [32mBuilding CXX object CMakeFiles/world_node.dir/src/world_node.cpp.o[0m
[ 33%] [32mBuilding CXX object CMakeFiles/world_node.dir/src/differential_drive_robot.cpp.o[0m
[ 44%] Built target listener_node
[01m[K/home/john/Desktop/rp_ros2_rviz/src/differential_drive_robot.cpp:1:10:[m[K [01;31m[Kfatal error: [m[Kdifferential_drive_robot.h: No such file or directory
    1 | #include [01;31m[K"differential_drive_robot.h"[m[K
      |          [01;31m[K^~~~~~~~~~~~~~~~~~~~~~~~~~~~[m[K
compilation terminated.
gmake[2]: *** [CMakeFiles/world_node.dir/build.make:146: CMakeFiles/world_node.dir/src/differential_drive_robot.cpp.o] Error 1
gmake[2]: *** Waiting for unfinished jobs....
[01m[K/home/john/Desktop/rp_ros2_rviz/src/world_node.cpp:[m[K In member function â€˜[01m[Kvoid WorldNode::[01;32m[KloadGridMapCallback[m[K(std_msgs::msg::String_<std::allocator<void> >::SharedPtr)[m[Kâ€™:
[01m[K/home/john/Desktop/rp_ros2_rviz/src/world_node.cpp:31:49:[m[K [01;31m[Kerror: [m[Kno matching function for call to â€˜[01m[KDifferentialDriveRobot::DifferentialDriveRobot(GridMap**)[m[Kâ€™
   31 |             DifferentialDriveRobot ddr(&grid_map[01;31m[K)[m[K;
      |                                                 [01;31m[K^[m[K
In file included from [01m[K/home/john/Desktop/rp_ros2_rviz/src/world_node.cpp:6[m[K:
[01m[K/home/john/Desktop/rp_ros2_rviz/include/rp_ros2_rviz/differential_drive_robot.h:7:3:[m[K [01;36m[Knote: [m[Kcandidate: â€˜[01m[KDifferentialDriveRobot::[01;32m[KDifferentialDriveRobot[m[K(WorldItem*)[m[Kâ€™
    7 |   [01;36m[KDifferentialDriveRobot[m[K(WorldItem* p=0): WorldItem(p) {}
      |   [01;36m[K^~~~~~~~~~~~~~~~~~~~~~[m[K
[01m[K/home/john/Desktop/rp_ros2_rviz/include/rp_ros2_rviz/differential_drive_robot.h:7:37:[m[K [01;36m[Knote: [m[K  no known conversion for argument 1 from â€˜[01m[KGridMap**[m[Kâ€™ to â€˜[01m[KWorldItem*[m[Kâ€™
    7 |   DifferentialDriveRobot([01;36m[KWorldItem* p=0[m[K): WorldItem(p) {}
      |                          [01;36m[K~~~~~~~~~~~^~~[m[K
[01m[K/home/john/Desktop/rp_ros2_rviz/include/rp_ros2_rviz/differential_drive_robot.h:4:8:[m[K [01;36m[Knote: [m[Kcandidate: â€˜[01m[Kconstexpr DifferentialDriveRobot::[01;32m[KDifferentialDriveRobot[m[K(const DifferentialDriveRobot&)[m[Kâ€™
    4 | struct [01;36m[KDifferentialDriveRobot[m[K: public WorldItem {
      |        [01;36m[K^~~~~~~~~~~~~~~~~~~~~~[m[K
[01m[K/home/john/Desktop/rp_ros2_rviz/include/rp_ros2_rviz/differential_drive_robot.h:4:8:[m[K [01;36m[Knote: [m[K  no known conversion for argument 1 from â€˜[01m[KGridMap**[m[Kâ€™ to â€˜[01m[Kconst DifferentialDriveRobot&[m[Kâ€™
[01m[K/home/john/Desktop/rp_ros2_rviz/include/rp_ros2_rviz/differential_drive_robot.h:4:8:[m[K [01;36m[Knote: [m[Kcandidate: â€˜[01m[Kconstexpr DifferentialDriveRobot::[01;32m[KDifferentialDriveRobot[m[K(DifferentialDriveRobot&&)[m[Kâ€™
[01m[K/home/john/Desktop/rp_ros2_rviz/include/rp_ros2_rviz/differential_drive_robot.h:4:8:[m[K [01;36m[Knote: [m[K  no known conversion for argument 1 from â€˜[01m[KGridMap**[m[Kâ€™ to â€˜[01m[KDifferentialDriveRobot&&[m[Kâ€™
[01m[K/home/john/Desktop/rp_ros2_rviz/src/world_node.cpp:43:45:[m[K [01;31m[Kerror: [m[Kâ€˜[01m[Ko[m[Kâ€™ was not declared in this scope
   43 |                 int key = cv::waitKey(10);  [01;31m[Ko[m[K
      |                                             [01;31m[K^[m[K
[01m[K/home/john/Desktop/rp_ros2_rviz/src/world_node.cpp:43:21:[m[K [01;35m[Kwarning: [m[Kunused variable â€˜[01m[Kkey[m[Kâ€™ [[01;35m[K]8;;https://gcc.gnu.org/onlinedocs/gcc/Warning-Options.html#index-Wunused-variable-Wunused-variable]8;;[m[K]
   43 |                 int [01;35m[Kkey[m[K = cv::waitKey(10);  o
      |                     [01;35m[K^~~[m[K
gmake[2]: *** [CMakeFiles/world_node.dir/build.make:76: CMakeFiles/world_node.dir/src/world_node.cpp.o] Error 1
gmake[1]: *** [CMakeFiles/Makefile2:165: CMakeFiles/world_node.dir/all] Error 2
gmake: *** [Makefile:146: all] Error 2
