[0.009s] Invoking command in '/home/john/Desktop/rp_ros2_rviz/build/rp_ros2_rviz': CMAKE_PREFIX_PATH=${CMAKE_PREFIX_PATH}:/opt/ros/jazzy DEBUGINFOD_URLS=https://debuginfod.ubuntu.com /usr/bin/cmake --build /home/john/Desktop/rp_ros2_rviz/build/rp_ros2_rviz -- -j4 -l4
[0.143s] [ 20%] Built target control_robot
[0.173s] [ 30%] [32mBuilding CXX object CMakeFiles/world_node.dir/src/world_node.cpp.o[0m
[3.515s] In file included from [01m[K/home/john/Desktop/rp_ros2_rviz/src/world_node.cpp:8[m[K:
[3.541s] [01m[K/home/john/Desktop/rp_ros2_rviz/include/rp_ros2_rviz/msg/sequence.msg:2:1:[m[K [01;31m[Kerror: [m[Kexpected initializer before â€˜[01m[Kstring[m[Kâ€™
[3.542s]     2 | [01;31m[Kstring[m[K rv
[3.542s]       | [01;31m[K^~~~~~[m[K
[3.542s] [01m[K/home/john/Desktop/rp_ros2_rviz/src/world_node.cpp:[m[K In function â€˜[01m[Kint[01;32m[K main[m[K(int, char**)[m[Kâ€™:
[3.542s] [01m[K/home/john/Desktop/rp_ros2_rviz/src/world_node.cpp:160:34:[m[K [01;31m[Kerror: [m[Kâ€˜[01m[KWorldNode[m[Kâ€™ was not declared in this scope
[3.542s]   160 |     auto node = std::make_shared<[01;31m[KWorldNode[m[K>();
[3.542s]       |                                  [01;31m[K^~~~~~~~~[m[K
[3.543s] [01m[K/home/john/Desktop/rp_ros2_rviz/src/world_node.cpp:160:44:[m[K [01;31m[Kerror: [m[Kno matching function for call to â€˜[01m[Kmake_shared<<expression error> >()[m[Kâ€™
[3.543s]   160 |     auto node = [01;31m[Kstd::make_shared<WorldNode>()[m[K;
[3.543s]       |                 [01;31m[K~~~~~~~~~~~~~~~~~~~~~~~~~~~^~[m[K
[3.543s] In file included from [01m[K/usr/include/c++/13/memory:80[m[K,
[3.564s]                  from [01m[K/opt/ros/jazzy/include/rclcpp/rclcpp/rclcpp.hpp:169[m[K,
[3.565s]                  from [01m[K/home/john/Desktop/rp_ros2_rviz/src/world_node.cpp:1[m[K:
[3.566s] [01m[K/usr/include/c++/13/bits/shared_ptr.h:1005:5:[m[K [01;36m[Knote: [m[Kcandidate: â€˜[01m[Ktemplate<class _Tp, class ... _Args> std::shared_ptr<typename std::enable_if<(! std::is_array< <template-parameter-1-1> >::value), _Tp>::type> std::[01;32m[Kmake_shared[m[K(_Args&& ...)[m[Kâ€™
[3.566s]  1005 |     [01;36m[Kmake_shared[m[K(_Args&&... __args)
[3.566s]       |     [01;36m[K^~~~~~~~~~~[m[K
[3.566s] [01m[K/usr/include/c++/13/bits/shared_ptr.h:1005:5:[m[K [01;36m[Knote: [m[K  template argument deduction/substitution failed:
[3.566s] [01m[K/home/john/Desktop/rp_ros2_rviz/src/world_node.cpp:160:44:[m[K [01;31m[Kerror: [m[Ktemplate argument 1 is invalid
[3.566s]   160 |     auto node = [01;31m[Kstd::make_shared<WorldNode>()[m[K;
[3.566s]       |                 [01;31m[K~~~~~~~~~~~~~~~~~~~~~~~~~~~^~[m[K
[5.083s] gmake[2]: *** [CMakeFiles/world_node.dir/build.make:76: CMakeFiles/world_node.dir/src/world_node.cpp.o] Error 1
[5.085s] gmake[1]: *** [CMakeFiles/Makefile2:165: CMakeFiles/world_node.dir/all] Error 2
[5.085s] gmake: *** [Makefile:146: all] Error 2
[5.089s] Invoked command in '/home/john/Desktop/rp_ros2_rviz/build/rp_ros2_rviz' returned '2': CMAKE_PREFIX_PATH=${CMAKE_PREFIX_PATH}:/opt/ros/jazzy DEBUGINFOD_URLS=https://debuginfod.ubuntu.com /usr/bin/cmake --build /home/john/Desktop/rp_ros2_rviz/build/rp_ros2_rviz -- -j4 -l4
