[ 50%] [32mBuilding CXX object CMakeFiles/canvas_node.dir/src/canvas.cpp.o[0m
[01m[K/home/john/Desktop/rp_ros2_rviz/src/canvas.cpp:[m[K In constructor â€˜[01m[KCanvas::[01;32m[KCanvas[m[K()[m[Kâ€™:
[01m[K/home/john/Desktop/rp_ros2_rviz/src/canvas.cpp:12:5:[m[K [01;31m[Kerror: [m[Kexpected â€˜[01m[K;[m[Kâ€™ before â€˜[01m[K}[m[Kâ€™ token
   12 |     [01;31m[K}[m[K
      |     [01;31m[K^[m[K
gmake[2]: *** [CMakeFiles/canvas_node.dir/build.make:76: CMakeFiles/canvas_node.dir/src/canvas.cpp.o] Error 1
gmake[1]: *** [CMakeFiles/Makefile2:137: CMakeFiles/canvas_node.dir/all] Error 2
gmake: *** [Makefile:146: all] Error 2
