[0.023s] Invoking command in '/home/john/Desktop/rp_ros2_rviz/build/rp_ros2_rviz': CMAKE_PREFIX_PATH=${CMAKE_PREFIX_PATH}:/opt/ros/jazzy DEBUGINFOD_URLS=https://debuginfod.ubuntu.com /usr/bin/cmake --build /home/john/Desktop/rp_ros2_rviz/build/rp_ros2_rviz -- -j4 -l4
[0.118s] [ 33%] Built target listener_node
[0.131s] [ 66%] Built target canvas_node
[0.144s] [ 83%] [32mBuilding CXX object CMakeFiles/grid_map_node.dir/src/grid_map.cpp.o[0m
[3.649s] [01m[K/home/john/Desktop/rp_ros2_rviz/src/grid_map.cpp:[m[K In constructor â€˜[01m[KGridMapNode::[01;32m[KGridMapNode[m[K()[m[Kâ€™:
[3.649s] [01m[K/home/john/Desktop/rp_ros2_rviz/src/grid_map.cpp:21:9:[m[K [01;31m[Kerror: [m[Kexpected primary-expression before â€˜[01m[K)[m[Kâ€™ token
[3.650s]    21 |         [01;31m[K)[m[K;
[3.650s]       |         [01;31m[K^[m[K
[6.010s] gmake[2]: *** [CMakeFiles/grid_map_node.dir/build.make:76: CMakeFiles/grid_map_node.dir/src/grid_map.cpp.o] Error 1
[6.016s] gmake[1]: *** [CMakeFiles/Makefile2:193: CMakeFiles/grid_map_node.dir/all] Error 2
[6.016s] gmake: *** [Makefile:146: all] Error 2
[6.016s] Invoked command in '/home/john/Desktop/rp_ros2_rviz/build/rp_ros2_rviz' returned '2': CMAKE_PREFIX_PATH=${CMAKE_PREFIX_PATH}:/opt/ros/jazzy DEBUGINFOD_URLS=https://debuginfod.ubuntu.com /usr/bin/cmake --build /home/john/Desktop/rp_ros2_rviz/build/rp_ros2_rviz -- -j4 -l4
