[0.012s] Invoking command in '/home/john/Desktop/rp_ros2_rviz/build/rp_ros2_rviz': CMAKE_PREFIX_PATH=${CMAKE_PREFIX_PATH}:/home/john/Desktop/path_ros/rp_ros2_rviz/install/rp_ros2_rviz:/opt/ros/jazzy DEBUGINFOD_URLS=https://debuginfod.ubuntu.com /usr/bin/cmake --build /home/john/Desktop/rp_ros2_rviz/build/rp_ros2_rviz -- -j4 -l4
[0.080s] [ 50%] Built target pathplanner_node
[0.086s] [ 60%] [32mBuilding CXX object CMakeFiles/world_node.dir/src/world_node.cpp.o[0m
[4.795s] [01m[K/home/john/Desktop/rp_ros2_rviz/src/world_node.cpp:229:2:[m[K [01;31m[Kerror: [m[Kexpected â€˜[01m[K}[m[Kâ€™ at end of input
[4.795s]   229 | }
[4.795s]       |  [01;31m[K^[m[K
[4.795s] [01m[K/home/john/Desktop/rp_ros2_rviz/src/world_node.cpp:18:39:[m[K [01;36m[Knote: [m[Kto match this â€˜[01m[K{[m[Kâ€™
[4.795s]    18 | class WorldNode : public rclcpp::Node [01;36m[K{[m[K
[4.795s]       |                                       [01;36m[K^[m[K
[4.797s] [01m[K/home/john/Desktop/rp_ros2_rviz/src/world_node.cpp:[m[K In constructor â€˜[01m[KWorldNode::[01;32m[KWorldNode[m[K()[m[Kâ€™:
[4.797s] [01m[K/home/john/Desktop/rp_ros2_rviz/src/world_node.cpp:48:51:[m[K [01;31m[Kerror: [m[Kâ€˜[01m[Kbool_callback[m[Kâ€™ is not a member of â€˜[01m[KWorldNode[m[Kâ€™
[4.797s]    48 |         "stop_publish", 10, std::bind(&WorldNode::[01;31m[Kbool_callback[m[K, this, std::placeholders::_1));
[4.797s]       |                                                   [01;31m[K^~~~~~~~~~~~~[m[K
[4.803s] [01m[K/home/john/Desktop/rp_ros2_rviz/src/world_node.cpp:69:31:[m[K [01;31m[Kerror: [m[Kâ€˜[01m[KpublishRobot[m[Kâ€™ is not a member of â€˜[01m[KWorldNode[m[Kâ€™
[4.803s]    69 |         std::bind(&WorldNode::[01;31m[KpublishRobot[m[K, this));
[4.803s]       |                               [01;31m[K^~~~~~~~~~~~[m[K
[4.807s] [01m[K/home/john/Desktop/rp_ros2_rviz/src/world_node.cpp:[m[K In member function â€˜[01m[Kvoid WorldNode::[01;32m[Kredisplay[m[K()[m[Kâ€™:
[4.807s] [01m[K/home/john/Desktop/rp_ros2_rviz/src/world_node.cpp:127:9:[m[K [01;31m[Kerror: [m[Kexpected â€˜[01m[K;[m[Kâ€™ before â€˜[01m[Kcv[m[Kâ€™
[4.807s]   127 |         [01;31m[Kcv[m[K::imshow("planner", shown_image);
[4.807s]       |         [01;31m[K^~[m[K
[4.807s] [01m[K/home/john/Desktop/rp_ros2_rviz/src/world_node.cpp:130:66:[m[K [01;31m[Kerror: [m[Ka function-definition is not allowed here before â€˜[01m[K{[m[Kâ€™ token
[4.807s]   130 |     void bool_callback(const std_msgs::msg::Bool::SharedPtr msg) [01;31m[K{[m[K
[4.807s]       |                                                                  [01;31m[K^[m[K
[4.807s] [01m[K/home/john/Desktop/rp_ros2_rviz/src/world_node.cpp:165:27:[m[K [01;31m[Kerror: [m[Ka function-definition is not allowed here before â€˜[01m[K{[m[Kâ€™ token
[4.807s]   165 |     void publishMessage() [01;31m[K{[m[K
[4.808s]       |                           [01;31m[K^[m[K
[4.808s] [01m[K/home/john/Desktop/rp_ros2_rviz/src/world_node.cpp:180:25:[m[K [01;31m[Kerror: [m[Ka function-definition is not allowed here before â€˜[01m[K{[m[Kâ€™ token
[4.808s]   180 |     void publishRobot() [01;31m[K{[m[K
[4.808s]       |                         [01;31m[K^[m[K
[4.808s] [01m[K/home/john/Desktop/rp_ros2_rviz/src/world_node.cpp:196:66:[m[K [01;31m[Kerror: [m[Ka function-definition is not allowed here before â€˜[01m[K{[m[Kâ€™ token
[4.808s]   196 |     static void onMouse(int event, int x, int y, int, void* arg) [01;31m[K{[m[K
[4.808s]       |                                                                  [01;31m[K^[m[K
[4.809s] [01m[K/home/john/Desktop/rp_ros2_rviz/src/world_node.cpp:[m[K In member function â€˜[01m[Kint WorldNode::[01;32m[Kmain[m[K(int, char**)[m[Kâ€™:
[4.809s] [01m[K/home/john/Desktop/rp_ros2_rviz/src/world_node.cpp:217:48:[m[K [01;31m[Kerror: [m[Kâ€˜[01m[KonMouse[m[Kâ€™ is not a member of â€˜[01m[KWorldNode[m[Kâ€™
[4.809s]   217 |     cv::setMouseCallback("planner", WorldNode::[01;31m[KonMouse[m[K, node.get());
[4.809s]       |                                                [01;31m[K^~~~~~~[m[K
[4.810s] [01m[K/home/john/Desktop/rp_ros2_rviz/src/world_node.cpp:[m[K At global scope:
[4.810s] [01m[K/home/john/Desktop/rp_ros2_rviz/src/world_node.cpp:229:2:[m[K [01;31m[Kerror: [m[Kexpected unqualified-id at end of input
[4.810s]   229 | }
[4.810s]       |  [01;31m[K^[m[K
[7.001s] gmake[2]: *** [CMakeFiles/world_node.dir/build.make:76: CMakeFiles/world_node.dir/src/world_node.cpp.o] Error 1
[7.002s] gmake[1]: *** [CMakeFiles/Makefile2:139: CMakeFiles/world_node.dir/all] Error 2
[7.002s] gmake: *** [Makefile:146: all] Error 2
[7.004s] Invoked command in '/home/john/Desktop/rp_ros2_rviz/build/rp_ros2_rviz' returned '2': CMAKE_PREFIX_PATH=${CMAKE_PREFIX_PATH}:/home/john/Desktop/path_ros/rp_ros2_rviz/install/rp_ros2_rviz:/opt/ros/jazzy DEBUGINFOD_URLS=https://debuginfod.ubuntu.com /usr/bin/cmake --build /home/john/Desktop/rp_ros2_rviz/build/rp_ros2_rviz -- -j4 -l4
