-- Found ament_cmake: 2.5.3 (/opt/ros/jazzy/share/ament_cmake/cmake)
-- Found rclcpp: 28.1.6 (/opt/ros/jazzy/share/rclcpp/cmake)
-- Found rosidl_generator_c: 4.6.5 (/opt/ros/jazzy/share/rosidl_generator_c/cmake)
-- Found rosidl_generator_cpp: 4.6.5 (/opt/ros/jazzy/share/rosidl_generator_cpp/cmake)
-- Using all available rosidl_typesupport_c: rosidl_typesupport_fastrtps_c;rosidl_typesupport_introspection_c
-- Using all available rosidl_typesupport_cpp: rosidl_typesupport_fastrtps_cpp;rosidl_typesupport_introspection_cpp
-- Found rmw_implementation_cmake: 7.3.1 (/opt/ros/jazzy/share/rmw_implementation_cmake/cmake)
-- Found rmw_fastrtps_cpp: 8.4.1 (/opt/ros/jazzy/share/rmw_fastrtps_cpp/cmake)
-- Using RMW implementation 'rmw_fastrtps_cpp' as default
-- Found std_msgs: 5.3.5 (/opt/ros/jazzy/share/std_msgs/cmake)
-- Found geometry_msgs: 5.3.5 (/opt/ros/jazzy/share/geometry_msgs/cmake)
-- Found ament_lint_auto: 0.17.1 (/opt/ros/jazzy/share/ament_lint_auto/cmake)
-- Added test 'cppcheck' to perform static code analysis on C / C++ code
-- Configured cppcheck include dirs: /home/john/Desktop/rp_ros2_rviz/include
-- Configured cppcheck exclude dirs and/or files: 
-- Added test 'flake8' to check Python code syntax and style conventions
-- Configured 'flake8' exclude dirs and/or files: 
-- Added test 'lint_cmake' to check CMake code style
-- Added test 'pep257' to check Python code against some of the docstring style conventions in PEP 257
-- Added test 'uncrustify' to check C / C++ code style
-- Configured uncrustify additional arguments: 
-- Added test 'xmllint' to check XML markup files
-- Configuring done (1.3s)
-- Generating done (0.0s)
-- Build files have been written to: /home/john/Desktop/rp_ros2_rviz/build/rp_ros2_rviz
[ 16%] [32mBuilding CXX object CMakeFiles/listener_node.dir/src/listener.cpp.o[0m
[ 33%] [32mBuilding CXX object CMakeFiles/grid_map_node.dir/src/grid_map.cpp.o[0m
[ 50%] [32mBuilding CXX object CMakeFiles/canvas_node.dir/src/canvas.cpp.o[0m
[01m[K/home/john/Desktop/rp_ros2_rviz/src/grid_map.cpp:26:21:[m[K [01;31m[Kerror: [m[Kâ€˜[01m[KGridMap[m[Kâ€™ was not declared in this scope; did you mean â€˜[01m[KGrid[m[Kâ€™?
   26 |     std::unique_ptr<[01;31m[KGridMap[m[K> grid_map_;
      |                     [01;31m[K^~~~~~~[m[K
      |                     [32m[KGrid[m[K
[01m[K/home/john/Desktop/rp_ros2_rviz/src/grid_map.cpp:26:28:[m[K [01;31m[Kerror: [m[Ktemplate argument 1 is invalid
   26 |     std::unique_ptr<GridMap[01;31m[K>[m[K grid_map_;
      |                            [01;31m[K^[m[K
[01m[K/home/john/Desktop/rp_ros2_rviz/src/grid_map.cpp:26:28:[m[K [01;31m[Kerror: [m[Ktemplate argument 2 is invalid
[01m[K/home/john/Desktop/rp_ros2_rviz/src/grid_map.cpp:[m[K In constructor â€˜[01m[KGridMapNode::[01;32m[KGridMapNode[m[K()[m[Kâ€™:
[01m[K/home/john/Desktop/rp_ros2_rviz/src/grid_map.cpp:8:54:[m[K [01;31m[Kerror: [m[Kcannot convert â€˜[01m[Kstd::nullptr_t[m[Kâ€™ to â€˜[01m[Kint[m[Kâ€™ in initialization
    8 |     GridMapNode() : Node("grid_map_node"), grid_map_([01;31m[Knullptr[m[K) {
      |                                                      [01;31m[K^~~~~~~[m[K
      |                                                      [01;31m[K|[m[K
      |                                                      [01;31m[Kstd::nullptr_t[m[K
[01m[K/home/john/Desktop/rp_ros2_rviz/src/grid_map.cpp:[m[K In member function â€˜[01m[Kvoid GridMapNode::[01;32m[KloadImageCallback[m[K(std_msgs::msg::String_<std::allocator<void> >::SharedPtr)[m[Kâ€™:
[01m[K/home/john/Desktop/rp_ros2_rviz/src/grid_map.cpp:37:42:[m[K [01;31m[Kerror: [m[Kâ€˜[01m[KGridMap[m[Kâ€™ was not declared in this scope; did you mean â€˜[01m[Kgrid_map_[m[Kâ€™?
   37 |             grid_map_ = std::make_unique<[01;31m[KGridMap[m[K>(
      |                                          [01;31m[K^~~~~~~[m[K
      |                                          [32m[Kgrid_map_[m[K
[01m[K/home/john/Desktop/rp_ros2_rviz/src/grid_map.cpp:41:17:[m[K [01;31m[Kerror: [m[Kâ€˜[01m[KIsometry2f[m[Kâ€™ was not declared in this scope
   41 |                 [01;31m[KIsometry2f[m[K()
      |                 [01;31m[K^~~~~~~~~~[m[K
[01m[K/home/john/Desktop/rp_ros2_rviz/src/grid_map.cpp:[m[K In member function â€˜[01m[Kvoid GridMapNode::[01;32m[KupdateCanvas[m[K()[m[Kâ€™:
[01m[K/home/john/Desktop/rp_ros2_rviz/src/grid_map.cpp:54:57:[m[K [01;31m[Kerror: [m[Kbase operand of â€˜[01m[K->[m[Kâ€™ is not a pointer
   54 |         if (canvas_.empty() || canvas_.rows != grid_map_[01;31m[K->[m[Krows() || canvas_.cols != grid_map_->cols()) {
      |                                                         [01;31m[K^~[m[K
[01m[K/home/john/Desktop/rp_ros2_rviz/src/grid_map.cpp:54:94:[m[K [01;31m[Kerror: [m[Kbase operand of â€˜[01m[K->[m[Kâ€™ is not a pointer
   54 |         if (canvas_.empty() || canvas_.rows != grid_map_->rows() || canvas_.cols != grid_map_[01;31m[K->[m[Kcols()) {
      |                                                                                              [01;31m[K^~[m[K
[01m[K/home/john/Desktop/rp_ros2_rviz/src/grid_map.cpp:55:47:[m[K [01;31m[Kerror: [m[Kbase operand of â€˜[01m[K->[m[Kâ€™ is not a pointer
   55 |             canvas_ = cv::Mat::zeros(grid_map_[01;31m[K->[m[Krows(), grid_map_->cols(), CV_8UC1);
      |                                               [01;31m[K^~[m[K
[01m[K/home/john/Desktop/rp_ros2_rviz/src/grid_map.cpp:55:66:[m[K [01;31m[Kerror: [m[Kbase operand of â€˜[01m[K->[m[Kâ€™ is not a pointer
   55 |             canvas_ = cv::Mat::zeros(grid_map_->rows(), grid_map_[01;31m[K->[m[Kcols(), CV_8UC1);
      |                                                                  [01;31m[K^~[m[K
[01m[K/home/john/Desktop/rp_ros2_rviz/src/grid_map.cpp:59:18:[m[K [01;31m[Kerror: [m[Kbase operand of â€˜[01m[K->[m[Kâ€™ is not a pointer
   59 |         grid_map_[01;31m[K->[m[Kdraw(canvas_);
      |                  [01;31m[K^~[m[K
[ 66%] [32m[1mLinking CXX executable listener_node[0m
[ 66%] Built target listener_node
gmake[2]: *** [CMakeFiles/grid_map_node.dir/build.make:76: CMakeFiles/grid_map_node.dir/src/grid_map.cpp.o] Error 1
gmake[1]: *** [CMakeFiles/Makefile2:193: CMakeFiles/grid_map_node.dir/all] Error 2
gmake[1]: *** Waiting for unfinished jobs....
[ 83%] [32m[1mLinking CXX executable canvas_node[0m
[ 83%] Built target canvas_node
gmake: *** [Makefile:146: all] Error 2
