[01m[K/home/john/Desktop/rp_ros2_rviz/src/canvas.cpp:49:26:[m[K [01;31m[Kerror: [m[Kâ€˜[01m[Kstd_msgs[m[Kâ€™ was not declared in this scope
   49 |     rclcpp::Subscription<[01;31m[Kstd_msgs[m[K::msg::String>::SharedPtr subscription_;
      |                          [01;31m[K^~~~~~~~[m[K
[01m[K/home/john/Desktop/rp_ros2_rviz/src/canvas.cpp:49:47:[m[K [01;31m[Kerror: [m[Ktemplate argument 1 is invalid
   49 |     rclcpp::Subscription<std_msgs::msg::String[01;31m[K>[m[K::SharedPtr subscription_;
      |                                               [01;31m[K^[m[K
[01m[K/home/john/Desktop/rp_ros2_rviz/src/canvas.cpp:49:47:[m[K [01;31m[Kerror: [m[Ktemplate argument 3 is invalid
[01m[K/home/john/Desktop/rp_ros2_rviz/src/canvas.cpp:49:47:[m[K [01;31m[Kerror: [m[Ktemplate argument 4 is invalid
[01m[K/home/john/Desktop/rp_ros2_rviz/src/canvas.cpp:49:47:[m[K [01;31m[Kerror: [m[Ktemplate argument 5 is invalid
[01m[K/home/john/Desktop/rp_ros2_rviz/src/canvas.cpp:49:50:[m[K [01;31m[Kerror: [m[Kexpected â€˜[01m[K;[m[Kâ€™ at end of member declaration
   49 |     rclcpp::Subscription<std_msgs::msg::String>::[01;31m[KSharedPtr[m[K subscription_;
      |                                                  [01;31m[K^~~~~~~~~[m[K
      |                                                           [32m[K;[m[K
[01m[K/home/john/Desktop/rp_ros2_rviz/src/canvas.cpp:49:60:[m[K [01;31m[Kerror: [m[Kâ€˜[01m[Ksubscription_[m[Kâ€™ does not name a type; did you mean â€˜[01m[Krmw_subscription_t[m[Kâ€™?
   49 |     rclcpp::Subscription<std_msgs::msg::String>::SharedPtr [01;31m[Ksubscription_[m[K;
      |                                                            [01;31m[K^~~~~~~~~~~~~[m[K
      |                                                            [32m[Krmw_subscription_t[m[K
[01m[K/home/john/Desktop/rp_ros2_rviz/src/canvas.cpp:52:34:[m[K [01;31m[Kerror: [m[Kâ€˜[01m[Kstd_msgs[m[Kâ€™ does not name a type
   52 |     void map_path_callback(const [01;31m[Kstd_msgs[m[K::msg::String::SharedPtr msg) {
      |                                  [01;31m[K^~~~~~~~[m[K
[01m[K/home/john/Desktop/rp_ros2_rviz/src/canvas.cpp:52:47:[m[K [01;31m[Kerror: [m[Kexpected unqualified-id before â€˜[01m[K::[m[Kâ€™ token
   52 |     void map_path_callback(const std_msgs::msg[01;31m[K::[m[KString::SharedPtr msg) {
      |                                               [01;31m[K^~[m[K
[01m[K/home/john/Desktop/rp_ros2_rviz/src/canvas.cpp:52:47:[m[K [01;31m[Kerror: [m[Kexpected â€˜[01m[K)[m[Kâ€™ before â€˜[01m[K::[m[Kâ€™ token
   52 |     void map_path_callback[34m[K([m[Kconst std_msgs::msg[01;31m[K:[m[K[32m[K:[m[KString::SharedPtr msg) {
      |                           [34m[K~[m[K                   [01;31m[K^[m[K[32m[K~[m[K
      |                                               [32m[K)[m[K
[01m[K/home/john/Desktop/rp_ros2_rviz/src/canvas.cpp:52:44:[m[K [01;31m[Kerror: [m[Kexpected â€˜[01m[K;[m[Kâ€™ at end of member declaration
   52 |     void map_path_callback(const std_msgs::[01;31m[Kmsg[m[K::String::SharedPtr msg) {
      |                                            [01;31m[K^~~[m[K
      |                                               [32m[K;[m[K
[01m[K/home/john/Desktop/rp_ros2_rviz/src/canvas.cpp:52:49:[m[K [01;31m[Kerror: [m[Kâ€˜[01m[KString[m[Kâ€™ in namespace â€˜[01m[K::[m[Kâ€™ does not name a type
   52 |     void map_path_callback(const std_msgs::msg::[01;31m[KString[m[K::SharedPtr msg) {
      |                                                 [01;31m[K^~~~~~[m[K
[01m[K/home/john/Desktop/rp_ros2_rviz/src/canvas.cpp:[m[K In constructor â€˜[01m[KCanvas::[01;32m[KCanvas[m[K()[m[Kâ€™:
[01m[K/home/john/Desktop/rp_ros2_rviz/src/canvas.cpp:30:9:[m[K [01;31m[Kerror: [m[Kâ€˜[01m[Ksubscription_[m[Kâ€™ was not declared in this scope; did you mean â€˜[01m[Krmw_subscription_t[m[Kâ€™?
   30 |         [01;31m[Ksubscription_[m[K = this->create_subscription<std_msgs::msg::String>(
      |         [01;31m[K^~~~~~~~~~~~~[m[K
      |         [32m[Krmw_subscription_t[m[K
[01m[K/home/john/Desktop/rp_ros2_rviz/src/canvas.cpp:30:51:[m[K [01;31m[Kerror: [m[Kâ€˜[01m[Kstd_msgs[m[Kâ€™ was not declared in this scope
   30 |         subscription_ = this->create_subscription<[01;31m[Kstd_msgs[m[K::msg::String>(
      |                                                   [01;31m[K^~~~~~~~[m[K
[01m[K/home/john/Desktop/rp_ros2_rviz/src/canvas.cpp:30:31:[m[K [01;31m[Kerror: [m[Kparse error in template argument list
   30 |         subscription_ = this->[01;31m[Kcreate_subscription<std_msgs::msg::String>[m[K(
      |                               [01;31m[K^~~~~~~~~~~~~~~~~~~~~~~~~~~~~~~~~~~~~~~~~~[m[K
[01m[K/home/john/Desktop/rp_ros2_rviz/src/canvas.cpp:30:73:[m[K [01;31m[Kerror: [m[Kno matching function for call to â€˜[01m[KCanvas::create_subscription<<expression error> >(const char [9], int, std::_Bind_helper<false, void (Canvas::*)(...), Canvas*, const std::_Placeholder<1>&>::type)[m[Kâ€™
   30 |         subscription_ = [01;31m[Kthis->create_subscription<std_msgs::msg::String>([m[K
      |                         [01;31m[K~~~~~~~~~~~~~~~~~~~~~~~~~~~~~~~~~~~~~~~~~~~~~~~~^[m[K
   31 | [01;31m[K            "map_path", 10, std::bind(&Canvas::map_path_callback, this, std::placeholders::_1)[m[K
      |             [01;31m[K~~~~~~~~~~~~~~~~~~~~~~~~~~~~~~~~~~~~~~~~~~~~~~~~~~~~~~~~~~~~~~~~~~~~~~~~~~~~~~~~~~[m[K
   32 | [01;31m[K        )[m[K;
      |         [01;31m[K~[m[K                                                                
In file included from [01m[K/opt/ros/jazzy/include/rclcpp/rclcpp/executors/single_threaded_executor.hpp:28[m[K,
                 from [01m[K/opt/ros/jazzy/include/rclcpp/rclcpp/executors.hpp:22[m[K,
                 from [01m[K/opt/ros/jazzy/include/rclcpp/rclcpp/rclcpp.hpp:172[m[K,
                 from [01m[K/home/john/Desktop/rp_ros2_rviz/src/canvas.cpp:1[m[K:
[01m[K/opt/ros/jazzy/include/rclcpp/rclcpp/node.hpp:221:3:[m[K [01;36m[Knote: [m[Kcandidate: â€˜[01m[Ktemplate<class MessageT, class CallbackT, class AllocatorT, class SubscriptionT, class MessageMemoryStrategyT> std::shared_ptr<ROSMessageT> rclcpp::Node::[01;32m[Kcreate_subscription[m[K(const std::string&, const rclcpp::QoS&, CallbackT&&, const rclcpp::SubscriptionOptionsWithAllocator<AllocatorT>&, typename MessageMemoryStrategyT::SharedPtr)[m[Kâ€™
  221 |   [01;36m[Kcreate_subscription[m[K(
      |   [01;36m[K^~~~~~~~~~~~~~~~~~~[m[K
[01m[K/opt/ros/jazzy/include/rclcpp/rclcpp/node.hpp:221:3:[m[K [01;36m[Knote: [m[K  template argument deduction/substitution failed:
[01m[K/home/john/Desktop/rp_ros2_rviz/src/canvas.cpp:30:73:[m[K [01;31m[Kerror: [m[Ktemplate argument 1 is invalid
   30 |         subscription_ = [01;31m[Kthis->create_subscription<std_msgs::msg::String>([m[K
      |                         [01;31m[K~~~~~~~~~~~~~~~~~~~~~~~~~~~~~~~~~~~~~~~~~~~~~~~~^[m[K
   31 | [01;31m[K            "map_path", 10, std::bind(&Canvas::map_path_callback, this, std::placeholders::_1)[m[K
      |             [01;31m[K~~~~~~~~~~~~~~~~~~~~~~~~~~~~~~~~~~~~~~~~~~~~~~~~~~~~~~~~~~~~~~~~~~~~~~~~~~~~~~~~~~[m[K
   32 | [01;31m[K        )[m[K;
      |         [01;31m[K~[m[K                                                                
gmake[2]: *** [CMakeFiles/canvas_node.dir/build.make:76: CMakeFiles/canvas_node.dir/src/canvas.cpp.o] Error 1
gmake[1]: *** [CMakeFiles/Makefile2:165: CMakeFiles/canvas_node.dir/all] Error 2
gmake: *** [Makefile:146: all] Error 2
