[0.010s] Invoking command in '/home/john/Desktop/path_ros/rp_ros2_rviz/build/rp_ros2_rviz': CMAKE_PREFIX_PATH=${CMAKE_PREFIX_PATH}:/opt/ros/jazzy DEBUGINFOD_URLS=https://debuginfod.ubuntu.com /usr/bin/cmake --build /home/john/Desktop/path_ros/rp_ros2_rviz/build/rp_ros2_rviz -- -j4 -l4
[0.075s] [ 20%] [32mBuilding CXX object CMakeFiles/dmap_node.dir/src/robot.cpp.o[0m
[0.075s] [ 40%] [32mBuilding CXX object CMakeFiles/dmap_node.dir/src/dmap_node.cpp.o[0m
[1.285s] [01m[K/home/john/Desktop/path_ros/rp_ros2_rviz/src/robot.cpp:[m[K In member function â€˜[01m[Kvoid Robot::[01;32m[KfollowPath[m[K(const std::vector<Eigen::Matrix<float, 2, 1> >&)[m[Kâ€™:
[1.286s] [01m[K/home/john/Desktop/path_ros/rp_ros2_rviz/src/robot.cpp:20:15:[m[K [01;31m[Kerror: [m[Kâ€˜[01m[Kclass Robot[m[Kâ€™ has no member named â€˜[01m[Ktarget[m[Kâ€™
[1.286s]    20 |         this->[01;31m[Ktarget[m[K;
[1.286s]       |               [01;31m[K^~~~~~[m[K
[1.286s] [01m[K/home/john/Desktop/path_ros/rp_ros2_rviz/src/robot.cpp:21:14:[m[K [01;31m[Kerror: [m[Kâ€˜[01m[Kcout[m[Kâ€™ is not a member of â€˜[01m[Kstd[m[Kâ€™
[1.286s]    21 |         std::[01;31m[Kcout[m[K << "Robot posizione: (" << position.x << ", " << position.y << ")" << std::endl;
[1.286s]       |              [01;31m[K^~~~[m[K
[1.286s] [01m[K/home/john/Desktop/path_ros/rp_ros2_rviz/src/robot.cpp:3:1:[m[K [01;36m[Knote: [m[Kâ€˜[01m[Kstd::cout[m[Kâ€™ is defined in header â€˜[01m[K<iostream>[m[Kâ€™; did you forget to â€˜[01m[K#include <iostream>[m[Kâ€™?
[1.286s]     2 | #include "rp_ros2_rviz/robot.h"
[1.286s]   +++ |+[32m[K#include <iostream>[m[K
[1.286s]     3 | 
[1.286s] [01m[K/home/john/Desktop/path_ros/rp_ros2_rviz/src/robot.cpp:18:22:[m[K [01;35m[Kwarning: [m[Kunused variable â€˜[01m[Ktarget[m[Kâ€™ [[01;35m[K]8;;https://gcc.gnu.org/onlinedocs/gcc/Warning-Options.html#index-Wunused-variable-Wunused-variable]8;;[m[K]
[1.287s]    18 |     for (const auto& [01;35m[Ktarget[m[K : path) {
[1.287s]       |                      [01;35m[K^~~~~~[m[K
[1.387s] gmake[2]: *** [CMakeFiles/dmap_node.dir/build.make:118: CMakeFiles/dmap_node.dir/src/robot.cpp.o] Error 1
[1.387s] gmake[2]: *** Waiting for unfinished jobs....
[3.676s] [01m[K/home/john/Desktop/path_ros/rp_ros2_rviz/src/dmap_node.cpp:[m[K In static member function â€˜[01m[Kstatic void DmapNode::[01;32m[KonMouse[m[K(int, int, int, int, void*)[m[Kâ€™:
[3.676s] [01m[K/home/john/Desktop/path_ros/rp_ros2_rviz/src/dmap_node.cpp:130:40:[m[K [01;31m[Kerror: [m[Kcannot convert â€˜[01m[Kstd::__cxx11::list<Eigen::Matrix<float, 2, 1> >[m[Kâ€™ to â€˜[01m[Kconst std::vector<Eigen::Matrix<float, 2, 1> >&[m[Kâ€™
[3.676s]   130 |             my_robot->followPath([01;31m[Knode->path[m[K);
[3.676s]       |                                  [01;31m[K~~~~~~^~~~[m[K
[3.676s]       |                                        [01;31m[K|[m[K
[3.676s]       |                                        [01;31m[Kstd::__cxx11::list<Eigen::Matrix<float, 2, 1> >[m[K
[3.677s] In file included from [01m[K/home/john/Desktop/path_ros/rp_ros2_rviz/src/dmap_node.cpp:8[m[K:
[3.677s] [01m[K/home/john/Desktop/path_ros/rp_ros2_rviz/include/rp_ros2_rviz/robot.h:20:57:[m[K [01;36m[Knote: [m[K  initializing argument 1 of â€˜[01m[Kvoid Robot::[01;32m[KfollowPath[m[K(const std::vector<Eigen::Matrix<float, 2, 1> >&)[m[Kâ€™
[3.677s]    20 |     void followPath([01;36m[Kconst std::vector<Eigen::Vector2f>& path[m[K);
[3.677s]       |                     [01;36m[K~~~~~~~~~~~~~~~~~~~~~~~~~~~~~~~~~~~~^~~~[m[K
[3.679s] In file included from [01m[K/opt/ros/jazzy/include/rclcpp/rclcpp/logging.hpp:24[m[K,
[3.679s]                  from [01m[K/opt/ros/jazzy/include/rclcpp/rclcpp/copy_all_parameter_values.hpp:27[m[K,
[3.679s]                  from [01m[K/opt/ros/jazzy/include/rclcpp/rclcpp/rclcpp.hpp:171[m[K,
[3.679s]                  from [01m[K/home/john/Desktop/path_ros/rp_ros2_rviz/src/dmap_node.cpp:2[m[K:
[3.680s] [01m[K/home/john/Desktop/path_ros/rp_ros2_rviz/src/dmap_node.cpp:156:49:[m[K [01;35m[Kwarning: [m[Kformat â€˜[01m[K%d[m[Kâ€™ expects argument of type â€˜[01m[Kint[m[Kâ€™, but argument 7 has type â€˜[01m[Kdouble[m[Kâ€™ [[01;35m[K]8;;https://gcc.gnu.org/onlinedocs/gcc/Warning-Options.html#index-Wformat=-Wformat=]8;;[m[K]
[3.680s]   156 |                 RCLCPP_INFO(node->get_logger(), [01;35m[K"policy: (%d, %d) val: %d parent: (%d, %d)"[m[K, y, x, [32m[Kplanner->policy.at(y, x)[m[K, parent_pos[0], parent_pos[1]);
[3.680s]       |                                                 [01;35m[K^~~~~~~~~~~~~~~~~~~~~~~~~~~~~~~~~~~~~~~~~~~[m[K        [32m[K~~~~~~~~~~~~~~~~~~~~~~~~[m[K
[3.680s]       |                                                                                                                      [32m[K|[m[K
[3.680s]       |                                                                                                                      [32m[Kdouble[m[K
[3.680s] [01m[K/home/john/Desktop/path_ros/rp_ros2_rviz/src/dmap_node.cpp:156:73:[m[K [01;36m[Knote: [m[Kformat string is defined here
[3.680s]   156 |     RCLCPP_INFO(node->get_logger(), "policy: (%d, %d) val: [01;36m[K%d[m[K parent: (%d, %d)", y, x, planner->policy.at(y, x), parent_pos[0], parent_pos[1]);
[3.680s]       |                                                            [01;36m[K~^[m[K
[3.680s]       |                                                             [01;36m[K|[m[K
[3.680s]       |                                                             [01;36m[Kint[m[K
[3.681s]       |                                                            [32m[K%f[m[K
[3.681s] [01m[K/home/john/Desktop/path_ros/rp_ros2_rviz/src/dmap_node.cpp:116:58:[m[K [01;35m[Kwarning: [m[Kunused parameter â€˜[01m[Kval[m[Kâ€™ [[01;35m[K]8;;https://gcc.gnu.org/onlinedocs/gcc/Warning-Options.html#index-Wunused-parameter-Wunused-parameter]8;;[m[K]
[3.681s]   116 |         static void onMouse(int event, int x, int y, [01;35m[Kint val[m[K, void* arg) {
[3.681s]       |                                                      [01;35m[K~~~~^~~[m[K
[3.681s] [01m[K/home/john/Desktop/path_ros/rp_ros2_rviz/src/dmap_node.cpp:[m[K In static member function â€˜[01m[Kstatic void DmapNode::[01;32m[KonClick[m[K(int, int, int, int, void*)[m[Kâ€™:
[3.681s] [01m[K/home/john/Desktop/path_ros/rp_ros2_rviz/src/dmap_node.cpp:191:62:[m[K [01;35m[Kwarning: [m[Kunused parameter â€˜[01m[Kval[m[Kâ€™ [[01;35m[K]8;;https://gcc.gnu.org/onlinedocs/gcc/Warning-Options.html#index-Wunused-parameter-Wunused-parameter]8;;[m[K]
[3.682s]   191 |            static void onClick(int event, int x, int y, [01;35m[Kint val[m[K, void* arg) {
[3.682s]       |                                                         [01;35m[K~~~~^~~[m[K
[3.682s] 
[4.956s] gmake[2]: *** [CMakeFiles/dmap_node.dir/build.make:76: CMakeFiles/dmap_node.dir/src/dmap_node.cpp.o] Error 1
[4.956s] gmake[1]: *** [CMakeFiles/Makefile2:137: CMakeFiles/dmap_node.dir/all] Error 2
[4.956s] gmake: *** [Makefile:146: all] Error 2
[4.960s] Invoked command in '/home/john/Desktop/path_ros/rp_ros2_rviz/build/rp_ros2_rviz' returned '2': CMAKE_PREFIX_PATH=${CMAKE_PREFIX_PATH}:/opt/ros/jazzy DEBUGINFOD_URLS=https://debuginfod.ubuntu.com /usr/bin/cmake --build /home/john/Desktop/path_ros/rp_ros2_rviz/build/rp_ros2_rviz -- -j4 -l4
