[ 16%] Built target control_robot
[ 25%] [32mBuilding CXX object CMakeFiles/world_node.dir/src/world_node.cpp.o[0m
[01m[K/home/john/Desktop/rp_ros2_rviz/src/world_node.cpp:214:2:[m[K [01;31m[Kerror: [m[Kexpected â€˜[01m[K}[m[Kâ€™ at end of input
  214 | }
      |  [01;31m[K^[m[K
[01m[K/home/john/Desktop/rp_ros2_rviz/src/world_node.cpp:11:39:[m[K [01;36m[Knote: [m[Kto match this â€˜[01m[K{[m[Kâ€™
   11 | class WorldNode : public rclcpp::Node [01;36m[K{[m[K
      |                                       [01;36m[K^[m[K
[01m[K/home/john/Desktop/rp_ros2_rviz/src/world_node.cpp:[m[K In constructor â€˜[01m[KWorldNode::[01;32m[KWorldNode[m[K()[m[Kâ€™:
[01m[K/home/john/Desktop/rp_ros2_rviz/src/world_node.cpp:14:9:[m[K [01;31m[Kerror: [m[Kâ€˜[01m[Kworld_[m[Kâ€™ was not declared in this scope; did you mean â€˜[01m[KWorld[m[Kâ€™?
   14 |         [01;31m[Kworld_[m[K = std::make_shared<World>();
      |         [01;31m[K^~~~~~[m[K
      |         [32m[KWorld[m[K
[01m[K/home/john/Desktop/rp_ros2_rviz/src/world_node.cpp:27:13:[m[K [01;31m[Kerror: [m[Kâ€˜[01m[KprintObstacles[m[Kâ€™ was not declared in this scope; did you mean â€˜[01m[KdrawObstacles[m[Kâ€™?
   27 |             [01;31m[KprintObstacles[m[K(obstacles);
      |             [01;31m[K^~~~~~~~~~~~~~[m[K
      |             [32m[KdrawObstacles[m[K
[01m[K/home/john/Desktop/rp_ros2_rviz/src/world_node.cpp:33:13:[m[K [01;31m[Kerror: [m[Kâ€˜[01m[Kddr_[m[Kâ€™ was not declared in this scope
   33 |             [01;31m[Kddr_[m[K = std::make_shared<DifferentialDriveRobot>(grid_map);
      |             [01;31m[K^~~~[m[K
[01m[K/home/john/Desktop/rp_ros2_rviz/src/world_node.cpp:45:13:[m[K [01;31m[Kerror: [m[Kâ€˜[01m[Kgoal_pub_[m[Kâ€™ was not declared in this scope
   45 |             [01;31m[Kgoal_pub_[m[K = this->create_publisher<geometry_msgs::msg::Pose>("goal_pose", 10);
      |             [01;31m[K^~~~~~~~~[m[K
[01m[K/home/john/Desktop/rp_ros2_rviz/src/world_node.cpp:47:13:[m[K [01;31m[Kerror: [m[Kâ€˜[01m[Kcontrol_sub_[m[Kâ€™ was not declared in this scope
   47 |             [01;31m[Kcontrol_sub_[m[K = this->create_subscription<std_msgs::msg::String>(
      |             [01;31m[K^~~~~~~~~~~~[m[K
[01m[K/home/john/Desktop/rp_ros2_rviz/src/world_node.cpp:56:17:[m[K [01;35m[Kwarning: [m[Kunused variable â€˜[01m[Kkey[m[Kâ€™ [[01;35m[K]8;;https://gcc.gnu.org/onlinedocs/gcc/Warning-Options.html#index-Wunused-variable-Wunused-variable]8;;[m[K]
   56 |             int [01;35m[Kkey[m[K=0;
      |                 [01;35m[K^~~[m[K
[01m[K/home/john/Desktop/rp_ros2_rviz/src/world_node.cpp:[m[K In static member function â€˜[01m[Kstatic void WorldNode::[01;32m[KonMouse[m[K(int, int, int, int, void*)[m[Kâ€™:
[01m[K/home/john/Desktop/rp_ros2_rviz/src/world_node.cpp:82:54:[m[K [01;35m[Kwarning: [m[Kunused parameter â€˜[01m[Kval[m[Kâ€™ [[01;35m[K]8;;https://gcc.gnu.org/onlinedocs/gcc/Warning-Options.html#index-Wunused-parameter-Wunused-parameter]8;;[m[K]
   82 |     static void onMouse(int event, int x, int y, [01;35m[Kint val[m[K, void* arg) {
      |                                                  [01;35m[K~~~~^~~[m[K
[01m[K/home/john/Desktop/rp_ros2_rviz/src/world_node.cpp:[m[K In member function â€˜[01m[Kvoid WorldNode::[01;32m[KcontrolCallback[m[K(std_msgs::msg::String_<std::allocator<void> >::SharedPtr)[m[Kâ€™:
[01m[K/home/john/Desktop/rp_ros2_rviz/src/world_node.cpp:115:5:[m[K [01;31m[Kerror: [m[Kâ€˜[01m[Kcommand_sequence[m[Kâ€™ was not declared in this scope
  115 |     [01;31m[Kcommand_sequence[m[K = msg->data;
      |     [01;31m[K^~~~~~~~~~~~~~~~[m[K
[01m[K/home/john/Desktop/rp_ros2_rviz/src/world_node.cpp:116:5:[m[K [01;31m[Kerror: [m[Kâ€˜[01m[Kcommand_queue[m[Kâ€™ was not declared in this scope
  116 |     [01;31m[Kcommand_queue[m[K = std::queue<char>(std::deque<char>(command_sequence.begin(), command_sequence.end()));
      |     [01;31m[K^~~~~~~~~~~~~[m[K
[01m[K/home/john/Desktop/rp_ros2_rviz/src/world_node.cpp:[m[K In member function â€˜[01m[Kvoid WorldNode::[01;32m[KexecuteNextCommand[m[K()[m[Kâ€™:
[01m[K/home/john/Desktop/rp_ros2_rviz/src/world_node.cpp:122:10:[m[K [01;31m[Kerror: [m[Kâ€˜[01m[Kcommand_queue[m[Kâ€™ was not declared in this scope
  122 |     if (![01;31m[Kcommand_queue[m[K.empty()) {
      |          [01;31m[K^~~~~~~~~~~~~[m[K
[01m[K/home/john/Desktop/rp_ros2_rviz/src/world_node.cpp:143:9:[m[K [01;31m[Kerror: [m[Kâ€˜[01m[Kddr_[m[Kâ€™ was not declared in this scope
  143 |         [01;31m[Kddr_[m[K->trans_vel = tv;
      |         [01;31m[K^~~~[m[K
[01m[K/home/john/Desktop/rp_ros2_rviz/src/world_node.cpp:[m[K In member function â€˜[01m[Kvoid WorldNode::[01;32m[KdrawObstacles[m[K(Canvas&, const Vector2iVector&)[m[Kâ€™:
[01m[K/home/john/Desktop/rp_ros2_rviz/src/world_node.cpp:160:54:[m[K [01;31m[Kerror: [m[Ka function-definition is not allowed here before â€˜[01m[K{[m[Kâ€™ token
  160 | void printObstacles(const Vector2iVector& obstacles) [01;31m[K{[m[K
      |                                                      [01;31m[K^[m[K
[01m[K/home/john/Desktop/rp_ros2_rviz/src/world_node.cpp:[m[K At global scope:
[01m[K/home/john/Desktop/rp_ros2_rviz/src/world_node.cpp:214:2:[m[K [01;31m[Kerror: [m[Kexpected unqualified-id at end of input
  214 | }
      |  [01;31m[K^[m[K
gmake[2]: *** [CMakeFiles/world_node.dir/build.make:76: CMakeFiles/world_node.dir/src/world_node.cpp.o] Error 1
gmake[1]: *** [CMakeFiles/Makefile2:165: CMakeFiles/world_node.dir/all] Error 2
gmake: *** [Makefile:146: all] Error 2
