[01m[K/home/john/Desktop/rp_ros2_rviz/src/world_node.cpp:[m[K In function â€˜[01m[Kint[01;32m[K main[m[K(int, char**)[m[Kâ€™:
[01m[K/home/john/Desktop/rp_ros2_rviz/src/world_node.cpp:340:13:[m[K [01;31m[Kerror: [m[Kâ€˜[01m[Kkey[m[Kâ€™ was not declared in this scope; did you mean â€˜[01m[Kkey_t[m[Kâ€™?
  340 |         if ([01;31m[Kkey[m[K != -1) {
      |             [01;31m[K^~~[m[K
      |             [32m[Kkey_t[m[K
gmake[2]: *** [CMakeFiles/world_node.dir/build.make:76: CMakeFiles/world_node.dir/src/world_node.cpp.o] Error 1
gmake[1]: *** [CMakeFiles/Makefile2:139: CMakeFiles/world_node.dir/all] Error 2
gmake: *** [Makefile:146: all] Error 2
