[0.048s] Invoking command in '/home/john/Desktop/rp_ros2_rviz/build/rp_ros2_rviz': CMAKE_PREFIX_PATH=${CMAKE_PREFIX_PATH}:/opt/ros/jazzy DEBUGINFOD_URLS=https://debuginfod.ubuntu.com /usr/bin/cmake --build /home/john/Desktop/rp_ros2_rviz/build/rp_ros2_rviz -- -j4 -l4
[0.332s] [ 22%] Built target listener_node
[0.416s] [ 33%] [32mBuilding CXX object CMakeFiles/world_node.dir/src/differential_drive_robot.cpp.o[0m
[0.416s] [ 44%] [32mBuilding CXX object CMakeFiles/world_node.dir/src/world_node.cpp.o[0m
[4.937s] [01m[K/home/john/Desktop/rp_ros2_rviz/src/world_node.cpp:[m[K In member function â€˜[01m[Kvoid WorldNode::[01;32m[KloadGridMapCallback[m[K(std_msgs::msg::String_<std::allocator<void> >::SharedPtr)[m[Kâ€™:
[4.937s] [01m[K/home/john/Desktop/rp_ros2_rviz/src/world_node.cpp:31:49:[m[K [01;31m[Kerror: [m[Kno matching function for call to â€˜[01m[KDifferentialDriveRobot::DifferentialDriveRobot(GridMap**)[m[Kâ€™
[4.937s]    31 |             DifferentialDriveRobot ddr(&grid_map[01;31m[K)[m[K;
[4.937s]       |                                                 [01;31m[K^[m[K
[4.938s] In file included from [01m[K/home/john/Desktop/rp_ros2_rviz/src/world_node.cpp:6[m[K:
[4.938s] [01m[K/home/john/Desktop/rp_ros2_rviz/include/rp_ros2_rviz/differential_drive_robot.h:7:3:[m[K [01;36m[Knote: [m[Kcandidate: â€˜[01m[KDifferentialDriveRobot::[01;32m[KDifferentialDriveRobot[m[K(WorldItem*)[m[Kâ€™
[4.938s]     7 |   [01;36m[KDifferentialDriveRobot[m[K(WorldItem* p=0): WorldItem(p) {}
[4.938s]       |   [01;36m[K^~~~~~~~~~~~~~~~~~~~~~[m[K
[4.938s] [01m[K/home/john/Desktop/rp_ros2_rviz/include/rp_ros2_rviz/differential_drive_robot.h:7:37:[m[K [01;36m[Knote: [m[K  no known conversion for argument 1 from â€˜[01m[KGridMap**[m[Kâ€™ to â€˜[01m[KWorldItem*[m[Kâ€™
[4.938s]     7 |   DifferentialDriveRobot([01;36m[KWorldItem* p=0[m[K): WorldItem(p) {}
[4.938s]       |                          [01;36m[K~~~~~~~~~~~^~~[m[K
[4.938s] [01m[K/home/john/Desktop/rp_ros2_rviz/include/rp_ros2_rviz/differential_drive_robot.h:4:8:[m[K [01;36m[Knote: [m[Kcandidate: â€˜[01m[Kconstexpr DifferentialDriveRobot::[01;32m[KDifferentialDriveRobot[m[K(const DifferentialDriveRobot&)[m[Kâ€™
[4.962s]     4 | struct [01;36m[KDifferentialDriveRobot[m[K: public WorldItem {
[4.963s]       |        [01;36m[K^~~~~~~~~~~~~~~~~~~~~~[m[K
[4.963s] [01m[K/home/john/Desktop/rp_ros2_rviz/include/rp_ros2_rviz/differential_drive_robot.h:4:8:[m[K [01;36m[Knote: [m[K  no known conversion for argument 1 from â€˜[01m[KGridMap**[m[Kâ€™ to â€˜[01m[Kconst DifferentialDriveRobot&[m[Kâ€™
[4.963s] [01m[K/home/john/Desktop/rp_ros2_rviz/include/rp_ros2_rviz/differential_drive_robot.h:4:8:[m[K [01;36m[Knote: [m[Kcandidate: â€˜[01m[Kconstexpr DifferentialDriveRobot::[01;32m[KDifferentialDriveRobot[m[K(DifferentialDriveRobot&&)[m[Kâ€™
[4.963s] [01m[K/home/john/Desktop/rp_ros2_rviz/include/rp_ros2_rviz/differential_drive_robot.h:4:8:[m[K [01;36m[Knote: [m[K  no known conversion for argument 1 from â€˜[01m[KGridMap**[m[Kâ€™ to â€˜[01m[KDifferentialDriveRobot&&[m[Kâ€™
[4.965s] [01m[K/home/john/Desktop/rp_ros2_rviz/src/world_node.cpp:43:45:[m[K [01;31m[Kerror: [m[Kâ€˜[01m[Ko[m[Kâ€™ was not declared in this scope
[4.965s]    43 |                 int key = cv::waitKey(10);  [01;31m[Ko[m[K
[4.965s]       |                                             [01;31m[K^[m[K
[4.965s] [01m[K/home/john/Desktop/rp_ros2_rviz/src/world_node.cpp:43:21:[m[K [01;35m[Kwarning: [m[Kunused variable â€˜[01m[Kkey[m[Kâ€™ [[01;35m[K]8;;https://gcc.gnu.org/onlinedocs/gcc/Warning-Options.html#index-Wunused-variable-Wunused-variable]8;;[m[K]
[4.965s]    43 |                 int [01;35m[Kkey[m[K = cv::waitKey(10);  o
[4.966s]       |                     [01;35m[K^~~[m[K
[6.909s] gmake[2]: *** [CMakeFiles/world_node.dir/build.make:76: CMakeFiles/world_node.dir/src/world_node.cpp.o] Error 1
[6.910s] gmake[1]: *** [CMakeFiles/Makefile2:165: CMakeFiles/world_node.dir/all] Error 2
[6.911s] gmake: *** [Makefile:146: all] Error 2
[6.928s] Invoked command in '/home/john/Desktop/rp_ros2_rviz/build/rp_ros2_rviz' returned '2': CMAKE_PREFIX_PATH=${CMAKE_PREFIX_PATH}:/opt/ros/jazzy DEBUGINFOD_URLS=https://debuginfod.ubuntu.com /usr/bin/cmake --build /home/john/Desktop/rp_ros2_rviz/build/rp_ros2_rviz -- -j4 -l4
