[0.009s] Invoking command in '/home/john/Desktop/rp_ros2_rviz/build/rp_ros2_rviz': CMAKE_PREFIX_PATH=${CMAKE_PREFIX_PATH}:/opt/ros/jazzy DEBUGINFOD_URLS=https://debuginfod.ubuntu.com /usr/bin/cmake --build /home/john/Desktop/rp_ros2_rviz/build/rp_ros2_rviz -- -j4 -l4
[0.079s] [ 33%] Built target dmap_node
[0.079s] [ 66%] Built target world_node
[0.099s] [ 73%] [32mBuilding CXX object CMakeFiles/pathplanner_node.dir/src/pathplanner_node.cpp.o[0m
[3.708s] [01m[K/home/john/Desktop/rp_ros2_rviz/src/pathplanner_node.cpp:[m[K In constructor â€˜[01m[KPathPlanner::[01;32m[KPathPlanner[m[K()[m[Kâ€™:
[3.708s] [01m[K/home/john/Desktop/rp_ros2_rviz/src/pathplanner_node.cpp:16:40:[m[K [01;31m[Kerror: [m[Kno matching function for call to â€˜[01m[KDMap::DMap()[m[Kâ€™
[3.708s]    16 |     PathPlanner() : Node("path_planner"[01;31m[K)[m[K
[3.709s]       |                                        [01;31m[K^[m[K
[3.709s] In file included from [01m[K/home/john/Desktop/rp_ros2_rviz/include/rp_ros2_rviz/dmap_planner.h:4[m[K,
[3.709s]                  from [01m[K/home/john/Desktop/rp_ros2_rviz/src/pathplanner_node.cpp:8[m[K:
[3.709s] [01m[K/home/john/Desktop/rp_ros2_rviz/include/rp_ros2_rviz/dmap.h:20:3:[m[K [01;36m[Knote: [m[Kcandidate: â€˜[01m[KDMap::[01;32m[KDMap[m[K(int, int)[m[Kâ€™
[3.709s]    20 |   [01;36m[KDMap[m[K(int r, int c) : DMapGrid(r, c){}
[3.709s]       |   [01;36m[K^~~~[m[K
[3.709s] [01m[K/home/john/Desktop/rp_ros2_rviz/include/rp_ros2_rviz/dmap.h:20:3:[m[K [01;36m[Knote: [m[K  candidate expects 2 arguments, 0 provided
[3.709s] [01m[K/home/john/Desktop/rp_ros2_rviz/include/rp_ros2_rviz/dmap.h:19:8:[m[K [01;36m[Knote: [m[Kcandidate: â€˜[01m[KDMap::[01;32m[KDMap[m[K(const DMap&)[m[Kâ€™
[3.709s]    19 | struct [01;36m[KDMap[m[K: public DMapGrid {
[3.709s]       |        [01;36m[K^~~~[m[K
[3.709s] [01m[K/home/john/Desktop/rp_ros2_rviz/include/rp_ros2_rviz/dmap.h:19:8:[m[K [01;36m[Knote: [m[K  candidate expects 1 argument, 0 provided
[3.709s] [01m[K/home/john/Desktop/rp_ros2_rviz/include/rp_ros2_rviz/dmap.h:19:8:[m[K [01;36m[Knote: [m[Kcandidate: â€˜[01m[KDMap::[01;32m[KDMap[m[K(DMap&&)[m[Kâ€™
[3.709s] [01m[K/home/john/Desktop/rp_ros2_rviz/include/rp_ros2_rviz/dmap.h:19:8:[m[K [01;36m[Knote: [m[K  candidate expects 1 argument, 0 provided
[7.110s] gmake[2]: *** [CMakeFiles/pathplanner_node.dir/build.make:76: CMakeFiles/pathplanner_node.dir/src/pathplanner_node.cpp.o] Error 1
[7.111s] gmake[1]: *** [CMakeFiles/Makefile2:193: CMakeFiles/pathplanner_node.dir/all] Error 2
[7.111s] gmake: *** [Makefile:146: all] Error 2
[7.117s] Invoked command in '/home/john/Desktop/rp_ros2_rviz/build/rp_ros2_rviz' returned '2': CMAKE_PREFIX_PATH=${CMAKE_PREFIX_PATH}:/opt/ros/jazzy DEBUGINFOD_URLS=https://debuginfod.ubuntu.com /usr/bin/cmake --build /home/john/Desktop/rp_ros2_rviz/build/rp_ros2_rviz -- -j4 -l4
