[0.025s] Invoking command in '/home/john/Desktop/rp_ros2_rviz/build/rp_ros2_rviz': CMAKE_PREFIX_PATH=${CMAKE_PREFIX_PATH}:/opt/ros/jazzy DEBUGINFOD_URLS=https://debuginfod.ubuntu.com /usr/bin/cmake --build /home/john/Desktop/rp_ros2_rviz/build/rp_ros2_rviz -- -j4 -l4
[0.104s] [ 33%] Built target dmap_node
[0.104s] [ 40%] [32mBuilding CXX object CMakeFiles/world_node.dir/src/world_node.cpp.o[0m
[0.128s] [ 73%] Built target pathplanner_node
[4.300s] [01m[K/home/john/Desktop/rp_ros2_rviz/src/world_node.cpp:[m[K In member function â€˜[01m[Kvoid WorldNode::[01;32m[KfollowPath[m[K(geometry_msgs::msg::PoseArray_<std::allocator<void> >::SharedPtr)[m[Kâ€™:
[4.300s] [01m[K/home/john/Desktop/rp_ros2_rviz/src/world_node.cpp:93:39:[m[K [01;31m[Kerror: [m[Kno match for â€˜[01m[Koperator=[m[Kâ€™ (operand types are â€˜[01m[KEigen::Vector2f[m[Kâ€™ {aka â€˜[01m[KEigen::Matrix<float, 2, 1>[m[Kâ€™} and â€˜[01m[Kconst geometry_msgs::msg::Pose_<std::allocator<void> >::_position_type[m[Kâ€™ {aka â€˜[01m[Kconst geometry_msgs::msg::Point_<std::allocator<void> >[m[Kâ€™})
[4.300s]    93 |             my_robot->position = pose.[01;31m[Kposition[m[K;
[4.300s]       |                                       [01;31m[K^~~~~~~~[m[K
[4.300s] In file included from [01m[K/usr/include/eigen3/Eigen/Core:295[m[K,
[4.300s]                  from [01m[K/home/john/Desktop/rp_ros2_rviz/include/rp_ros2_rviz/dmap_planner.h:2[m[K,
[4.300s]                  from [01m[K/home/john/Desktop/rp_ros2_rviz/src/world_node.cpp:6[m[K:
[4.300s] [01m[K/usr/include/eigen3/Eigen/src/Core/Matrix.h:223:33:[m[K [01;36m[Knote: [m[Kcandidate: â€˜[01m[Ktemplate<class OtherDerived> Eigen::Matrix<_Scalar, _Rows, _Cols, _Options, _MaxRows, _MaxCols>& Eigen::Matrix<_Scalar, _Rows, _Cols, _Options, _MaxRows, _MaxCols>::[01;32m[Koperator=[m[K(const Eigen::DenseBase<OtherDerived>&) [35m[K[with _Scalar = float; int _Rows = 2; int _Cols = 1; int _Options = 0; int _MaxRows = 2; int _MaxCols = 1][m[K[m[Kâ€™
[4.300s]   223 |     EIGEN_STRONG_INLINE Matrix& [01;36m[Koperator[m[K=(const DenseBase<OtherDerived>& other)
[4.300s]       |                                 [01;36m[K^~~~~~~~[m[K
[4.300s] [01m[K/usr/include/eigen3/Eigen/src/Core/Matrix.h:223:33:[m[K [01;36m[Knote: [m[K  template argument deduction/substitution failed:
[4.300s] [01m[K/home/john/Desktop/rp_ros2_rviz/src/world_node.cpp:93:39:[m[K [01;36m[Knote: [m[K  â€˜[01m[Kconst geometry_msgs::msg::Pose_<std::allocator<void> >::_position_type[m[Kâ€™ {aka â€˜[01m[Kconst geometry_msgs::msg::Point_<std::allocator<void> >[m[Kâ€™} is not derived from â€˜[01m[Kconst Eigen::DenseBase<Derived>[m[Kâ€™
[4.300s]    93 |             my_robot->position = pose.[01;36m[Kposition[m[K;
[4.300s]       |                                       [01;36m[K^~~~~~~~[m[K
[4.300s] [01m[K/usr/include/eigen3/Eigen/src/Core/Matrix.h:236:33:[m[K [01;36m[Knote: [m[Kcandidate: â€˜[01m[Ktemplate<class OtherDerived> Eigen::Matrix<_Scalar, _Rows, _Cols, _Options, _MaxRows, _MaxCols>& Eigen::Matrix<_Scalar, _Rows, _Cols, _Options, _MaxRows, _MaxCols>::[01;32m[Koperator=[m[K(const Eigen::EigenBase<OtherDerived>&) [35m[K[with _Scalar = float; int _Rows = 2; int _Cols = 1; int _Options = 0; int _MaxRows = 2; int _MaxCols = 1][m[K[m[Kâ€™
[4.300s]   236 |     EIGEN_STRONG_INLINE Matrix& [01;36m[Koperator[m[K=(const EigenBase<OtherDerived> &other)
[4.301s]       |                                 [01;36m[K^~~~~~~~[m[K
[4.301s] [01m[K/usr/include/eigen3/Eigen/src/Core/Matrix.h:236:33:[m[K [01;36m[Knote: [m[K  template argument deduction/substitution failed:
[4.301s] [01m[K/home/john/Desktop/rp_ros2_rviz/src/world_node.cpp:93:39:[m[K [01;36m[Knote: [m[K  â€˜[01m[Kconst geometry_msgs::msg::Pose_<std::allocator<void> >::_position_type[m[Kâ€™ {aka â€˜[01m[Kconst geometry_msgs::msg::Point_<std::allocator<void> >[m[Kâ€™} is not derived from â€˜[01m[Kconst Eigen::EigenBase<Derived>[m[Kâ€™
[4.301s]    93 |             my_robot->position = pose.[01;36m[Kposition[m[K;
[4.301s]       |                                       [01;36m[K^~~~~~~~[m[K
[4.301s] [01m[K/usr/include/eigen3/Eigen/src/Core/Matrix.h:243:33:[m[K [01;36m[Knote: [m[Kcandidate: â€˜[01m[Ktemplate<class OtherDerived> Eigen::Matrix<_Scalar, _Rows, _Cols, _Options, _MaxRows, _MaxCols>& Eigen::Matrix<_Scalar, _Rows, _Cols, _Options, _MaxRows, _MaxCols>::[01;32m[Koperator=[m[K(const Eigen::ReturnByValue<OtherDerived>&) [35m[K[with _Scalar = float; int _Rows = 2; int _Cols = 1; int _Options = 0; int _MaxRows = 2; int _MaxCols = 1][m[K[m[Kâ€™
[4.301s]   243 |     EIGEN_STRONG_INLINE Matrix& [01;36m[Koperator[m[K=(const ReturnByValue<OtherDerived>& func)
[4.301s]       |                                 [01;36m[K^~~~~~~~[m[K
[4.301s] [01m[K/usr/include/eigen3/Eigen/src/Core/Matrix.h:243:33:[m[K [01;36m[Knote: [m[K  template argument deduction/substitution failed:
[4.301s] [01m[K/home/john/Desktop/rp_ros2_rviz/src/world_node.cpp:93:39:[m[K [01;36m[Knote: [m[K  â€˜[01m[Kconst geometry_msgs::msg::Pose_<std::allocator<void> >::_position_type[m[Kâ€™ {aka â€˜[01m[Kconst geometry_msgs::msg::Point_<std::allocator<void> >[m[Kâ€™} is not derived from â€˜[01m[Kconst Eigen::ReturnByValue<Derived>[m[Kâ€™
[4.301s]    93 |             my_robot->position = pose.[01;36m[Kposition[m[K;
[4.301s]       |                                       [01;36m[K^~~~~~~~[m[K
[4.301s] [01m[K/usr/include/eigen3/Eigen/src/Core/Matrix.h:438:13:[m[K [01;36m[Knote: [m[Kcandidate: â€˜[01m[Ktemplate<class OtherDerived> Eigen::Matrix<_Scalar, _Rows, _Cols, _Options, _MaxRows, _MaxCols>& Eigen::Matrix<_Scalar, _Rows, _Cols, _Options, _MaxRows, _MaxCols>::[01;32m[Koperator=[m[K(const Eigen::RotationBase<OtherDerived, Eigen::Matrix<_Scalar, _Rows, _Cols, _Options, _MaxRows, _MaxCols>::ColsAtCompileTime>&) [35m[K[with _Scalar = float; int _Rows = 2; int _Cols = 1; int _Options = 0; int _MaxRows = 2; int _MaxCols = 1][m[K[m[Kâ€™
[4.301s]   438 |     Matrix& [01;36m[Koperator[m[K=(const RotationBase<OtherDerived,ColsAtCompileTime>& r);
[4.301s]       |             [01;36m[K^~~~~~~~[m[K
[4.301s] [01m[K/usr/include/eigen3/Eigen/src/Core/Matrix.h:438:13:[m[K [01;36m[Knote: [m[K  template argument deduction/substitution failed:
[4.301s] [01m[K/home/john/Desktop/rp_ros2_rviz/src/world_node.cpp:93:39:[m[K [01;36m[Knote: [m[K  â€˜[01m[Kconst geometry_msgs::msg::Pose_<std::allocator<void> >::_position_type[m[Kâ€™ {aka â€˜[01m[Kconst geometry_msgs::msg::Point_<std::allocator<void> >[m[Kâ€™} is not derived from â€˜[01m[Kconst Eigen::RotationBase<OtherDerived, 1>[m[Kâ€™
[4.301s]    93 |             my_robot->position = pose.[01;36m[Kposition[m[K;
[4.301s]       |                                       [01;36m[K^~~~~~~~[m[K
[4.301s] [01m[K/usr/include/eigen3/Eigen/src/Core/Matrix.h:206:33:[m[K [01;36m[Knote: [m[Kcandidate: â€˜[01m[KEigen::Matrix<_Scalar, _Rows, _Cols, _Options, _MaxRows, _MaxCols>& Eigen::Matrix<_Scalar, _Rows, _Cols, _Options, _MaxRows, _MaxCols>::[01;32m[Koperator=[m[K(const Eigen::Matrix<_Scalar, _Rows, _Cols, _Options, _MaxRows, _MaxCols>&) [35m[K[with _Scalar = float; int _Rows = 2; int _Cols = 1; int _Options = 0; int _MaxRows = 2; int _MaxCols = 1][m[K[m[Kâ€™
[4.301s]   206 |     EIGEN_STRONG_INLINE Matrix& [01;36m[Koperator[m[K=(const Matrix& other)
[4.301s]       |                                 [01;36m[K^~~~~~~~[m[K
[4.301s] [01m[K/usr/include/eigen3/Eigen/src/Core/Matrix.h:206:57:[m[K [01;36m[Knote: [m[K  no known conversion for argument 1 from â€˜[01m[Kconst geometry_msgs::msg::Pose_<std::allocator<void> >::_position_type[m[Kâ€™ {aka â€˜[01m[Kconst geometry_msgs::msg::Point_<std::allocator<void> >[m[Kâ€™} to â€˜[01m[Kconst Eigen::Matrix<float, 2, 1>&[m[Kâ€™
[4.301s]   206 |     EIGEN_STRONG_INLINE Matrix& operator=([01;36m[Kconst Matrix& other[m[K)
[4.301s]       |                                           [01;36m[K~~~~~~~~~~~~~~^~~~~[m[K
[4.301s] [01m[K/usr/include/eigen3/Eigen/src/Core/Matrix.h:279:13:[m[K [01;36m[Knote: [m[Kcandidate: â€˜[01m[KEigen::Matrix<_Scalar, _Rows, _Cols, _Options, _MaxRows, _MaxCols>& Eigen::Matrix<_Scalar, _Rows, _Cols, _Options, _MaxRows, _MaxCols>::[01;32m[Koperator=[m[K(Eigen::Matrix<_Scalar, _Rows, _Cols, _Options, _MaxRows, _MaxCols>&&) [35m[K[with _Scalar = float; int _Rows = 2; int _Cols = 1; int _Options = 0; int _MaxRows = 2; int _MaxCols = 1][m[K[m[Kâ€™
[4.301s]   279 |     Matrix& [01;36m[Koperator[m[K=(Matrix&& other) EIGEN_NOEXCEPT_IF(std::is_nothrow_move_assignable<Scalar>::value)
[4.301s]       |             [01;36m[K^~~~~~~~[m[K
[4.302s] [01m[K/usr/include/eigen3/Eigen/src/Core/Matrix.h:279:32:[m[K [01;36m[Knote: [m[K  no known conversion for argument 1 from â€˜[01m[Kconst geometry_msgs::msg::Pose_<std::allocator<void> >::_position_type[m[Kâ€™ {aka â€˜[01m[Kconst geometry_msgs::msg::Point_<std::allocator<void> >[m[Kâ€™} to â€˜[01m[KEigen::Matrix<float, 2, 1>&&[m[Kâ€™
[4.302s]   279 |     Matrix& operator=([01;36m[KMatrix&& other[m[K) EIGEN_NOEXCEPT_IF(std::is_nothrow_move_assignable<Scalar>::value)
[4.302s]       |                       [01;36m[K~~~~~~~~~^~~~~[m[K
[4.323s] [01m[K/home/john/Desktop/rp_ros2_rviz/src/world_node.cpp:[m[K In member function â€˜[01m[Kvoid WorldNode::[01;32m[Kredisplay[m[K()[m[Kâ€™:
[4.324s] [01m[K/home/john/Desktop/rp_ros2_rviz/src/world_node.cpp:112:47:[m[K [01;31m[Kerror: [m[Kâ€˜[01m[Krobot_grid[m[Kâ€™ was not declared in this scope
[4.324s]   112 |             cv::circle(shown_image, cv::Point([01;31m[Krobot_grid[m[K.x(), robot_grid.y()), 5, cv::Scalar(0, 0, 255), -1); //1300,90
[4.324s]       |                                               [01;31m[K^~~~~~~~~~[m[K
[7.571s] gmake[2]: *** [CMakeFiles/world_node.dir/build.make:76: CMakeFiles/world_node.dir/src/world_node.cpp.o] Error 1
[7.572s] gmake[1]: *** [CMakeFiles/Makefile2:167: CMakeFiles/world_node.dir/all] Error 2
[7.572s] gmake: *** [Makefile:146: all] Error 2
[7.577s] Invoked command in '/home/john/Desktop/rp_ros2_rviz/build/rp_ros2_rviz' returned '2': CMAKE_PREFIX_PATH=${CMAKE_PREFIX_PATH}:/opt/ros/jazzy DEBUGINFOD_URLS=https://debuginfod.ubuntu.com /usr/bin/cmake --build /home/john/Desktop/rp_ros2_rviz/build/rp_ros2_rviz -- -j4 -l4
