[ 28%] Built target listener_node
[ 42%] [32mBuilding CXX object CMakeFiles/world_node.dir/src/world_node.cpp.o[0m
[ 71%] Built target canvas_node
[01m[K/home/john/Desktop/rp_ros2_rviz/src/world_node.cpp:30:32:[m[K [01;31m[Kerror: [m[Kâ€˜[01m[Kcanvas_node_msgs[m[Kâ€™ does not name a type
   30 |     void gridMapCallback(const [01;31m[Kcanvas_node_msgs[m[K::msg::GridMap::SharedPtr msg) {
      |                                [01;31m[K^~~~~~~~~~~~~~~~[m[K
[01m[K/home/john/Desktop/rp_ros2_rviz/src/world_node.cpp:30:53:[m[K [01;31m[Kerror: [m[Kexpected unqualified-id before â€˜[01m[K::[m[Kâ€™ token
   30 |     void gridMapCallback(const canvas_node_msgs::msg[01;31m[K::[m[KGridMap::SharedPtr msg) {
      |                                                     [01;31m[K^~[m[K
[01m[K/home/john/Desktop/rp_ros2_rviz/src/world_node.cpp:30:53:[m[K [01;31m[Kerror: [m[Kexpected â€˜[01m[K)[m[Kâ€™ before â€˜[01m[K::[m[Kâ€™ token
   30 |     void gridMapCallback[34m[K([m[Kconst canvas_node_msgs::msg[01;31m[K:[m[K[32m[K:[m[KGridMap::SharedPtr msg) {
      |                         [34m[K~[m[K                           [01;31m[K^[m[K[32m[K~[m[K
      |                                                     [32m[K)[m[K
[01m[K/home/john/Desktop/rp_ros2_rviz/src/world_node.cpp:30:50:[m[K [01;31m[Kerror: [m[Kexpected â€˜[01m[K;[m[Kâ€™ at end of member declaration
   30 |     void gridMapCallback(const canvas_node_msgs::[01;31m[Kmsg[m[K::GridMap::SharedPtr msg) {
      |                                                  [01;31m[K^~~[m[K
      |                                                     [32m[K;[m[K
[01m[K/home/john/Desktop/rp_ros2_rviz/src/world_node.cpp:30:55:[m[K [01;31m[Kerror: [m[Kâ€˜[01m[KGridMap[m[Kâ€™ in namespace â€˜[01m[K::[m[Kâ€™ does not name a type
   30 |     void gridMapCallback(const canvas_node_msgs::msg::[01;31m[KGridMap[m[K::SharedPtr msg) {
      |                                                       [01;31m[K^~~~~~~[m[K
[01m[K/home/john/Desktop/rp_ros2_rviz/src/world_node.cpp:50:26:[m[K [01;31m[Kerror: [m[Kâ€˜[01m[Kcanvas_node_msgs[m[Kâ€™ was not declared in this scope
   50 |     rclcpp::Subscription<[01;31m[Kcanvas_node_msgs[m[K::msg::GridMap>::SharedPtr grid_map_subscriber_;
      |                          [01;31m[K^~~~~~~~~~~~~~~~[m[K
[01m[K/home/john/Desktop/rp_ros2_rviz/src/world_node.cpp:50:56:[m[K [01;31m[Kerror: [m[Ktemplate argument 1 is invalid
   50 |     rclcpp::Subscription<canvas_node_msgs::msg::GridMap[01;31m[K>[m[K::SharedPtr grid_map_subscriber_;
      |                                                        [01;31m[K^[m[K
[01m[K/home/john/Desktop/rp_ros2_rviz/src/world_node.cpp:50:56:[m[K [01;31m[Kerror: [m[Ktemplate argument 3 is invalid
[01m[K/home/john/Desktop/rp_ros2_rviz/src/world_node.cpp:50:56:[m[K [01;31m[Kerror: [m[Ktemplate argument 4 is invalid
[01m[K/home/john/Desktop/rp_ros2_rviz/src/world_node.cpp:50:56:[m[K [01;31m[Kerror: [m[Ktemplate argument 5 is invalid
[01m[K/home/john/Desktop/rp_ros2_rviz/src/world_node.cpp:50:59:[m[K [01;31m[Kerror: [m[Kexpected â€˜[01m[K;[m[Kâ€™ at end of member declaration
   50 |     rclcpp::Subscription<canvas_node_msgs::msg::GridMap>::[01;31m[KSharedPtr[m[K grid_map_subscriber_;
      |                                                           [01;31m[K^~~~~~~~~[m[K
      |                                                                    [32m[K;[m[K
[01m[K/home/john/Desktop/rp_ros2_rviz/src/world_node.cpp:50:69:[m[K [01;31m[Kerror: [m[Kâ€˜[01m[Kgrid_map_subscriber_[m[Kâ€™ does not name a type
   50 |     rclcpp::Subscription<canvas_node_msgs::msg::GridMap>::SharedPtr [01;31m[Kgrid_map_subscriber_[m[K;
      |                                                                     [01;31m[K^~~~~~~~~~~~~~~~~~~~[m[K
[01m[K/home/john/Desktop/rp_ros2_rviz/src/world_node.cpp:[m[K In constructor â€˜[01m[KWorldNode::[01;32m[KWorldNode[m[K()[m[Kâ€™:
[01m[K/home/john/Desktop/rp_ros2_rviz/src/world_node.cpp:11:9:[m[K [01;31m[Kerror: [m[Kâ€˜[01m[Kgrid_map_subscriber_[m[Kâ€™ was not declared in this scope
   11 |         [01;31m[Kgrid_map_subscriber_[m[K = this->create_subscription<canvas_node_msgs::msg::GridMap>(
      |         [01;31m[K^~~~~~~~~~~~~~~~~~~~[m[K
[01m[K/home/john/Desktop/rp_ros2_rviz/src/world_node.cpp:11:58:[m[K [01;31m[Kerror: [m[Kâ€˜[01m[Kcanvas_node_msgs[m[Kâ€™ was not declared in this scope
   11 |         grid_map_subscriber_ = this->create_subscription<[01;31m[Kcanvas_node_msgs[m[K::msg::GridMap>(
      |                                                          [01;31m[K^~~~~~~~~~~~~~~~[m[K
[01m[K/home/john/Desktop/rp_ros2_rviz/src/world_node.cpp:11:38:[m[K [01;31m[Kerror: [m[Kparse error in template argument list
   11 |         grid_map_subscriber_ = this->[01;31m[Kcreate_subscription<canvas_node_msgs::msg::GridMap>[m[K(
      |                                      [01;31m[K^~~~~~~~~~~~~~~~~~~~~~~~~~~~~~~~~~~~~~~~~~~~~~~~~~~[m[K
[01m[K/home/john/Desktop/rp_ros2_rviz/src/world_node.cpp:11:89:[m[K [01;31m[Kerror: [m[Kno matching function for call to â€˜[01m[KWorldNode::create_subscription<<expression error> >(const char [17], int, std::_Bind_helper<false, void (WorldNode::*)(...), WorldNode*, const std::_Placeholder<1>&>::type)[m[Kâ€™
   11 |         grid_map_subscriber_ = [01;31m[Kthis->create_subscription<canvas_node_msgs::msg::GridMap>([m[K
      |                                [01;31m[K~~~~~~~~~~~~~~~~~~~~~~~~~~~~~~~~~~~~~~~~~~~~~~~~~~~~~~~~~^[m[K
   12 | [01;31m[K            "/canvas/grid_map", 10, std::bind(&WorldNode::gridMapCallback, this, std::placeholders::_1))[m[K;
      |             [01;31m[K~~~~~~~~~~~~~~~~~~~~~~~~~~~~~~~~~~~~~~~~~~~~~~~~~~~~~~~~~~~~~~~~~~~~~~~~~~~~~~~~~~~~~~~~~~~~[m[K
In file included from [01m[K/opt/ros/jazzy/include/rclcpp/rclcpp/executors/single_threaded_executor.hpp:28[m[K,
                 from [01m[K/opt/ros/jazzy/include/rclcpp/rclcpp/executors.hpp:22[m[K,
                 from [01m[K/opt/ros/jazzy/include/rclcpp/rclcpp/rclcpp.hpp:172[m[K,
                 from [01m[K/home/john/Desktop/rp_ros2_rviz/src/world_node.cpp:1[m[K:
[01m[K/opt/ros/jazzy/include/rclcpp/rclcpp/node.hpp:221:3:[m[K [01;36m[Knote: [m[Kcandidate: â€˜[01m[Ktemplate<class MessageT, class CallbackT, class AllocatorT, class SubscriptionT, class MessageMemoryStrategyT> std::shared_ptr<ROSMessageT> rclcpp::Node::[01;32m[Kcreate_subscription[m[K(const std::string&, const rclcpp::QoS&, CallbackT&&, const rclcpp::SubscriptionOptionsWithAllocator<AllocatorT>&, typename MessageMemoryStrategyT::SharedPtr)[m[Kâ€™
  221 |   [01;36m[Kcreate_subscription[m[K(
      |   [01;36m[K^~~~~~~~~~~~~~~~~~~[m[K
[01m[K/opt/ros/jazzy/include/rclcpp/rclcpp/node.hpp:221:3:[m[K [01;36m[Knote: [m[K  template argument deduction/substitution failed:
[01m[K/home/john/Desktop/rp_ros2_rviz/src/world_node.cpp:11:89:[m[K [01;31m[Kerror: [m[Ktemplate argument 1 is invalid
   11 |         grid_map_subscriber_ = [01;31m[Kthis->create_subscription<canvas_node_msgs::msg::GridMap>([m[K
      |                                [01;31m[K~~~~~~~~~~~~~~~~~~~~~~~~~~~~~~~~~~~~~~~~~~~~~~~~~~~~~~~~~^[m[K
   12 | [01;31m[K            "/canvas/grid_map", 10, std::bind(&WorldNode::gridMapCallback, this, std::placeholders::_1))[m[K;
      |             [01;31m[K~~~~~~~~~~~~~~~~~~~~~~~~~~~~~~~~~~~~~~~~~~~~~~~~~~~~~~~~~~~~~~~~~~~~~~~~~~~~~~~~~~~~~~~~~~~~[m[K
[01m[K/home/john/Desktop/rp_ros2_rviz/src/world_node.cpp:[m[K In function â€˜[01m[Kint[01;32m[K main[m[K(int, char**)[m[Kâ€™:
[01m[K/home/john/Desktop/rp_ros2_rviz/src/world_node.cpp:59:18:[m[K [01;31m[Kerror: [m[Kâ€˜[01m[Knode[m[Kâ€™ was not declared in this scope
   59 |     rclcpp::spin([01;31m[Knode[m[K);  // Avvia il ciclo di esecuzione
      |                  [01;31m[K^~~~[m[K
gmake[2]: *** [CMakeFiles/world_node.dir/build.make:76: CMakeFiles/world_node.dir/src/world_node.cpp.o] Error 1
gmake[1]: *** [CMakeFiles/Makefile2:193: CMakeFiles/world_node.dir/all] Error 2
gmake: *** [Makefile:146: all] Error 2
