[01m[Kcc1plus:[m[K [01;31m[Kfatal error: [m[K/home/john/Desktop/rp_ros2_rviz/src/dmap_node.cpp: No such file or directory
compilation terminated.
gmake[2]: *** [CMakeFiles/dmap_node.dir/build.make:76: CMakeFiles/dmap_node.dir/src/dmap_node.cpp.o] Error 1
gmake[1]: *** [CMakeFiles/Makefile2:141: CMakeFiles/dmap_node.dir/all] Error 2
gmake: *** [Makefile:146: all] Error 2
