[0.009s] Invoking command in '/home/john/Desktop/rp_ros2_rviz/build/rp_ros2_rviz': CMAKE_PREFIX_PATH=${CMAKE_PREFIX_PATH}:/opt/ros/jazzy DEBUGINFOD_URLS=https://debuginfod.ubuntu.com /usr/bin/cmake --build /home/john/Desktop/rp_ros2_rviz/build/rp_ros2_rviz -- -j4 -l4
[0.085s] [ 12%] [32mBuilding CXX object CMakeFiles/world_node.dir/src/world_node.cpp.o[0m
[2.784s] [01m[K/home/john/Desktop/rp_ros2_rviz/src/world_node.cpp:[m[K In constructor â€˜[01m[KWorldNode::[01;32m[KWorldNode[m[K()[m[Kâ€™:
[2.784s] [01m[K/home/john/Desktop/rp_ros2_rviz/src/world_node.cpp:35:17:[m[K [01;31m[Kerror: [m[Kâ€˜[01m[Ktv[m[Kâ€™ was not declared in this scope; did you mean â€˜[01m[Ktm[m[Kâ€™?
[2.784s]    35 |                 [01;31m[Ktv[m[K=0; rv=0;
[2.784s]       |                 [01;31m[K^~[m[K
[2.784s]       |                 [32m[Ktm[m[K
[2.795s] [01m[K/home/john/Desktop/rp_ros2_rviz/src/world_node.cpp:35:23:[m[K [01;31m[Kerror: [m[Kâ€˜[01m[Krv[m[Kâ€™ was not declared in this scope; did you mean â€˜[01m[Kcv[m[Kâ€™?
[2.795s]    35 |                 tv=0; [01;31m[Krv[m[K=0;
[2.795s]       |                       [01;31m[K^~[m[K
[2.795s]       |                       [32m[Kcv[m[K
[2.804s] [01m[K/home/john/Desktop/rp_ros2_rviz/src/world_node.cpp:36:17:[m[K [01;31m[Kerror: [m[Kâ€˜[01m[Kworld[m[Kâ€™ was not declared in this scope; did you mean â€˜[01m[KWorld[m[Kâ€™?
[2.804s]    36 |                 [01;31m[Kworld[m[K->draw(canvas);
[2.804s]       |                 [01;31m[K^~~~~[m[K
[2.804s]       |                 [32m[KWorld[m[K
[2.813s] [01m[K/home/john/Desktop/rp_ros2_rviz/src/world_node.cpp:38:17:[m[K [01;31m[Kerror: [m[Kâ€˜[01m[Kkey[m[Kâ€™ was not declared in this scope; did you mean â€˜[01m[Kkey_t[m[Kâ€™?
[2.813s]    38 |                 [01;31m[Kkey[m[K=cv::waitKey(0);
[2.813s]       |                 [01;31m[K^~~[m[K
[2.813s]       |                 [32m[Kkey_t[m[K
[2.823s] [01m[K/home/john/Desktop/rp_ros2_rviz/src/world_node.cpp:48:17:[m[K [01;31m[Kerror: [m[Kâ€˜[01m[Kw[m[Kâ€™ was not declared in this scope
[2.823s]    48 |                 [01;31m[Kw[m[K.timerTick(0.1);
[2.823s]       |                 [01;31m[K^[m[K
[2.823s] [01m[K/home/john/Desktop/rp_ros2_rviz/src/world_node.cpp:28:20:[m[K [01;35m[Kwarning: [m[Kunused variable â€˜[01m[Klid[m[Kâ€™ [[01;35m[K]8;;https://gcc.gnu.org/onlinedocs/gcc/Warning-Options.html#index-Wunused-variable-Wunused-variable]8;;[m[K]
[2.823s]    28 |             Lidar* [01;35m[Klid[m[K = new Lidar(scan, ddr);
[2.823s]       |                    [01;35m[K^~~[m[K
[4.056s] gmake[2]: *** [CMakeFiles/world_node.dir/build.make:76: CMakeFiles/world_node.dir/src/world_node.cpp.o] Error 1
[4.056s] gmake[1]: *** [CMakeFiles/Makefile2:137: CMakeFiles/world_node.dir/all] Error 2
[4.057s] gmake: *** [Makefile:146: all] Error 2
[4.068s] Invoked command in '/home/john/Desktop/rp_ros2_rviz/build/rp_ros2_rviz' returned '2': CMAKE_PREFIX_PATH=${CMAKE_PREFIX_PATH}:/opt/ros/jazzy DEBUGINFOD_URLS=https://debuginfod.ubuntu.com /usr/bin/cmake --build /home/john/Desktop/rp_ros2_rviz/build/rp_ros2_rviz -- -j4 -l4
