[0.013s] Invoking command in '/home/john/Desktop/rp_ros2_rviz/build/rp_ros2_rviz': CMAKE_PREFIX_PATH=${CMAKE_PREFIX_PATH}:/opt/ros/jazzy DEBUGINFOD_URLS=https://debuginfod.ubuntu.com /usr/bin/cmake --build /home/john/Desktop/rp_ros2_rviz/build/rp_ros2_rviz -- -j4 -l4
[0.082s] [ 50%] [32mBuilding CXX object CMakeFiles/canvas_node.dir/src/canvas.cpp.o[0m
[2.230s] [01m[K/home/john/Desktop/rp_ros2_rviz/src/canvas.cpp:13:2:[m[K [01;31m[Kerror: [m[Kexpected â€˜[01m[K;[m[Kâ€™ after class definition
[2.231s]    13 | }
[2.231s]       |  [01;31m[K^[m[K
[2.231s]       |  [32m[K;[m[K
[2.246s] [01m[K/home/john/Desktop/rp_ros2_rviz/src/canvas.cpp:[m[K In constructor â€˜[01m[KCanvas::[01;32m[KCanvas[m[K()[m[Kâ€™:
[2.247s] [01m[K/home/john/Desktop/rp_ros2_rviz/src/canvas.cpp:7:9:[m[K [01;31m[Kerror: [m[Kâ€˜[01m[Kcanvas_[m[Kâ€™ was not declared in this scope; did you mean â€˜[01m[KCanvas[m[Kâ€™?
[2.247s]     7 |         [01;31m[Kcanvas_[m[K = cv::Mat::zeros(500,500,CV_8UC3);
[2.247s]       |         [01;31m[K^~~~~~~[m[K
[2.248s]       |         [32m[KCanvas[m[K
[3.125s] gmake[2]: *** [CMakeFiles/canvas_node.dir/build.make:76: CMakeFiles/canvas_node.dir/src/canvas.cpp.o] Error 1
[3.125s] gmake[1]: *** [CMakeFiles/Makefile2:137: CMakeFiles/canvas_node.dir/all] Error 2
[3.125s] gmake: *** [Makefile:146: all] Error 2
[3.129s] Invoked command in '/home/john/Desktop/rp_ros2_rviz/build/rp_ros2_rviz' returned '2': CMAKE_PREFIX_PATH=${CMAKE_PREFIX_PATH}:/opt/ros/jazzy DEBUGINFOD_URLS=https://debuginfod.ubuntu.com /usr/bin/cmake --build /home/john/Desktop/rp_ros2_rviz/build/rp_ros2_rviz -- -j4 -l4
