[01m[K/home/john/Desktop/rp_ros2_rviz/src/particle_node_filter.cpp:159:5:[m[K [01;31m[Kerror: [m[Kâ€˜[01m[Kresample[m[Kâ€™ declared as function returning a function
  159 |     [01;31m[Kvoid[m[K resample()() {
      |     [01;31m[K^~~~[m[K
[01m[K/home/john/Desktop/rp_ros2_rviz/src/particle_node_filter.cpp:[m[K In member function â€˜[01m[Kvoid ParticleFilterNode::scanCallback(sensor_msgs::msg::LaserScan_<std::allocator<void> >::SharedPtr)[m[Kâ€™:
[01m[K/home/john/Desktop/rp_ros2_rviz/src/particle_node_filter.cpp:68:39:[m[K [01;31m[Kerror: [m[Kno matching function for call to â€˜[01m[KParticleFilterNode::publishMatchingParticles(std::__shared_ptr_access<sensor_msgs::msg::LaserScan_<std::allocator<void> >, __gnu_cxx::_S_atomic, false, false>::element_type&)[m[Kâ€™
   68 |         publishMatchingParticles(*scan[01;31m[K)[m[K;
      |                                       [01;31m[K^[m[K
[01m[K/home/john/Desktop/rp_ros2_rviz/src/particle_node_filter.cpp:134:10:[m[K [01;36m[Knote: [m[Kcandidate: â€˜[01m[Kvoid ParticleFilterNode::publishMatchingParticles()[m[Kâ€™
  134 |     void [01;36m[KpublishMatchingParticles[m[K() {
      |          [01;36m[K^~~~~~~~~~~~~~~~~~~~~~~~[m[K
[01m[K/home/john/Desktop/rp_ros2_rviz/src/particle_node_filter.cpp:134:10:[m[K [01;36m[Knote: [m[K  candidate expects 0 arguments, 1 provided
[01m[K/home/john/Desktop/rp_ros2_rviz/src/particle_node_filter.cpp:69:9:[m[K [01;31m[Kerror: [m[Kâ€˜[01m[Kresample[m[Kâ€™ was not declared in this scope; did you mean â€˜[01m[Krename[m[Kâ€™?
   69 |         [01;31m[Kresample[m[K();
      |         [01;31m[K^~~~~~~~[m[K
      |         [32m[Krename[m[K
make[2]: *** [CMakeFiles/particle_node_filter.dir/build.make:63: CMakeFiles/particle_node_filter.dir/src/particle_node_filter.cpp.o] Error 1
make[1]: *** [CMakeFiles/Makefile2:194: CMakeFiles/particle_node_filter.dir/all] Error 2
make: *** [Makefile:141: all] Error 2
