[0.006s] Invoking command in '/home/john/Desktop/rp_ros2_rviz/build/rp_ros2_rviz': CMAKE_PREFIX_PATH=${CMAKE_PREFIX_PATH}:/opt/ros/foxy /usr/bin/cmake --build /home/john/Desktop/rp_ros2_rviz/build/rp_ros2_rviz -- -j4 -l4
[0.063s] [ 20%] Built target controller_node
[0.068s] [35m[1mScanning dependencies of target particle_node_filter[0m
[0.073s] [ 40%] Built target world_node
[0.083s] [ 60%] Built target pathplanner_node
[0.107s] [ 80%] Built target mapserver
[0.111s] [ 84%] [32mBuilding CXX object CMakeFiles/particle_node_filter.dir/src/particle_node_filter.cpp.o[0m
[1.780s] [01m[K/home/john/Desktop/rp_ros2_rviz/src/particle_node_filter.cpp:159:5:[m[K [01;31m[Kerror: [m[Kâ€˜[01m[Kresample[m[Kâ€™ declared as function returning a function
[1.780s]   159 |     [01;31m[Kvoid[m[K resample()() {
[1.780s]       |     [01;31m[K^~~~[m[K
[2.009s] [01m[K/home/john/Desktop/rp_ros2_rviz/src/particle_node_filter.cpp:[m[K In member function â€˜[01m[Kvoid ParticleFilterNode::scanCallback(sensor_msgs::msg::LaserScan_<std::allocator<void> >::SharedPtr)[m[Kâ€™:
[2.009s] [01m[K/home/john/Desktop/rp_ros2_rviz/src/particle_node_filter.cpp:68:39:[m[K [01;31m[Kerror: [m[Kno matching function for call to â€˜[01m[KParticleFilterNode::publishMatchingParticles(std::__shared_ptr_access<sensor_msgs::msg::LaserScan_<std::allocator<void> >, __gnu_cxx::_S_atomic, false, false>::element_type&)[m[Kâ€™
[2.009s]    68 |         publishMatchingParticles(*scan[01;31m[K)[m[K;
[2.009s]       |                                       [01;31m[K^[m[K
[2.009s] [01m[K/home/john/Desktop/rp_ros2_rviz/src/particle_node_filter.cpp:134:10:[m[K [01;36m[Knote: [m[Kcandidate: â€˜[01m[Kvoid ParticleFilterNode::publishMatchingParticles()[m[Kâ€™
[2.009s]   134 |     void [01;36m[KpublishMatchingParticles[m[K() {
[2.009s]       |          [01;36m[K^~~~~~~~~~~~~~~~~~~~~~~~[m[K
[2.009s] [01m[K/home/john/Desktop/rp_ros2_rviz/src/particle_node_filter.cpp:134:10:[m[K [01;36m[Knote: [m[K  candidate expects 0 arguments, 1 provided
[2.016s] [01m[K/home/john/Desktop/rp_ros2_rviz/src/particle_node_filter.cpp:69:9:[m[K [01;31m[Kerror: [m[Kâ€˜[01m[Kresample[m[Kâ€™ was not declared in this scope; did you mean â€˜[01m[Krename[m[Kâ€™?
[2.016s]    69 |         [01;31m[Kresample[m[K();
[2.016s]       |         [01;31m[K^~~~~~~~[m[K
[2.016s]       |         [32m[Krename[m[K
[3.596s] make[2]: *** [CMakeFiles/particle_node_filter.dir/build.make:63: CMakeFiles/particle_node_filter.dir/src/particle_node_filter.cpp.o] Error 1
[3.596s] make[1]: *** [CMakeFiles/Makefile2:194: CMakeFiles/particle_node_filter.dir/all] Error 2
[3.596s] make: *** [Makefile:141: all] Error 2
[3.600s] Invoked command in '/home/john/Desktop/rp_ros2_rviz/build/rp_ros2_rviz' returned '2': CMAKE_PREFIX_PATH=${CMAKE_PREFIX_PATH}:/opt/ros/foxy /usr/bin/cmake --build /home/john/Desktop/rp_ros2_rviz/build/rp_ros2_rviz -- -j4 -l4
