-- Found ament_cmake: 2.5.3 (/opt/ros/jazzy/share/ament_cmake/cmake)
-- Found rclcpp: 28.1.6 (/opt/ros/jazzy/share/rclcpp/cmake)
-- Found rosidl_generator_c: 4.6.5 (/opt/ros/jazzy/share/rosidl_generator_c/cmake)
-- Found rosidl_generator_cpp: 4.6.5 (/opt/ros/jazzy/share/rosidl_generator_cpp/cmake)
-- Using all available rosidl_typesupport_c: rosidl_typesupport_fastrtps_c;rosidl_typesupport_introspection_c
-- Using all available rosidl_typesupport_cpp: rosidl_typesupport_fastrtps_cpp;rosidl_typesupport_introspection_cpp
-- Found rmw_implementation_cmake: 7.3.1 (/opt/ros/jazzy/share/rmw_implementation_cmake/cmake)
-- Found rmw_fastrtps_cpp: 8.4.1 (/opt/ros/jazzy/share/rmw_fastrtps_cpp/cmake)
-- Using RMW implementation 'rmw_fastrtps_cpp' as default
-- Found std_msgs: 5.3.5 (/opt/ros/jazzy/share/std_msgs/cmake)
-- Found geometry_msgs: 5.3.5 (/opt/ros/jazzy/share/geometry_msgs/cmake)
-- Found rosidl_default_generators: 1.6.0 (/opt/ros/jazzy/share/rosidl_default_generators/cmake)
-- Found rosidl_adapter: 4.6.5 (/opt/ros/jazzy/share/rosidl_adapter/cmake)
-- Found ament_lint_auto: 0.17.1 (/opt/ros/jazzy/share/ament_lint_auto/cmake)
-- Added test 'cppcheck' to perform static code analysis on C / C++ code
-- Configured cppcheck include dirs: /home/john/Desktop/rp_ros2_rviz/include;/home/john/Desktop/rp_ros2_rviz/msg
-- Configured cppcheck exclude dirs and/or files: 
-- Added test 'flake8' to check Python code syntax and style conventions
-- Configured 'flake8' exclude dirs and/or files: 
-- Added test 'lint_cmake' to check CMake code style
-- Added test 'pep257' to check Python code against some of the docstring style conventions in PEP 257
-- Added test 'uncrustify' to check C / C++ code style
-- Configured uncrustify additional arguments: 
-- Added test 'xmllint' to check XML markup files
-- Configuring done (1.3s)
-- Generating done (0.0s)
-- Build files have been written to: /home/john/Desktop/rp_ros2_rviz/build/rp_ros2_rviz
[ 10%] [32mBuilding CXX object CMakeFiles/control_robot.dir/src/control_robot.cpp.o[0m
[ 30%] [32mBuilding CXX object CMakeFiles/world_node.dir/src/world.cpp.o[0m
[ 30%] [32mBuilding CXX object CMakeFiles/world_node.dir/src/world_node.cpp.o[0m
[ 40%] [32mBuilding CXX object CMakeFiles/world_node.dir/src/grid_map.cpp.o[0m
In file included from [01m[K/home/john/Desktop/rp_ros2_rviz/src/world_node.cpp:8[m[K:
[01m[K/home/john/Desktop/rp_ros2_rviz/include/rp_ros2_rviz/dmap_planner.h:4:10:[m[K [01;31m[Kfatal error: [m[Kdmap.h: No such file or directory
    4 | #include [01;31m[K"dmap.h"[m[K
      |          [01;31m[K^~~~~~~~[m[K
compilation terminated.
gmake[2]: *** [CMakeFiles/world_node.dir/build.make:76: CMakeFiles/world_node.dir/src/world_node.cpp.o] Error 1
gmake[2]: *** Waiting for unfinished jobs....
[01m[K/home/john/Desktop/rp_ros2_rviz/src/world.cpp:[m[K In member function â€˜[01m[Kvirtual bool World::[01;32m[Kcollides[m[K(const WorldItem*) const[m[Kâ€™:
[01m[K/home/john/Desktop/rp_ros2_rviz/src/world.cpp:82:39:[m[K [01;35m[Kwarning: [m[Kunused parameter â€˜[01m[Kother[m[Kâ€™ [[01;35m[K]8;;https://gcc.gnu.org/onlinedocs/gcc/Warning-Options.html#index-Wunused-parameter-Wunused-parameter]8;;[m[K]
   82 | bool World::collides([01;35m[Kconst WorldItem* other[m[K) const {
      |                      [01;35m[K~~~~~~~~~~~~~~~~~^~~~~[m[K
[01m[K/home/john/Desktop/rp_ros2_rviz/src/grid_map.cpp:[m[K In member function â€˜[01m[Kvirtual void GridMap::[01;32m[Kdraw[m[K(Canvas&) const[m[Kâ€™:
[01m[K/home/john/Desktop/rp_ros2_rviz/src/grid_map.cpp:80:9:[m[K [01;35m[Kwarning: [m[Kvariable â€˜[01m[Kt[m[Kâ€™ set but not used [[01;35m[K]8;;https://gcc.gnu.org/onlinedocs/gcc/Warning-Options.html#index-Wunused-but-set-variable-Wunused-but-set-variable]8;;[m[K]
   80 |   Vec2f [01;35m[Kt[m[K=_piw.t*(1./dest.resolution);
      |         [01;35m[K^[m[K
gmake[1]: *** [CMakeFiles/Makefile2:165: CMakeFiles/world_node.dir/all] Error 2
gmake[1]: *** Waiting for unfinished jobs....
[ 50%] [32m[1mLinking CXX executable control_robot[0m
[ 50%] Built target control_robot
gmake: *** [Makefile:146: all] Error 2
