[0.019s] Invoking command in '/home/john/Desktop/rp_ros2_rviz/build/rp_ros2_rviz': CMAKE_PREFIX_PATH=${CMAKE_PREFIX_PATH}:/opt/ros/jazzy DEBUGINFOD_URLS=https://debuginfod.ubuntu.com /usr/bin/cmake --build /home/john/Desktop/rp_ros2_rviz/build/rp_ros2_rviz -- -j4 -l4
[0.263s] [ 22%] Built target listener_node
[0.324s] [ 33%] [32mBuilding CXX object CMakeFiles/world_node.dir/src/world_node.cpp.o[0m
[3.851s] [01m[K/home/john/Desktop/rp_ros2_rviz/src/world_node.cpp:22:23:[m[K [01;31m[Kerror: [m[Kâ€˜[01m[Krp_ros2_rviz[m[Kâ€™ was not declared in this scope
[3.852s]    22 |     rclcpp::Publisher<[01;31m[Krp_ros2_rviz[m[K::msg::World>::SharedPtr world_publisher_;
[3.852s]       |                       [01;31m[K^~~~~~~~~~~~[m[K
[3.852s] [01m[K/home/john/Desktop/rp_ros2_rviz/src/world_node.cpp:22:47:[m[K [01;31m[Kerror: [m[Ktemplate argument 1 is invalid
[3.852s]    22 |     rclcpp::Publisher<rp_ros2_rviz::msg::World[01;31m[K>[m[K::SharedPtr world_publisher_;
[3.853s]       |                                               [01;31m[K^[m[K
[3.853s] [01m[K/home/john/Desktop/rp_ros2_rviz/src/world_node.cpp:22:50:[m[K [01;31m[Kerror: [m[Kexpected â€˜[01m[K;[m[Kâ€™ at end of member declaration
[3.854s]    22 |     rclcpp::Publisher<rp_ros2_rviz::msg::World>::[01;31m[KSharedPtr[m[K world_publisher_;
[3.854s]       |                                                  [01;31m[K^~~~~~~~~[m[K
[3.854s]       |                                                           [32m[K;[m[K
[3.855s] [01m[K/home/john/Desktop/rp_ros2_rviz/src/world_node.cpp:22:60:[m[K [01;31m[Kerror: [m[Kâ€˜[01m[Kworld_publisher_[m[Kâ€™ does not name a type; did you mean â€˜[01m[Krmw_publisher_t[m[Kâ€™?
[3.855s]    22 |     rclcpp::Publisher<rp_ros2_rviz::msg::World>::SharedPtr [01;31m[Kworld_publisher_[m[K;
[3.855s]       |                                                            [01;31m[K^~~~~~~~~~~~~~~~[m[K
[3.856s]       |                                                            [32m[Krmw_publisher_t[m[K
[3.938s] [01m[K/home/john/Desktop/rp_ros2_rviz/src/world_node.cpp:[m[K In constructor â€˜[01m[KWorldNode::[01;32m[KWorldNode[m[K()[m[Kâ€™:
[3.939s] [01m[K/home/john/Desktop/rp_ros2_rviz/src/world_node.cpp:18:9:[m[K [01;31m[Kerror: [m[Kâ€˜[01m[Kworld_publisher_[m[Kâ€™ was not declared in this scope; did you mean â€˜[01m[Kcount_publishers[m[Kâ€™?
[3.939s]    18 |         [01;31m[Kworld_publisher_[m[K = this->create_publisher<rp_ros2_rviz::msg::World>("World", 10);
[3.939s]       |         [01;31m[K^~~~~~~~~~~~~~~~[m[K
[3.939s]       |         [32m[Kcount_publishers[m[K
[3.965s] [01m[K/home/john/Desktop/rp_ros2_rviz/src/world_node.cpp:18:51:[m[K [01;31m[Kerror: [m[Kâ€˜[01m[Krp_ros2_rviz[m[Kâ€™ was not declared in this scope
[3.965s]    18 |         world_publisher_ = this->create_publisher<[01;31m[Krp_ros2_rviz[m[K::msg::World>("World", 10);
[3.965s]       |                                                   [01;31m[K^~~~~~~~~~~~[m[K
[3.965s] [01m[K/home/john/Desktop/rp_ros2_rviz/src/world_node.cpp:18:34:[m[K [01;31m[Kerror: [m[Kparse error in template argument list
[3.965s]    18 |         world_publisher_ = this->[01;31m[Kcreate_publisher<rp_ros2_rviz::msg::World>[m[K("World", 10);
[3.965s]       |                                  [01;31m[K^~~~~~~~~~~~~~~~~~~~~~~~~~~~~~~~~~~~~~~~~~[m[K
[3.965s] [01m[K/home/john/Desktop/rp_ros2_rviz/src/world_node.cpp:18:76:[m[K [01;31m[Kerror: [m[Kno matching function for call to â€˜[01m[KWorldNode::create_publisher<<expression error> >(const char [6], int)[m[Kâ€™
[3.965s]    18 |         world_publisher_ = [01;31m[Kthis->create_publisher<rp_ros2_rviz::msg::World>("World", 10)[m[K;
[3.965s]       |                            [01;31m[K~~~~~~~~~~~~~~~~~~~~~~~~~~~~~~~~~~~~~~~~~~~~~~~~^~~~~~~~~~~~~[m[K
[3.966s] In file included from [01m[K/opt/ros/jazzy/include/rclcpp/rclcpp/executors/single_threaded_executor.hpp:28[m[K,
[3.966s]                  from [01m[K/opt/ros/jazzy/include/rclcpp/rclcpp/executors.hpp:22[m[K,
[3.966s]                  from [01m[K/opt/ros/jazzy/include/rclcpp/rclcpp/rclcpp.hpp:172[m[K,
[3.971s]                  from [01m[K/home/john/Desktop/rp_ros2_rviz/src/world_node.cpp:1[m[K:
[3.972s] [01m[K/opt/ros/jazzy/include/rclcpp/rclcpp/node.hpp:197:3:[m[K [01;36m[Knote: [m[Kcandidate: â€˜[01m[Ktemplate<class MessageT, class AllocatorT, class PublisherT> std::shared_ptr<PublisherT> rclcpp::Node::[01;32m[Kcreate_publisher[m[K(const std::string&, const rclcpp::QoS&, const rclcpp::PublisherOptionsWithAllocator<AllocatorT>&)[m[Kâ€™
[3.972s]   197 |   [01;36m[Kcreate_publisher[m[K(
[3.972s]       |   [01;36m[K^~~~~~~~~~~~~~~~[m[K
[3.972s] [01m[K/opt/ros/jazzy/include/rclcpp/rclcpp/node.hpp:197:3:[m[K [01;36m[Knote: [m[K  template argument deduction/substitution failed:
[3.972s] [01m[K/home/john/Desktop/rp_ros2_rviz/src/world_node.cpp:18:76:[m[K [01;31m[Kerror: [m[Ktemplate argument 1 is invalid
[3.972s]    18 |         world_publisher_ = [01;31m[Kthis->create_publisher<rp_ros2_rviz::msg::World>("World", 10)[m[K;
[3.977s]       |                            [01;31m[K~~~~~~~~~~~~~~~~~~~~~~~~~~~~~~~~~~~~~~~~~~~~~~~~^~~~~~~~~~~~~[m[K
[7.227s] gmake[2]: *** [CMakeFiles/world_node.dir/build.make:76: CMakeFiles/world_node.dir/src/world_node.cpp.o] Error 1
[7.227s] gmake[1]: *** [CMakeFiles/Makefile2:165: CMakeFiles/world_node.dir/all] Error 2
[7.228s] gmake: *** [Makefile:146: all] Error 2
[7.245s] Invoked command in '/home/john/Desktop/rp_ros2_rviz/build/rp_ros2_rviz' returned '2': CMAKE_PREFIX_PATH=${CMAKE_PREFIX_PATH}:/opt/ros/jazzy DEBUGINFOD_URLS=https://debuginfod.ubuntu.com /usr/bin/cmake --build /home/john/Desktop/rp_ros2_rviz/build/rp_ros2_rviz -- -j4 -l4
