[ 20%] Built target controller_node
[35m[1mScanning dependencies of target particle_node_filter[0m
[ 40%] Built target world_node
[ 60%] Built target pathplanner_node
[ 64%] [32mBuilding CXX object CMakeFiles/particle_node_filter.dir/src/particle_node_filter.cpp.o[0m
[ 84%] Built target mapserver
[01m[K/home/john/Desktop/rp_ros2_rviz/src/particle_node_filter.cpp:[m[K In member function â€˜[01m[Kvoid ParticleFilterNode::initializeParticlesNear(double, double, double, int)[m[Kâ€™:
[01m[K/home/john/Desktop/rp_ros2_rviz/src/particle_node_filter.cpp:112:79:[m[K [01;35m[Kwarning: [m[Kunused parameter â€˜[01m[Kcenter_theta[m[Kâ€™ [[01;35m[K-Wunused-parameter[m[K]
  112 |         void initializeParticlesNear(double center_x, double center_y, [01;35m[Kdouble center_theta[m[K, int num_particles) {
      |                                                                        [01;35m[K~~~~~~~^~~~~~~~~~~~[m[K
[01m[K/home/john/Desktop/rp_ros2_rviz/src/particle_node_filter.cpp:[m[K In function â€˜[01m[Kint worldToGridX(double)[m[Kâ€™:
[01m[K/home/john/Desktop/rp_ros2_rviz/src/particle_node_filter.cpp:575:35:[m[K [01;31m[Kerror: [m[Kâ€˜[01m[Kmap_origin_x_[m[Kâ€™ was not declared in this scope
  575 |     return static_cast<int>((wx - [01;31m[Kmap_origin_x_[m[K) / map_resolution_);
      |                                   [01;31m[K^~~~~~~~~~~~~[m[K
[01m[K/home/john/Desktop/rp_ros2_rviz/src/particle_node_filter.cpp:575:52:[m[K [01;31m[Kerror: [m[Kâ€˜[01m[Kmap_resolution_[m[Kâ€™ was not declared in this scope
  575 |     return static_cast<int>((wx - map_origin_x_) / [01;31m[Kmap_resolution_[m[K);
      |                                                    [01;31m[K^~~~~~~~~~~~~~~[m[K
[01m[K/home/john/Desktop/rp_ros2_rviz/src/particle_node_filter.cpp:[m[K In function â€˜[01m[Kint worldToGridY(double)[m[Kâ€™:
[01m[K/home/john/Desktop/rp_ros2_rviz/src/particle_node_filter.cpp:579:35:[m[K [01;31m[Kerror: [m[Kâ€˜[01m[Kmap_origin_y_[m[Kâ€™ was not declared in this scope
  579 |     return static_cast<int>((wy - [01;31m[Kmap_origin_y_[m[K) / map_resolution_);
      |                                   [01;31m[K^~~~~~~~~~~~~[m[K
[01m[K/home/john/Desktop/rp_ros2_rviz/src/particle_node_filter.cpp:579:52:[m[K [01;31m[Kerror: [m[Kâ€˜[01m[Kmap_resolution_[m[Kâ€™ was not declared in this scope
  579 |     return static_cast<int>((wy - map_origin_y_) / [01;31m[Kmap_resolution_[m[K);
      |                                                    [01;31m[K^~~~~~~~~~~~~~~[m[K
make[2]: *** [CMakeFiles/particle_node_filter.dir/build.make:63: CMakeFiles/particle_node_filter.dir/src/particle_node_filter.cpp.o] Error 1
make[1]: *** [CMakeFiles/Makefile2:194: CMakeFiles/particle_node_filter.dir/all] Error 2
make: *** [Makefile:141: all] Error 2
