[0.012s] Invoking command in '/home/john/Desktop/rp_ros2_rviz/build/rp_ros2_rviz': CMAKE_PREFIX_PATH=${CMAKE_PREFIX_PATH}:/opt/ros/jazzy DEBUGINFOD_URLS=https://debuginfod.ubuntu.com /usr/bin/cmake --build /home/john/Desktop/rp_ros2_rviz/build/rp_ros2_rviz -- -j4 -l4
[0.089s] [ 16%] Built target control_robot
[0.139s] [ 25%] [32mBuilding CXX object CMakeFiles/world_node.dir/src/lidar.cpp.o[0m
[0.153s] [ 33%] [32mBuilding CXX object CMakeFiles/world_node.dir/src/world_node.cpp.o[0m
[0.154s] [ 41%] [32mBuilding CXX object CMakeFiles/world_node.dir/src/grid.cpp.o[0m
[0.164s] [ 50%] [32mBuilding CXX object CMakeFiles/world_node.dir/src/grid_map.cpp.o[0m
[3.262s] In file included from [01m[K/home/john/Desktop/rp_ros2_rviz/src/grid_map.cpp:1[m[K:
[3.263s] [01m[K/home/john/Desktop/rp_ros2_rviz/include/rp_ros2_rviz/grid_map.h:52:18:[m[K [01;31m[Kerror: [m[Kextra qualification â€˜[01m[KGridMap::[m[Kâ€™ on member â€˜[01m[KgetObstacles[m[Kâ€™ [[01;31m[K]8;;https://gcc.gnu.org/onlinedocs/gcc/Warning-Options.html#index-fpermissive-fpermissive]8;;[m[K]
[3.263s]    52 |   Vector2iVector [01;31m[KGridMap[m[K::getObstacles() const;
[3.263s]       |                  [01;31m[K^~~~~~~[m[K
[3.275s] [01m[K/home/john/Desktop/rp_ros2_rviz/src/grid_map.cpp:[m[K In member function â€˜[01m[KVector2iVector GridMap::[01;32m[KgetObstacles[m[K() const[m[Kâ€™:
[3.275s] [01m[K/home/john/Desktop/rp_ros2_rviz/src/grid_map.cpp:108:38:[m[K [01;31m[Kerror: [m[Kâ€˜[01m[KVec2i[m[Kâ€™ was not declared in this scope; did you mean â€˜[01m[Kcv::Vec2i[m[Kâ€™?
[3.275s]   108 |               obstacles.emplace_back([01;31m[KVec2i[m[K(r, c));
[3.275s]       |                                      [01;31m[K^~~~~[m[K
[3.276s]       |                                      [32m[Kcv::Vec2i[m[K
[3.276s] In file included from [01m[K/usr/include/opencv4/opencv2/core.hpp:56[m[K,
[3.276s]                  from [01m[K/usr/include/opencv4/opencv2/opencv.hpp:52[m[K,
[3.276s]                  from [01m[K/home/john/Desktop/rp_ros2_rviz/include/rp_ros2_rviz/canvas.h:2[m[K,
[3.276s]                  from [01m[K/home/john/Desktop/rp_ros2_rviz/include/rp_ros2_rviz/world.h:6[m[K,
[3.276s]                  from [01m[K/home/john/Desktop/rp_ros2_rviz/include/rp_ros2_rviz/grid_map.h:4[m[K:
[3.276s] [01m[K/usr/include/opencv4/opencv2/core/matx.hpp:429:21:[m[K [01;36m[Knote: [m[Kâ€˜[01m[Kcv::Vec2i[m[Kâ€™ declared here
[3.276s]   429 | typedef Vec<int, 2> [01;36m[KVec2i[m[K;
[3.276s]       |                     [01;36m[K^~~~~[m[K
[3.550s] In file included from [01m[K/home/john/Desktop/rp_ros2_rviz/include/rp_ros2_rviz/lidar.h:3[m[K,
[3.550s]                  from [01m[K/home/john/Desktop/rp_ros2_rviz/src/lidar.cpp:1[m[K:
[3.550s] [01m[K/home/john/Desktop/rp_ros2_rviz/include/rp_ros2_rviz/grid_map.h:52:18:[m[K [01;31m[Kerror: [m[Kextra qualification â€˜[01m[KGridMap::[m[Kâ€™ on member â€˜[01m[KgetObstacles[m[Kâ€™ [[01;31m[K]8;;https://gcc.gnu.org/onlinedocs/gcc/Warning-Options.html#index-fpermissive-fpermissive]8;;[m[K]
[3.550s]    52 |   Vector2iVector [01;31m[KGridMap[m[K::getObstacles() const;
[3.550s]       |                  [01;31m[K^~~~~~~[m[K
[3.550s] [01m[K/home/john/Desktop/rp_ros2_rviz/src/lidar.cpp:[m[K In member function â€˜[01m[Kvirtual void Lidar::[01;32m[KtimerTick[m[K(float)[m[Kâ€™:
[3.550s] [01m[K/home/john/Desktop/rp_ros2_rviz/src/lidar.cpp:31:29:[m[K [01;35m[Kwarning: [m[Kunused parameter â€˜[01m[Kdt[m[Kâ€™ [[01;35m[K]8;;https://gcc.gnu.org/onlinedocs/gcc/Warning-Options.html#index-Wunused-parameter-Wunused-parameter]8;;[m[K]
[3.550s]    31 | void Lidar::timerTick([01;35m[Kfloat dt[m[K) {
[3.550s]       |                       [01;35m[K~~~~~~^~[m[K
[3.743s] gmake[2]: *** [CMakeFiles/world_node.dir/build.make:104: CMakeFiles/world_node.dir/src/grid_map.cpp.o] Error 1
[3.744s] gmake[2]: *** Waiting for unfinished jobs....
[4.018s] gmake[2]: *** [CMakeFiles/world_node.dir/build.make:160: CMakeFiles/world_node.dir/src/lidar.cpp.o] Error 1
[4.959s] In file included from [01m[K/home/john/Desktop/rp_ros2_rviz/src/world_node.cpp:5[m[K:
[4.959s] [01m[K/home/john/Desktop/rp_ros2_rviz/include/rp_ros2_rviz/grid_map.h:52:18:[m[K [01;31m[Kerror: [m[Kextra qualification â€˜[01m[KGridMap::[m[Kâ€™ on member â€˜[01m[KgetObstacles[m[Kâ€™ [[01;31m[K]8;;https://gcc.gnu.org/onlinedocs/gcc/Warning-Options.html#index-fpermissive-fpermissive]8;;[m[K]
[4.959s]    52 |   Vector2iVector [01;31m[KGridMap[m[K::getObstacles() const;
[4.959s]       |                  [01;31m[K^~~~~~~[m[K
[5.223s] [01m[K/home/john/Desktop/rp_ros2_rviz/src/world_node.cpp:[m[K In constructor â€˜[01m[KWorldNode::[01;32m[KWorldNode[m[K()[m[Kâ€™:
[5.223s] [01m[K/home/john/Desktop/rp_ros2_rviz/src/world_node.cpp:56:17:[m[K [01;35m[Kwarning: [m[Kunused variable â€˜[01m[Kkey[m[Kâ€™ [[01;35m[K]8;;https://gcc.gnu.org/onlinedocs/gcc/Warning-Options.html#index-Wunused-variable-Wunused-variable]8;;[m[K]
[5.223s]    56 |             int [01;35m[Kkey[m[K=0;
[5.223s]       |                 [01;35m[K^~~[m[K
[5.244s] [01m[K/home/john/Desktop/rp_ros2_rviz/src/world_node.cpp:[m[K In static member function â€˜[01m[Kstatic void WorldNode::[01;32m[KonMouse[m[K(int, int, int, int, void*)[m[Kâ€™:
[5.244s] [01m[K/home/john/Desktop/rp_ros2_rviz/src/world_node.cpp:82:54:[m[K [01;35m[Kwarning: [m[Kunused parameter â€˜[01m[Kval[m[Kâ€™ [[01;35m[K]8;;https://gcc.gnu.org/onlinedocs/gcc/Warning-Options.html#index-Wunused-parameter-Wunused-parameter]8;;[m[K]
[5.244s]    82 |     static void onMouse(int event, int x, int y, [01;35m[Kint val[m[K, void* arg) {
[5.245s]       |                                                  [01;35m[K~~~~^~~[m[K
[7.388s] gmake[2]: *** [CMakeFiles/world_node.dir/build.make:76: CMakeFiles/world_node.dir/src/world_node.cpp.o] Error 1
[7.389s] gmake[1]: *** [CMakeFiles/Makefile2:165: CMakeFiles/world_node.dir/all] Error 2
[7.389s] gmake: *** [Makefile:146: all] Error 2
[7.393s] Invoked command in '/home/john/Desktop/rp_ros2_rviz/build/rp_ros2_rviz' returned '2': CMAKE_PREFIX_PATH=${CMAKE_PREFIX_PATH}:/opt/ros/jazzy DEBUGINFOD_URLS=https://debuginfod.ubuntu.com /usr/bin/cmake --build /home/john/Desktop/rp_ros2_rviz/build/rp_ros2_rviz -- -j4 -l4
