[ 33%] Built target controller_node
[ 40%] [32mBuilding CXX object CMakeFiles/world_node.dir/src/world_node.cpp.o[0m
[ 73%] Built target pathplanner_node
[01m[K/home/john/Desktop/rp_ros2_rviz/src/world_node.cpp:[m[K In constructor â€˜[01m[KWorldNode::[01;32m[KWorldNode[m[K()[m[Kâ€™:
[01m[K/home/john/Desktop/rp_ros2_rviz/src/world_node.cpp:64:5:[m[K [01;31m[Kerror: [m[Kâ€˜[01m[Kstep_pose_sub_[m[Kâ€™ was not declared in this scope; did you mean â€˜[01m[Kpose_sub_[m[Kâ€™?
   64 |     [01;31m[Kstep_pose_sub_[m[K = this->create_subscription<geometry_msgs::msg::Pose>(
      |     [01;31m[K^~~~~~~~~~~~~~[m[K
      |     [32m[Kpose_sub_[m[K
gmake[2]: *** [CMakeFiles/world_node.dir/build.make:76: CMakeFiles/world_node.dir/src/world_node.cpp.o] Error 1
gmake[1]: *** [CMakeFiles/Makefile2:167: CMakeFiles/world_node.dir/all] Error 2
gmake: *** [Makefile:146: all] Error 2
