[ 20%] Built target control_robot
[ 30%] [32mBuilding CXX object CMakeFiles/world_node.dir/src/world_node.cpp.o[0m
[01m[K/home/john/Desktop/rp_ros2_rviz/src/world_node.cpp:[m[K In constructor â€˜[01m[KWorldNode::[01;32m[KWorldNode[m[K()[m[Kâ€™:
[01m[K/home/john/Desktop/rp_ros2_rviz/src/world_node.cpp:53:17:[m[K [01;35m[Kwarning: [m[Kunused variable â€˜[01m[Kkey[m[Kâ€™ [[01;35m[K]8;;https://gcc.gnu.org/onlinedocs/gcc/Warning-Options.html#index-Wunused-variable-Wunused-variable]8;;[m[K]
   53 |             int [01;35m[Kkey[m[K=0;
      |                 [01;35m[K^~~[m[K
[01m[K/home/john/Desktop/rp_ros2_rviz/src/world_node.cpp:[m[K In static member function â€˜[01m[Kstatic void WorldNode::[01;32m[KonMouse[m[K(int, int, int, int, void*)[m[Kâ€™:
[01m[K/home/john/Desktop/rp_ros2_rviz/src/world_node.cpp:164:18:[m[K [01;31m[Kerror: [m[Kcannot call member function â€˜[01m[Kvoid WorldNode::[01;32m[Kredisplay[m[K(const GridMapping&)[m[Kâ€™ without object
  164 |         [01;31m[Kredisplay(planner->mapping)[m[K;
      |         [01;31m[K~~~~~~~~~^~~~~~~~~~~~~~~~~~[m[K
[01m[K/home/john/Desktop/rp_ros2_rviz/src/world_node.cpp:167:30:[m[K [01;31m[Kerror: [m[Kinvalid use of member â€˜[01m[KWorldNode::path[m[Kâ€™ in static member function
  167 |         planner->computePath([01;31m[Kpath[m[K,
      |                              [01;31m[K^~~~[m[K
[01m[K/home/john/Desktop/rp_ros2_rviz/src/world_node.cpp:76:21:[m[K [01;36m[Knote: [m[Kdeclared here
   76 | std::list<Vector2f> [01;36m[Kpath[m[K;
      |                     [01;36m[K^~~~[m[K
[01m[K/home/john/Desktop/rp_ros2_rviz/src/world_node.cpp:171:29:[m[K [01;31m[Kerror: [m[Kâ€˜[01m[Kuse_gradient[m[Kâ€™ was not declared in this scope
  171 |                             [01;31m[Kuse_gradient[m[K);
      |                             [01;31m[K^~~~~~~~~~~~[m[K
[01m[K/home/john/Desktop/rp_ros2_rviz/src/world_node.cpp:172:18:[m[K [01;31m[Kerror: [m[Kcannot call member function â€˜[01m[Kvoid WorldNode::[01;32m[Kredisplay[m[K(const GridMapping&)[m[Kâ€™ without object
  172 |         [01;31m[Kredisplay(planner->mapping)[m[K;
      |         [01;31m[K~~~~~~~~~^~~~~~~~~~~~~~~~~~[m[K
[01m[K/home/john/Desktop/rp_ros2_rviz/src/world_node.cpp:182:36:[m[K [01;31m[Kerror: [m[Kâ€˜[01m[Kbackground_mode[m[Kâ€™ was not declared in this scope; did you mean â€˜[01m[Kbackground_image[m[Kâ€™?
  182 |     cerr << "background_mode= " << [01;31m[Kbackground_mode[m[K << endl;
      |                                    [01;31m[K^~~~~~~~~~~~~~~[m[K
      |                                    [32m[Kbackground_image[m[K
[01m[K/home/john/Desktop/rp_ros2_rviz/src/world_node.cpp:155:54:[m[K [01;35m[Kwarning: [m[Kunused parameter â€˜[01m[Kval[m[Kâ€™ [[01;35m[K]8;;https://gcc.gnu.org/onlinedocs/gcc/Warning-Options.html#index-Wunused-parameter-Wunused-parameter]8;;[m[K]
  155 |     static void onMouse(int event, int x, int y, [01;35m[Kint val[m[K, void* arg) {
      |                                                  [01;35m[K~~~~^~~[m[K
gmake[2]: *** [CMakeFiles/world_node.dir/build.make:76: CMakeFiles/world_node.dir/src/world_node.cpp.o] Error 1
gmake[1]: *** [CMakeFiles/Makefile2:165: CMakeFiles/world_node.dir/all] Error 2
gmake: *** [Makefile:146: all] Error 2
