[ 10%] [32mBuilding CXX object CMakeFiles/control_robot.dir/src/control_robot.cpp.o[0m
[ 20%] [32mBuilding CXX object CMakeFiles/world_node.dir/src/world_node.cpp.o[0m
[01m[K/home/john/Desktop/rp_ros2_rviz/src/control_robot.cpp:[m[K In member function â€˜[01m[Kvoid ControlNode::[01;32m[KcontrolLoop[m[K()[m[Kâ€™:
[01m[K/home/john/Desktop/rp_ros2_rviz/src/control_robot.cpp:21:21:[m[K [01;31m[Kerror: [m[Kâ€˜[01m[Kkey[m[Kâ€™ was not declared in this scope; did you mean â€˜[01m[Kkey_t[m[Kâ€™?
   21 |             switch ([01;31m[Kkey[m[K) {
      |                     [01;31m[K^~~[m[K
      |                     [32m[Kkey_t[m[K
[01m[K/home/john/Desktop/rp_ros2_rviz/src/world_node.cpp:[m[K In constructor â€˜[01m[KWorldNode::[01;32m[KWorldNode[m[K()[m[Kâ€™:
[01m[K/home/john/Desktop/rp_ros2_rviz/src/world_node.cpp:28:20:[m[K [01;35m[Kwarning: [m[Kunused variable â€˜[01m[Klid[m[Kâ€™ [[01;35m[K]8;;https://gcc.gnu.org/onlinedocs/gcc/Warning-Options.html#index-Wunused-variable-Wunused-variable]8;;[m[K]
   28 |             Lidar* [01;35m[Klid[m[K = new Lidar(scan, ddr);
      |                    [01;35m[K^~~[m[K
[01m[K/home/john/Desktop/rp_ros2_rviz/src/world_node.cpp:38:17:[m[K [01;35m[Kwarning: [m[Kvariable â€˜[01m[Kkey[m[Kâ€™ set but not used [[01;35m[K]8;;https://gcc.gnu.org/onlinedocs/gcc/Warning-Options.html#index-Wunused-but-set-variable-Wunused-but-set-variable]8;;[m[K]
   38 |             int [01;35m[Kkey[m[K=0;
      |                 [01;35m[K^~~[m[K
gmake[2]: *** [CMakeFiles/control_robot.dir/build.make:76: CMakeFiles/control_robot.dir/src/control_robot.cpp.o] Error 1
gmake[1]: *** [CMakeFiles/Makefile2:139: CMakeFiles/control_robot.dir/all] Error 2
gmake[1]: *** Waiting for unfinished jobs....
[ 30%] [32m[1mLinking CXX executable world_node[0m
[ 90%] Built target world_node
gmake: *** [Makefile:146: all] Error 2
