[0.012s] Invoking command in '/home/john/Desktop/rp_ros2_rviz/build/rp_ros2_rviz': CMAKE_PREFIX_PATH=${CMAKE_PREFIX_PATH}:/opt/ros/jazzy DEBUGINFOD_URLS=https://debuginfod.ubuntu.com /usr/bin/cmake --build /home/john/Desktop/rp_ros2_rviz/build/rp_ros2_rviz -- -j4 -l4
[0.084s] [ 10%] [32mBuilding CXX object CMakeFiles/control_robot.dir/src/control_robot.cpp.o[0m
[0.093s] [ 20%] [32mBuilding CXX object CMakeFiles/world_node.dir/src/world_node.cpp.o[0m
[3.479s] [01m[K/home/john/Desktop/rp_ros2_rviz/src/control_robot.cpp:[m[K In member function â€˜[01m[Kvoid ControlNode::[01;32m[KcontrolLoop[m[K()[m[Kâ€™:
[3.479s] [01m[K/home/john/Desktop/rp_ros2_rviz/src/control_robot.cpp:21:21:[m[K [01;31m[Kerror: [m[Kâ€˜[01m[Kkey[m[Kâ€™ was not declared in this scope; did you mean â€˜[01m[Kkey_t[m[Kâ€™?
[3.479s]    21 |             switch ([01;31m[Kkey[m[K) {
[3.479s]       |                     [01;31m[K^~~[m[K
[3.479s]       |                     [32m[Kkey_t[m[K
[3.646s] [01m[K/home/john/Desktop/rp_ros2_rviz/src/world_node.cpp:[m[K In constructor â€˜[01m[KWorldNode::[01;32m[KWorldNode[m[K()[m[Kâ€™:
[3.646s] [01m[K/home/john/Desktop/rp_ros2_rviz/src/world_node.cpp:28:20:[m[K [01;35m[Kwarning: [m[Kunused variable â€˜[01m[Klid[m[Kâ€™ [[01;35m[K]8;;https://gcc.gnu.org/onlinedocs/gcc/Warning-Options.html#index-Wunused-variable-Wunused-variable]8;;[m[K]
[3.646s]    28 |             Lidar* [01;35m[Klid[m[K = new Lidar(scan, ddr);
[3.646s]       |                    [01;35m[K^~~[m[K
[3.646s] [01m[K/home/john/Desktop/rp_ros2_rviz/src/world_node.cpp:38:17:[m[K [01;35m[Kwarning: [m[Kvariable â€˜[01m[Kkey[m[Kâ€™ set but not used [[01;35m[K]8;;https://gcc.gnu.org/onlinedocs/gcc/Warning-Options.html#index-Wunused-but-set-variable-Wunused-but-set-variable]8;;[m[K]
[3.646s]    38 |             int [01;35m[Kkey[m[K=0;
[3.646s]       |                 [01;35m[K^~~[m[K
[5.273s] gmake[2]: *** [CMakeFiles/control_robot.dir/build.make:76: CMakeFiles/control_robot.dir/src/control_robot.cpp.o] Error 1
[5.273s] gmake[1]: *** [CMakeFiles/Makefile2:139: CMakeFiles/control_robot.dir/all] Error 2
[5.273s] gmake[1]: *** Waiting for unfinished jobs....
[8.027s] [ 30%] [32m[1mLinking CXX executable world_node[0m
[9.059s] [ 90%] Built target world_node
[9.061s] gmake: *** [Makefile:146: all] Error 2
[9.064s] Invoked command in '/home/john/Desktop/rp_ros2_rviz/build/rp_ros2_rviz' returned '2': CMAKE_PREFIX_PATH=${CMAKE_PREFIX_PATH}:/opt/ros/jazzy DEBUGINFOD_URLS=https://debuginfod.ubuntu.com /usr/bin/cmake --build /home/john/Desktop/rp_ros2_rviz/build/rp_ros2_rviz -- -j4 -l4
