[0.035s] Invoking command in '/home/john/Desktop/rp_ros2_rviz/build/rp_ros2_rviz': CMAKE_PREFIX_PATH=${CMAKE_PREFIX_PATH}:/opt/ros/jazzy DEBUGINFOD_URLS=https://debuginfod.ubuntu.com /usr/bin/cmake --build /home/john/Desktop/rp_ros2_rviz/build/rp_ros2_rviz -- -j4 -l4
[0.130s] [ 16%] Built target control_robot
[0.167s] [ 25%] [32mBuilding CXX object CMakeFiles/world_node.dir/src/world_node.cpp.o[0m
[4.527s] [01m[K/home/john/Desktop/rp_ros2_rviz/src/world_node.cpp:[m[K In constructor â€˜[01m[KWorldNode::[01;32m[KWorldNode[m[K()[m[Kâ€™:
[4.527s] [01m[K/home/john/Desktop/rp_ros2_rviz/src/world_node.cpp:59:17:[m[K [01;31m[Kerror: [m[Kâ€˜[01m[KdrawObstacles[m[Kâ€™ was not declared in this scope; did you mean â€˜[01m[KprintObstacles[m[Kâ€™?
[4.527s]    59 |                 [01;31m[KdrawObstacles[m[K(canvas);
[4.527s]       |                 [01;31m[K^~~~~~~~~~~~~[m[K
[4.528s]       |                 [32m[KprintObstacles[m[K
[4.528s] [01m[K/home/john/Desktop/rp_ros2_rviz/src/world_node.cpp:55:17:[m[K [01;35m[Kwarning: [m[Kunused variable â€˜[01m[Kkey[m[Kâ€™ [[01;35m[K]8;;https://gcc.gnu.org/onlinedocs/gcc/Warning-Options.html#index-Wunused-variable-Wunused-variable]8;;[m[K]
[4.529s]    55 |             int [01;35m[Kkey[m[K=0;
[4.529s]       |                 [01;35m[K^~~[m[K
[4.553s] [01m[K/home/john/Desktop/rp_ros2_rviz/src/world_node.cpp:[m[K In static member function â€˜[01m[Kstatic void WorldNode::[01;32m[KonMouse[m[K(int, int, int, int, void*)[m[Kâ€™:
[4.553s] [01m[K/home/john/Desktop/rp_ros2_rviz/src/world_node.cpp:83:54:[m[K [01;35m[Kwarning: [m[Kunused parameter â€˜[01m[Kval[m[Kâ€™ [[01;35m[K]8;;https://gcc.gnu.org/onlinedocs/gcc/Warning-Options.html#index-Wunused-parameter-Wunused-parameter]8;;[m[K]
[4.553s]    83 |     static void onMouse(int event, int x, int y, [01;35m[Kint val[m[K, void* arg) {
[4.553s]       |                                                  [01;35m[K~~~~^~~[m[K
[6.745s] gmake[2]: *** [CMakeFiles/world_node.dir/build.make:76: CMakeFiles/world_node.dir/src/world_node.cpp.o] Error 1
[6.746s] gmake[1]: *** [CMakeFiles/Makefile2:165: CMakeFiles/world_node.dir/all] Error 2
[6.746s] gmake: *** [Makefile:146: all] Error 2
[6.750s] Invoked command in '/home/john/Desktop/rp_ros2_rviz/build/rp_ros2_rviz' returned '2': CMAKE_PREFIX_PATH=${CMAKE_PREFIX_PATH}:/opt/ros/jazzy DEBUGINFOD_URLS=https://debuginfod.ubuntu.com /usr/bin/cmake --build /home/john/Desktop/rp_ros2_rviz/build/rp_ros2_rviz -- -j4 -l4
