[ 22%] Built target listener_node
[ 44%] Built target canvas_node
[ 55%] [32mBuilding CXX object CMakeFiles/world_node.dir/src/world_node.cpp.o[0m
[ 66%] [32mBuilding CXX object CMakeFiles/world_node.dir/src/grid_map.cpp.o[0m
[01m[K/home/john/Desktop/rp_ros2_rviz/src/grid_map.cpp:[m[K In member function â€˜[01m[Kvirtual void GridMap::[01;32m[Kdraw[m[K(Canvas&) const[m[Kâ€™:
[01m[K/home/john/Desktop/rp_ros2_rviz/src/grid_map.cpp:80:9:[m[K [01;35m[Kwarning: [m[Kvariable â€˜[01m[Kt[m[Kâ€™ set but not used [[01;35m[K]8;;https://gcc.gnu.org/onlinedocs/gcc/Warning-Options.html#index-Wunused-but-set-variable-Wunused-but-set-variable]8;;[m[K]
   80 |   Vec2f [01;35m[Kt[m[K=_piw.t*(1./dest.resolution);
      |         [01;35m[K^[m[K
[01m[K/home/john/Desktop/rp_ros2_rviz/src/grid_map.cpp:[m[K In member function â€˜[01m[Kvoid GridMap::[01;32m[KprintGridMap[m[K() const[m[Kâ€™:
[01m[K/home/john/Desktop/rp_ros2_rviz/src/grid_map.cpp:96:23:[m[K [01;31m[Kerror: [m[Kâ€˜[01m[KgetValue[m[Kâ€™ was not declared in this scope
   96 |           int value = [01;31m[KgetValue[m[K(r, c);  // O usa cv_image per ottenere i valori
      |                       [01;31m[K^~~~~~~~[m[K
gmake[2]: *** [CMakeFiles/world_node.dir/build.make:104: CMakeFiles/world_node.dir/src/grid_map.cpp.o] Error 1
gmake[2]: *** Waiting for unfinished jobs....
gmake[1]: *** [CMakeFiles/Makefile2:193: CMakeFiles/world_node.dir/all] Error 2
gmake: *** [Makefile:146: all] Error 2
