[ 80%] Built target world_node
[ 90%] [32mBuilding CXX object CMakeFiles/control_robot.dir/src/control_robot.cpp.o[0m
[01m[K/home/john/Desktop/rp_ros2_rviz/src/control_robot.cpp:[m[K In member function â€˜[01m[Kvoid ControlNode::[01;32m[KcontrolLoop[m[K()[m[Kâ€™:
[01m[K/home/john/Desktop/rp_ros2_rviz/src/control_robot.cpp:20:24:[m[K [01;31m[Kerror: [m[Kâ€˜[01m[KgetKey[m[Kâ€™ was not declared in this scope
   20 |             char key = [01;31m[KgetKey[m[K();  // Ottieni il tasto premuto
      |                        [01;31m[K^~~~~~[m[K
gmake[2]: *** [CMakeFiles/control_robot.dir/build.make:76: CMakeFiles/control_robot.dir/src/control_robot.cpp.o] Error 1
gmake[1]: *** [CMakeFiles/Makefile2:139: CMakeFiles/control_robot.dir/all] Error 2
gmake: *** [Makefile:146: all] Error 2
