[01m[K/home/john/Desktop/rp_ros2_rviz/src/world_node.cpp:4:10:[m[K [01;31m[Kfatal error: [m[Kcv_bridge/cv_bridge.hpp: No such file or directory
    4 | #include [01;31m[K<cv_bridge/cv_bridge.hpp>[m[K
      |          [01;31m[K^~~~~~~~~~~~~~~~~~~~~~~~~[m[K
compilation terminated.
make[2]: *** [CMakeFiles/world_node.dir/build.make:63: CMakeFiles/world_node.dir/src/world_node.cpp.o] Error 1
make[1]: *** [CMakeFiles/Makefile2:140: CMakeFiles/world_node.dir/all] Error 2
make[1]: *** Waiting for unfinished jobs....
[01m[K/home/john/Desktop/rp_ros2_rviz/src/particle_node_filter.cpp:10:10:[m[K [01;31m[Kfatal error: [m[Ktf2_geometry_msgs/tf2_geometry_msgs.hpp: No such file or directory
   10 | #include [01;31m[K<tf2_geometry_msgs/tf2_geometry_msgs.hpp>[m[K
      |          [01;31m[K^~~~~~~~~~~~~~~~~~~~~~~~~~~~~~~~~~~~~~~~~[m[K
compilation terminated.
make[2]: *** [CMakeFiles/particle_node_filter.dir/build.make:63: CMakeFiles/particle_node_filter.dir/src/particle_node_filter.cpp.o] Error 1
make[1]: *** [CMakeFiles/Makefile2:194: CMakeFiles/particle_node_filter.dir/all] Error 2
[01m[K/home/john/Desktop/rp_ros2_rviz/src/dmap_planner.cpp:[m[K In member function â€˜[01m[Kvoid DMapPlanner::computePolicy(const Vector2f&)[m[Kâ€™:
[01m[K/home/john/Desktop/rp_ros2_rviz/src/dmap_planner.cpp:54:8:[m[K [01;35m[Kwarning: [m[Kunused variable â€˜[01m[Kstep_mode[m[Kâ€™ [[01;35m[K-Wunused-variable[m[K]
   54 |   bool [01;35m[Kstep_mode[m[K=true;
      |        [01;35m[K^~~~~~~~~[m[K
[01m[K/home/john/Desktop/rp_ros2_rviz/src/dmap_planner.cpp:[m[K In member function â€˜[01m[Kvoid DMapPlanner::computePolicy(const Vector2f&)[m[Kâ€™:
[01m[K/home/john/Desktop/rp_ros2_rviz/src/dmap_planner.cpp:54:8:[m[K [01;35m[Kwarning: [m[Kunused variable â€˜[01m[Kstep_mode[m[Kâ€™ [[01;35m[K-Wunused-variable[m[K]
   54 |   bool [01;35m[Kstep_mode[m[K=true;
      |        [01;35m[K^~~~~~~~~[m[K
[01m[K/home/john/Desktop/rp_ros2_rviz/src/pathplanner_node.cpp:[m[K In member function â€˜[01m[Kvoid PathPlanner::makePath(const std::shared_ptr<DMap>&, float, float, const Vector2f&)[m[Kâ€™:
[01m[K/home/john/Desktop/rp_ros2_rviz/src/pathplanner_node.cpp:129:48:[m[K [01;35m[Kwarning: [m[Kunused parameter â€˜[01m[Kdmap[m[Kâ€™ [[01;35m[K-Wunused-parameter[m[K]
  129 |     void makePath([01;35m[Kconst std::shared_ptr<DMap>& dmap[m[K, float resolution, float expansion_range, const Eigen::Vector2f& goal_position){
      |                   [01;35m[K~~~~~~~~~~~~~~~~~~~~~~~~~~~~~^~~~[m[K
[01m[K/home/john/Desktop/rp_ros2_rviz/src/pathplanner_node.cpp:129:60:[m[K [01;35m[Kwarning: [m[Kunused parameter â€˜[01m[Kresolution[m[Kâ€™ [[01;35m[K-Wunused-parameter[m[K]
  129 |     void makePath(const std::shared_ptr<DMap>& dmap, [01;35m[Kfloat resolution[m[K, float expansion_range, const Eigen::Vector2f& goal_position){
      |                                                      [01;35m[K~~~~~~^~~~~~~~~~[m[K
[01m[K/home/john/Desktop/rp_ros2_rviz/src/pathplanner_node.cpp:129:78:[m[K [01;35m[Kwarning: [m[Kunused parameter â€˜[01m[Kexpansion_range[m[Kâ€™ [[01;35m[K-Wunused-parameter[m[K]
  129 |     void makePath(const std::shared_ptr<DMap>& dmap, float resolution, [01;35m[Kfloat expansion_range[m[K, const Eigen::Vector2f& goal_position){
      |                                                                        [01;35m[K~~~~~~^~~~~~~~~~~~~~~[m[K
make: *** [Makefile:141: all] Error 2
