[0.009s] Invoking command in '/home/john/Desktop/rp_ros2_rviz/build/rp_ros2_rviz': CMAKE_PREFIX_PATH=${CMAKE_PREFIX_PATH}:/opt/ros/foxy /usr/bin/cmake --build /home/john/Desktop/rp_ros2_rviz/build/rp_ros2_rviz -- -j4 -l4
[0.058s] [35m[1mScanning dependencies of target pathplanner_node[0m
[0.080s] [  4%] [32mBuilding CXX object CMakeFiles/particle_node_filter.dir/src/particle_node_filter.cpp.o[0m
[0.084s] [  8%] [32mBuilding CXX object CMakeFiles/world_node.dir/src/world_node.cpp.o[0m
[0.084s] [ 28%] Built target controller_node
[0.134s] [35m[1mScanning dependencies of target mapserver[0m
[0.161s] [01m[K/home/john/Desktop/rp_ros2_rviz/src/world_node.cpp:4:10:[m[K [01;31m[Kfatal error: [m[Kcv_bridge/cv_bridge.hpp: No such file or directory
[0.162s]     4 | #include [01;31m[K<cv_bridge/cv_bridge.hpp>[m[K
[0.162s]       |          [01;31m[K^~~~~~~~~~~~~~~~~~~~~~~~~[m[K
[0.162s] compilation terminated.
[0.164s] make[2]: *** [CMakeFiles/world_node.dir/build.make:63: CMakeFiles/world_node.dir/src/world_node.cpp.o] Error 1
[0.164s] make[1]: *** [CMakeFiles/Makefile2:140: CMakeFiles/world_node.dir/all] Error 2
[0.164s] make[1]: *** Waiting for unfinished jobs....
[0.168s] [ 32%] [32mBuilding CXX object CMakeFiles/mapserver.dir/src/mapserver.cpp.o[0m
[0.170s] [ 36%] [32mBuilding CXX object CMakeFiles/pathplanner_node.dir/src/dmap_planner.cpp.o[0m
[0.172s] [ 40%] [32mBuilding CXX object CMakeFiles/pathplanner_node.dir/src/pathplanner_node.cpp.o[0m
[0.236s] [01m[K/home/john/Desktop/rp_ros2_rviz/src/particle_node_filter.cpp:10:10:[m[K [01;31m[Kfatal error: [m[Ktf2_geometry_msgs/tf2_geometry_msgs.hpp: No such file or directory
[0.236s]    10 | #include [01;31m[K<tf2_geometry_msgs/tf2_geometry_msgs.hpp>[m[K
[0.236s]       |          [01;31m[K^~~~~~~~~~~~~~~~~~~~~~~~~~~~~~~~~~~~~~~~~[m[K
[0.236s] compilation terminated.
[0.238s] make[2]: *** [CMakeFiles/particle_node_filter.dir/build.make:63: CMakeFiles/particle_node_filter.dir/src/particle_node_filter.cpp.o] Error 1
[0.239s] make[1]: *** [CMakeFiles/Makefile2:194: CMakeFiles/particle_node_filter.dir/all] Error 2
[0.270s] [ 44%] [32mBuilding CXX object CMakeFiles/mapserver.dir/src/dmap_planner.cpp.o[0m
[0.766s] [01m[K/home/john/Desktop/rp_ros2_rviz/src/dmap_planner.cpp:[m[K In member function â€˜[01m[Kvoid DMapPlanner::computePolicy(const Vector2f&)[m[Kâ€™:
[0.766s] [01m[K/home/john/Desktop/rp_ros2_rviz/src/dmap_planner.cpp:54:8:[m[K [01;35m[Kwarning: [m[Kunused variable â€˜[01m[Kstep_mode[m[Kâ€™ [[01;35m[K-Wunused-variable[m[K]
[0.766s]    54 |   bool [01;35m[Kstep_mode[m[K=true;
[0.766s]       |        [01;35m[K^~~~~~~~~[m[K
[0.890s] [01m[K/home/john/Desktop/rp_ros2_rviz/src/dmap_planner.cpp:[m[K In member function â€˜[01m[Kvoid DMapPlanner::computePolicy(const Vector2f&)[m[Kâ€™:
[0.890s] [01m[K/home/john/Desktop/rp_ros2_rviz/src/dmap_planner.cpp:54:8:[m[K [01;35m[Kwarning: [m[Kunused variable â€˜[01m[Kstep_mode[m[Kâ€™ [[01;35m[K-Wunused-variable[m[K]
[0.890s]    54 |   bool [01;35m[Kstep_mode[m[K=true;
[0.890s]       |        [01;35m[K^~~~~~~~~[m[K
[1.481s] [ 48%] [32mBuilding CXX object CMakeFiles/pathplanner_node.dir/src/dmap.cpp.o[0m
[1.595s] [ 52%] [32mBuilding CXX object CMakeFiles/mapserver.dir/src/dmap.cpp.o[0m
[2.168s] [ 56%] [32mBuilding CXX object CMakeFiles/pathplanner_node.dir/src/robot.cpp.o[0m
[2.273s] [ 60%] [32mBuilding CXX object CMakeFiles/mapserver.dir/src/robot.cpp.o[0m
[2.412s] [01m[K/home/john/Desktop/rp_ros2_rviz/src/pathplanner_node.cpp:[m[K In member function â€˜[01m[Kvoid PathPlanner::makePath(const std::shared_ptr<DMap>&, float, float, const Vector2f&)[m[Kâ€™:
[2.412s] [01m[K/home/john/Desktop/rp_ros2_rviz/src/pathplanner_node.cpp:129:48:[m[K [01;35m[Kwarning: [m[Kunused parameter â€˜[01m[Kdmap[m[Kâ€™ [[01;35m[K-Wunused-parameter[m[K]
[2.412s]   129 |     void makePath([01;35m[Kconst std::shared_ptr<DMap>& dmap[m[K, float resolution, float expansion_range, const Eigen::Vector2f& goal_position){
[2.412s]       |                   [01;35m[K~~~~~~~~~~~~~~~~~~~~~~~~~~~~~^~~~[m[K
[2.412s] [01m[K/home/john/Desktop/rp_ros2_rviz/src/pathplanner_node.cpp:129:60:[m[K [01;35m[Kwarning: [m[Kunused parameter â€˜[01m[Kresolution[m[Kâ€™ [[01;35m[K-Wunused-parameter[m[K]
[2.412s]   129 |     void makePath(const std::shared_ptr<DMap>& dmap, [01;35m[Kfloat resolution[m[K, float expansion_range, const Eigen::Vector2f& goal_position){
[2.412s]       |                                                      [01;35m[K~~~~~~^~~~~~~~~~[m[K
[2.412s] [01m[K/home/john/Desktop/rp_ros2_rviz/src/pathplanner_node.cpp:129:78:[m[K [01;35m[Kwarning: [m[Kunused parameter â€˜[01m[Kexpansion_range[m[Kâ€™ [[01;35m[K-Wunused-parameter[m[K]
[2.413s]   129 |     void makePath(const std::shared_ptr<DMap>& dmap, float resolution, [01;35m[Kfloat expansion_range[m[K, const Eigen::Vector2f& goal_position){
[2.413s]       |                                                                        [01;35m[K~~~~~~^~~~~~~~~~~~~~~[m[K
[3.244s] [ 64%] [32m[1mLinking CXX executable mapserver[0m
[3.662s] [ 64%] Built target mapserver
[6.047s] [ 68%] [32m[1mLinking CXX executable pathplanner_node[0m
[6.372s] [ 68%] Built target pathplanner_node
[6.373s] make: *** [Makefile:141: all] Error 2
[6.375s] Invoked command in '/home/john/Desktop/rp_ros2_rviz/build/rp_ros2_rviz' returned '2': CMAKE_PREFIX_PATH=${CMAKE_PREFIX_PATH}:/opt/ros/foxy /usr/bin/cmake --build /home/john/Desktop/rp_ros2_rviz/build/rp_ros2_rviz -- -j4 -l4
