[0.026s] Invoking command in '/home/john/Desktop/rp_ros2_rviz/build/rp_ros2_rviz': CMAKE_PREFIX_PATH=${CMAKE_PREFIX_PATH}:/home/john/Desktop/path_ros/rp_ros2_rviz/install/rp_ros2_rviz:/opt/ros/jazzy DEBUGINFOD_URLS=https://debuginfod.ubuntu.com /usr/bin/cmake --build /home/john/Desktop/rp_ros2_rviz/build/rp_ros2_rviz -- -j4 -l4
[0.101s] [ 33%] Built target pathplanner_node
[0.105s] [ 66%] Built target world_node
[0.106s] [ 73%] [32mBuilding CXX object CMakeFiles/controller_node.dir/src/controller_node.cpp.o[0m
[2.047s] [01m[K/home/john/Desktop/rp_ros2_rviz/src/controller_node.cpp:[m[K In constructor â€˜[01m[KControllerNode::[01;32m[KControllerNode[m[K()[m[Kâ€™:
[2.047s] [01m[K/home/john/Desktop/rp_ros2_rviz/src/controller_node.cpp:18:62:[m[K [01;31m[Kerror: [m[Kâ€˜[01m[KBool[m[Kâ€™ is not a member of â€˜[01m[Kstd_msgs::msg[m[Kâ€™
[2.047s]    18 |         stop_sub_ = this->create_subscription<std_msgs::msg::[01;31m[KBool[m[K>(
[2.047s]       |                                                              [01;31m[K^~~~[m[K
[2.047s] [01m[K/home/john/Desktop/rp_ros2_rviz/src/controller_node.cpp:20:41:[m[K [01;31m[Kerror: [m[Kâ€˜[01m[KBool[m[Kâ€™ in namespace â€˜[01m[Kstd_msgs::msg[m[Kâ€™ does not name a type
[2.047s]    20 |             [this](const std_msgs::msg::[01;31m[KBool[m[K::SharedPtr msg) {
[2.047s]       |                                         [01;31m[K^~~~[m[K
[2.047s] [01m[K/home/john/Desktop/rp_ros2_rviz/src/controller_node.cpp:[m[K In lambda function:
[2.047s] [01m[K/home/john/Desktop/rp_ros2_rviz/src/controller_node.cpp:27:15:[m[K [01;31m[Kerror: [m[Kexpected â€˜[01m[K{[m[Kâ€™ before â€˜[01m[K;[m[Kâ€™ token
[2.047s]    27 |             })[01;31m[K;[m[K
[2.047s]       |               [01;31m[K^[m[K
[2.047s] [01m[K/home/john/Desktop/rp_ros2_rviz/src/controller_node.cpp:[m[K In constructor â€˜[01m[KControllerNode::[01;32m[KControllerNode[m[K()[m[Kâ€™:
[2.047s] [01m[K/home/john/Desktop/rp_ros2_rviz/src/controller_node.cpp:27:15:[m[K [01;31m[Kerror: [m[Kexpected â€˜[01m[K)[m[Kâ€™ before â€˜[01m[K;[m[Kâ€™ token
[2.047s] [01m[K/home/john/Desktop/rp_ros2_rviz/src/controller_node.cpp:18:67:[m[K [01;36m[Knote: [m[Kto match this â€˜[01m[K([m[Kâ€™
[2.048s]    18 |         stop_sub_ = this->create_subscription<std_msgs::msg::Bool>[01;36m[K([m[K
[2.048s]       |                                                                   [01;36m[K^[m[K
[3.970s] gmake[2]: *** [CMakeFiles/controller_node.dir/build.make:76: CMakeFiles/controller_node.dir/src/controller_node.cpp.o] Error 1
[3.971s] gmake[1]: *** [CMakeFiles/Makefile2:141: CMakeFiles/controller_node.dir/all] Error 2
[3.971s] gmake: *** [Makefile:146: all] Error 2
[3.977s] Invoked command in '/home/john/Desktop/rp_ros2_rviz/build/rp_ros2_rviz' returned '2': CMAKE_PREFIX_PATH=${CMAKE_PREFIX_PATH}:/home/john/Desktop/path_ros/rp_ros2_rviz/install/rp_ros2_rviz:/opt/ros/jazzy DEBUGINFOD_URLS=https://debuginfod.ubuntu.com /usr/bin/cmake --build /home/john/Desktop/rp_ros2_rviz/build/rp_ros2_rviz -- -j4 -l4
