[01m[K/home/john/Desktop/rp_ros2_rviz/src/world_node.cpp:[m[K In constructor â€˜[01m[KWorldNode::[01;32m[KWorldNode[m[K()[m[Kâ€™:
[01m[K/home/john/Desktop/rp_ros2_rviz/src/world_node.cpp:35:17:[m[K [01;31m[Kerror: [m[Kâ€˜[01m[Ktv[m[Kâ€™ was not declared in this scope; did you mean â€˜[01m[Ktm[m[Kâ€™?
   35 |                 [01;31m[Ktv[m[K=0; rv=0;
      |                 [01;31m[K^~[m[K
      |                 [32m[Ktm[m[K
[01m[K/home/john/Desktop/rp_ros2_rviz/src/world_node.cpp:35:23:[m[K [01;31m[Kerror: [m[Kâ€˜[01m[Krv[m[Kâ€™ was not declared in this scope; did you mean â€˜[01m[Kcv[m[Kâ€™?
   35 |                 tv=0; [01;31m[Krv[m[K=0;
      |                       [01;31m[K^~[m[K
      |                       [32m[Kcv[m[K
[01m[K/home/john/Desktop/rp_ros2_rviz/src/world_node.cpp:36:17:[m[K [01;31m[Kerror: [m[Kâ€˜[01m[Kw[m[Kâ€™ was not declared in this scope
   36 |                 [01;31m[Kw[m[K.draw(canvas);
      |                 [01;31m[K^[m[K
[01m[K/home/john/Desktop/rp_ros2_rviz/src/world_node.cpp:38:17:[m[K [01;31m[Kerror: [m[Kâ€˜[01m[Kkey[m[Kâ€™ was not declared in this scope; did you mean â€˜[01m[Kkey_t[m[Kâ€™?
   38 |                 [01;31m[Kkey[m[K=cv::waitKey(0);
      |                 [01;31m[K^~~[m[K
      |                 [32m[Kkey_t[m[K
[01m[K/home/john/Desktop/rp_ros2_rviz/src/world_node.cpp:28:20:[m[K [01;35m[Kwarning: [m[Kunused variable â€˜[01m[Klid[m[Kâ€™ [[01;35m[K]8;;https://gcc.gnu.org/onlinedocs/gcc/Warning-Options.html#index-Wunused-variable-Wunused-variable]8;;[m[K]
   28 |             Lidar* [01;35m[Klid[m[K = new Lidar(scan, ddr);
      |                    [01;35m[K^~~[m[K
gmake[2]: *** [CMakeFiles/world_node.dir/build.make:76: CMakeFiles/world_node.dir/src/world_node.cpp.o] Error 1
gmake[1]: *** [CMakeFiles/Makefile2:137: CMakeFiles/world_node.dir/all] Error 2
gmake: *** [Makefile:146: all] Error 2
