[0.021s] Invoking command in '/home/john/Desktop/rp_ros2_rviz/build/rp_ros2_rviz': CMAKE_PREFIX_PATH=${CMAKE_PREFIX_PATH}:/home/john/Desktop/path_ros/rp_ros2_rviz/install/rp_ros2_rviz:/opt/ros/jazzy DEBUGINFOD_URLS=https://debuginfod.ubuntu.com /usr/bin/cmake --build /home/john/Desktop/rp_ros2_rviz/build/rp_ros2_rviz -- -j4 -l4
[0.106s] [ 33%] Built target pathplanner_node
[0.109s] [ 40%] [32mBuilding CXX object CMakeFiles/world_node.dir/src/world_node.cpp.o[0m
[0.114s] [ 46%] [32mBuilding CXX object CMakeFiles/controller_node.dir/src/controller_node.cpp.o[0m
[2.526s] [01m[K/home/john/Desktop/rp_ros2_rviz/src/controller_node.cpp:[m[K In constructor â€˜[01m[KControllerNode::[01;32m[KControllerNode[m[K()[m[Kâ€™:
[2.526s] [01m[K/home/john/Desktop/rp_ros2_rviz/src/controller_node.cpp:18:9:[m[K [01;31m[Kerror: [m[Kâ€˜[01m[Kstop_sub_[m[Kâ€™ was not declared in this scope
[2.526s]    18 |         [01;31m[Kstop_sub_[m[K = this->create_subscription<std_msgs::msg::Bool>(
[2.526s]       |         [01;31m[K^~~~~~~~~[m[K
[2.528s] [01m[K/home/john/Desktop/rp_ros2_rviz/src/controller_node.cpp:18:62:[m[K [01;31m[Kerror: [m[Kâ€˜[01m[KBool[m[Kâ€™ is not a member of â€˜[01m[Kstd_msgs::msg[m[Kâ€™
[2.528s]    18 |         stop_sub_ = this->create_subscription<std_msgs::msg::[01;31m[KBool[m[K>(
[2.528s]       |                                                              [01;31m[K^~~~[m[K
[2.529s] [01m[K/home/john/Desktop/rp_ros2_rviz/src/controller_node.cpp:20:41:[m[K [01;31m[Kerror: [m[Kâ€˜[01m[KBool[m[Kâ€™ in namespace â€˜[01m[Kstd_msgs::msg[m[Kâ€™ does not name a type
[2.529s]    20 |             [this](const std_msgs::msg::[01;31m[KBool[m[K::SharedPtr msg) {
[2.529s]       |                                         [01;31m[K^~~~[m[K
[2.529s] [01m[K/home/john/Desktop/rp_ros2_rviz/src/controller_node.cpp:[m[K In lambda function:
[2.529s] [01m[K/home/john/Desktop/rp_ros2_rviz/src/controller_node.cpp:27:15:[m[K [01;31m[Kerror: [m[Kexpected â€˜[01m[K{[m[Kâ€™ before â€˜[01m[K;[m[Kâ€™ token
[2.529s]    27 |             })[01;31m[K;[m[K
[2.529s]       |               [01;31m[K^[m[K
[2.529s] [01m[K/home/john/Desktop/rp_ros2_rviz/src/controller_node.cpp:[m[K In constructor â€˜[01m[KControllerNode::[01;32m[KControllerNode[m[K()[m[Kâ€™:
[2.529s] [01m[K/home/john/Desktop/rp_ros2_rviz/src/controller_node.cpp:27:15:[m[K [01;31m[Kerror: [m[Kexpected â€˜[01m[K)[m[Kâ€™ before â€˜[01m[K;[m[Kâ€™ token
[2.529s] [01m[K/home/john/Desktop/rp_ros2_rviz/src/controller_node.cpp:18:67:[m[K [01;36m[Knote: [m[Kto match this â€˜[01m[K([m[Kâ€™
[2.529s]    18 |         stop_sub_ = this->create_subscription<std_msgs::msg::Bool>[01;36m[K([m[K
[2.529s]       |                                                                   [01;36m[K^[m[K
[4.825s] gmake[2]: *** [CMakeFiles/controller_node.dir/build.make:76: CMakeFiles/controller_node.dir/src/controller_node.cpp.o] Error 1
[4.826s] gmake[1]: *** [CMakeFiles/Makefile2:141: CMakeFiles/controller_node.dir/all] Error 2
[4.826s] gmake[1]: *** Waiting for unfinished jobs....
[12.620s] [ 53%] [32m[1mLinking CXX executable world_node[0m
[14.322s] [ 73%] Built target world_node
[14.324s] gmake: *** [Makefile:146: all] Error 2
[14.328s] Invoked command in '/home/john/Desktop/rp_ros2_rviz/build/rp_ros2_rviz' returned '2': CMAKE_PREFIX_PATH=${CMAKE_PREFIX_PATH}:/home/john/Desktop/path_ros/rp_ros2_rviz/install/rp_ros2_rviz:/opt/ros/jazzy DEBUGINFOD_URLS=https://debuginfod.ubuntu.com /usr/bin/cmake --build /home/john/Desktop/rp_ros2_rviz/build/rp_ros2_rviz -- -j4 -l4
