[35m[1mScanning dependencies of target particle_node_filter[0m
[ 20%] Built target world_node
[ 24%] [32mBuilding CXX object CMakeFiles/particle_node_filter.dir/src/particle_node_filter.cpp.o[0m
[ 44%] Built target controller_node
[ 64%] Built target pathplanner_node
[ 84%] Built target mapserver
[01m[K/home/john/Desktop/rp_ros2_rviz/src/particle_node_filter.cpp:47:42:[m[K [01;31m[Kerror: [m[Kâ€˜[01m[KOdometry[m[Kâ€™ in namespace â€˜[01m[Knav_msgs::msg[m[Kâ€™ does not name a type
   47 |   void odomCallback(const nav_msgs::msg::[01;31m[KOdometry[m[K::SharedPtr msg) {
      |                                          [01;31m[K^~~~~~~~[m[K
[01m[K/home/john/Desktop/rp_ros2_rviz/src/particle_node_filter.cpp:47:62:[m[K [01;31m[Kerror: [m[Kexpected unqualified-id before â€˜[01m[Kmsg[m[Kâ€™
   47 |   void odomCallback(const nav_msgs::msg::Odometry::SharedPtr [01;31m[Kmsg[m[K) {
      |                                                              [01;31m[K^~~[m[K
[01m[K/home/john/Desktop/rp_ros2_rviz/src/particle_node_filter.cpp:47:61:[m[K [01;31m[Kerror: [m[Kexpected â€˜[01m[K)[m[Kâ€™ before â€˜[01m[Kmsg[m[Kâ€™
   47 |   void odomCallback[34m[K([m[Kconst nav_msgs::msg::Odometry::SharedPtr[01;31m[K [m[K[32m[Kmsg[m[K) {
      |                    [34m[K~[m[K                                        [01;31m[K^[m[K[32m[K~~~[m[K
      |                                                             [32m[K)[m[K
[01m[K/home/john/Desktop/rp_ros2_rviz/src/particle_node_filter.cpp:47:52:[m[K [01;31m[Kerror: [m[Kexpected â€˜[01m[K;[m[Kâ€™ at end of member declaration
   47 |   void odomCallback(const nav_msgs::msg::Odometry::[01;31m[KSharedPtr[m[K msg) {
      |                                                    [01;31m[K^~~~~~~~~[m[K
      |                                                             [32m[K;[m[K
[01m[K/home/john/Desktop/rp_ros2_rviz/src/particle_node_filter.cpp:47:62:[m[K [01;31m[Kerror: [m[Kâ€˜[01m[Kmsg[m[Kâ€™ does not name a type
   47 |   void odomCallback(const nav_msgs::msg::Odometry::SharedPtr [01;31m[Kmsg[m[K) {
      |                                                              [01;31m[K^~~[m[K
[01m[K/home/john/Desktop/rp_ros2_rviz/src/particle_node_filter.cpp:120:39:[m[K [01;31m[Kerror: [m[Kâ€˜[01m[KOdometry[m[Kâ€™ is not a member of â€˜[01m[Knav_msgs::msg[m[Kâ€™
  120 |   rclcpp::Subscription<nav_msgs::msg::[01;31m[KOdometry[m[K>::SharedPtr odom_sub_;
      |                                       [01;31m[K^~~~~~~~[m[K
[01m[K/home/john/Desktop/rp_ros2_rviz/src/particle_node_filter.cpp:120:39:[m[K [01;31m[Kerror: [m[Kâ€˜[01m[KOdometry[m[Kâ€™ is not a member of â€˜[01m[Knav_msgs::msg[m[Kâ€™
[01m[K/home/john/Desktop/rp_ros2_rviz/src/particle_node_filter.cpp:120:47:[m[K [01;31m[Kerror: [m[Ktemplate argument 1 is invalid
  120 |   rclcpp::Subscription<nav_msgs::msg::Odometry[01;31m[K>[m[K::SharedPtr odom_sub_;
      |                                               [01;31m[K^[m[K
[01m[K/home/john/Desktop/rp_ros2_rviz/src/particle_node_filter.cpp:120:47:[m[K [01;31m[Kerror: [m[Ktemplate argument 3 is invalid
[01m[K/home/john/Desktop/rp_ros2_rviz/src/particle_node_filter.cpp:120:50:[m[K [01;31m[Kerror: [m[Kexpected â€˜[01m[K;[m[Kâ€™ at end of member declaration
  120 |   rclcpp::Subscription<nav_msgs::msg::Odometry>::[01;31m[KSharedPtr[m[K odom_sub_;
      |                                                  [01;31m[K^~~~~~~~~[m[K
      |                                                           [32m[K;[m[K
[01m[K/home/john/Desktop/rp_ros2_rviz/src/particle_node_filter.cpp:120:60:[m[K [01;31m[Kerror: [m[Kâ€˜[01m[Kodom_sub_[m[Kâ€™ does not name a type
  120 |   rclcpp::Subscription<nav_msgs::msg::Odometry>::SharedPtr [01;31m[Kodom_sub_[m[K;
      |                                                            [01;31m[K^~~~~~~~~[m[K
[01m[K/home/john/Desktop/rp_ros2_rviz/src/particle_node_filter.cpp:124:18:[m[K [01;31m[Kerror: [m[Kâ€˜[01m[KOdometry[m[Kâ€™ in namespace â€˜[01m[Knav_msgs::msg[m[Kâ€™ does not name a type
  124 |   nav_msgs::msg::[01;31m[KOdometry[m[K last_odom_;
      |                  [01;31m[K^~~~~~~~[m[K
[01m[K/home/john/Desktop/rp_ros2_rviz/src/particle_node_filter.cpp:[m[K In constructor â€˜[01m[KParticleFilterNode::ParticleFilterNode()[m[Kâ€™:
[01m[K/home/john/Desktop/rp_ros2_rviz/src/particle_node_filter.cpp:17:5:[m[K [01;31m[Kerror: [m[Kâ€˜[01m[Kodom_sub_[m[Kâ€™ was not declared in this scope
   17 |     [01;31m[Kodom_sub_[m[K = create_subscription<nav_msgs::msg::Odometry>(
      |     [01;31m[K^~~~~~~~~[m[K
[01m[K/home/john/Desktop/rp_ros2_rviz/src/particle_node_filter.cpp:17:52:[m[K [01;31m[Kerror: [m[Kâ€˜[01m[KOdometry[m[Kâ€™ is not a member of â€˜[01m[Knav_msgs::msg[m[Kâ€™
   17 |     odom_sub_ = create_subscription<nav_msgs::msg::[01;31m[KOdometry[m[K>(
      |                                                    [01;31m[K^~~~~~~~[m[K
[01m[K/home/john/Desktop/rp_ros2_rviz/src/particle_node_filter.cpp:17:52:[m[K [01;31m[Kerror: [m[Kâ€˜[01m[KOdometry[m[Kâ€™ is not a member of â€˜[01m[Knav_msgs::msg[m[Kâ€™
[01m[K/home/john/Desktop/rp_ros2_rviz/src/particle_node_filter.cpp:20:5:[m[K [01;31m[Kerror: [m[Kno matching function for call to â€˜[01m[KParticleFilterNode::create_subscription<<expression error> >(const char [6], int, std::_Bind_helper<false, void (ParticleFilterNode::*)(...), ParticleFilterNode*, const std::_Placeholder<1>&>::type)[m[Kâ€™
   20 |     [01;31m[K)[m[K;
      |     [01;31m[K^[m[K
In file included from [01m[K/opt/ros/foxy/include/rclcpp/node.hpp:1224[m[K,
                 from [01m[K/opt/ros/foxy/include/rclcpp/executors/single_threaded_executor.hpp:28[m[K,
                 from [01m[K/opt/ros/foxy/include/rclcpp/executors.hpp:22[m[K,
                 from [01m[K/opt/ros/foxy/include/rclcpp/rclcpp.hpp:146[m[K,
                 from [01m[K/home/john/Desktop/rp_ros2_rviz/src/particle_node_filter.cpp:1[m[K:
[01m[K/opt/ros/foxy/include/rclcpp/node_impl.hpp:91:1:[m[K [01;36m[Knote: [m[Kcandidate: â€˜[01m[Ktemplate<class MessageT, class CallbackT, class AllocatorT, class CallbackMessageT, class SubscriptionT, class MessageMemoryStrategyT> std::shared_ptr<SubscriptionT> rclcpp::Node::create_subscription(const string&, const rclcpp::QoS&, CallbackT&&, const rclcpp::SubscriptionOptionsWithAllocator<AllocatorT>&, typename MessageMemoryStrategyT::SharedPtr)[m[Kâ€™
   91 | [01;36m[KNode[m[K::create_subscription(
      | [01;36m[K^~~~[m[K
[01m[K/opt/ros/foxy/include/rclcpp/node_impl.hpp:91:1:[m[K [01;36m[Knote: [m[K  template argument deduction/substitution failed:
[01m[K/home/john/Desktop/rp_ros2_rviz/src/particle_node_filter.cpp:20:5:[m[K [01;31m[Kerror: [m[Ktemplate argument 1 is invalid
   20 |     [01;31m[K)[m[K;
      |     [01;31m[K^[m[K
[01m[K/home/john/Desktop/rp_ros2_rviz/src/particle_node_filter.cpp:[m[K In member function â€˜[01m[Kvoid ParticleFilterNode::sensorUpdate(const LaserScan&)[m[Kâ€™:
[01m[K/home/john/Desktop/rp_ros2_rviz/src/particle_node_filter.cpp:89:56:[m[K [01;35m[Kwarning: [m[Kunused parameter â€˜[01m[Kscan[m[Kâ€™ [[01;35m[K-Wunused-parameter[m[K]
   89 |   void sensorUpdate([01;35m[Kconst sensor_msgs::msg::LaserScan &scan[m[K) {
      |                     [01;35m[K~~~~~~~~~~~~~~~~~~~~~~~~~~~~~~~~~~~^~~~[m[K
make[2]: *** [CMakeFiles/particle_node_filter.dir/build.make:63: CMakeFiles/particle_node_filter.dir/src/particle_node_filter.cpp.o] Error 1
make[1]: *** [CMakeFiles/Makefile2:194: CMakeFiles/particle_node_filter.dir/all] Error 2
make: *** [Makefile:141: all] Error 2
