[0.028s] Invoking command in '/home/john/Desktop/rp_ros2_rviz/build/rp_ros2_rviz': CMAKE_PREFIX_PATH=${CMAKE_PREFIX_PATH}:/opt/ros/jazzy DEBUGINFOD_URLS=https://debuginfod.ubuntu.com /usr/bin/cmake --build /home/john/Desktop/rp_ros2_rviz/build/rp_ros2_rviz -- -j4 -l4
[0.168s] [ 20%] Built target control_robot
[0.233s] [ 30%] [32mBuilding CXX object CMakeFiles/world_node.dir/src/world_node.cpp.o[0m
[5.023s] In file included from [01m[K/home/john/Desktop/rp_ros2_rviz/include/rp_ros2_rviz/dmap_planner.h:4[m[K,
[5.023s]                  from [01m[K/home/john/Desktop/rp_ros2_rviz/src/world_node.cpp:8[m[K:
[5.024s] [01m[K/home/john/Desktop/rp_ros2_rviz/include/rp_ros2_rviz/dmap.h:12:16:[m[K [01;31m[Kerror: [m[Kâ€˜[01m[KGrid_[m[Kâ€™ does not name a type; did you mean â€˜[01m[KGrid[m[Kâ€™?
[5.024s]    12 | using DMapGrid=[01;31m[KGrid_[m[K<DMapCell>;
[5.024s]       |                [01;31m[K^~~~~[m[K
[5.024s]       |                [32m[KGrid[m[K
[5.027s] [01m[K/home/john/Desktop/rp_ros2_rviz/include/rp_ros2_rviz/dmap.h:16:36:[m[K [01;31m[Kerror: [m[Kâ€˜[01m[KVector2i[m[Kâ€™ was not declared in this scope; did you mean â€˜[01m[KEigen::Vector2i[m[Kâ€™?
[5.028s]    16 | using Vector2iVector = std::vector<[01;31m[KVector2i[m[K>;
[5.028s]       |                                    [01;31m[K^~~~~~~~[m[K
[5.028s]       |                                    [32m[KEigen::Vector2i[m[K
[5.032s] In file included from [01m[K/usr/include/eigen3/Eigen/Core:295[m[K,
[5.032s]                  from [01m[K/home/john/Desktop/rp_ros2_rviz/include/rp_ros2_rviz/dmap_planner.h:2[m[K:
[5.032s] [01m[K/usr/include/eigen3/Eigen/src/Core/Matrix.h:485:34:[m[K [01;36m[Knote: [m[Kâ€˜[01m[KEigen::Vector2i[m[Kâ€™ declared here
[5.032s]   485 | typedef Matrix<Type, Size, 1>    [01;36m[KVector[m[K##SizeSuffix##TypeSuffix;  \
[5.032s]       |                                  [01;36m[K^~~~~~[m[K
[5.032s] [01m[K/usr/include/eigen3/Eigen/src/Core/Matrix.h:496:1:[m[K [01;36m[Knote: [m[Kin expansion of macro â€˜[01m[KEIGEN_MAKE_TYPEDEFS[m[Kâ€™
[5.033s]   496 | [01;36m[KEIGEN_MAKE_TYPEDEFS[m[K(Type, TypeSuffix, 2, 2) \
[5.033s]       | [01;36m[K^~~~~~~~~~~~~~~~~~~[m[K
[5.033s] [01m[K/usr/include/eigen3/Eigen/src/Core/Matrix.h:504:1:[m[K [01;36m[Knote: [m[Kin expansion of macro â€˜[01m[KEIGEN_MAKE_TYPEDEFS_ALL_SIZES[m[Kâ€™
[5.033s]   504 | [01;36m[KEIGEN_MAKE_TYPEDEFS_ALL_SIZES[m[K(int,                  i)
[5.033s]       | [01;36m[K^~~~~~~~~~~~~~~~~~~~~~~~~~~~~[m[K
[5.033s] [01m[K/home/john/Desktop/rp_ros2_rviz/include/rp_ros2_rviz/dmap.h:16:44:[m[K [01;31m[Kerror: [m[Ktemplate argument 1 is invalid
[5.033s]    16 | using Vector2iVector = std::vector<Vector2i[01;31m[K>[m[K;
[5.033s]       |                                            [01;31m[K^[m[K
[5.033s] [01m[K/home/john/Desktop/rp_ros2_rviz/include/rp_ros2_rviz/dmap.h:16:44:[m[K [01;31m[Kerror: [m[Ktemplate argument 2 is invalid
[5.033s] [01m[K/home/john/Desktop/rp_ros2_rviz/include/rp_ros2_rviz/dmap.h:19:30:[m[K [01;31m[Kerror: [m[Kexpected class-name before â€˜[01m[K{[m[Kâ€™ token
[5.033s]    19 | struct DMap: public DMapGrid [01;31m[K{[m[K
[5.033s]       |                              [01;31m[K^[m[K
[5.033s] [01m[K/home/john/Desktop/rp_ros2_rviz/include/rp_ros2_rviz/dmap.h:32:21:[m[K [01;31m[Kerror: [m[Kâ€˜[01m[KVector2iVector[m[Kâ€™ does not name a type; did you mean â€˜[01m[KVector2fVector[m[Kâ€™?
[5.034s]    32 |   void update(const [01;31m[KVector2iVector[m[K& obstacles);
[5.034s]       |                     [01;31m[K^~~~~~~~~~~~~~[m[K
[5.034s]       |                     [32m[KVector2fVector[m[K
[5.035s] [01m[K/home/john/Desktop/rp_ros2_rviz/include/rp_ros2_rviz/dmap.h:35:3:[m[K [01;31m[Kerror: [m[Kâ€˜[01m[KGrid_[m[Kâ€™ does not name a type; did you mean â€˜[01m[KGrid[m[Kâ€™?
[5.035s]    35 |   [01;31m[KGrid_[m[K<float> distances(float max_distance=std::numeric_limits<float>::max()) const;
[5.035s]       |   [01;31m[K^~~~~[m[K
[5.035s]       |   [32m[KGrid[m[K
[5.035s] [01m[K/home/john/Desktop/rp_ros2_rviz/include/rp_ros2_rviz/dmap.h:[m[K In constructor â€˜[01m[KDMap::[01;32m[KDMap[m[K(int, int)[m[Kâ€™:
[5.035s] [01m[K/home/john/Desktop/rp_ros2_rviz/include/rp_ros2_rviz/dmap.h:20:24:[m[K [01;31m[Kerror: [m[Kclass â€˜[01m[KDMap[m[Kâ€™ does not have any field named â€˜[01m[KDMapGrid[m[Kâ€™
[5.035s]    20 |   DMap(int r, int c) : [01;31m[KDMapGrid[m[K(r, c){}
[5.036s]       |                        [01;31m[K^~~~~~~~[m[K
[5.036s] [01m[K/home/john/Desktop/rp_ros2_rviz/include/rp_ros2_rviz/dmap.h:[m[K In member function â€˜[01m[Kint DMap::[01;32m[KparentDistance[m[K(const DMapCell*) const[m[Kâ€™:
[5.036s] [01m[K/home/john/Desktop/rp_ros2_rviz/include/rp_ros2_rviz/dmap.h:25:5:[m[K [01;31m[Kerror: [m[Kâ€˜[01m[KVector2i[m[Kâ€™ was not declared in this scope; did you mean â€˜[01m[KEigen::Vector2i[m[Kâ€™?
[5.036s]    25 |     [01;31m[KVector2i[m[K parent_pos=ptr2rc(c->parent);
[5.037s]       |     [01;31m[K^~~~~~~~[m[K
[5.037s]       |     [32m[KEigen::Vector2i[m[K
[5.037s] [01m[K/usr/include/eigen3/Eigen/src/Core/Matrix.h:485:34:[m[K [01;36m[Knote: [m[Kâ€˜[01m[KEigen::Vector2i[m[Kâ€™ declared here
[5.037s]   485 | typedef Matrix<Type, Size, 1>    [01;36m[KVector[m[K##SizeSuffix##TypeSuffix;  \
[5.037s]       |                                  [01;36m[K^~~~~~[m[K
[5.037s] [01m[K/usr/include/eigen3/Eigen/src/Core/Matrix.h:496:1:[m[K [01;36m[Knote: [m[Kin expansion of macro â€˜[01m[KEIGEN_MAKE_TYPEDEFS[m[Kâ€™
[5.037s]   496 | [01;36m[KEIGEN_MAKE_TYPEDEFS[m[K(Type, TypeSuffix, 2, 2) \
[5.037s]       | [01;36m[K^~~~~~~~~~~~~~~~~~~[m[K
[5.037s] [01m[K/usr/include/eigen3/Eigen/src/Core/Matrix.h:504:1:[m[K [01;36m[Knote: [m[Kin expansion of macro â€˜[01m[KEIGEN_MAKE_TYPEDEFS_ALL_SIZES[m[Kâ€™
[5.037s]   504 | [01;36m[KEIGEN_MAKE_TYPEDEFS_ALL_SIZES[m[K(int,                  i)
[5.038s]       | [01;36m[K^~~~~~~~~~~~~~~~~~~~~~~~~~~~~[m[K
[5.038s] [01m[K/home/john/Desktop/rp_ros2_rviz/include/rp_ros2_rviz/dmap.h:26:14:[m[K [01;31m[Kerror: [m[Kexpected â€˜[01m[K;[m[Kâ€™ before â€˜[01m[Kc_pos[m[Kâ€™
[5.038s]    26 |     Vector2i [01;31m[Kc_pos[m[K=ptr2rc(c);
[5.038s]       |              [01;31m[K^~~~~[m[K
[5.051s] [01m[K/home/john/Desktop/rp_ros2_rviz/include/rp_ros2_rviz/dmap.h:27:13:[m[K [01;31m[Kerror: [m[Kâ€˜[01m[Kparent_pos[m[Kâ€™ was not declared in this scope
[5.051s]    27 |     return ([01;31m[Kparent_pos[m[K-c_pos).squaredNorm();
[5.052s]       |             [01;31m[K^~~~~~~~~~[m[K
[5.066s] [01m[K/home/john/Desktop/rp_ros2_rviz/include/rp_ros2_rviz/dmap.h:27:24:[m[K [01;31m[Kerror: [m[Kâ€˜[01m[Kc_pos[m[Kâ€™ was not declared in this scope; did you mean â€˜[01m[Kcos[m[Kâ€™?
[5.066s]    27 |     return (parent_pos-[01;31m[Kc_pos[m[K).squaredNorm();
[5.066s]       |                        [01;31m[K^~~~~[m[K
[5.066s]       |                        [32m[Kcos[m[K
[5.070s] [01m[K/home/john/Desktop/rp_ros2_rviz/include/rp_ros2_rviz/dmap_planner.h:[m[K At global scope:
[5.070s] [01m[K/home/john/Desktop/rp_ros2_rviz/include/rp_ros2_rviz/dmap_planner.h:9:3:[m[K [01;31m[Kerror: [m[Kâ€˜[01m[KGridMapping[m[Kâ€™ does not name a type; did you mean â€˜[01m[KGridMap[m[Kâ€™?
[5.071s]     9 |   [01;31m[KGridMapping[m[K mapping; // to convert from world to grid coordinates
[5.071s]       |   [01;31m[K^~~~~~~~~~~[m[K
[5.071s]       |   [32m[KGridMap[m[K
[5.071s] [01m[K/home/john/Desktop/rp_ros2_rviz/include/rp_ros2_rviz/dmap_planner.h:10:3:[m[K [01;31m[Kerror: [m[Kâ€˜[01m[KGrid[m[Kâ€™ is not a template
[5.071s]    10 |   [01;31m[KGrid[m[K<float> obstacle_costs; // cost of a cell based on distance
[5.071s]       |   [01;31m[K^~~~[m[K
[5.071s] [01m[K/home/john/Desktop/rp_ros2_rviz/include/rp_ros2_rviz/dmap_planner.h:11:3:[m[K [01;31m[Kerror: [m[Kâ€˜[01m[KGrid[m[Kâ€™ is not a template
[5.071s]    11 |   [01;31m[KGrid[m[K<float> distances; // useless, kept only for visualization
[5.071s]       |   [01;31m[K^~~~[m[K
[5.071s] [01m[K/home/john/Desktop/rp_ros2_rviz/include/rp_ros2_rviz/dmap_planner.h:12:3:[m[K [01;31m[Kerror: [m[Kâ€˜[01m[KGrid[m[Kâ€™ is not a template
[5.071s]    12 |   [01;31m[KGrid[m[K<float> policy; // surface pointing to the goal
[5.071s]       |   [01;31m[K^~~~[m[K
[5.071s] [01m[K/home/john/Desktop/rp_ros2_rviz/include/rp_ros2_rviz/dmap_planner.h:13:3:[m[K [01;31m[Kerror: [m[Kâ€˜[01m[KGrid[m[Kâ€™ is not a template
[5.071s]    13 |   [01;31m[KGrid[m[K<Vector2f> policy_gradients; // surface pointing to the goal
[5.071s]       |   [01;31m[K^~~~[m[K
[5.074s] [01m[K/home/john/Desktop/rp_ros2_rviz/include/rp_ros2_rviz/dmap_planner.h:29:22:[m[K [01;31m[Kerror: [m[Kâ€˜[01m[KGrid_[m[Kâ€™ does not name a type; did you mean â€˜[01m[KGrid[m[Kâ€™?
[5.074s]    29 |   using DijkstraGrid=[01;31m[KGrid_[m[K<DijkstraCell>;
[5.074s]       |                      [01;31m[K^~~~~[m[K
[5.074s]       |                      [32m[KGrid[m[K
[5.079s] [01m[K/home/john/Desktop/rp_ros2_rviz/include/rp_ros2_rviz/dmap_planner.h:30:3:[m[K [01;31m[Kerror: [m[Kâ€˜[01m[KDijkstraGrid[m[Kâ€™ does not name a type; did you mean â€˜[01m[KDijkstraCell[m[Kâ€™?
[5.079s]    30 |   [01;31m[KDijkstraGrid[m[K d_grid;
[5.079s]       |   [01;31m[K^~~~~~~~~~~~[m[K
[5.079s]       |   [32m[KDijkstraCell[m[K
[5.079s] [01m[K/home/john/Desktop/rp_ros2_rviz/include/rp_ros2_rviz/dmap_planner.h:32:36:[m[K [01;31m[Kerror: [m[Kâ€˜[01m[KVector2i[m[Kâ€™ does not name a type; did you mean â€˜[01m[KVector2f[m[Kâ€™?
[5.079s]    32 |   inline float traversalCost(const [01;31m[KVector2i[m[K& from, const Vector2i& to) const {
[5.079s]       |                                    [01;31m[K^~~~~~~~[m[K
[5.079s]       |                                    [32m[KVector2f[m[K
[5.082s] [01m[K/home/john/Desktop/rp_ros2_rviz/include/rp_ros2_rviz/dmap_planner.h:32:58:[m[K [01;31m[Kerror: [m[Kâ€˜[01m[KVector2i[m[Kâ€™ does not name a type; did you mean â€˜[01m[KVector2f[m[Kâ€™?
[5.082s]    32 |   inline float traversalCost(const Vector2i& from, const [01;31m[KVector2i[m[K& to) const {
[5.082s]       |                                                          [01;31m[K^~~~~~~~[m[K
[5.082s]       |                                                          [32m[KVector2f[m[K
[5.082s] [01m[K/home/john/Desktop/rp_ros2_rviz/include/rp_ros2_rviz/dmap_planner.h:[m[K In member function â€˜[01m[Kfloat DMapPlanner::[01;32m[KtraversalCost[m[K(const int&, const int&) const[m[Kâ€™:
[5.082s] [01m[K/home/john/Desktop/rp_ros2_rviz/include/rp_ros2_rviz/dmap_planner.h:33:27:[m[K [01;31m[Kerror: [m[Krequest for member â€˜[01m[KsquaredNorm[m[Kâ€™ in â€˜[01m[K(((int)from) - ((int)to))[m[Kâ€™, which is of non-class type â€˜[01m[Kint[m[Kâ€™
[5.083s]    33 |     return sqrt((from-to).[01;31m[KsquaredNorm[m[K()) * obstacle_costs.at(to.x(), to.y());
[5.083s]       |                           [01;31m[K^~~~~~~~~~~[m[K
[5.083s] [01m[K/home/john/Desktop/rp_ros2_rviz/include/rp_ros2_rviz/dmap_planner.h:33:65:[m[K [01;31m[Kerror: [m[Krequest for member â€˜[01m[Kx[m[Kâ€™ in â€˜[01m[Kto[m[Kâ€™, which is of non-class type â€˜[01m[Kconst int[m[Kâ€™
[5.083s]    33 |     return sqrt((from-to).squaredNorm()) * obstacle_costs.at(to.[01;31m[Kx[m[K(), to.y());
[5.083s]       |                                                                 [01;31m[K^[m[K
[5.083s] [01m[K/home/john/Desktop/rp_ros2_rviz/include/rp_ros2_rviz/dmap_planner.h:33:73:[m[K [01;31m[Kerror: [m[Krequest for member â€˜[01m[Ky[m[Kâ€™ in â€˜[01m[Kto[m[Kâ€™, which is of non-class type â€˜[01m[Kconst int[m[Kâ€™
[5.083s]    33 |     return sqrt((from-to).squaredNorm()) * obstacle_costs.at(to.x(), to.[01;31m[Ky[m[K());
[5.083s]       |                                                                         [01;31m[K^[m[K
[5.137s] [01m[K/home/john/Desktop/rp_ros2_rviz/src/world_node.cpp:[m[K In constructor â€˜[01m[KWorldNode::[01;32m[KWorldNode[m[K()[m[Kâ€™:
[5.137s] [01m[K/home/john/Desktop/rp_ros2_rviz/src/world_node.cpp:53:17:[m[K [01;35m[Kwarning: [m[Kunused variable â€˜[01m[Kkey[m[Kâ€™ [[01;35m[K]8;;https://gcc.gnu.org/onlinedocs/gcc/Warning-Options.html#index-Wunused-variable-Wunused-variable]8;;[m[K]
[5.137s]    53 |             int [01;35m[Kkey[m[K=0;
[5.137s]       |                 [01;35m[K^~~[m[K
[5.166s] [01m[K/home/john/Desktop/rp_ros2_rviz/src/world_node.cpp:[m[K In static member function â€˜[01m[Kstatic void WorldNode::[01;32m[KonMouse[m[K(int, int, int, int, void*)[m[Kâ€™:
[5.166s] [01m[K/home/john/Desktop/rp_ros2_rviz/src/world_node.cpp:145:41:[m[K [01;31m[Kerror: [m[Kâ€˜[01m[Kstruct DMapPlanner[m[Kâ€™ has no member named â€˜[01m[Kmapping[m[Kâ€™
[5.166s]   145 |     Eigen::Vector2f world_pose=planner->[01;31m[Kmapping[m[K.g2w(Eigen::Vector2f(y,x));
[5.166s]       |                                         [01;31m[K^~~~~~~[m[K
[5.182s] [01m[K/home/john/Desktop/rp_ros2_rviz/src/world_node.cpp:151:28:[m[K [01;31m[Kerror: [m[Kâ€˜[01m[Kstruct DMapPlanner[m[Kâ€™ has no member named â€˜[01m[Kmapping[m[Kâ€™
[5.182s]   151 |         redisplay(planner->[01;31m[Kmapping[m[K);
[5.182s]       |                            [01;31m[K^~~~~~~[m[K
[5.215s] [01m[K/home/john/Desktop/rp_ros2_rviz/src/world_node.cpp:151:9:[m[K [01;31m[Kerror: [m[Kâ€˜[01m[Kredisplay[m[Kâ€™ was not declared in this scope
[5.215s]   151 |         [01;31m[Kredisplay[m[K(planner->mapping);
[5.215s]       |         [01;31m[K^~~~~~~~~[m[K
[5.224s] [01m[K/home/john/Desktop/rp_ros2_rviz/src/world_node.cpp:153:19:[m[K [01;31m[Kerror: [m[Kâ€˜[01m[Kpath[m[Kâ€™ was not declared in this scope; did you mean â€˜[01m[Krcpputils::fs::path[m[Kâ€™?
[5.224s]   153 |         printPath([01;31m[Kpath[m[K);
[5.224s]       |                   [01;31m[K^~~~[m[K
[5.224s]       |                   [32m[Krcpputils::fs::path[m[K
[5.224s] In file included from [01m[K/opt/ros/jazzy/include/rclcpp/rclcpp/logger.hpp:26[m[K,
[5.225s]                  from [01m[K/opt/ros/jazzy/include/rclcpp/rclcpp/copy_all_parameter_values.hpp:26[m[K,
[5.225s]                  from [01m[K/opt/ros/jazzy/include/rclcpp/rclcpp/rclcpp.hpp:171[m[K,
[5.225s]                  from [01m[K/home/john/Desktop/rp_ros2_rviz/src/world_node.cpp:1[m[K:
[5.225s] [01m[K/opt/ros/jazzy/include/rcpputils/rcpputils/filesystem_helper.hpp:75:7:[m[K [01;36m[Knote: [m[Kâ€˜[01m[Krcpputils::fs::path[m[Kâ€™ declared here
[5.227s]    75 | class [01;36m[Kpath[m[K
[5.227s]       |       [01;36m[K^~~~[m[K
[5.250s] [01m[K/home/john/Desktop/rp_ros2_rviz/src/world_node.cpp:153:9:[m[K [01;31m[Kerror: [m[Kâ€˜[01m[KprintPath[m[Kâ€™ was not declared in this scope
[5.250s]   153 |         [01;31m[KprintPath[m[K(path);
[5.250s]       |         [01;31m[K^~~~~~~~~[m[K
[5.250s] [01m[K/home/john/Desktop/rp_ros2_rviz/src/world_node.cpp:156:38:[m[K [01;31m[Kerror: [m[Kâ€˜[01m[Kstruct DMapPlanner[m[Kâ€™ has no member named â€˜[01m[Kmapping[m[Kâ€™
[5.250s]   156 |                             planner->[01;31m[Kmapping[m[K.resolution*2,
[5.250s]       |                                      [01;31m[K^~~~~~~[m[K
[5.287s] [01m[K/home/john/Desktop/rp_ros2_rviz/src/world_node.cpp:158:29:[m[K [01;31m[Kerror: [m[Kâ€˜[01m[Kuse_gradient[m[Kâ€™ was not declared in this scope
[5.288s]   158 |                             [01;31m[Kuse_gradient[m[K);
[5.288s]       |                             [01;31m[K^~~~~~~~~~~~[m[K
[5.289s] [01m[K/home/john/Desktop/rp_ros2_rviz/src/world_node.cpp:159:28:[m[K [01;31m[Kerror: [m[Kâ€˜[01m[Kstruct DMapPlanner[m[Kâ€™ has no member named â€˜[01m[Kmapping[m[Kâ€™
[5.289s]   159 |         redisplay(planner->[01;31m[Kmapping[m[K);
[5.289s]       |                            [01;31m[K^~~~~~~[m[K
[5.321s] [01m[K/home/john/Desktop/rp_ros2_rviz/src/world_node.cpp:159:9:[m[K [01;31m[Kerror: [m[Kâ€˜[01m[Kredisplay[m[Kâ€™ was not declared in this scope
[5.321s]   159 |         [01;31m[Kredisplay[m[K(planner->mapping);
[5.322s]       |         [01;31m[K^~~~~~~~~[m[K
[5.364s] [01m[K/home/john/Desktop/rp_ros2_rviz/src/world_node.cpp:169:36:[m[K [01;31m[Kerror: [m[Kâ€˜[01m[Kbackground_mode[m[Kâ€™ was not declared in this scope
[5.364s]   169 |     cerr << "background_mode= " << [01;31m[Kbackground_mode[m[K << endl;
[5.364s]       |                                    [01;31m[K^~~~~~~~~~~~~~~[m[K
[5.364s] [01m[K/home/john/Desktop/rp_ros2_rviz/src/world_node.cpp:172:72:[m[K [01;31m[Kerror: [m[Kâ€˜[01m[Kstruct DMapPlanner[m[Kâ€™ has no member named â€˜[01m[Kmapping[m[Kâ€™
[5.364s]   172 |         cerr << "\r distance: " << planner->distances.at(y,x)*planner->[01;31m[Kmapping[m[K.resolution << "        ";
[5.364s]       |                                                                        [01;31m[K^~~~~~~[m[K
[5.386s] [01m[K/home/john/Desktop/rp_ros2_rviz/src/world_node.cpp:179:31:[m[K [01;31m[Kerror: [m[Kâ€˜[01m[Kstruct DMapPlanner[m[Kâ€™ has no member named â€˜[01m[Kd_grid[m[Kâ€™
[5.386s]   179 |         auto &d_cell=planner->[01;31m[Kd_grid[m[K.at(y,x);
[5.386s]       |                               [01;31m[K^~~~~~[m[K
[5.386s] [01m[K/home/john/Desktop/rp_ros2_rviz/src/world_node.cpp:181:29:[m[K [01;31m[Kerror: [m[Kâ€˜[01m[Kstruct DMapPlanner[m[Kâ€™ has no member named â€˜[01m[Kd_grid[m[Kâ€™
[5.387s]   181 |         parent_pos=planner->[01;31m[Kd_grid[m[K.ptr2rc(d_cell.parent);
[5.387s]       |                             [01;31m[K^~~~~~[m[K
[5.399s] [01m[K/home/john/Desktop/rp_ros2_rviz/src/world_node.cpp:142:54:[m[K [01;35m[Kwarning: [m[Kunused parameter â€˜[01m[Kval[m[Kâ€™ [[01;35m[K]8;;https://gcc.gnu.org/onlinedocs/gcc/Warning-Options.html#index-Wunused-parameter-Wunused-parameter]8;;[m[K]
[5.399s]   142 |     static void onMouse(int event, int x, int y, [01;35m[Kint val[m[K, void* arg) {
[5.399s]       |                                                  [01;35m[K~~~~^~~[m[K
[8.045s] gmake[2]: *** [CMakeFiles/world_node.dir/build.make:76: CMakeFiles/world_node.dir/src/world_node.cpp.o] Error 1
[8.045s] gmake[1]: *** [CMakeFiles/Makefile2:165: CMakeFiles/world_node.dir/all] Error 2
[8.045s] gmake: *** [Makefile:146: all] Error 2
[8.048s] Invoked command in '/home/john/Desktop/rp_ros2_rviz/build/rp_ros2_rviz' returned '2': CMAKE_PREFIX_PATH=${CMAKE_PREFIX_PATH}:/opt/ros/jazzy DEBUGINFOD_URLS=https://debuginfod.ubuntu.com /usr/bin/cmake --build /home/john/Desktop/rp_ros2_rviz/build/rp_ros2_rviz -- -j4 -l4
