[0.009s] Invoking command in '/home/john/Desktop/path_ros/rp_ros2_rviz/build/rp_ros2_rviz': CMAKE_PREFIX_PATH=${CMAKE_PREFIX_PATH}:/opt/ros/jazzy DEBUGINFOD_URLS=https://debuginfod.ubuntu.com /usr/bin/cmake --build /home/john/Desktop/path_ros/rp_ros2_rviz/build/rp_ros2_rviz -- -j4 -l4
[0.076s] [ 33%] Built target dmap_node
[0.078s] [ 66%] Built target world_node
[0.078s] [ 73%] [32mBuilding CXX object CMakeFiles/pathplanner_node.dir/src/pathplanner_node.cpp.o[0m
[3.312s] [01m[K/home/john/Desktop/path_ros/rp_ros2_rviz/src/pathplanner_node.cpp:[m[K In member function â€˜[01m[Kvoid PathPlanner::[01;32m[Kstring_callback[m[K(std_msgs::msg::String_<std::allocator<void> >::SharedPtr)[m[Kâ€™:
[3.312s] [01m[K/home/john/Desktop/path_ros/rp_ros2_rviz/src/pathplanner_node.cpp:67:20:[m[K [01;31m[Kerror: [m[Kbase operand of â€˜[01m[K->[m[Kâ€™ has non-pointer type â€˜[01m[KDMapPlanner[m[Kâ€™
[3.312s]    67 |             planner[01;31m[K->[m[Kmapping.resolution*2,
[3.312s]       |                    [01;31m[K^~[m[K
[3.326s] [01m[K/home/john/Desktop/path_ros/rp_ros2_rviz/src/pathplanner_node.cpp:69:13:[m[K [01;31m[Kerror: [m[Kâ€˜[01m[Knode[m[Kâ€™ was not declared in this scope; did you mean â€˜[01m[KNode[m[Kâ€™?
[3.326s]    69 |             [01;31m[Knode[m[K->use_gradient);
[3.326s]       |             [01;31m[K^~~~[m[K
[3.326s]       |             [32m[KNode[m[K
[5.757s] gmake[2]: *** [CMakeFiles/pathplanner_node.dir/build.make:76: CMakeFiles/pathplanner_node.dir/src/pathplanner_node.cpp.o] Error 1
[5.757s] gmake[1]: *** [CMakeFiles/Makefile2:193: CMakeFiles/pathplanner_node.dir/all] Error 2
[5.758s] gmake: *** [Makefile:146: all] Error 2
[5.763s] Invoked command in '/home/john/Desktop/path_ros/rp_ros2_rviz/build/rp_ros2_rviz' returned '2': CMAKE_PREFIX_PATH=${CMAKE_PREFIX_PATH}:/opt/ros/jazzy DEBUGINFOD_URLS=https://debuginfod.ubuntu.com /usr/bin/cmake --build /home/john/Desktop/path_ros/rp_ros2_rviz/build/rp_ros2_rviz -- -j4 -l4
