[0.010s] Invoking command in '/home/john/Desktop/rp_ros2_rviz/build/rp_ros2_rviz': CMAKE_PREFIX_PATH=${CMAKE_PREFIX_PATH}:/opt/ros/jazzy DEBUGINFOD_URLS=https://debuginfod.ubuntu.com /usr/bin/cmake --build /home/john/Desktop/rp_ros2_rviz/build/rp_ros2_rviz -- -j4 -l4
[0.063s] [ 73%] Built target dmap_node
[0.063s] [ 73%] Built target world_node
[0.063s] [ 73%] [32mBuilding CXX object CMakeFiles/pathplanner_node.dir/src/pathplanner_node.cpp.o[0m
[3.434s] [01m[K/home/john/Desktop/rp_ros2_rviz/src/pathplanner_node.cpp:39:30:[m[K [01;31m[Kerror: [m[Kâ€˜[01m[Kgeometry_msgs[m[Kâ€™ does not name a type
[3.434s]    39 |     void robotCallback(const [01;31m[Kgeometry_msgs[m[K::msg::Point::SharedPtr msg) {
[3.434s]       |                              [01;31m[K^~~~~~~~~~~~~[m[K
[3.434s] [01m[K/home/john/Desktop/rp_ros2_rviz/src/pathplanner_node.cpp:39:48:[m[K [01;31m[Kerror: [m[Kexpected unqualified-id before â€˜[01m[K::[m[Kâ€™ token
[3.434s]    39 |     void robotCallback(const geometry_msgs::msg[01;31m[K::[m[KPoint::SharedPtr msg) {
[3.434s]       |                                                [01;31m[K^~[m[K
[3.434s] [01m[K/home/john/Desktop/rp_ros2_rviz/src/pathplanner_node.cpp:39:48:[m[K [01;31m[Kerror: [m[Kexpected â€˜[01m[K)[m[Kâ€™ before â€˜[01m[K::[m[Kâ€™ token
[3.434s]    39 |     void robotCallback[34m[K([m[Kconst geometry_msgs::msg[01;31m[K:[m[K[32m[K:[m[KPoint::SharedPtr msg) {
[3.434s]       |                       [34m[K~[m[K                        [01;31m[K^[m[K[32m[K~[m[K
[3.434s]       |                                                [32m[K)[m[K
[3.434s] [01m[K/home/john/Desktop/rp_ros2_rviz/src/pathplanner_node.cpp:39:45:[m[K [01;31m[Kerror: [m[Kexpected â€˜[01m[K;[m[Kâ€™ at end of member declaration
[3.434s]    39 |     void robotCallback(const geometry_msgs::[01;31m[Kmsg[m[K::Point::SharedPtr msg) {
[3.434s]       |                                             [01;31m[K^~~[m[K
[3.434s]       |                                                [32m[K;[m[K
[3.442s] [01m[K/home/john/Desktop/rp_ros2_rviz/src/pathplanner_node.cpp:39:50:[m[K [01;31m[Kerror: [m[Kâ€˜[01m[KPoint[m[Kâ€™ in namespace â€˜[01m[K::[m[Kâ€™ does not name a type
[3.442s]    39 |     void robotCallback(const geometry_msgs::msg::[01;31m[KPoint[m[K::SharedPtr msg) {
[3.442s]       |                                                  [01;31m[K^~~~~[m[K
[3.502s] [01m[K/home/john/Desktop/rp_ros2_rviz/src/pathplanner_node.cpp:[m[K In constructor â€˜[01m[KPathPlanner::[01;32m[KPathPlanner[m[K()[m[Kâ€™:
[3.502s] [01m[K/home/john/Desktop/rp_ros2_rviz/src/pathplanner_node.cpp:26:9:[m[K [01;31m[Kerror: [m[Kâ€˜[01m[Krobot_position_sub_[m[Kâ€™ was not declared in this scope
[3.503s]    26 |         [01;31m[Krobot_position_sub_[m[K = this->create_subscription<geometry_msgs::msg::Point>(
[3.503s]       |         [01;31m[K^~~~~~~~~~~~~~~~~~~[m[K
[3.527s] [01m[K/home/john/Desktop/rp_ros2_rviz/src/pathplanner_node.cpp:26:57:[m[K [01;31m[Kerror: [m[Kâ€˜[01m[Kgeometry_msgs[m[Kâ€™ was not declared in this scope
[3.528s]    26 |         robot_position_sub_ = this->create_subscription<[01;31m[Kgeometry_msgs[m[K::msg::Point>(
[3.528s]       |                                                         [01;31m[K^~~~~~~~~~~~~[m[K
[3.528s] [01m[K/home/john/Desktop/rp_ros2_rviz/src/pathplanner_node.cpp:26:37:[m[K [01;31m[Kerror: [m[Kparse error in template argument list
[3.528s]    26 |         robot_position_sub_ = this->[01;31m[Kcreate_subscription<geometry_msgs::msg::Point>[m[K(
[3.528s]       |                                     [01;31m[K^~~~~~~~~~~~~~~~~~~~~~~~~~~~~~~~~~~~~~~~~~~~~~[m[K
[3.528s] [01m[K/home/john/Desktop/rp_ros2_rviz/src/pathplanner_node.cpp:26:83:[m[K [01;31m[Kerror: [m[Kno matching function for call to â€˜[01m[KPathPlanner::create_subscription<<expression error> >(const char [6], int, std::_Bind_helper<false, void (PathPlanner::*)(...), PathPlanner*, const std::_Placeholder<1>&>::type)[m[Kâ€™
[3.528s]    26 |         robot_position_sub_ = [01;31m[Kthis->create_subscription<geometry_msgs::msg::Point>([m[K
[3.528s]       |                               [01;31m[K~~~~~~~~~~~~~~~~~~~~~~~~~~~~~~~~~~~~~~~~~~~~~~~~~~~~^[m[K
[3.528s]    27 | [01;31m[K            "Robot", 10, std::bind(&PathPlanner::robotCallback, this, std::placeholders::_1))[m[K;
[3.528s]       |             [01;31m[K~~~~~~~~~~~~~~~~~~~~~~~~~~~~~~~~~~~~~~~~~~~~~~~~~~~~~~~~~~~~~~~~~~~~~~~~~~~~~~~~~[m[K
[3.528s] In file included from [01m[K/opt/ros/jazzy/include/rclcpp/rclcpp/node.hpp:1663[m[K,
[3.528s]                  from [01m[K/opt/ros/jazzy/include/rclcpp/rclcpp/executors/single_threaded_executor.hpp:28[m[K,
[3.528s]                  from [01m[K/opt/ros/jazzy/include/rclcpp/rclcpp/executors.hpp:22[m[K,
[3.528s]                  from [01m[K/opt/ros/jazzy/include/rclcpp/rclcpp/rclcpp.hpp:172[m[K,
[3.528s]                  from [01m[K/home/john/Desktop/rp_ros2_rviz/src/pathplanner_node.cpp:2[m[K:
[3.528s] [01m[K/opt/ros/jazzy/include/rclcpp/rclcpp/node_impl.hpp:92:1:[m[K [01;36m[Knote: [m[Kcandidate: â€˜[01m[Ktemplate<class MessageT, class CallbackT, class AllocatorT, class SubscriptionT, class MessageMemoryStrategyT> std::shared_ptr<ROSMessageT> rclcpp::Node::[01;32m[Kcreate_subscription[m[K(const std::string&, const rclcpp::QoS&, CallbackT&&, const rclcpp::SubscriptionOptionsWithAllocator<AllocatorT>&, typename MessageMemoryStrategyT::SharedPtr)[m[Kâ€™
[3.528s]    92 | [01;36m[KNode[m[K::create_subscription(
[3.528s]       | [01;36m[K^~~~[m[K
[3.528s] [01m[K/opt/ros/jazzy/include/rclcpp/rclcpp/node_impl.hpp:92:1:[m[K [01;36m[Knote: [m[K  template argument deduction/substitution failed:
[3.529s] [01m[K/home/john/Desktop/rp_ros2_rviz/src/pathplanner_node.cpp:26:83:[m[K [01;31m[Kerror: [m[Ktemplate argument 1 is invalid
[3.529s]    26 |         robot_position_sub_ = [01;31m[Kthis->create_subscription<geometry_msgs::msg::Point>([m[K
[3.529s]       |                               [01;31m[K~~~~~~~~~~~~~~~~~~~~~~~~~~~~~~~~~~~~~~~~~~~~~~~~~~~~^[m[K
[3.529s]    27 | [01;31m[K            "Robot", 10, std::bind(&PathPlanner::robotCallback, this, std::placeholders::_1))[m[K;
[3.529s]       |             [01;31m[K~~~~~~~~~~~~~~~~~~~~~~~~~~~~~~~~~~~~~~~~~~~~~~~~~~~~~~~~~~~~~~~~~~~~~~~~~~~~~~~~~[m[K
[3.537s] [01m[K/home/john/Desktop/rp_ros2_rviz/src/pathplanner_node.cpp:[m[K In member function â€˜[01m[Kvoid PathPlanner::[01;32m[Kstring_callback[m[K(std_msgs::msg::String_<std::allocator<void> >::SharedPtr)[m[Kâ€™:
[3.537s] [01m[K/home/john/Desktop/rp_ros2_rviz/src/pathplanner_node.cpp:59:15:[m[K [01;35m[Kwarning: [m[Kunused variable â€˜[01m[Kresolution[m[Kâ€™ [[01;35m[K]8;;https://gcc.gnu.org/onlinedocs/gcc/Warning-Options.html#index-Wunused-variable-Wunused-variable]8;;[m[K]
[3.537s]    59 |         float [01;35m[Kresolution[m[K=0.05;
[3.537s]       |               [01;35m[K^~~~~~~~~~[m[K
[3.563s] In file included from [01m[K/opt/ros/jazzy/include/rclcpp/rclcpp/logging.hpp:24[m[K,
[3.563s]                  from [01m[K/opt/ros/jazzy/include/rclcpp/rclcpp/copy_all_parameter_values.hpp:27[m[K,
[3.563s]                  from [01m[K/opt/ros/jazzy/include/rclcpp/rclcpp/rclcpp.hpp:171[m[K:
[3.563s] [01m[K/home/john/Desktop/rp_ros2_rviz/src/pathplanner_node.cpp:[m[K In member function â€˜[01m[Kvoid PathPlanner::[01;32m[KmakePath[m[K(const DMap&, float, float)[m[Kâ€™:
[3.563s] [01m[K/home/john/Desktop/rp_ros2_rviz/src/pathplanner_node.cpp:73:17:[m[K [01;31m[Kerror: [m[Kâ€˜[01m[Klatest_robot_position[m[Kâ€™ was not declared in this scope
[3.564s]    73 |                 [01;31m[Klatest_robot_position[m[K.x(), latest_robot_position.y());
[3.564s]       |                 [01;31m[K^~~~~~~~~~~~~~~~~~~~~[m[K
[3.577s] [01m[K/home/john/Desktop/rp_ros2_rviz/src/pathplanner_node.cpp:76:31:[m[K [01;31m[Kerror: [m[Kâ€˜[01m[Kmy_robot[m[Kâ€™ was not declared in this scope
[3.578s]    76 |         planner.computePolicy([01;31m[Kmy_robot[m[K->position);
[3.578s]       |                               [01;31m[K^~~~~~~~[m[K
[6.056s] gmake[2]: *** [CMakeFiles/pathplanner_node.dir/build.make:76: CMakeFiles/pathplanner_node.dir/src/pathplanner_node.cpp.o] Error 1
[6.056s] gmake[1]: *** [CMakeFiles/Makefile2:193: CMakeFiles/pathplanner_node.dir/all] Error 2
[6.056s] gmake: *** [Makefile:146: all] Error 2
[6.059s] Invoked command in '/home/john/Desktop/rp_ros2_rviz/build/rp_ros2_rviz' returned '2': CMAKE_PREFIX_PATH=${CMAKE_PREFIX_PATH}:/opt/ros/jazzy DEBUGINFOD_URLS=https://debuginfod.ubuntu.com /usr/bin/cmake --build /home/john/Desktop/rp_ros2_rviz/build/rp_ros2_rviz -- -j4 -l4
