[0.008s] Invoking command in '/home/john/Desktop/rp_ros2_rviz/build/rp_ros2_rviz': CMAKE_PREFIX_PATH=${CMAKE_PREFIX_PATH}:/opt/ros/jazzy DEBUGINFOD_URLS=https://debuginfod.ubuntu.com /usr/bin/cmake --build /home/john/Desktop/rp_ros2_rviz/build/rp_ros2_rviz -- -j4 -l4
[0.088s] [ 12%] [32mBuilding CXX object CMakeFiles/world_node.dir/src/world_node.cpp.o[0m
[2.968s] [01m[K/home/john/Desktop/rp_ros2_rviz/src/world_node.cpp:[m[K In constructor â€˜[01m[KWorldNode::[01;32m[KWorldNode[m[K()[m[Kâ€™:
[2.969s] [01m[K/home/john/Desktop/rp_ros2_rviz/src/world_node.cpp:35:17:[m[K [01;31m[Kerror: [m[Kâ€˜[01m[Ktv[m[Kâ€™ was not declared in this scope; did you mean â€˜[01m[Ktm[m[Kâ€™?
[2.969s]    35 |                 [01;31m[Ktv[m[K=0; rv=0;
[2.969s]       |                 [01;31m[K^~[m[K
[2.969s]       |                 [32m[Ktm[m[K
[2.980s] [01m[K/home/john/Desktop/rp_ros2_rviz/src/world_node.cpp:35:23:[m[K [01;31m[Kerror: [m[Kâ€˜[01m[Krv[m[Kâ€™ was not declared in this scope; did you mean â€˜[01m[Kcv[m[Kâ€™?
[2.981s]    35 |                 tv=0; [01;31m[Krv[m[K=0;
[2.981s]       |                       [01;31m[K^~[m[K
[2.981s]       |                       [32m[Kcv[m[K
[2.994s] [01m[K/home/john/Desktop/rp_ros2_rviz/src/world_node.cpp:36:17:[m[K [01;31m[Kerror: [m[Kâ€˜[01m[Kw[m[Kâ€™ was not declared in this scope
[2.994s]    36 |                 [01;31m[Kw[m[K.draw(canvas);
[2.994s]       |                 [01;31m[K^[m[K
[3.005s] [01m[K/home/john/Desktop/rp_ros2_rviz/src/world_node.cpp:38:17:[m[K [01;31m[Kerror: [m[Kâ€˜[01m[Kkey[m[Kâ€™ was not declared in this scope; did you mean â€˜[01m[Kkey_t[m[Kâ€™?
[3.005s]    38 |                 [01;31m[Kkey[m[K=cv::waitKey(0);
[3.005s]       |                 [01;31m[K^~~[m[K
[3.005s]       |                 [32m[Kkey_t[m[K
[3.006s] [01m[K/home/john/Desktop/rp_ros2_rviz/src/world_node.cpp:46:21:[m[K [01;31m[Kerror: [m[Krequest for member â€˜[01m[Krot_vel[m[Kâ€™ in â€˜[01m[Kddr[m[Kâ€™, which is of pointer type â€˜[01m[KDifferentialDriveRobot*[m[Kâ€™ (maybe you meant to use â€˜[01m[K->[m[Kâ€™ ?)
[3.006s]    46 |                 ddr.[01;31m[Krot_vel[m[K=rv;
[3.006s]       |                     [01;31m[K^~~~~~~[m[K
[3.006s] [01m[K/home/john/Desktop/rp_ros2_rviz/src/world_node.cpp:47:21:[m[K [01;31m[Kerror: [m[Krequest for member â€˜[01m[Ktrans_vel[m[Kâ€™ in â€˜[01m[Kddr[m[Kâ€™, which is of pointer type â€˜[01m[KDifferentialDriveRobot*[m[Kâ€™ (maybe you meant to use â€˜[01m[K->[m[Kâ€™ ?)
[3.006s]    47 |                 ddr.[01;31m[Ktrans_vel[m[K=tv;
[3.006s]       |                     [01;31m[K^~~~~~~~~[m[K
[3.006s] [01m[K/home/john/Desktop/rp_ros2_rviz/src/world_node.cpp:28:20:[m[K [01;35m[Kwarning: [m[Kunused variable â€˜[01m[Klid[m[Kâ€™ [[01;35m[K]8;;https://gcc.gnu.org/onlinedocs/gcc/Warning-Options.html#index-Wunused-variable-Wunused-variable]8;;[m[K]
[3.006s]    28 |             Lidar* [01;35m[Klid[m[K = new Lidar(scan, ddr);
[3.006s]       |                    [01;35m[K^~~[m[K
[4.267s] gmake[2]: *** [CMakeFiles/world_node.dir/build.make:76: CMakeFiles/world_node.dir/src/world_node.cpp.o] Error 1
[4.267s] gmake[1]: *** [CMakeFiles/Makefile2:137: CMakeFiles/world_node.dir/all] Error 2
[4.267s] gmake: *** [Makefile:146: all] Error 2
[4.272s] Invoked command in '/home/john/Desktop/rp_ros2_rviz/build/rp_ros2_rviz' returned '2': CMAKE_PREFIX_PATH=${CMAKE_PREFIX_PATH}:/opt/ros/jazzy DEBUGINFOD_URLS=https://debuginfod.ubuntu.com /usr/bin/cmake --build /home/john/Desktop/rp_ros2_rviz/build/rp_ros2_rviz -- -j4 -l4
