[0.018s] Invoking command in '/home/john/Desktop/rp_ros2_rviz/build/rp_ros2_rviz': CMAKE_PREFIX_PATH=${CMAKE_PREFIX_PATH}:/opt/ros/jazzy DEBUGINFOD_URLS=https://debuginfod.ubuntu.com /usr/bin/cmake --build /home/john/Desktop/rp_ros2_rviz/build/rp_ros2_rviz -- -j4 -l4
[0.084s] [ 66%] Built target dmap_node
[0.084s] [ 66%] Built target world_node
[0.100s] [ 73%] [32mBuilding CXX object CMakeFiles/pathplanner_node.dir/src/pathplanner_node.cpp.o[0m
[3.497s] [01m[K/home/john/Desktop/rp_ros2_rviz/src/pathplanner_node.cpp:[m[K In member function â€˜[01m[Kvoid PathPlanner::[01;32m[KrobotCallback[m[K(geometry_msgs::msg::Point_<std::allocator<void> >::SharedPtr)[m[Kâ€™:
[3.497s] [01m[K/home/john/Desktop/rp_ros2_rviz/src/pathplanner_node.cpp:48:28:[m[K [01;31m[Kerror: [m[Kâ€˜[01m[Kclass PathPlanner[m[Kâ€™ has no member named â€˜[01m[Kdmap[m[Kâ€™
[3.497s]    48 |             makePath(this->[01;31m[Kdmap[m[K, 0.05, 1.0);
[3.497s]       |                            [01;31m[K^~~~[m[K
[6.552s] gmake[2]: *** [CMakeFiles/pathplanner_node.dir/build.make:76: CMakeFiles/pathplanner_node.dir/src/pathplanner_node.cpp.o] Error 1
[6.552s] gmake[1]: *** [CMakeFiles/Makefile2:193: CMakeFiles/pathplanner_node.dir/all] Error 2
[6.553s] gmake: *** [Makefile:146: all] Error 2
[6.563s] Invoked command in '/home/john/Desktop/rp_ros2_rviz/build/rp_ros2_rviz' returned '2': CMAKE_PREFIX_PATH=${CMAKE_PREFIX_PATH}:/opt/ros/jazzy DEBUGINFOD_URLS=https://debuginfod.ubuntu.com /usr/bin/cmake --build /home/john/Desktop/rp_ros2_rviz/build/rp_ros2_rviz -- -j4 -l4
