[ 33%] Built target world_node
[ 66%] Built target dmap_node
[ 73%] [32mBuilding CXX object CMakeFiles/pathplanner_node.dir/src/pathplanner_node.cpp.o[0m
[01m[K/home/john/Desktop/rp_ros2_rviz/src/pathplanner_node.cpp:[m[K In member function â€˜[01m[Kvoid PathPlanner::[01;32m[KrobotCallback[m[K(geometry_msgs::msg::Point_<std::allocator<void> >::SharedPtr)[m[Kâ€™:
[01m[K/home/john/Desktop/rp_ros2_rviz/src/pathplanner_node.cpp:45:14:[m[K [01;31m[Kerror: [m[Kâ€˜[01m[Kdmap_ready_[m[Kâ€™ was not declared in this scope
   45 |         if (![01;31m[Kdmap_ready_[m[K) return;
      |              [01;31m[K^~~~~~~~~~~[m[K
[01m[K/home/john/Desktop/rp_ros2_rviz/src/pathplanner_node.cpp:47:14:[m[K [01;31m[Kerror: [m[Kâ€˜[01m[Kpath_generated_[m[Kâ€™ was not declared in this scope
   47 |         if (![01;31m[Kpath_generated_[m[K) {
      |              [01;31m[K^~~~~~~~~~~~~~~[m[K
[01m[K/home/john/Desktop/rp_ros2_rviz/src/pathplanner_node.cpp:48:22:[m[K [01;31m[Kerror: [m[Kâ€˜[01m[Kdmap[m[Kâ€™ was not declared in this scope; did you mean â€˜[01m[KDMap[m[Kâ€™?
   48 |             makePath([01;31m[Kdmap[m[K, 0.05, 1.0);
      |                      [01;31m[K^~~~[m[K
      |                      [32m[KDMap[m[K
[01m[K/home/john/Desktop/rp_ros2_rviz/src/pathplanner_node.cpp:[m[K In member function â€˜[01m[Kvoid PathPlanner::[01;32m[Kstring_callback[m[K(std_msgs::msg::String_<std::allocator<void> >::SharedPtr)[m[Kâ€™:
[01m[K/home/john/Desktop/rp_ros2_rviz/src/pathplanner_node.cpp:72:9:[m[K [01;31m[Kerror: [m[Kâ€˜[01m[Kdmap_ready_[m[Kâ€™ was not declared in this scope
   72 |         [01;31m[Kdmap_ready_[m[K = true;
      |         [01;31m[K^~~~~~~~~~~[m[K
[01m[K/home/john/Desktop/rp_ros2_rviz/src/pathplanner_node.cpp:73:9:[m[K [01;31m[Kerror: [m[Kâ€˜[01m[Kpath_generated_[m[Kâ€™ was not declared in this scope
   73 |         [01;31m[Kpath_generated_[m[K = false;
      |         [01;31m[K^~~~~~~~~~~~~~~[m[K
gmake[2]: *** [CMakeFiles/pathplanner_node.dir/build.make:76: CMakeFiles/pathplanner_node.dir/src/pathplanner_node.cpp.o] Error 1
gmake[1]: *** [CMakeFiles/Makefile2:193: CMakeFiles/pathplanner_node.dir/all] Error 2
gmake: *** [Makefile:146: all] Error 2
