[0.014s] Invoking command in '/home/john/Desktop/rp_ros2_rviz/build/rp_ros2_rviz': CMAKE_PREFIX_PATH=${CMAKE_PREFIX_PATH}:/opt/ros/jazzy DEBUGINFOD_URLS=https://debuginfod.ubuntu.com /usr/bin/cmake --build /home/john/Desktop/rp_ros2_rviz/build/rp_ros2_rviz -- -j4 -l4
[0.107s] [ 50%] [32mBuilding CXX object CMakeFiles/canvas.dir/src/canvas.cpp.o[0m
[2.556s] [01m[K/home/john/Desktop/rp_ros2_rviz/src/canvas.cpp:[m[K In function â€˜[01m[Kint[01;32m[K main[m[K(int, char**)[m[Kâ€™:
[2.557s] [01m[K/home/john/Desktop/rp_ros2_rviz/src/canvas.cpp:20:35:[m[K [01;31m[Kerror: [m[Kâ€˜[01m[KBlankCanvasNode[m[Kâ€™ was not declared in this scope
[2.557s]    20 |     rclcpp::spin(std::make_shared<[01;31m[KBlankCanvasNode[m[K>());
[2.557s]       |                                   [01;31m[K^~~~~~~~~~~~~~~[m[K
[2.557s] [01m[K/home/john/Desktop/rp_ros2_rviz/src/canvas.cpp:20:51:[m[K [01;31m[Kerror: [m[Kno matching function for call to â€˜[01m[Kmake_shared<<expression error> >()[m[Kâ€™
[2.557s]    20 |     rclcpp::spin([01;31m[Kstd::make_shared<BlankCanvasNode>()[m[K);
[2.557s]       |                  [01;31m[K~~~~~~~~~~~~~~~~~~~~~~~~~~~~~~~~~^~[m[K
[2.557s] In file included from [01m[K/usr/include/c++/13/memory:80[m[K,
[2.557s]                  from [01m[K/opt/ros/jazzy/include/rclcpp/rclcpp/rclcpp.hpp:169[m[K,
[2.557s]                  from [01m[K/home/john/Desktop/rp_ros2_rviz/src/canvas.cpp:1[m[K:
[2.557s] [01m[K/usr/include/c++/13/bits/shared_ptr.h:1005:5:[m[K [01;36m[Knote: [m[Kcandidate: â€˜[01m[Ktemplate<class _Tp, class ... _Args> std::shared_ptr<typename std::enable_if<(! std::is_array< <template-parameter-1-1> >::value), _Tp>::type> std::[01;32m[Kmake_shared[m[K(_Args&& ...)[m[Kâ€™
[2.557s]  1005 |     [01;36m[Kmake_shared[m[K(_Args&&... __args)
[2.557s]       |     [01;36m[K^~~~~~~~~~~[m[K
[2.557s] [01m[K/usr/include/c++/13/bits/shared_ptr.h:1005:5:[m[K [01;36m[Knote: [m[K  template argument deduction/substitution failed:
[2.557s] [01m[K/home/john/Desktop/rp_ros2_rviz/src/canvas.cpp:20:51:[m[K [01;31m[Kerror: [m[Ktemplate argument 1 is invalid
[2.557s]    20 |     rclcpp::spin([01;31m[Kstd::make_shared<BlankCanvasNode>()[m[K);
[2.557s]       |                  [01;31m[K~~~~~~~~~~~~~~~~~~~~~~~~~~~~~~~~~^~[m[K
[3.560s] gmake[2]: *** [CMakeFiles/canvas.dir/build.make:76: CMakeFiles/canvas.dir/src/canvas.cpp.o] Error 1
[3.560s] gmake[1]: *** [CMakeFiles/Makefile2:137: CMakeFiles/canvas.dir/all] Error 2
[3.562s] gmake: *** [Makefile:146: all] Error 2
[3.568s] Invoked command in '/home/john/Desktop/rp_ros2_rviz/build/rp_ros2_rviz' returned '2': CMAKE_PREFIX_PATH=${CMAKE_PREFIX_PATH}:/opt/ros/jazzy DEBUGINFOD_URLS=https://debuginfod.ubuntu.com /usr/bin/cmake --build /home/john/Desktop/rp_ros2_rviz/build/rp_ros2_rviz -- -j4 -l4
