[0.034s] Invoking command in '/home/john/Desktop/rp_ros2_rviz/build/rp_ros2_rviz': CMAKE_PREFIX_PATH=${CMAKE_PREFIX_PATH}:/opt/ros/jazzy DEBUGINFOD_URLS=https://debuginfod.ubuntu.com /usr/bin/cmake --build /home/john/Desktop/rp_ros2_rviz/build/rp_ros2_rviz -- -j4 -l4
[0.098s] [ 16%] Built target control_robot
[0.143s] [ 25%] [32mBuilding CXX object CMakeFiles/world_node.dir/src/world_node.cpp.o[0m
[4.350s] [01m[K/home/john/Desktop/rp_ros2_rviz/src/world_node.cpp:[m[K In constructor â€˜[01m[KWorldNode::[01;32m[KWorldNode[m[K()[m[Kâ€™:
[4.351s] [01m[K/home/john/Desktop/rp_ros2_rviz/src/world_node.cpp:69:17:[m[K [01;35m[Kwarning: [m[Kunused variable â€˜[01m[Kkey[m[Kâ€™ [[01;35m[K]8;;https://gcc.gnu.org/onlinedocs/gcc/Warning-Options.html#index-Wunused-variable-Wunused-variable]8;;[m[K]
[4.351s]    69 |             int [01;35m[Kkey[m[K=0;
[4.351s]       |                 [01;35m[K^~~[m[K
[4.369s] [01m[K/home/john/Desktop/rp_ros2_rviz/src/world_node.cpp:[m[K In static member function â€˜[01m[Kstatic void WorldNode::[01;32m[KonMouse[m[K(int, int, int, int, void*)[m[Kâ€™:
[4.369s] [01m[K/home/john/Desktop/rp_ros2_rviz/src/world_node.cpp:101:30:[m[K [01;31m[Kerror: [m[Kcannot convert â€˜[01m[KGridMapping[m[Kâ€™ to â€˜[01m[Kconst GridMap&[m[Kâ€™
[4.369s]   101 |           redisplay([01;31m[Kplanner->mapping[m[K);
[4.369s]       |                     [01;31m[K~~~~~~~~~^~~~~~~[m[K
[4.369s]       |                              [01;31m[K|[m[K
[4.369s]       |                              [01;31m[KGridMapping[m[K
[4.369s] [01m[K/home/john/Desktop/rp_ros2_rviz/src/world_node.cpp:185:31:[m[K [01;36m[Knote: [m[K  initializing argument 1 of â€˜[01m[Kvoid WorldNode::[01;32m[Kredisplay[m[K(const GridMap&)[m[Kâ€™
[4.369s]   185 | void redisplay([01;36m[Kconst GridMap& mapping[m[K) {
[4.369s]       |                [01;36m[K~~~~~~~~~~~~~~~^~~~~~~[m[K
[4.369s] [01m[K/home/john/Desktop/rp_ros2_rviz/src/world_node.cpp:103:21:[m[K [01;31m[Kerror: [m[Kinvalid use of member â€˜[01m[KWorldNode::path[m[Kâ€™ in static member function
[4.370s]   103 |           printPath([01;31m[Kpath[m[K);
[4.370s]       |                     [01;31m[K^~~~[m[K
[4.370s] [01m[K/home/john/Desktop/rp_ros2_rviz/src/world_node.cpp:143:21:[m[K [01;36m[Knote: [m[Kdeclared here
[4.370s]   143 | std::list<Vector2f> [01;36m[Kpath[m[K;
[4.370s]       |                     [01;36m[K^~~~[m[K
[4.395s] [01m[K/home/john/Desktop/rp_ros2_rviz/src/world_node.cpp:103:11:[m[K [01;31m[Kerror: [m[Kâ€˜[01m[KprintPath[m[Kâ€™ was not declared in this scope
[4.395s]   103 |           [01;31m[KprintPath[m[K(path);
[4.395s]       |           [01;31m[K^~~~~~~~~[m[K
[4.395s] [01m[K/home/john/Desktop/rp_ros2_rviz/src/world_node.cpp:104:32:[m[K [01;31m[Kerror: [m[Kinvalid use of member â€˜[01m[KWorldNode::path[m[Kâ€™ in static member function
[4.395s]   104 |           planner->computePath([01;31m[Kpath[m[K,
[4.395s]       |                                [01;31m[K^~~~[m[K
[4.395s] [01m[K/home/john/Desktop/rp_ros2_rviz/src/world_node.cpp:143:21:[m[K [01;36m[Knote: [m[Kdeclared here
[4.395s]   143 | std::list<Vector2f> [01;36m[Kpath[m[K;
[4.395s]       |                     [01;36m[K^~~~[m[K
[4.396s] [01m[K/home/john/Desktop/rp_ros2_rviz/src/world_node.cpp:108:32:[m[K [01;31m[Kerror: [m[Kinvalid use of member â€˜[01m[KWorldNode::use_gradient[m[Kâ€™ in static member function
[4.396s]   108 |                                [01;31m[Kuse_gradient[m[K);
[4.396s]       |                                [01;31m[K^~~~~~~~~~~~[m[K
[4.396s] [01m[K/home/john/Desktop/rp_ros2_rviz/src/world_node.cpp:138:6:[m[K [01;36m[Knote: [m[Kdeclared here
[4.396s]   138 | bool [01;36m[Kuse_gradient[m[K=false;
[4.396s]       |      [01;36m[K^~~~~~~~~~~~[m[K
[4.396s] [01m[K/home/john/Desktop/rp_ros2_rviz/src/world_node.cpp:110:21:[m[K [01;31m[Kerror: [m[Kinvalid use of member â€˜[01m[KWorldNode::path[m[Kâ€™ in static member function
[4.396s]   110 |           printPath([01;31m[Kpath[m[K);
[4.397s]       |                     [01;31m[K^~~~[m[K
[4.397s] [01m[K/home/john/Desktop/rp_ros2_rviz/src/world_node.cpp:143:21:[m[K [01;36m[Knote: [m[Kdeclared here
[4.397s]   143 | std::list<Vector2f> [01;36m[Kpath[m[K;
[4.397s]       |                     [01;36m[K^~~~[m[K
[4.401s] [01m[K/home/john/Desktop/rp_ros2_rviz/src/world_node.cpp:119:40:[m[K [01;31m[Kerror: [m[Kinvalid use of member â€˜[01m[KWorldNode::background_mode[m[Kâ€™ in static member function
[4.401s]   119 |         cerr << "background_mode= " << [01;31m[Kbackground_mode[m[K << endl;
[4.401s]       |                                        [01;31m[K^~~~~~~~~~~~~~~[m[K
[4.401s] [01m[K/home/john/Desktop/rp_ros2_rviz/src/world_node.cpp:139:5:[m[K [01;36m[Knote: [m[Kdeclared here
[4.401s]   139 | int [01;36m[Kbackground_mode[m[K=0; // 0: DMap, 1:Obstacles, 2: Policy
[4.401s]       |     [01;36m[K^~~~~~~~~~~~~~~[m[K
[4.401s] [01m[K/home/john/Desktop/rp_ros2_rviz/src/world_node.cpp:120:16:[m[K [01;31m[Kerror: [m[Kinvalid use of member â€˜[01m[KWorldNode::background_mode[m[Kâ€™ in static member function
[4.401s]   120 |         switch([01;31m[Kbackground_mode[m[K) {
[4.401s]       |                [01;31m[K^~~~~~~~~~~~~~~[m[K
[4.401s] [01m[K/home/john/Desktop/rp_ros2_rviz/src/world_node.cpp:139:5:[m[K [01;36m[Knote: [m[Kdeclared here
[4.401s]   139 | int [01;36m[Kbackground_mode[m[K=0; // 0: DMap, 1:Obstacles, 2: Policy
[4.401s]       |     [01;36m[K^~~~~~~~~~~~~~~[m[K
[4.407s] [01m[K/home/john/Desktop/rp_ros2_rviz/src/world_node.cpp:91:54:[m[K [01;35m[Kwarning: [m[Kunused parameter â€˜[01m[Kval[m[Kâ€™ [[01;35m[K]8;;https://gcc.gnu.org/onlinedocs/gcc/Warning-Options.html#index-Wunused-parameter-Wunused-parameter]8;;[m[K]
[4.407s]    91 |     static void onMouse(int event, int x, int y, [01;35m[Kint val[m[K, void* arg) {
[4.407s]       |                                                  [01;35m[K~~~~^~~[m[K
[4.426s] [01m[K/home/john/Desktop/rp_ros2_rviz/src/world_node.cpp:[m[K In member function â€˜[01m[Kvoid WorldNode::[01;32m[Kredisplay[m[K(const GridMap&)[m[Kâ€™:
[4.426s] [01m[K/home/john/Desktop/rp_ros2_rviz/src/world_node.cpp:189:15:[m[K [01;31m[Kerror: [m[Kno matching function for call to â€˜[01m[KdrawPoints(cv::Mat&, const GridMap&, const Eigen::Transform<float, 2, 1>, std::__cxx11::list<Eigen::Matrix<float, 2, 1> >&, int)[m[Kâ€™
[4.426s]   189 |     [01;31m[KdrawPoints(shown_image, mapping, Eigen::Isometry2f::Identity(), path, 255)[m[K;
[4.426s]       |     [01;31m[K~~~~~~~~~~^~~~~~~~~~~~~~~~~~~~~~~~~~~~~~~~~~~~~~~~~~~~~~~~~~~~~~~~~~~~~~~~[m[K
[4.426s] In file included from [01m[K/home/john/Desktop/rp_ros2_rviz/src/world_node.cpp:9[m[K:
[4.426s] [01m[K/home/john/Desktop/rp_ros2_rviz/include/rp_ros2_rviz/display_utils.h:6:6:[m[K [01;36m[Knote: [m[Kcandidate: â€˜[01m[Ktemplate<class ContainerType> void[01;32m[K drawPoints[m[K(cv::Mat&, const GridMapping&, const Eigen::Isometry2f&, const ContainerType&, uint8_t)[m[Kâ€™
[4.426s]     6 | void [01;36m[KdrawPoints[m[K(cv::Mat& dest,
[4.426s]       |      [01;36m[K^~~~~~~~~~[m[K
[4.426s] [01m[K/home/john/Desktop/rp_ros2_rviz/include/rp_ros2_rviz/display_utils.h:6:6:[m[K [01;36m[Knote: [m[K  template argument deduction/substitution failed:
[4.426s] [01m[K/home/john/Desktop/rp_ros2_rviz/src/world_node.cpp:189:29:[m[K [01;36m[Knote: [m[K  cannot convert â€˜[01m[Kmapping[m[Kâ€™ (type â€˜[01m[Kconst GridMap[m[Kâ€™) to type â€˜[01m[Kconst GridMapping&[m[Kâ€™
[4.426s]   189 |     drawPoints(shown_image, [01;36m[Kmapping[m[K, Eigen::Isometry2f::Identity(), path, 255);
[4.426s]       |                             [01;36m[K^~~~~~~[m[K
[6.370s] gmake[2]: *** [CMakeFiles/world_node.dir/build.make:76: CMakeFiles/world_node.dir/src/world_node.cpp.o] Error 1
[6.370s] gmake[1]: *** [CMakeFiles/Makefile2:165: CMakeFiles/world_node.dir/all] Error 2
[6.370s] gmake: *** [Makefile:146: all] Error 2
[6.373s] Invoked command in '/home/john/Desktop/rp_ros2_rviz/build/rp_ros2_rviz' returned '2': CMAKE_PREFIX_PATH=${CMAKE_PREFIX_PATH}:/opt/ros/jazzy DEBUGINFOD_URLS=https://debuginfod.ubuntu.com /usr/bin/cmake --build /home/john/Desktop/rp_ros2_rviz/build/rp_ros2_rviz -- -j4 -l4
