[0.013s] Invoking command in '/home/john/Desktop/rp_ros2_rviz/build/rp_ros2_rviz': CMAKE_PREFIX_PATH=${CMAKE_PREFIX_PATH}:/opt/ros/jazzy DEBUGINFOD_URLS=https://debuginfod.ubuntu.com /usr/bin/cmake --build /home/john/Desktop/rp_ros2_rviz/build/rp_ros2_rviz -- -j4 -l4
[0.133s] [ 20%] Built target control_robot
[0.160s] [ 30%] [32mBuilding CXX object CMakeFiles/world_node.dir/src/world_node.cpp.o[0m
[4.118s] [01m[K/home/john/Desktop/rp_ros2_rviz/src/world_node.cpp:[m[K In constructor â€˜[01m[KWorldNode::[01;32m[KWorldNode[m[K()[m[Kâ€™:
[4.119s] [01m[K/home/john/Desktop/rp_ros2_rviz/src/world_node.cpp:53:17:[m[K [01;35m[Kwarning: [m[Kunused variable â€˜[01m[Kkey[m[Kâ€™ [[01;35m[K]8;;https://gcc.gnu.org/onlinedocs/gcc/Warning-Options.html#index-Wunused-variable-Wunused-variable]8;;[m[K]
[4.119s]    53 |             int [01;35m[Kkey[m[K=0;
[4.119s]       |                 [01;35m[K^~~[m[K
[4.153s] [01m[K/home/john/Desktop/rp_ros2_rviz/src/world_node.cpp:[m[K In member function â€˜[01m[Kvoid WorldNode::[01;32m[Kredisplay[m[K(const GridMapping&)[m[Kâ€™:
[4.153s] [01m[K/home/john/Desktop/rp_ros2_rviz/src/world_node.cpp:83:5:[m[K [01;31m[Kerror: [m[Kâ€˜[01m[KdrawPoints[m[Kâ€™ was not declared in this scope
[4.153s]    83 |     [01;31m[KdrawPoints[m[K(shown_image, mapping, Eigen::Isometry2f::Identity(), path, 255);
[4.153s]       |     [01;31m[K^~~~~~~~~~[m[K
[4.171s] [01m[K/home/john/Desktop/rp_ros2_rviz/src/world_node.cpp:[m[K In static member function â€˜[01m[Kstatic void WorldNode::[01;32m[KonMouse[m[K(int, int, int, int, void*)[m[Kâ€™:
[4.171s] [01m[K/home/john/Desktop/rp_ros2_rviz/src/world_node.cpp:164:18:[m[K [01;31m[Kerror: [m[Kcannot call member function â€˜[01m[Kvoid WorldNode::[01;32m[Kredisplay[m[K(const GridMapping&)[m[Kâ€™ without object
[4.171s]   164 |         [01;31m[Kredisplay(planner->mapping)[m[K;
[4.171s]       |         [01;31m[K~~~~~~~~~^~~~~~~~~~~~~~~~~~[m[K
[4.171s] [01m[K/home/john/Desktop/rp_ros2_rviz/src/world_node.cpp:166:19:[m[K [01;31m[Kerror: [m[Kinvalid use of member â€˜[01m[KWorldNode::path[m[Kâ€™ in static member function
[4.171s]   166 |         printPath([01;31m[Kpath[m[K);
[4.171s]       |                   [01;31m[K^~~~[m[K
[4.171s] [01m[K/home/john/Desktop/rp_ros2_rviz/src/world_node.cpp:76:21:[m[K [01;36m[Knote: [m[Kdeclared here
[4.171s]    76 | std::list<Vector2f> [01;36m[Kpath[m[K;
[4.171s]       |                     [01;36m[K^~~~[m[K
[4.186s] [01m[K/home/john/Desktop/rp_ros2_rviz/src/world_node.cpp:166:9:[m[K [01;31m[Kerror: [m[Kâ€˜[01m[KprintPath[m[Kâ€™ was not declared in this scope
[4.186s]   166 |         [01;31m[KprintPath[m[K(path);
[4.186s]       |         [01;31m[K^~~~~~~~~[m[K
[4.187s] [01m[K/home/john/Desktop/rp_ros2_rviz/src/world_node.cpp:167:30:[m[K [01;31m[Kerror: [m[Kinvalid use of member â€˜[01m[KWorldNode::path[m[Kâ€™ in static member function
[4.187s]   167 |         planner->computePath([01;31m[Kpath[m[K,
[4.187s]       |                              [01;31m[K^~~~[m[K
[4.187s] [01m[K/home/john/Desktop/rp_ros2_rviz/src/world_node.cpp:76:21:[m[K [01;36m[Knote: [m[Kdeclared here
[4.187s]    76 | std::list<Vector2f> [01;36m[Kpath[m[K;
[4.187s]       |                     [01;36m[K^~~~[m[K
[4.201s] [01m[K/home/john/Desktop/rp_ros2_rviz/src/world_node.cpp:171:29:[m[K [01;31m[Kerror: [m[Kâ€˜[01m[Kuse_gradient[m[Kâ€™ was not declared in this scope
[4.201s]   171 |                             [01;31m[Kuse_gradient[m[K);
[4.201s]       |                             [01;31m[K^~~~~~~~~~~~[m[K
[4.201s] [01m[K/home/john/Desktop/rp_ros2_rviz/src/world_node.cpp:172:18:[m[K [01;31m[Kerror: [m[Kcannot call member function â€˜[01m[Kvoid WorldNode::[01;32m[Kredisplay[m[K(const GridMapping&)[m[Kâ€™ without object
[4.201s]   172 |         [01;31m[Kredisplay(planner->mapping)[m[K;
[4.202s]       |         [01;31m[K~~~~~~~~~^~~~~~~~~~~~~~~~~~[m[K
[4.202s] [01m[K/home/john/Desktop/rp_ros2_rviz/src/world_node.cpp:173:19:[m[K [01;31m[Kerror: [m[Kinvalid use of member â€˜[01m[KWorldNode::path[m[Kâ€™ in static member function
[4.202s]   173 |         printPath([01;31m[Kpath[m[K);
[4.202s]       |                   [01;31m[K^~~~[m[K
[4.202s] [01m[K/home/john/Desktop/rp_ros2_rviz/src/world_node.cpp:76:21:[m[K [01;36m[Knote: [m[Kdeclared here
[4.202s]    76 | std::list<Vector2f> [01;36m[Kpath[m[K;
[4.202s]       |                     [01;36m[K^~~~[m[K
[4.217s] [01m[K/home/john/Desktop/rp_ros2_rviz/src/world_node.cpp:182:36:[m[K [01;31m[Kerror: [m[Kâ€˜[01m[Kbackground_mode[m[Kâ€™ was not declared in this scope; did you mean â€˜[01m[Kbackground_image[m[Kâ€™?
[4.217s]   182 |     cerr << "background_mode= " << [01;31m[Kbackground_mode[m[K << endl;
[4.217s]       |                                    [01;31m[K^~~~~~~~~~~~~~~[m[K
[4.217s]       |                                    [32m[Kbackground_image[m[K
[4.229s] [01m[K/home/john/Desktop/rp_ros2_rviz/src/world_node.cpp:155:54:[m[K [01;35m[Kwarning: [m[Kunused parameter â€˜[01m[Kval[m[Kâ€™ [[01;35m[K]8;;https://gcc.gnu.org/onlinedocs/gcc/Warning-Options.html#index-Wunused-parameter-Wunused-parameter]8;;[m[K]
[4.229s]   155 |     static void onMouse(int event, int x, int y, [01;35m[Kint val[m[K, void* arg) {
[4.229s]       |                                                  [01;35m[K~~~~^~~[m[K
[6.205s] gmake[2]: *** [CMakeFiles/world_node.dir/build.make:76: CMakeFiles/world_node.dir/src/world_node.cpp.o] Error 1
[6.205s] gmake[1]: *** [CMakeFiles/Makefile2:165: CMakeFiles/world_node.dir/all] Error 2
[6.206s] gmake: *** [Makefile:146: all] Error 2
[6.211s] Invoked command in '/home/john/Desktop/rp_ros2_rviz/build/rp_ros2_rviz' returned '2': CMAKE_PREFIX_PATH=${CMAKE_PREFIX_PATH}:/opt/ros/jazzy DEBUGINFOD_URLS=https://debuginfod.ubuntu.com /usr/bin/cmake --build /home/john/Desktop/rp_ros2_rviz/build/rp_ros2_rviz -- -j4 -l4
