[0.023s] Invoking command in '/home/john/Desktop/rp_ros2_rviz/build/rp_ros2_rviz': CMAKE_PREFIX_PATH=${CMAKE_PREFIX_PATH}:/opt/ros/jazzy DEBUGINFOD_URLS=https://debuginfod.ubuntu.com /usr/bin/cmake --build /home/john/Desktop/rp_ros2_rviz/build/rp_ros2_rviz -- -j4 -l4
[0.110s] [ 50%] Built target pathplanner_node
[0.115s] [ 60%] [32mBuilding CXX object CMakeFiles/world_node.dir/src/world_node.cpp.o[0m
[4.860s] [01m[K/home/john/Desktop/rp_ros2_rviz/src/world_node.cpp:289:2:[m[K [01;31m[Kerror: [m[Kexpected â€˜[01m[K}[m[Kâ€™ at end of input
[4.860s]   289 | }
[4.860s]       |  [01;31m[K^[m[K
[4.860s] [01m[K/home/john/Desktop/rp_ros2_rviz/src/world_node.cpp:18:39:[m[K [01;36m[Knote: [m[Kto match this â€˜[01m[K{[m[Kâ€™
[4.860s]    18 | class WorldNode : public rclcpp::Node [01;36m[K{[m[K
[4.861s]       |                                       [01;36m[K^[m[K
[4.878s] [01m[K/home/john/Desktop/rp_ros2_rviz/src/world_node.cpp:[m[K In constructor â€˜[01m[KWorldNode::[01;32m[KWorldNode[m[K()[m[Kâ€™:
[4.878s] [01m[K/home/john/Desktop/rp_ros2_rviz/src/world_node.cpp:72:31:[m[K [01;31m[Kerror: [m[Kâ€˜[01m[KpublishRobot[m[Kâ€™ is not a member of â€˜[01m[KWorldNode[m[Kâ€™
[4.878s]    72 |         std::bind(&WorldNode::[01;31m[KpublishRobot[m[K, this));
[4.878s]       |                               [01;31m[K^~~~~~~~~~~~[m[K
[4.885s] In file included from [01m[K/opt/ros/jazzy/include/rclcpp/rclcpp/copy_all_parameter_values.hpp:27[m[K,
[4.885s]                  from [01m[K/opt/ros/jazzy/include/rclcpp/rclcpp/rclcpp.hpp:171[m[K,
[4.885s]                  from [01m[K/home/john/Desktop/rp_ros2_rviz/src/world_node.cpp:2[m[K:
[4.886s] [01m[K/home/john/Desktop/rp_ros2_rviz/src/world_node.cpp:[m[K In member function â€˜[01m[Kvoid WorldNode::[01;32m[KfollowPath[m[K(geometry_msgs::msg::PoseArray_<std::allocator<void> >::SharedPtr)[m[Kâ€™:
[4.886s] [01m[K/home/john/Desktop/rp_ros2_rviz/src/world_node.cpp:111:13:[m[K [01;31m[Kerror: [m[Kexpected â€˜[01m[K;[m[Kâ€™ before â€˜[01m[Kdo[m[Kâ€™
[4.886s]   111 |             [01;31m[KRCLCPP_INFO[m[K(this->get_logger(), "Position Robot: (%.3f, %.3f)", pose.position.x, pose.position.y);
[4.886s]       |             [01;31m[K^~~~~~~~~~~[m[K
[4.901s] [01m[K/home/john/Desktop/rp_ros2_rviz/src/world_node.cpp:[m[K In member function â€˜[01m[Kvoid WorldNode::[01;32m[Kbool_callback[m[K(std_msgs::msg::Bool_<std::allocator<void> >::SharedPtr)[m[Kâ€™:
[4.901s] [01m[K/home/john/Desktop/rp_ros2_rviz/src/world_node.cpp:217:27:[m[K [01;31m[Kerror: [m[Ka function-definition is not allowed here before â€˜[01m[K{[m[Kâ€™ token
[4.901s]   217 |     void publishMessage() [01;31m[K{[m[K
[4.901s]       |                           [01;31m[K^[m[K
[4.902s] [01m[K/home/john/Desktop/rp_ros2_rviz/src/world_node.cpp:232:25:[m[K [01;31m[Kerror: [m[Ka function-definition is not allowed here before â€˜[01m[K{[m[Kâ€™ token
[4.902s]   232 |     void publishRobot() [01;31m[K{[m[K
[4.902s]       |                         [01;31m[K^[m[K
[4.902s] [01m[K/home/john/Desktop/rp_ros2_rviz/src/world_node.cpp:248:66:[m[K [01;31m[Kerror: [m[Ka function-definition is not allowed here before â€˜[01m[K{[m[Kâ€™ token
[4.902s]   248 |     static void onMouse(int event, int x, int y, int, void* arg) [01;31m[K{[m[K
[4.902s]       |                                                                  [01;31m[K^[m[K
[4.903s] [01m[K/home/john/Desktop/rp_ros2_rviz/src/world_node.cpp:[m[K In member function â€˜[01m[Kint WorldNode::[01;32m[Kmain[m[K(int, char**)[m[Kâ€™:
[4.903s] [01m[K/home/john/Desktop/rp_ros2_rviz/src/world_node.cpp:277:48:[m[K [01;31m[Kerror: [m[Kâ€˜[01m[KonMouse[m[Kâ€™ is not a member of â€˜[01m[KWorldNode[m[Kâ€™
[4.903s]   277 |     cv::setMouseCallback("planner", WorldNode::[01;31m[KonMouse[m[K, node.get());
[4.903s]       |                                                [01;31m[K^~~~~~~[m[K
[4.904s] [01m[K/home/john/Desktop/rp_ros2_rviz/src/world_node.cpp:[m[K At global scope:
[4.904s] [01m[K/home/john/Desktop/rp_ros2_rviz/src/world_node.cpp:289:2:[m[K [01;31m[Kerror: [m[Kexpected unqualified-id at end of input
[4.904s]   289 | }
[4.904s]       |  [01;31m[K^[m[K
[7.701s] gmake[2]: *** [CMakeFiles/world_node.dir/build.make:76: CMakeFiles/world_node.dir/src/world_node.cpp.o] Error 1
[7.702s] gmake[1]: *** [CMakeFiles/Makefile2:139: CMakeFiles/world_node.dir/all] Error 2
[7.702s] gmake: *** [Makefile:146: all] Error 2
[7.706s] Invoked command in '/home/john/Desktop/rp_ros2_rviz/build/rp_ros2_rviz' returned '2': CMAKE_PREFIX_PATH=${CMAKE_PREFIX_PATH}:/opt/ros/jazzy DEBUGINFOD_URLS=https://debuginfod.ubuntu.com /usr/bin/cmake --build /home/john/Desktop/rp_ros2_rviz/build/rp_ros2_rviz -- -j4 -l4
