[0.015s] Invoking command in '/home/john/Desktop/path_ros/rp_ros2_rviz/build/rp_ros2_rviz': CMAKE_PREFIX_PATH=${CMAKE_PREFIX_PATH}:/opt/ros/jazzy DEBUGINFOD_URLS=https://debuginfod.ubuntu.com /usr/bin/cmake --build /home/john/Desktop/path_ros/rp_ros2_rviz/build/rp_ros2_rviz -- -j4 -l4
[0.068s] [ 50%] Built target dmap_node
[0.096s] [ 60%] [32mBuilding CXX object CMakeFiles/world_node.dir/src/world_node.cpp.o[0m
[3.021s] [01m[K/home/john/Desktop/path_ros/rp_ros2_rviz/src/world_node.cpp:[m[K In constructor â€˜[01m[KWorldNode::[01;32m[KWorldNode[m[K()[m[Kâ€™:
[3.021s] [01m[K/home/john/Desktop/path_ros/rp_ros2_rviz/src/world_node.cpp:41:20:[m[K [01;31m[Kerror: [m[Kâ€˜[01m[KpublishMessage[m[Kâ€™ is not a class, namespace, or enumeration
[3.021s]    41 |         std::bind(&[01;31m[KpublishMessage[m[K::publishMessage, this));
[3.021s]       |                    [01;31m[K^~~~~~~~~~~~~~[m[K
[3.022s] [01m[K/home/john/Desktop/path_ros/rp_ros2_rviz/src/world_node.cpp:43:9:[m[K [01;35m[Kwarning: [m[Kunused variable â€˜[01m[Krows[m[Kâ€™ [[01;35m[K]8;;https://gcc.gnu.org/onlinedocs/gcc/Warning-Options.html#index-Wunused-variable-Wunused-variable]8;;[m[K]
[3.022s]    43 |     int [01;35m[Krows[m[K=custom_image.rows, cols=custom_image.cols;
[3.022s]       |         [01;35m[K^~~~[m[K
[3.022s] [01m[K/home/john/Desktop/path_ros/rp_ros2_rviz/src/world_node.cpp:43:33:[m[K [01;35m[Kwarning: [m[Kunused variable â€˜[01m[Kcols[m[Kâ€™ [[01;35m[K]8;;https://gcc.gnu.org/onlinedocs/gcc/Warning-Options.html#index-Wunused-variable-Wunused-variable]8;;[m[K]
[3.022s]    43 |     int rows=custom_image.rows, [01;35m[Kcols[m[K=custom_image.cols;
[3.022s]       |                                 [01;35m[K^~~~[m[K
[3.022s] [01m[K/home/john/Desktop/path_ros/rp_ros2_rviz/src/world_node.cpp:44:11:[m[K [01;35m[Kwarning: [m[Kunused variable â€˜[01m[Kresolution[m[Kâ€™ [[01;35m[K]8;;https://gcc.gnu.org/onlinedocs/gcc/Warning-Options.html#index-Wunused-variable-Wunused-variable]8;;[m[K]
[3.022s]    44 |     float [01;35m[Kresolution[m[K=0.05;
[3.022s]       |           [01;35m[K^~~~~~~~~~[m[K
[3.022s] [01m[K/home/john/Desktop/path_ros/rp_ros2_rviz/src/world_node.cpp:49:11:[m[K [01;35m[Kwarning: [m[Kunused variable â€˜[01m[Kexpansion_range[m[Kâ€™ [[01;35m[K]8;;https://gcc.gnu.org/onlinedocs/gcc/Warning-Options.html#index-Wunused-variable-Wunused-variable]8;;[m[K]
[3.023s]    49 |     float [01;35m[Kexpansion_range[m[K=1;
[3.023s]       |           [01;35m[K^~~~~~~~~~~~~~~[m[K
[3.041s] [01m[K/home/john/Desktop/path_ros/rp_ros2_rviz/src/world_node.cpp:[m[K In member function â€˜[01m[Kvoid WorldNode::[01;32m[KpublishMessage[m[K()[m[Kâ€™:
[3.042s] [01m[K/home/john/Desktop/path_ros/rp_ros2_rviz/src/world_node.cpp:78:9:[m[K [01;31m[Kerror: [m[Kâ€˜[01m[Kstring_publisher_[m[Kâ€™ was not declared in this scope; did you mean â€˜[01m[Kpoint_publisher_[m[Kâ€™?
[3.042s]    78 |         [01;31m[Kstring_publisher_[m[K->publish(string_message);
[3.042s]       |         [01;31m[K^~~~~~~~~~~~~~~~~[m[K
[3.042s]       |         [32m[Kpoint_publisher_[m[K
[3.042s] [01m[K/home/john/Desktop/path_ros/rp_ros2_rviz/src/world_node.cpp:[m[K In static member function â€˜[01m[Kstatic void WorldNode::[01;32m[KonMouse[m[K(int, int, int, int, void*)[m[Kâ€™:
[3.042s] [01m[K/home/john/Desktop/path_ros/rp_ros2_rviz/src/world_node.cpp:89:29:[m[K [01;35m[Kwarning: [m[Kunused parameter â€˜[01m[Kevent[m[Kâ€™ [[01;35m[K]8;;https://gcc.gnu.org/onlinedocs/gcc/Warning-Options.html#index-Wunused-parameter-Wunused-parameter]8;;[m[K]
[3.042s]    89 |     static void onMouse([01;35m[Kint event[m[K, int x, int y, int val, void* arg) {
[3.042s]       |                         [01;35m[K~~~~^~~~~[m[K
[3.042s] [01m[K/home/john/Desktop/path_ros/rp_ros2_rviz/src/world_node.cpp:89:54:[m[K [01;35m[Kwarning: [m[Kunused parameter â€˜[01m[Kval[m[Kâ€™ [[01;35m[K]8;;https://gcc.gnu.org/onlinedocs/gcc/Warning-Options.html#index-Wunused-parameter-Wunused-parameter]8;;[m[K]
[3.042s]    89 |     static void onMouse(int event, int x, int y, [01;35m[Kint val[m[K, void* arg) {
[3.042s]       |                                                  [01;35m[K~~~~^~~[m[K
[4.222s] gmake[2]: *** [CMakeFiles/world_node.dir/build.make:76: CMakeFiles/world_node.dir/src/world_node.cpp.o] Error 1
[4.222s] gmake[1]: *** [CMakeFiles/Makefile2:165: CMakeFiles/world_node.dir/all] Error 2
[4.223s] gmake: *** [Makefile:146: all] Error 2
[4.225s] Invoked command in '/home/john/Desktop/path_ros/rp_ros2_rviz/build/rp_ros2_rviz' returned '2': CMAKE_PREFIX_PATH=${CMAKE_PREFIX_PATH}:/opt/ros/jazzy DEBUGINFOD_URLS=https://debuginfod.ubuntu.com /usr/bin/cmake --build /home/john/Desktop/path_ros/rp_ros2_rviz/build/rp_ros2_rviz -- -j4 -l4
