-- Found ament_cmake: 2.5.3 (/opt/ros/jazzy/share/ament_cmake/cmake)
-- Found rclcpp: 28.1.6 (/opt/ros/jazzy/share/rclcpp/cmake)
-- Found rosidl_generator_c: 4.6.5 (/opt/ros/jazzy/share/rosidl_generator_c/cmake)
-- Found rosidl_generator_cpp: 4.6.5 (/opt/ros/jazzy/share/rosidl_generator_cpp/cmake)
-- Using all available rosidl_typesupport_c: rosidl_typesupport_fastrtps_c;rosidl_typesupport_introspection_c
-- Using all available rosidl_typesupport_cpp: rosidl_typesupport_fastrtps_cpp;rosidl_typesupport_introspection_cpp
-- Found rmw_implementation_cmake: 7.3.1 (/opt/ros/jazzy/share/rmw_implementation_cmake/cmake)
-- Found rmw_fastrtps_cpp: 8.4.1 (/opt/ros/jazzy/share/rmw_fastrtps_cpp/cmake)
-- Using RMW implementation 'rmw_fastrtps_cpp' as default
-- Found std_msgs: 5.3.5 (/opt/ros/jazzy/share/std_msgs/cmake)
-- Found geometry_msgs: 5.3.5 (/opt/ros/jazzy/share/geometry_msgs/cmake)
-- Found ament_lint_auto: 0.17.1 (/opt/ros/jazzy/share/ament_lint_auto/cmake)
-- Added test 'cppcheck' to perform static code analysis on C / C++ code
-- Configured cppcheck include dirs: 
-- Configured cppcheck exclude dirs and/or files: 
-- Added test 'flake8' to check Python code syntax and style conventions
-- Configured 'flake8' exclude dirs and/or files: 
-- Added test 'lint_cmake' to check CMake code style
-- Added test 'pep257' to check Python code against some of the docstring style conventions in PEP 257
-- Added test 'uncrustify' to check C / C++ code style
-- Configured uncrustify additional arguments: 
-- Added test 'xmllint' to check XML markup files
-- Configuring done (0.7s)
-- Generating done (0.0s)
-- Build files have been written to: /home/john/Desktop/rp_ros2_rviz/build/rp_ros2_rviz
[ 50%] [32mBuilding CXX object CMakeFiles/canvas.dir/src/canvas.cpp.o[0m
[01m[K/home/john/Desktop/rp_ros2_rviz/src/canvas.cpp:[m[K In constructor â€˜[01m[KCanvas::[01;32m[KCanvas[m[K()[m[Kâ€™:
[01m[K/home/john/Desktop/rp_ros2_rviz/src/canvas.cpp:7:34:[m[K [01;31m[Kerror: [m[Kâ€˜[01m[Krows[m[Kâ€™ was not declared in this scope
    7 |         canvas_ = cv::Mat::zeros([01;31m[Krows[m[K,cols,CV_8UC3);
      |                                  [01;31m[K^~~~[m[K
[01m[K/home/john/Desktop/rp_ros2_rviz/src/canvas.cpp:7:39:[m[K [01;31m[Kerror: [m[Kâ€˜[01m[Kcols[m[Kâ€™ was not declared in this scope; did you mean â€˜[01m[Kcosl[m[Kâ€™?
    7 |         canvas_ = cv::Mat::zeros(rows,[01;31m[Kcols[m[K,CV_8UC3);
      |                                       [01;31m[K^~~~[m[K
      |                                       [32m[Kcosl[m[K
[01m[K/home/john/Desktop/rp_ros2_rviz/src/canvas.cpp:11:5:[m[K [01;31m[Kerror: [m[Kexpected â€˜[01m[K;[m[Kâ€™ before â€˜[01m[K}[m[Kâ€™ token
   11 |     [01;31m[K}[m[K
      |     [01;31m[K^[m[K
[01m[K/home/john/Desktop/rp_ros2_rviz/src/canvas.cpp:[m[K In function â€˜[01m[Kint[01;32m[K main[m[K(int, char**)[m[Kâ€™:
[01m[K/home/john/Desktop/rp_ros2_rviz/src/canvas.cpp:20:35:[m[K [01;31m[Kerror: [m[Kâ€˜[01m[KBlankCanvasNode[m[Kâ€™ was not declared in this scope
   20 |     rclcpp::spin(std::make_shared<[01;31m[KBlankCanvasNode[m[K>());
      |                                   [01;31m[K^~~~~~~~~~~~~~~[m[K
[01m[K/home/john/Desktop/rp_ros2_rviz/src/canvas.cpp:20:51:[m[K [01;31m[Kerror: [m[Kno matching function for call to â€˜[01m[Kmake_shared<<expression error> >()[m[Kâ€™
   20 |     rclcpp::spin([01;31m[Kstd::make_shared<BlankCanvasNode>()[m[K);
      |                  [01;31m[K~~~~~~~~~~~~~~~~~~~~~~~~~~~~~~~~~^~[m[K
In file included from [01m[K/usr/include/c++/13/memory:80[m[K,
                 from [01m[K/opt/ros/jazzy/include/rclcpp/rclcpp/rclcpp.hpp:169[m[K,
                 from [01m[K/home/john/Desktop/rp_ros2_rviz/src/canvas.cpp:1[m[K:
[01m[K/usr/include/c++/13/bits/shared_ptr.h:1005:5:[m[K [01;36m[Knote: [m[Kcandidate: â€˜[01m[Ktemplate<class _Tp, class ... _Args> std::shared_ptr<typename std::enable_if<(! std::is_array< <template-parameter-1-1> >::value), _Tp>::type> std::[01;32m[Kmake_shared[m[K(_Args&& ...)[m[Kâ€™
 1005 |     [01;36m[Kmake_shared[m[K(_Args&&... __args)
      |     [01;36m[K^~~~~~~~~~~[m[K
[01m[K/usr/include/c++/13/bits/shared_ptr.h:1005:5:[m[K [01;36m[Knote: [m[K  template argument deduction/substitution failed:
[01m[K/home/john/Desktop/rp_ros2_rviz/src/canvas.cpp:20:51:[m[K [01;31m[Kerror: [m[Ktemplate argument 1 is invalid
   20 |     rclcpp::spin([01;31m[Kstd::make_shared<BlankCanvasNode>()[m[K);
      |                  [01;31m[K~~~~~~~~~~~~~~~~~~~~~~~~~~~~~~~~~^~[m[K
gmake[2]: *** [CMakeFiles/canvas.dir/build.make:76: CMakeFiles/canvas.dir/src/canvas.cpp.o] Error 1
gmake[1]: *** [CMakeFiles/Makefile2:137: CMakeFiles/canvas.dir/all] Error 2
gmake: *** [Makefile:146: all] Error 2
