[0.019s] Invoking command in '/home/john/Desktop/rp_ros2_rviz/build/rp_ros2_rviz': CMAKE_PREFIX_PATH=${CMAKE_PREFIX_PATH}:/opt/ros/jazzy DEBUGINFOD_URLS=https://debuginfod.ubuntu.com /usr/bin/cmake /home/john/Desktop/rp_ros2_rviz -DCMAKE_INSTALL_PREFIX=/home/john/Desktop/rp_ros2_rviz/install/rp_ros2_rviz
[0.027s] -- Found ament_cmake: 2.5.3 (/opt/ros/jazzy/share/ament_cmake/cmake)
[0.235s] -- Found rclcpp: 28.1.6 (/opt/ros/jazzy/share/rclcpp/cmake)
[0.267s] -- Found rosidl_generator_c: 4.6.5 (/opt/ros/jazzy/share/rosidl_generator_c/cmake)
[0.276s] -- Found rosidl_generator_cpp: 4.6.5 (/opt/ros/jazzy/share/rosidl_generator_cpp/cmake)
[0.287s] -- Using all available rosidl_typesupport_c: rosidl_typesupport_fastrtps_c;rosidl_typesupport_introspection_c
[0.298s] -- Using all available rosidl_typesupport_cpp: rosidl_typesupport_fastrtps_cpp;rosidl_typesupport_introspection_cpp
[0.359s] -- Found rmw_implementation_cmake: 7.3.1 (/opt/ros/jazzy/share/rmw_implementation_cmake/cmake)
[0.360s] -- Found rmw_fastrtps_cpp: 8.4.1 (/opt/ros/jazzy/share/rmw_fastrtps_cpp/cmake)
[0.436s] -- Using RMW implementation 'rmw_fastrtps_cpp' as default
[0.492s] -- Found std_msgs: 5.3.5 (/opt/ros/jazzy/share/std_msgs/cmake)
[0.505s] -- Found geometry_msgs: 5.3.5 (/opt/ros/jazzy/share/geometry_msgs/cmake)
[0.531s] -- Found ament_lint_auto: 0.17.1 (/opt/ros/jazzy/share/ament_lint_auto/cmake)
[0.668s] -- Added test 'cppcheck' to perform static code analysis on C / C++ code
[0.668s] -- Configured cppcheck include dirs: 
[0.668s] -- Configured cppcheck exclude dirs and/or files: 
[0.669s] -- Added test 'flake8' to check Python code syntax and style conventions
[0.670s] -- Configured 'flake8' exclude dirs and/or files: 
[0.672s] -- Added test 'lint_cmake' to check CMake code style
[0.674s] -- Added test 'pep257' to check Python code against some of the docstring style conventions in PEP 257
[0.681s] -- Added test 'uncrustify' to check C / C++ code style
[0.681s] -- Configured uncrustify additional arguments: 
[0.683s] -- Added test 'xmllint' to check XML markup files
[0.688s] -- Configuring done (0.7s)
[0.701s] -- Generating done (0.0s)
[0.705s] -- Build files have been written to: /home/john/Desktop/rp_ros2_rviz/build/rp_ros2_rviz
[0.716s] Invoked command in '/home/john/Desktop/rp_ros2_rviz/build/rp_ros2_rviz' returned '0': CMAKE_PREFIX_PATH=${CMAKE_PREFIX_PATH}:/opt/ros/jazzy DEBUGINFOD_URLS=https://debuginfod.ubuntu.com /usr/bin/cmake /home/john/Desktop/rp_ros2_rviz -DCMAKE_INSTALL_PREFIX=/home/john/Desktop/rp_ros2_rviz/install/rp_ros2_rviz
[0.717s] Invoking command in '/home/john/Desktop/rp_ros2_rviz/build/rp_ros2_rviz': CMAKE_PREFIX_PATH=${CMAKE_PREFIX_PATH}:/opt/ros/jazzy DEBUGINFOD_URLS=https://debuginfod.ubuntu.com /usr/bin/cmake --build /home/john/Desktop/rp_ros2_rviz/build/rp_ros2_rviz -- -j4 -l4
[0.765s] [ 50%] [32mBuilding CXX object CMakeFiles/canvas.dir/src/canvas.cpp.o[0m
[3.721s] [01m[K/home/john/Desktop/rp_ros2_rviz/src/canvas.cpp:[m[K In constructor â€˜[01m[KCanvas::[01;32m[KCanvas[m[K()[m[Kâ€™:
[3.721s] [01m[K/home/john/Desktop/rp_ros2_rviz/src/canvas.cpp:7:34:[m[K [01;31m[Kerror: [m[Kâ€˜[01m[Krows[m[Kâ€™ was not declared in this scope
[3.721s]     7 |         canvas_ = cv::Mat::zeros([01;31m[Krows[m[K,cols,CV_8UC3);
[3.722s]       |                                  [01;31m[K^~~~[m[K
[3.731s] [01m[K/home/john/Desktop/rp_ros2_rviz/src/canvas.cpp:7:39:[m[K [01;31m[Kerror: [m[Kâ€˜[01m[Kcols[m[Kâ€™ was not declared in this scope; did you mean â€˜[01m[Kcosl[m[Kâ€™?
[3.731s]     7 |         canvas_ = cv::Mat::zeros(rows,[01;31m[Kcols[m[K,CV_8UC3);
[3.732s]       |                                       [01;31m[K^~~~[m[K
[3.732s]       |                                       [32m[Kcosl[m[K
[3.732s] [01m[K/home/john/Desktop/rp_ros2_rviz/src/canvas.cpp:11:5:[m[K [01;31m[Kerror: [m[Kexpected â€˜[01m[K;[m[Kâ€™ before â€˜[01m[K}[m[Kâ€™ token
[3.732s]    11 |     [01;31m[K}[m[K
[3.732s]       |     [01;31m[K^[m[K
[3.746s] [01m[K/home/john/Desktop/rp_ros2_rviz/src/canvas.cpp:[m[K In function â€˜[01m[Kint[01;32m[K main[m[K(int, char**)[m[Kâ€™:
[3.746s] [01m[K/home/john/Desktop/rp_ros2_rviz/src/canvas.cpp:20:35:[m[K [01;31m[Kerror: [m[Kâ€˜[01m[KBlankCanvasNode[m[Kâ€™ was not declared in this scope
[3.747s]    20 |     rclcpp::spin(std::make_shared<[01;31m[KBlankCanvasNode[m[K>());
[3.747s]       |                                   [01;31m[K^~~~~~~~~~~~~~~[m[K
[3.747s] [01m[K/home/john/Desktop/rp_ros2_rviz/src/canvas.cpp:20:51:[m[K [01;31m[Kerror: [m[Kno matching function for call to â€˜[01m[Kmake_shared<<expression error> >()[m[Kâ€™
[3.747s]    20 |     rclcpp::spin([01;31m[Kstd::make_shared<BlankCanvasNode>()[m[K);
[3.747s]       |                  [01;31m[K~~~~~~~~~~~~~~~~~~~~~~~~~~~~~~~~~^~[m[K
[3.748s] In file included from [01m[K/usr/include/c++/13/memory:80[m[K,
[3.748s]                  from [01m[K/opt/ros/jazzy/include/rclcpp/rclcpp/rclcpp.hpp:169[m[K,
[3.748s]                  from [01m[K/home/john/Desktop/rp_ros2_rviz/src/canvas.cpp:1[m[K:
[3.748s] [01m[K/usr/include/c++/13/bits/shared_ptr.h:1005:5:[m[K [01;36m[Knote: [m[Kcandidate: â€˜[01m[Ktemplate<class _Tp, class ... _Args> std::shared_ptr<typename std::enable_if<(! std::is_array< <template-parameter-1-1> >::value), _Tp>::type> std::[01;32m[Kmake_shared[m[K(_Args&& ...)[m[Kâ€™
[3.748s]  1005 |     [01;36m[Kmake_shared[m[K(_Args&&... __args)
[3.749s]       |     [01;36m[K^~~~~~~~~~~[m[K
[3.749s] [01m[K/usr/include/c++/13/bits/shared_ptr.h:1005:5:[m[K [01;36m[Knote: [m[K  template argument deduction/substitution failed:
[3.749s] [01m[K/home/john/Desktop/rp_ros2_rviz/src/canvas.cpp:20:51:[m[K [01;31m[Kerror: [m[Ktemplate argument 1 is invalid
[3.749s]    20 |     rclcpp::spin([01;31m[Kstd::make_shared<BlankCanvasNode>()[m[K);
[3.749s]       |                  [01;31m[K~~~~~~~~~~~~~~~~~~~~~~~~~~~~~~~~~^~[m[K
[4.724s] gmake[2]: *** [CMakeFiles/canvas.dir/build.make:76: CMakeFiles/canvas.dir/src/canvas.cpp.o] Error 1
[4.726s] gmake[1]: *** [CMakeFiles/Makefile2:137: CMakeFiles/canvas.dir/all] Error 2
[4.726s] gmake: *** [Makefile:146: all] Error 2
[4.730s] Invoked command in '/home/john/Desktop/rp_ros2_rviz/build/rp_ros2_rviz' returned '2': CMAKE_PREFIX_PATH=${CMAKE_PREFIX_PATH}:/opt/ros/jazzy DEBUGINFOD_URLS=https://debuginfod.ubuntu.com /usr/bin/cmake --build /home/john/Desktop/rp_ros2_rviz/build/rp_ros2_rviz -- -j4 -l4
