[0.010s] Invoking command in '/home/john/Desktop/rp_ros2_rviz/build/rp_ros2_rviz': CMAKE_PREFIX_PATH=${CMAKE_PREFIX_PATH}:/opt/ros/jazzy DEBUGINFOD_URLS=https://debuginfod.ubuntu.com /usr/bin/cmake --build /home/john/Desktop/rp_ros2_rviz/build/rp_ros2_rviz -- -j4 -l4
[0.115s] [ 28%] Built target canvas_node
[0.129s] [ 57%] Built target listener_node
[0.146s] [ 71%] [32mBuilding CXX object CMakeFiles/world_node.dir/src/world_node.cpp.o[0m
[3.196s] [01m[K/home/john/Desktop/rp_ros2_rviz/src/world_node.cpp:19:26:[m[K [01;31m[Kerror: [m[Kâ€˜[01m[Kstd_msgs[m[Kâ€™ was not declared in this scope
[3.196s]    19 |     rclcpp::Subscription<[01;31m[Kstd_msgs[m[K::msg::String>::SharedPtr map_path_subscriber_;
[3.196s]       |                          [01;31m[K^~~~~~~~[m[K
[3.196s] [01m[K/home/john/Desktop/rp_ros2_rviz/src/world_node.cpp:19:47:[m[K [01;31m[Kerror: [m[Ktemplate argument 1 is invalid
[3.196s]    19 |     rclcpp::Subscription<std_msgs::msg::String[01;31m[K>[m[K::SharedPtr map_path_subscriber_;
[3.196s]       |                                               [01;31m[K^[m[K
[3.196s] [01m[K/home/john/Desktop/rp_ros2_rviz/src/world_node.cpp:19:47:[m[K [01;31m[Kerror: [m[Ktemplate argument 3 is invalid
[3.196s] [01m[K/home/john/Desktop/rp_ros2_rviz/src/world_node.cpp:19:47:[m[K [01;31m[Kerror: [m[Ktemplate argument 4 is invalid
[3.196s] [01m[K/home/john/Desktop/rp_ros2_rviz/src/world_node.cpp:19:47:[m[K [01;31m[Kerror: [m[Ktemplate argument 5 is invalid
[3.196s] [01m[K/home/john/Desktop/rp_ros2_rviz/src/world_node.cpp:19:50:[m[K [01;31m[Kerror: [m[Kexpected â€˜[01m[K;[m[Kâ€™ at end of member declaration
[3.196s]    19 |     rclcpp::Subscription<std_msgs::msg::String>::[01;31m[KSharedPtr[m[K map_path_subscriber_;
[3.197s]       |                                                  [01;31m[K^~~~~~~~~[m[K
[3.197s]       |                                                           [32m[K;[m[K
[3.200s] [01m[K/home/john/Desktop/rp_ros2_rviz/src/world_node.cpp:19:60:[m[K [01;31m[Kerror: [m[Kâ€˜[01m[Kmap_path_subscriber_[m[Kâ€™ does not name a type
[3.200s]    19 |     rclcpp::Subscription<std_msgs::msg::String>::SharedPtr [01;31m[Kmap_path_subscriber_[m[K;
[3.200s]       |                                                            [01;31m[K^~~~~~~~~~~~~~~~~~~~[m[K
[3.206s] [01m[K/home/john/Desktop/rp_ros2_rviz/src/world_node.cpp:22:36:[m[K [01;31m[Kerror: [m[Kâ€˜[01m[Kstd_msgs[m[Kâ€™ does not name a type
[3.206s]    22 |     void loadGridMapCallback(const [01;31m[Kstd_msgs[m[K::msg::String::SharedPtr msg) {
[3.206s]       |                                    [01;31m[K^~~~~~~~[m[K
[3.206s] [01m[K/home/john/Desktop/rp_ros2_rviz/src/world_node.cpp:22:49:[m[K [01;31m[Kerror: [m[Kexpected unqualified-id before â€˜[01m[K::[m[Kâ€™ token
[3.206s]    22 |     void loadGridMapCallback(const std_msgs::msg[01;31m[K::[m[KString::SharedPtr msg) {
[3.206s]       |                                                 [01;31m[K^~[m[K
[3.206s] [01m[K/home/john/Desktop/rp_ros2_rviz/src/world_node.cpp:22:49:[m[K [01;31m[Kerror: [m[Kexpected â€˜[01m[K)[m[Kâ€™ before â€˜[01m[K::[m[Kâ€™ token
[3.206s]    22 |     void loadGridMapCallback[34m[K([m[Kconst std_msgs::msg[01;31m[K:[m[K[32m[K:[m[KString::SharedPtr msg) {
[3.206s]       |                             [34m[K~[m[K                   [01;31m[K^[m[K[32m[K~[m[K
[3.206s]       |                                                 [32m[K)[m[K
[3.206s] [01m[K/home/john/Desktop/rp_ros2_rviz/src/world_node.cpp:22:46:[m[K [01;31m[Kerror: [m[Kexpected â€˜[01m[K;[m[Kâ€™ at end of member declaration
[3.206s]    22 |     void loadGridMapCallback(const std_msgs::[01;31m[Kmsg[m[K::String::SharedPtr msg) {
[3.206s]       |                                              [01;31m[K^~~[m[K
[3.206s]       |                                                 [32m[K;[m[K
[3.210s] [01m[K/home/john/Desktop/rp_ros2_rviz/src/world_node.cpp:22:51:[m[K [01;31m[Kerror: [m[Kâ€˜[01m[KString[m[Kâ€™ in namespace â€˜[01m[K::[m[Kâ€™ does not name a type
[3.210s]    22 |     void loadGridMapCallback(const std_msgs::msg::[01;31m[KString[m[K::SharedPtr msg) {
[3.210s]       |                                                   [01;31m[K^~~~~~[m[K
[3.240s] [01m[K/home/john/Desktop/rp_ros2_rviz/src/world_node.cpp:[m[K In constructor â€˜[01m[KWorldNode::[01;32m[KWorldNode[m[K()[m[Kâ€™:
[3.240s] [01m[K/home/john/Desktop/rp_ros2_rviz/src/world_node.cpp:9:9:[m[K [01;31m[Kerror: [m[Kâ€˜[01m[Kmap_path_subscriber_[m[Kâ€™ was not declared in this scope
[3.241s]     9 |         [01;31m[Kmap_path_subscriber_[m[K = this->create_subscription<std_msgs::msg::String>(
[3.241s]       |         [01;31m[K^~~~~~~~~~~~~~~~~~~~[m[K
[3.263s] [01m[K/home/john/Desktop/rp_ros2_rviz/src/world_node.cpp:9:58:[m[K [01;31m[Kerror: [m[Kâ€˜[01m[Kstd_msgs[m[Kâ€™ was not declared in this scope
[3.263s]     9 |         map_path_subscriber_ = this->create_subscription<[01;31m[Kstd_msgs[m[K::msg::String>(
[3.263s]       |                                                          [01;31m[K^~~~~~~~[m[K
[3.263s] [01m[K/home/john/Desktop/rp_ros2_rviz/src/world_node.cpp:9:38:[m[K [01;31m[Kerror: [m[Kparse error in template argument list
[3.263s]     9 |         map_path_subscriber_ = this->[01;31m[Kcreate_subscription<std_msgs::msg::String>[m[K(
[3.263s]       |                                      [01;31m[K^~~~~~~~~~~~~~~~~~~~~~~~~~~~~~~~~~~~~~~~~~[m[K
[3.263s] [01m[K/home/john/Desktop/rp_ros2_rviz/src/world_node.cpp:9:80:[m[K [01;31m[Kerror: [m[Kno matching function for call to â€˜[01m[KWorldNode::create_subscription<<expression error> >(const char [9], int, std::_Bind_helper<false, void (WorldNode::*)(...), WorldNode*, const std::_Placeholder<1>&>::type)[m[Kâ€™
[3.263s]     9 |         map_path_subscriber_ = [01;31m[Kthis->create_subscription<std_msgs::msg::String>([m[K
[3.263s]       |                                [01;31m[K~~~~~~~~~~~~~~~~~~~~~~~~~~~~~~~~~~~~~~~~~~~~~~~~^[m[K
[3.263s]    10 | [01;31m[K            "map_path", 10, std::bind(&WorldNode::loadGridMapCallback, this, std::placeholders::_1))[m[K;
[3.263s]       |             [01;31m[K~~~~~~~~~~~~~~~~~~~~~~~~~~~~~~~~~~~~~~~~~~~~~~~~~~~~~~~~~~~~~~~~~~~~~~~~~~~~~~~~~~~~~~~~[m[K
[3.263s] In file included from [01m[K/opt/ros/jazzy/include/rclcpp/rclcpp/executors/single_threaded_executor.hpp:28[m[K,
[3.263s]                  from [01m[K/opt/ros/jazzy/include/rclcpp/rclcpp/executors.hpp:22[m[K,
[3.263s]                  from [01m[K/opt/ros/jazzy/include/rclcpp/rclcpp/rclcpp.hpp:172[m[K,
[3.264s]                  from [01m[K/home/john/Desktop/rp_ros2_rviz/src/world_node.cpp:1[m[K:
[3.264s] [01m[K/opt/ros/jazzy/include/rclcpp/rclcpp/node.hpp:221:3:[m[K [01;36m[Knote: [m[Kcandidate: â€˜[01m[Ktemplate<class MessageT, class CallbackT, class AllocatorT, class SubscriptionT, class MessageMemoryStrategyT> std::shared_ptr<ROSMessageT> rclcpp::Node::[01;32m[Kcreate_subscription[m[K(const std::string&, const rclcpp::QoS&, CallbackT&&, const rclcpp::SubscriptionOptionsWithAllocator<AllocatorT>&, typename MessageMemoryStrategyT::SharedPtr)[m[Kâ€™
[3.264s]   221 |   [01;36m[Kcreate_subscription[m[K(
[3.264s]       |   [01;36m[K^~~~~~~~~~~~~~~~~~~[m[K
[3.264s] [01m[K/opt/ros/jazzy/include/rclcpp/rclcpp/node.hpp:221:3:[m[K [01;36m[Knote: [m[K  template argument deduction/substitution failed:
[3.264s] [01m[K/home/john/Desktop/rp_ros2_rviz/src/world_node.cpp:9:80:[m[K [01;31m[Kerror: [m[Ktemplate argument 1 is invalid
[3.264s]     9 |         map_path_subscriber_ = [01;31m[Kthis->create_subscription<std_msgs::msg::String>([m[K
[3.264s]       |                                [01;31m[K~~~~~~~~~~~~~~~~~~~~~~~~~~~~~~~~~~~~~~~~~~~~~~~~^[m[K
[3.264s]    10 | [01;31m[K            "map_path", 10, std::bind(&WorldNode::loadGridMapCallback, this, std::placeholders::_1))[m[K;
[3.264s]       |             [01;31m[K~~~~~~~~~~~~~~~~~~~~~~~~~~~~~~~~~~~~~~~~~~~~~~~~~~~~~~~~~~~~~~~~~~~~~~~~~~~~~~~~~~~~~~~~[m[K
[4.541s] gmake[2]: *** [CMakeFiles/world_node.dir/build.make:76: CMakeFiles/world_node.dir/src/world_node.cpp.o] Error 1
[4.541s] gmake[1]: *** [CMakeFiles/Makefile2:193: CMakeFiles/world_node.dir/all] Error 2
[4.542s] gmake: *** [Makefile:146: all] Error 2
[4.547s] Invoked command in '/home/john/Desktop/rp_ros2_rviz/build/rp_ros2_rviz' returned '2': CMAKE_PREFIX_PATH=${CMAKE_PREFIX_PATH}:/opt/ros/jazzy DEBUGINFOD_URLS=https://debuginfod.ubuntu.com /usr/bin/cmake --build /home/john/Desktop/rp_ros2_rviz/build/rp_ros2_rviz -- -j4 -l4
