[0.045s] Invoking command in '/home/john/Desktop/rp_ros2_rviz/build/rp_ros2_rviz': CMAKE_PREFIX_PATH=${CMAKE_PREFIX_PATH}:/opt/ros/jazzy DEBUGINFOD_URLS=https://debuginfod.ubuntu.com /usr/bin/cmake --build /home/john/Desktop/rp_ros2_rviz/build/rp_ros2_rviz -- -j4 -l4
[0.281s] [ 16%] Built target control_robot
[0.439s] [ 25%] [32mBuilding CXX object CMakeFiles/world_node.dir/src/grid_map.cpp.o[0m
[0.446s] [ 33%] [32mBuilding CXX object CMakeFiles/world_node.dir/src/world_node.cpp.o[0m
[0.454s] [ 41%] [32mBuilding CXX object CMakeFiles/world_node.dir/src/lidar.cpp.o[0m
[5.335s] [01m[K/home/john/Desktop/rp_ros2_rviz/src/grid_map.cpp:[m[K In member function â€˜[01m[Kvirtual void GridMap::[01;32m[Kdraw[m[K(Canvas&) const[m[Kâ€™:
[5.335s] [01m[K/home/john/Desktop/rp_ros2_rviz/src/grid_map.cpp:80:9:[m[K [01;35m[Kwarning: [m[Kvariable â€˜[01m[Kt[m[Kâ€™ set but not used [[01;35m[K]8;;https://gcc.gnu.org/onlinedocs/gcc/Warning-Options.html#index-Wunused-but-set-variable-Wunused-but-set-variable]8;;[m[K]
[5.335s]    80 |   Vec2f [01;35m[Kt[m[K=_piw.t*(1./dest.resolution);
[5.335s]       |         [01;35m[K^[m[K
[5.895s] [01m[K/home/john/Desktop/rp_ros2_rviz/src/lidar.cpp:[m[K In member function â€˜[01m[Kvirtual void Lidar::[01;32m[KtimerTick[m[K(float)[m[Kâ€™:
[5.897s] [01m[K/home/john/Desktop/rp_ros2_rviz/src/lidar.cpp:31:29:[m[K [01;35m[Kwarning: [m[Kunused parameter â€˜[01m[Kdt[m[Kâ€™ [[01;35m[K]8;;https://gcc.gnu.org/onlinedocs/gcc/Warning-Options.html#index-Wunused-parameter-Wunused-parameter]8;;[m[K]
[5.898s]    31 | void Lidar::timerTick([01;35m[Kfloat dt[m[K) {
[5.898s]       |                       [01;35m[K~~~~~~^~[m[K
[8.757s] [01m[K/home/john/Desktop/rp_ros2_rviz/src/world_node.cpp:[m[K In constructor â€˜[01m[KWorldNode::[01;32m[KWorldNode[m[K()[m[Kâ€™:
[8.757s] [01m[K/home/john/Desktop/rp_ros2_rviz/src/world_node.cpp:59:17:[m[K [01;31m[Kerror: [m[Kâ€˜[01m[KdrawObstacles[m[Kâ€™ was not declared in this scope; did you mean â€˜[01m[KprintObstacles[m[Kâ€™?
[8.758s]    59 |                 [01;31m[KdrawObstacles[m[K(canvas,obstacles);
[8.758s]       |                 [01;31m[K^~~~~~~~~~~~~[m[K
[8.758s]       |                 [32m[KprintObstacles[m[K
[8.758s] [01m[K/home/john/Desktop/rp_ros2_rviz/src/world_node.cpp:55:17:[m[K [01;35m[Kwarning: [m[Kunused variable â€˜[01m[Kkey[m[Kâ€™ [[01;35m[K]8;;https://gcc.gnu.org/onlinedocs/gcc/Warning-Options.html#index-Wunused-variable-Wunused-variable]8;;[m[K]
[8.758s]    55 |             int [01;35m[Kkey[m[K=0;
[8.758s]       |                 [01;35m[K^~~[m[K
[8.791s] [01m[K/home/john/Desktop/rp_ros2_rviz/src/world_node.cpp:[m[K In static member function â€˜[01m[Kstatic void WorldNode::[01;32m[KonMouse[m[K(int, int, int, int, void*)[m[Kâ€™:
[8.791s] [01m[K/home/john/Desktop/rp_ros2_rviz/src/world_node.cpp:83:54:[m[K [01;35m[Kwarning: [m[Kunused parameter â€˜[01m[Kval[m[Kâ€™ [[01;35m[K]8;;https://gcc.gnu.org/onlinedocs/gcc/Warning-Options.html#index-Wunused-parameter-Wunused-parameter]8;;[m[K]
[8.791s]    83 |     static void onMouse(int event, int x, int y, [01;35m[Kint val[m[K, void* arg) {
[8.791s]       |                                                  [01;35m[K~~~~^~~[m[K
[11.185s] gmake[2]: *** [CMakeFiles/world_node.dir/build.make:76: CMakeFiles/world_node.dir/src/world_node.cpp.o] Error 1
[11.185s] gmake[1]: *** [CMakeFiles/Makefile2:165: CMakeFiles/world_node.dir/all] Error 2
[11.186s] gmake: *** [Makefile:146: all] Error 2
[11.189s] Invoked command in '/home/john/Desktop/rp_ros2_rviz/build/rp_ros2_rviz' returned '2': CMAKE_PREFIX_PATH=${CMAKE_PREFIX_PATH}:/opt/ros/jazzy DEBUGINFOD_URLS=https://debuginfod.ubuntu.com /usr/bin/cmake --build /home/john/Desktop/rp_ros2_rviz/build/rp_ros2_rviz -- -j4 -l4
