[0.015s] Invoking command in '/home/john/Desktop/path_ros/rp_ros2_rviz/build/rp_ros2_rviz': CMAKE_PREFIX_PATH=${CMAKE_PREFIX_PATH}:/opt/ros/jazzy DEBUGINFOD_URLS=https://debuginfod.ubuntu.com /usr/bin/cmake --build /home/john/Desktop/path_ros/rp_ros2_rviz/build/rp_ros2_rviz -- -j4 -l4
[0.086s] [ 50%] Built target dmap_node
[0.092s] [ 60%] [32mBuilding CXX object CMakeFiles/world_node.dir/src/world_node.cpp.o[0m
[2.803s] [01m[K/home/john/Desktop/path_ros/rp_ros2_rviz/src/world_node.cpp:26:23:[m[K [01;31m[Kerror: [m[Kâ€˜[01m[Kgeometry_msgs[m[Kâ€™ was not declared in this scope
[2.803s]    26 |     rclcpp::Publisher<[01;31m[Kgeometry_msgs[m[K::msg::Point>::SharedPtr point_publisher_;  // Publisher per inviare i punti
[2.803s]       |                       [01;31m[K^~~~~~~~~~~~~[m[K
[2.803s] [01m[K/home/john/Desktop/path_ros/rp_ros2_rviz/src/world_node.cpp:26:48:[m[K [01;31m[Kerror: [m[Ktemplate argument 1 is invalid
[2.803s]    26 |     rclcpp::Publisher<geometry_msgs::msg::Point[01;31m[K>[m[K::SharedPtr point_publisher_;  // Publisher per inviare i punti
[2.803s]       |                                                [01;31m[K^[m[K
[2.803s] [01m[K/home/john/Desktop/path_ros/rp_ros2_rviz/src/world_node.cpp:26:51:[m[K [01;31m[Kerror: [m[Kexpected â€˜[01m[K;[m[Kâ€™ at end of member declaration
[2.803s]    26 |     rclcpp::Publisher<geometry_msgs::msg::Point>::[01;31m[KSharedPtr[m[K point_publisher_;  // Publisher per inviare i punti
[2.803s]       |                                                   [01;31m[K^~~~~~~~~[m[K
[2.804s]       |                                                            [32m[K;[m[K
[2.807s] [01m[K/home/john/Desktop/path_ros/rp_ros2_rviz/src/world_node.cpp:26:61:[m[K [01;31m[Kerror: [m[Kâ€˜[01m[Kpoint_publisher_[m[Kâ€™ does not name a type
[2.807s]    26 |     rclcpp::Publisher<geometry_msgs::msg::Point>::SharedPtr [01;31m[Kpoint_publisher_[m[K;  // Publisher per inviare i punti
[2.807s]       |                                                             [01;31m[K^~~~~~~~~~~~~~~~[m[K
[2.809s] [01m[K/home/john/Desktop/path_ros/rp_ros2_rviz/src/world_node.cpp:27:38:[m[K [01;31m[Kerror: [m[Kâ€˜[01m[KString[m[Kâ€™ is not a member of â€˜[01m[Kstd_msgs::msg[m[Kâ€™; did you mean â€˜[01m[Kcv::String[m[Kâ€™?
[2.809s]    27 |     rclcpp::Publisher<std_msgs::msg::[01;31m[KString[m[K>::SharedPtr publisher_;  // Publisher
[2.809s]       |                                      [01;31m[K^~~~~~[m[K
[2.809s] In file included from [01m[K/usr/include/opencv4/opencv2/core/base.hpp:58[m[K,
[2.809s]                  from [01m[K/usr/include/opencv4/opencv2/core.hpp:53[m[K,
[2.809s]                  from [01m[K/usr/include/opencv4/opencv2/core/core.hpp:48[m[K,
[2.809s]                  from [01m[K/opt/ros/jazzy/include/cv_bridge/cv_bridge/cv_bridge.hpp:43[m[K,
[2.809s]                  from [01m[K/home/john/Desktop/path_ros/rp_ros2_rviz/src/world_node.cpp:4[m[K:
[2.809s] [01m[K/usr/include/opencv4/opencv2/core/cvstd.hpp:152:21:[m[K [01;36m[Knote: [m[Kâ€˜[01m[Kcv::String[m[Kâ€™ declared here
[2.809s]   152 | typedef std::string [01;36m[KString[m[K;
[2.809s]       |                     [01;36m[K^~~~~~[m[K
[2.809s] [01m[K/home/john/Desktop/path_ros/rp_ros2_rviz/src/world_node.cpp:27:44:[m[K [01;31m[Kerror: [m[Ktemplate argument 1 is invalid
[2.809s]    27 |     rclcpp::Publisher<std_msgs::msg::String[01;31m[K>[m[K::SharedPtr publisher_;  // Publisher
[2.809s]       |                                            [01;31m[K^[m[K
[2.810s] [01m[K/home/john/Desktop/path_ros/rp_ros2_rviz/src/world_node.cpp:27:47:[m[K [01;31m[Kerror: [m[Kexpected â€˜[01m[K;[m[Kâ€™ at end of member declaration
[2.810s]    27 |     rclcpp::Publisher<std_msgs::msg::String>::[01;31m[KSharedPtr[m[K publisher_;  // Publisher
[2.810s]       |                                               [01;31m[K^~~~~~~~~[m[K
[2.810s]       |                                                        [32m[K;[m[K
[2.810s] [01m[K/home/john/Desktop/path_ros/rp_ros2_rviz/src/world_node.cpp:27:47:[m[K [01;31m[Kerror: [m[Kredeclaration of â€˜[01m[Kint WorldNode::SharedPtr[m[Kâ€™
[2.810s] [01m[K/home/john/Desktop/path_ros/rp_ros2_rviz/src/world_node.cpp:26:51:[m[K [01;36m[Knote: [m[Kprevious declaration â€˜[01m[Kint WorldNode::SharedPtr[m[Kâ€™
[2.810s]    26 |     rclcpp::Publisher<geometry_msgs::msg::Point>::[01;36m[KSharedPtr[m[K point_publisher_;  // Publisher per inviare i punti
[2.810s]       |                                                   [01;36m[K^~~~~~~~~[m[K
[2.812s] [01m[K/home/john/Desktop/path_ros/rp_ros2_rviz/src/world_node.cpp:27:57:[m[K [01;31m[Kerror: [m[Kâ€˜[01m[Kpublisher_[m[Kâ€™ does not name a type; did you mean â€˜[01m[Krmw_publisher_t[m[Kâ€™?
[2.812s]    27 |     rclcpp::Publisher<std_msgs::msg::String>::SharedPtr [01;31m[Kpublisher_[m[K;  // Publisher
[2.812s]       |                                                         [01;31m[K^~~~~~~~~~[m[K
[2.812s]       |                                                         [32m[Krmw_publisher_t[m[K
[2.831s] [01m[K/home/john/Desktop/path_ros/rp_ros2_rviz/src/world_node.cpp:[m[K In constructor â€˜[01m[KWorldNode::[01;32m[KWorldNode[m[K()[m[Kâ€™:
[2.831s] [01m[K/home/john/Desktop/path_ros/rp_ros2_rviz/src/world_node.cpp:32:5:[m[K [01;31m[Kerror: [m[Kâ€˜[01m[Kpublisher_[m[Kâ€™ was not declared in this scope; did you mean â€˜[01m[Krmw_publisher_t[m[Kâ€™?
[2.832s]    32 |     [01;31m[Kpublisher_[m[K = this->create_publisher<std_msgs::msg::String>("/home/john/Desktop/path_ros/rp_ros2_rviz/map/labirinto.png", 10);
[2.832s]       |     [01;31m[K^~~~~~~~~~[m[K
[2.832s]       |     [32m[Krmw_publisher_t[m[K
[2.834s] [01m[K/home/john/Desktop/path_ros/rp_ros2_rviz/src/world_node.cpp:32:56:[m[K [01;31m[Kerror: [m[Kâ€˜[01m[KString[m[Kâ€™ is not a member of â€˜[01m[Kstd_msgs::msg[m[Kâ€™; did you mean â€˜[01m[Kcv::String[m[Kâ€™?
[2.834s]    32 |     publisher_ = this->create_publisher<std_msgs::msg::[01;31m[KString[m[K>("/home/john/Desktop/path_ros/rp_ros2_rviz/map/labirinto.png", 10);
[2.834s]       |                                                        [01;31m[K^~~~~~[m[K
[2.834s] [01m[K/usr/include/opencv4/opencv2/core/cvstd.hpp:152:21:[m[K [01;36m[Knote: [m[Kâ€˜[01m[Kcv::String[m[Kâ€™ declared here
[2.834s]   152 | typedef std::string [01;36m[KString[m[K;
[2.835s]       |                     [01;36m[K^~~~~~[m[K
[2.835s] [01m[K/home/john/Desktop/path_ros/rp_ros2_rviz/src/world_node.cpp:32:63:[m[K [01;31m[Kerror: [m[Kno matching function for call to â€˜[01m[KWorldNode::create_publisher<<expression error> >(const char [59], int)[m[Kâ€™
[2.835s]    32 |     publisher_ = [01;31m[Kthis->create_publisher<std_msgs::msg::String>("/home/john/Desktop/path_ros/rp_ros2_rviz/map/labirinto.png", 10)[m[K;
[2.835s]       |                  [01;31m[K~~~~~~~~~~~~~~~~~~~~~~~~~~~~~~~~~~~~~~~~~~~~~^~~~~~~~~~~~~~~~~~~~~~~~~~~~~~~~~~~~~~~~~~~~~~~~~~~~~~~~~~~~~~~~~~[m[K
[2.835s] In file included from [01m[K/opt/ros/jazzy/include/rclcpp/rclcpp/executors/single_threaded_executor.hpp:28[m[K,
[2.835s]                  from [01m[K/opt/ros/jazzy/include/rclcpp/rclcpp/executors.hpp:22[m[K,
[2.835s]                  from [01m[K/opt/ros/jazzy/include/rclcpp/rclcpp/rclcpp.hpp:172[m[K,
[2.835s]                  from [01m[K/home/john/Desktop/path_ros/rp_ros2_rviz/src/world_node.cpp:2[m[K:
[2.835s] [01m[K/opt/ros/jazzy/include/rclcpp/rclcpp/node.hpp:197:3:[m[K [01;36m[Knote: [m[Kcandidate: â€˜[01m[Ktemplate<class MessageT, class AllocatorT, class PublisherT> std::shared_ptr<PublisherT> rclcpp::Node::[01;32m[Kcreate_publisher[m[K(const std::string&, const rclcpp::QoS&, const rclcpp::PublisherOptionsWithAllocator<AllocatorT>&)[m[Kâ€™
[2.835s]   197 |   [01;36m[Kcreate_publisher[m[K(
[2.835s]       |   [01;36m[K^~~~~~~~~~~~~~~~[m[K
[2.836s] [01m[K/opt/ros/jazzy/include/rclcpp/rclcpp/node.hpp:197:3:[m[K [01;36m[Knote: [m[K  template argument deduction/substitution failed:
[2.836s] [01m[K/home/john/Desktop/path_ros/rp_ros2_rviz/src/world_node.cpp:32:63:[m[K [01;31m[Kerror: [m[Ktemplate argument 1 is invalid
[2.836s]    32 |     publisher_ = [01;31m[Kthis->create_publisher<std_msgs::msg::String>("/home/john/Desktop/path_ros/rp_ros2_rviz/map/labirinto.png", 10)[m[K;
[2.836s]       |                  [01;31m[K~~~~~~~~~~~~~~~~~~~~~~~~~~~~~~~~~~~~~~~~~~~~~^~~~~~~~~~~~~~~~~~~~~~~~~~~~~~~~~~~~~~~~~~~~~~~~~~~~~~~~~~~~~~~~~~[m[K
[2.844s] [01m[K/home/john/Desktop/path_ros/rp_ros2_rviz/src/world_node.cpp:36:5:[m[K [01;31m[Kerror: [m[Kâ€˜[01m[Ktimer_[m[Kâ€™ was not declared in this scope; did you mean â€˜[01m[Ktimer_t[m[Kâ€™?
[2.844s]    36 |     [01;31m[Ktimer_[m[K = this->create_wall_timer(
[2.845s]       |     [01;31m[K^~~~~~[m[K
[2.845s]       |     [32m[Ktimer_t[m[K
[2.845s] [01m[K/home/john/Desktop/path_ros/rp_ros2_rviz/src/world_node.cpp:38:20:[m[K [01;31m[Kerror: [m[Kâ€˜[01m[KStringPublisher[m[Kâ€™ has not been declared
[2.845s]    38 |         std::bind(&[01;31m[KStringPublisher[m[K::publishMessage, this));
[2.845s]       |                    [01;31m[K^~~~~~~~~~~~~~~[m[K
[2.846s] [01m[K/home/john/Desktop/path_ros/rp_ros2_rviz/src/world_node.cpp:40:9:[m[K [01;35m[Kwarning: [m[Kunused variable â€˜[01m[Krows[m[Kâ€™ [[01;35m[K]8;;https://gcc.gnu.org/onlinedocs/gcc/Warning-Options.html#index-Wunused-variable-Wunused-variable]8;;[m[K]
[2.846s]    40 |     int [01;35m[Krows[m[K=custom_image.rows, cols=custom_image.cols;
[2.846s]       |         [01;35m[K^~~~[m[K
[2.846s] [01m[K/home/john/Desktop/path_ros/rp_ros2_rviz/src/world_node.cpp:40:33:[m[K [01;35m[Kwarning: [m[Kunused variable â€˜[01m[Kcols[m[Kâ€™ [[01;35m[K]8;;https://gcc.gnu.org/onlinedocs/gcc/Warning-Options.html#index-Wunused-variable-Wunused-variable]8;;[m[K]
[2.846s]    40 |     int rows=custom_image.rows, [01;35m[Kcols[m[K=custom_image.cols;
[2.846s]       |                                 [01;35m[K^~~~[m[K
[2.846s] [01m[K/home/john/Desktop/path_ros/rp_ros2_rviz/src/world_node.cpp:41:11:[m[K [01;35m[Kwarning: [m[Kunused variable â€˜[01m[Kresolution[m[Kâ€™ [[01;35m[K]8;;https://gcc.gnu.org/onlinedocs/gcc/Warning-Options.html#index-Wunused-variable-Wunused-variable]8;;[m[K]
[2.846s]    41 |     float [01;35m[Kresolution[m[K=0.05;
[2.846s]       |           [01;35m[K^~~~~~~~~~[m[K
[2.846s] [01m[K/home/john/Desktop/path_ros/rp_ros2_rviz/src/world_node.cpp:46:11:[m[K [01;35m[Kwarning: [m[Kunused variable â€˜[01m[Kexpansion_range[m[Kâ€™ [[01;35m[K]8;;https://gcc.gnu.org/onlinedocs/gcc/Warning-Options.html#index-Wunused-variable-Wunused-variable]8;;[m[K]
[2.846s]    46 |     float [01;35m[Kexpansion_range[m[K=1;
[2.846s]       |           [01;35m[K^~~~~~~~~~~~~~~[m[K
[2.847s] [01m[K/home/john/Desktop/path_ros/rp_ros2_rviz/src/world_node.cpp:[m[K In static member function â€˜[01m[Kstatic void WorldNode::[01;32m[KonMouse[m[K(int, int, int, int, void*)[m[Kâ€™:
[2.847s] [01m[K/home/john/Desktop/path_ros/rp_ros2_rviz/src/world_node.cpp:73:24:[m[K [01;31m[Kerror: [m[Kâ€˜[01m[Kgeometry_msgs[m[Kâ€™ has not been declared
[2.847s]    73 |         auto message = [01;31m[Kgeometry_msgs[m[K::msg::Point();
[2.847s]       |                        [01;31m[K^~~~~~~~~~~~~[m[K
[2.847s] [01m[K/home/john/Desktop/path_ros/rp_ros2_rviz/src/world_node.cpp:79:15:[m[K [01;31m[Kerror: [m[Kâ€˜[01m[Kclass WorldNode[m[Kâ€™ has no member named â€˜[01m[Kpoint_publisher_[m[Kâ€™; did you mean â€˜[01m[Kcount_publishers[m[Kâ€™?
[2.847s]    79 |         node->[01;31m[Kpoint_publisher_[m[K->publish(message);
[2.847s]       |               [01;31m[K^~~~~~~~~~~~~~~~[m[K
[2.847s]       |               [32m[Kcount_publishers[m[K
[2.847s] [01m[K/home/john/Desktop/path_ros/rp_ros2_rviz/src/world_node.cpp:71:29:[m[K [01;35m[Kwarning: [m[Kunused parameter â€˜[01m[Kevent[m[Kâ€™ [[01;35m[K]8;;https://gcc.gnu.org/onlinedocs/gcc/Warning-Options.html#index-Wunused-parameter-Wunused-parameter]8;;[m[K]
[2.847s]    71 |     static void onMouse([01;35m[Kint event[m[K, int x, int y, int val, void* arg) {
[2.847s]       |                         [01;35m[K~~~~^~~~~[m[K
[2.847s] [01m[K/home/john/Desktop/path_ros/rp_ros2_rviz/src/world_node.cpp:71:54:[m[K [01;35m[Kwarning: [m[Kunused parameter â€˜[01m[Kval[m[Kâ€™ [[01;35m[K]8;;https://gcc.gnu.org/onlinedocs/gcc/Warning-Options.html#index-Wunused-parameter-Wunused-parameter]8;;[m[K]
[2.848s]    71 |     static void onMouse(int event, int x, int y, [01;35m[Kint val[m[K, void* arg) {
[2.848s]       |                                                  [01;35m[K~~~~^~~[m[K
[3.802s] gmake[2]: *** [CMakeFiles/world_node.dir/build.make:76: CMakeFiles/world_node.dir/src/world_node.cpp.o] Error 1
[3.802s] gmake[1]: *** [CMakeFiles/Makefile2:165: CMakeFiles/world_node.dir/all] Error 2
[3.802s] gmake: *** [Makefile:146: all] Error 2
[3.806s] Invoked command in '/home/john/Desktop/path_ros/rp_ros2_rviz/build/rp_ros2_rviz' returned '2': CMAKE_PREFIX_PATH=${CMAKE_PREFIX_PATH}:/opt/ros/jazzy DEBUGINFOD_URLS=https://debuginfod.ubuntu.com /usr/bin/cmake --build /home/john/Desktop/path_ros/rp_ros2_rviz/build/rp_ros2_rviz -- -j4 -l4
