[ 13%] [32mBuilding CXX object CMakeFiles/dmap_node.dir/src/dmap_planner.cpp.o[0m
[ 13%] [32mBuilding CXX object CMakeFiles/world_node.dir/src/dmap_planner.cpp.o[0m
[ 20%] [32mBuilding CXX object CMakeFiles/pathplanner_node.dir/src/dmap_planner.cpp.o[0m
[01m[K/home/john/Desktop/rp_ros2_rviz/src/dmap_planner.cpp:[m[K In member function â€˜[01m[Kvoid DMapPlanner::[01;32m[KcomputePolicy[m[K(const Eigen::Vector2f&)[m[Kâ€™:
[01m[K/home/john/Desktop/rp_ros2_rviz/src/dmap_planner.cpp:98:3:[m[K [01;31m[Kerror: [m[Kâ€˜[01m[KcomputePolicyGradients[m[Kâ€™ was not declared in this scope
   98 |   [01;31m[KcomputePolicyGradients[m[K();
      |   [01;31m[K^~~~~~~~~~~~~~~~~~~~~~[m[K
[01m[K/home/john/Desktop/rp_ros2_rviz/src/dmap_planner.cpp:59:8:[m[K [01;35m[Kwarning: [m[Kunused variable â€˜[01m[Kstep_mode[m[Kâ€™ [[01;35m[K]8;;https://gcc.gnu.org/onlinedocs/gcc/Warning-Options.html#index-Wunused-variable-Wunused-variable]8;;[m[K]
   59 |   bool [01;35m[Kstep_mode[m[K = true;
      |        [01;35m[K^~~~~~~~~[m[K
[01m[K/home/john/Desktop/rp_ros2_rviz/src/dmap_planner.cpp:[m[K In member function â€˜[01m[Kvoid DMapPlanner::[01;32m[KcomputePolicy[m[K(const Eigen::Vector2f&)[m[Kâ€™:
[01m[K/home/john/Desktop/rp_ros2_rviz/src/dmap_planner.cpp:98:3:[m[K [01;31m[Kerror: [m[Kâ€˜[01m[KcomputePolicyGradients[m[Kâ€™ was not declared in this scope
   98 |   [01;31m[KcomputePolicyGradients[m[K();
      |   [01;31m[K^~~~~~~~~~~~~~~~~~~~~~[m[K
[01m[K/home/john/Desktop/rp_ros2_rviz/src/dmap_planner.cpp:59:8:[m[K [01;35m[Kwarning: [m[Kunused variable â€˜[01m[Kstep_mode[m[Kâ€™ [[01;35m[K]8;;https://gcc.gnu.org/onlinedocs/gcc/Warning-Options.html#index-Wunused-variable-Wunused-variable]8;;[m[K]
   59 |   bool [01;35m[Kstep_mode[m[K = true;
      |        [01;35m[K^~~~~~~~~[m[K
[01m[K/home/john/Desktop/rp_ros2_rviz/src/dmap_planner.cpp:[m[K In member function â€˜[01m[Kvoid DMapPlanner::[01;32m[KcomputePolicy[m[K(const Eigen::Vector2f&)[m[Kâ€™:
[01m[K/home/john/Desktop/rp_ros2_rviz/src/dmap_planner.cpp:98:3:[m[K [01;31m[Kerror: [m[Kâ€˜[01m[KcomputePolicyGradients[m[Kâ€™ was not declared in this scope
   98 |   [01;31m[KcomputePolicyGradients[m[K();
      |   [01;31m[K^~~~~~~~~~~~~~~~~~~~~~[m[K
[01m[K/home/john/Desktop/rp_ros2_rviz/src/dmap_planner.cpp:59:8:[m[K [01;35m[Kwarning: [m[Kunused variable â€˜[01m[Kstep_mode[m[Kâ€™ [[01;35m[K]8;;https://gcc.gnu.org/onlinedocs/gcc/Warning-Options.html#index-Wunused-variable-Wunused-variable]8;;[m[K]
   59 |   bool [01;35m[Kstep_mode[m[K = true;
      |        [01;35m[K^~~~~~~~~[m[K
gmake[2]: *** [CMakeFiles/dmap_node.dir/build.make:90: CMakeFiles/dmap_node.dir/src/dmap_planner.cpp.o] Error 1
gmake[2]: *** [CMakeFiles/pathplanner_node.dir/build.make:90: CMakeFiles/pathplanner_node.dir/src/dmap_planner.cpp.o] Error 1
gmake[1]: *** [CMakeFiles/Makefile2:193: CMakeFiles/pathplanner_node.dir/all] Error 2
gmake[1]: *** Waiting for unfinished jobs....
gmake[1]: *** [CMakeFiles/Makefile2:141: CMakeFiles/dmap_node.dir/all] Error 2
gmake[2]: *** [CMakeFiles/world_node.dir/build.make:90: CMakeFiles/world_node.dir/src/dmap_planner.cpp.o] Error 1
gmake[1]: *** [CMakeFiles/Makefile2:167: CMakeFiles/world_node.dir/all] Error 2
gmake: *** [Makefile:146: all] Error 2
