[0.012s] Invoking command in '/home/john/Desktop/rp_ros2_rviz/build/rp_ros2_rviz': CMAKE_PREFIX_PATH=${CMAKE_PREFIX_PATH}:/opt/ros/jazzy DEBUGINFOD_URLS=https://debuginfod.ubuntu.com /usr/bin/cmake --build /home/john/Desktop/rp_ros2_rviz/build/rp_ros2_rviz -- -j4 -l4
[0.070s] [ 20%] [32mBuilding CXX object CMakeFiles/world_node.dir/src/world_node.cpp.o[0m
[0.070s] [ 53%] Built target pathplanner_node
[0.071s] [ 73%] Built target dmap_node
[4.497s] [01m[K/home/john/Desktop/rp_ros2_rviz/src/world_node.cpp:[m[K In constructor â€˜[01m[KWorldNode::[01;32m[KWorldNode[m[K()[m[Kâ€™:
[4.497s] [01m[K/home/john/Desktop/rp_ros2_rviz/src/world_node.cpp:65:40:[m[K [01;31m[Kerror: [m[Kâ€˜[01m[Kustom_image[m[Kâ€™ was not declared in this scope; did you mean â€˜[01m[Kcustom_image[m[Kâ€™?
[4.497s]    65 |     my_robot = std::make_unique<Robot>([01;31m[Kustom_image[m[K.rows*0.9,custom_image.rows*0.9, 0, 1);
[4.497s]       |                                        [01;31m[K^~~~~~~~~~~[m[K
[4.497s]       |                                        [32m[Kcustom_image[m[K
[7.638s] gmake[2]: *** [CMakeFiles/world_node.dir/build.make:76: CMakeFiles/world_node.dir/src/world_node.cpp.o] Error 1
[7.638s] gmake[1]: *** [CMakeFiles/Makefile2:167: CMakeFiles/world_node.dir/all] Error 2
[7.638s] gmake: *** [Makefile:146: all] Error 2
[7.643s] Invoked command in '/home/john/Desktop/rp_ros2_rviz/build/rp_ros2_rviz' returned '2': CMAKE_PREFIX_PATH=${CMAKE_PREFIX_PATH}:/opt/ros/jazzy DEBUGINFOD_URLS=https://debuginfod.ubuntu.com /usr/bin/cmake --build /home/john/Desktop/rp_ros2_rviz/build/rp_ros2_rviz -- -j4 -l4
