[ 50%] [32mBuilding CXX object CMakeFiles/canvas_node.dir/src/canvas.cpp.o[0m
[01m[K/home/john/Desktop/rp_ros2_rviz/src/canvas.cpp:[m[K In constructor â€˜[01m[KCanvas::[01;32m[KCanvas[m[K()[m[Kâ€™:
[01m[K/home/john/Desktop/rp_ros2_rviz/src/canvas.cpp:7:9:[m[K [01;31m[Kerror: [m[Kâ€˜[01m[Kcanvas_[m[Kâ€™ was not declared in this scope; did you mean â€˜[01m[KCanvas[m[Kâ€™?
    7 |         [01;31m[Kcanvas_[m[K = cv::Mat::zeros(500,500,CV_8UC3);
      |         [01;31m[K^~~~~~~[m[K
      |         [32m[KCanvas[m[K
gmake[2]: *** [CMakeFiles/canvas_node.dir/build.make:76: CMakeFiles/canvas_node.dir/src/canvas.cpp.o] Error 1
gmake[1]: *** [CMakeFiles/Makefile2:137: CMakeFiles/canvas_node.dir/all] Error 2
gmake: *** [Makefile:146: all] Error 2
