[0.014s] Invoking command in '/home/john/Desktop/rp_ros2_rviz/build/rp_ros2_rviz': CMAKE_PREFIX_PATH=${CMAKE_PREFIX_PATH}:/opt/ros/jazzy DEBUGINFOD_URLS=https://debuginfod.ubuntu.com /usr/bin/cmake --build /home/john/Desktop/rp_ros2_rviz/build/rp_ros2_rviz -- -j4 -l4
[0.081s] [ 66%] Built target world_node
[0.082s] [ 66%] Built target dmap_node
[0.092s] [ 73%] [32mBuilding CXX object CMakeFiles/pathplanner_node.dir/src/pathplanner_node.cpp.o[0m
[3.594s] [01m[K/home/john/Desktop/rp_ros2_rviz/src/pathplanner_node.cpp:[m[K In member function â€˜[01m[Kvoid PathPlanner::[01;32m[KrobotCallback[m[K(geometry_msgs::msg::Point_<std::allocator<void> >::SharedPtr)[m[Kâ€™:
[3.594s] [01m[K/home/john/Desktop/rp_ros2_rviz/src/pathplanner_node.cpp:48:28:[m[K [01;31m[Kerror: [m[Kcannot convert â€˜[01m[Kstd::shared_ptr<DMap>[m[Kâ€™ to â€˜[01m[Kconst DMap&[m[Kâ€™
[3.594s]    48 |             makePath([01;31m[Kthis->dmap[m[K, 0.05, 1.0);
[3.594s]       |                      [01;31m[K~~~~~~^~~~[m[K
[3.594s]       |                            [01;31m[K|[m[K
[3.594s]       |                            [01;31m[Kstd::shared_ptr<DMap>[m[K
[3.594s] [01m[K/home/john/Desktop/rp_ros2_rviz/src/pathplanner_node.cpp:78:31:[m[K [01;36m[Knote: [m[K  initializing argument 1 of â€˜[01m[Kvoid PathPlanner::[01;32m[KmakePath[m[K(const DMap&, float, float)[m[Kâ€™
[3.594s]    78 |     void makePath([01;36m[Kconst DMap& dmap[m[K, float resolution, float expansion_range) {
[3.594s]       |                   [01;36m[K~~~~~~~~~~~~^~~~[m[K
[3.596s] [01m[K/home/john/Desktop/rp_ros2_rviz/src/pathplanner_node.cpp:[m[K In member function â€˜[01m[Kvoid PathPlanner::[01;32m[Kstring_callback[m[K(std_msgs::msg::String_<std::allocator<void> >::SharedPtr)[m[Kâ€™:
[3.597s] [01m[K/home/john/Desktop/rp_ros2_rviz/src/pathplanner_node.cpp:68:14:[m[K [01;31m[Kerror: [m[Kâ€˜[01m[Kclass std::shared_ptr<DMap>[m[Kâ€™ has no member named â€˜[01m[Kclear[m[Kâ€™
[3.597s]    68 |         dmap.[01;31m[Kclear[m[K();
[3.597s]       |              [01;31m[K^~~~~[m[K
[3.599s] [01m[K/home/john/Desktop/rp_ros2_rviz/src/pathplanner_node.cpp:71:14:[m[K [01;31m[Kerror: [m[Kâ€˜[01m[Kclass std::shared_ptr<DMap>[m[Kâ€™ has no member named â€˜[01m[Kupdate[m[Kâ€™
[3.599s]    71 |         dmap.[01;31m[Kupdate[m[K(obs);
[3.599s]       |              [01;31m[K^~~~~~[m[K
[6.608s] gmake[2]: *** [CMakeFiles/pathplanner_node.dir/build.make:76: CMakeFiles/pathplanner_node.dir/src/pathplanner_node.cpp.o] Error 1
[6.608s] gmake[1]: *** [CMakeFiles/Makefile2:193: CMakeFiles/pathplanner_node.dir/all] Error 2
[6.608s] gmake: *** [Makefile:146: all] Error 2
[6.614s] Invoked command in '/home/john/Desktop/rp_ros2_rviz/build/rp_ros2_rviz' returned '2': CMAKE_PREFIX_PATH=${CMAKE_PREFIX_PATH}:/opt/ros/jazzy DEBUGINFOD_URLS=https://debuginfod.ubuntu.com /usr/bin/cmake --build /home/john/Desktop/rp_ros2_rviz/build/rp_ros2_rviz -- -j4 -l4
