[0.026s] Invoking command in '/home/john/Desktop/path_ros/rp_ros2_rviz/build/rp_ros2_rviz': CMAKE_PREFIX_PATH=${CMAKE_PREFIX_PATH}:/opt/ros/jazzy DEBUGINFOD_URLS=https://debuginfod.ubuntu.com /usr/bin/cmake --build /home/john/Desktop/path_ros/rp_ros2_rviz/build/rp_ros2_rviz -- -j4 -l4
[0.365s] [  6%] [32mBuilding CXX object CMakeFiles/world_node.dir/src/world_node.cpp.o[0m
[0.367s] [ 13%] [32mBuilding CXX object CMakeFiles/pathplanner_node.dir/src/pathplanner_node.cpp.o[0m
[0.368s] [ 46%] Built target dmap_node
[7.380s] [01m[K/home/john/Desktop/path_ros/rp_ros2_rviz/src/world_node.cpp:[m[K In constructor â€˜[01m[KWorldNode::[01;32m[KWorldNode[m[K()[m[Kâ€™:
[7.380s] [01m[K/home/john/Desktop/path_ros/rp_ros2_rviz/src/world_node.cpp:45:5:[m[K [01;31m[Kerror: [m[Kâ€˜[01m[Krobot_publisher_[m[Kâ€™ was not declared in this scope; did you mean â€˜[01m[Kpoint_publisher_[m[Kâ€™?
[7.380s]    45 |     [01;31m[Krobot_publisher_[m[K = this->create_publisher<geometry_msgs::msg::Point>("Robot", 10);
[7.381s]       |     [01;31m[K^~~~~~~~~~~~~~~~[m[K
[7.381s]       |     [32m[Kpoint_publisher_[m[K
[7.381s] [01m[K/home/john/Desktop/path_ros/rp_ros2_rviz/src/world_node.cpp:53:20:[m[K [01;31m[Kerror: [m[Kâ€˜[01m[KPathPlanner[m[Kâ€™ has not been declared
[7.381s]    53 |         std::bind(&[01;31m[KPathPlanner[m[K::publishRobot, this));
[7.381s]       |                    [01;31m[K^~~~~~~~~~~[m[K
[7.393s] [01m[K/home/john/Desktop/path_ros/rp_ros2_rviz/src/world_node.cpp:[m[K In static member function â€˜[01m[Kstatic void WorldNode::[01;32m[KonMouse[m[K(int, int, int, int, void*)[m[Kâ€™:
[7.393s] [01m[K/home/john/Desktop/path_ros/rp_ros2_rviz/src/world_node.cpp:162:54:[m[K [01;35m[Kwarning: [m[Kunused parameter â€˜[01m[Kval[m[Kâ€™ [[01;35m[K]8;;https://gcc.gnu.org/onlinedocs/gcc/Warning-Options.html#index-Wunused-parameter-Wunused-parameter]8;;[m[K]
[7.393s]   162 |     static void onMouse(int event, int x, int y, [01;35m[Kint val[m[K, void* arg) {
[7.393s]       |                                                  [01;35m[K~~~~^~~[m[K
[16.924s] gmake[2]: *** [CMakeFiles/world_node.dir/build.make:76: CMakeFiles/world_node.dir/src/world_node.cpp.o] Error 1
[16.941s] gmake[1]: *** [CMakeFiles/Makefile2:167: CMakeFiles/world_node.dir/all] Error 2
[16.941s] gmake[1]: *** Waiting for unfinished jobs....
[22.541s] [ 53%] [32m[1mLinking CXX executable pathplanner_node[0m
[24.400s] [ 73%] Built target pathplanner_node
[24.425s] gmake: *** [Makefile:146: all] Error 2
[24.956s] Invoked command in '/home/john/Desktop/path_ros/rp_ros2_rviz/build/rp_ros2_rviz' returned '2': CMAKE_PREFIX_PATH=${CMAKE_PREFIX_PATH}:/opt/ros/jazzy DEBUGINFOD_URLS=https://debuginfod.ubuntu.com /usr/bin/cmake --build /home/john/Desktop/path_ros/rp_ros2_rviz/build/rp_ros2_rviz -- -j4 -l4
