[0.024s] Invoking command in '/home/john/Desktop/rp_ros2_rviz/build/rp_ros2_rviz': CMAKE_PREFIX_PATH=${CMAKE_PREFIX_PATH}:/opt/ros/jazzy DEBUGINFOD_URLS=https://debuginfod.ubuntu.com /usr/bin/cmake --build /home/john/Desktop/rp_ros2_rviz/build/rp_ros2_rviz -- -j4 -l4
[0.138s] [ 20%] Built target control_robot
[0.177s] [ 30%] [32mBuilding CXX object CMakeFiles/world_node.dir/src/world_node.cpp.o[0m
[4.354s] [01m[K/home/john/Desktop/rp_ros2_rviz/src/world_node.cpp:[m[K In constructor â€˜[01m[KWorldNode::[01;32m[KWorldNode[m[K()[m[Kâ€™:
[4.354s] [01m[K/home/john/Desktop/rp_ros2_rviz/src/world_node.cpp:53:17:[m[K [01;35m[Kwarning: [m[Kunused variable â€˜[01m[Kkey[m[Kâ€™ [[01;35m[K]8;;https://gcc.gnu.org/onlinedocs/gcc/Warning-Options.html#index-Wunused-variable-Wunused-variable]8;;[m[K]
[4.354s]    53 |             int [01;35m[Kkey[m[K=0;
[4.354s]       |                 [01;35m[K^~~[m[K
[4.379s] [01m[K/home/john/Desktop/rp_ros2_rviz/src/world_node.cpp:[m[K In member function â€˜[01m[Kvoid WorldNode::[01;32m[Kredisplay[m[K(const GridMapping&)[m[Kâ€™:
[4.379s] [01m[K/home/john/Desktop/rp_ros2_rviz/src/world_node.cpp:74:9:[m[K [01;31m[Kerror: [m[Kâ€˜[01m[Kbackground_image[m[Kâ€™ was not declared in this scope
[4.379s]    74 |     if ([01;31m[Kbackground_image[m[K.rows==0 || background_image.cols==0)
[4.379s]       |         [01;31m[K^~~~~~~~~~~~~~~~[m[K
[4.401s] [01m[K/home/john/Desktop/rp_ros2_rviz/src/world_node.cpp:76:5:[m[K [01;31m[Kerror: [m[Kâ€˜[01m[Kbackground_image[m[Kâ€™ was not declared in this scope
[4.402s]    76 |     [01;31m[Kbackground_image[m[K.copyTo(shown_image);
[4.402s]       |     [01;31m[K^~~~~~~~~~~~~~~~[m[K
[4.420s] [01m[K/home/john/Desktop/rp_ros2_rviz/src/world_node.cpp:76:29:[m[K [01;31m[Kerror: [m[Kâ€˜[01m[Kshown_image[m[Kâ€™ was not declared in this scope
[4.420s]    76 |     background_image.copyTo([01;31m[Kshown_image[m[K);
[4.420s]       |                             [01;31m[K^~~~~~~~~~~[m[K
[4.437s] [01m[K/home/john/Desktop/rp_ros2_rviz/src/world_node.cpp:77:69:[m[K [01;31m[Kerror: [m[Kâ€˜[01m[Kpath[m[Kâ€™ was not declared in this scope; did you mean â€˜[01m[Krcpputils::fs::path[m[Kâ€™?
[4.437s]    77 |     drawPoints(shown_image, mapping, Eigen::Isometry2f::Identity(), [01;31m[Kpath[m[K, 255);
[4.437s]       |                                                                     [01;31m[K^~~~[m[K
[4.437s]       |                                                                     [32m[Krcpputils::fs::path[m[K
[4.437s] In file included from [01m[K/opt/ros/jazzy/include/rclcpp/rclcpp/logger.hpp:26[m[K,
[4.438s]                  from [01m[K/opt/ros/jazzy/include/rclcpp/rclcpp/copy_all_parameter_values.hpp:26[m[K,
[4.438s]                  from [01m[K/opt/ros/jazzy/include/rclcpp/rclcpp/rclcpp.hpp:171[m[K,
[4.438s]                  from [01m[K/home/john/Desktop/rp_ros2_rviz/src/world_node.cpp:1[m[K:
[4.439s] [01m[K/opt/ros/jazzy/include/rcpputils/rcpputils/filesystem_helper.hpp:75:7:[m[K [01;36m[Knote: [m[Kâ€˜[01m[Krcpputils::fs::path[m[Kâ€™ declared here
[4.439s]    75 | class [01;36m[Kpath[m[K
[4.439s]       |       [01;36m[K^~~~[m[K
[4.453s] [01m[K/home/john/Desktop/rp_ros2_rviz/src/world_node.cpp:77:5:[m[K [01;31m[Kerror: [m[Kâ€˜[01m[KdrawPoints[m[Kâ€™ was not declared in this scope
[4.453s]    77 |     [01;31m[KdrawPoints[m[K(shown_image, mapping, Eigen::Isometry2f::Identity(), path, 255);
[4.453s]       |     [01;31m[K^~~~~~~~~~[m[K
[4.467s] [01m[K/home/john/Desktop/rp_ros2_rviz/src/world_node.cpp:[m[K In static member function â€˜[01m[Kstatic void WorldNode::[01;32m[KonMouse[m[K(int, int, int, int, void*)[m[Kâ€™:
[4.467s] [01m[K/home/john/Desktop/rp_ros2_rviz/src/world_node.cpp:158:18:[m[K [01;31m[Kerror: [m[Kcannot call member function â€˜[01m[Kvoid WorldNode::[01;32m[Kredisplay[m[K(const GridMapping&)[m[Kâ€™ without object
[4.467s]   158 |         [01;31m[Kredisplay(planner->mapping)[m[K;
[4.467s]       |         [01;31m[K~~~~~~~~~^~~~~~~~~~~~~~~~~~[m[K
[4.471s] [01m[K/home/john/Desktop/rp_ros2_rviz/src/world_node.cpp:160:19:[m[K [01;31m[Kerror: [m[Kâ€˜[01m[Kpath[m[Kâ€™ was not declared in this scope; did you mean â€˜[01m[Krcpputils::fs::path[m[Kâ€™?
[4.471s]   160 |         printPath([01;31m[Kpath[m[K);
[4.471s]       |                   [01;31m[K^~~~[m[K
[4.471s]       |                   [32m[Krcpputils::fs::path[m[K
[4.471s] [01m[K/opt/ros/jazzy/include/rcpputils/rcpputils/filesystem_helper.hpp:75:7:[m[K [01;36m[Knote: [m[Kâ€˜[01m[Krcpputils::fs::path[m[Kâ€™ declared here
[4.471s]    75 | class [01;36m[Kpath[m[K
[4.471s]       |       [01;36m[K^~~~[m[K
[4.488s] [01m[K/home/john/Desktop/rp_ros2_rviz/src/world_node.cpp:160:9:[m[K [01;31m[Kerror: [m[Kâ€˜[01m[KprintPath[m[Kâ€™ was not declared in this scope
[4.488s]   160 |         [01;31m[KprintPath[m[K(path);
[4.489s]       |         [01;31m[K^~~~~~~~~[m[K
[4.509s] [01m[K/home/john/Desktop/rp_ros2_rviz/src/world_node.cpp:165:29:[m[K [01;31m[Kerror: [m[Kâ€˜[01m[Kuse_gradient[m[Kâ€™ was not declared in this scope
[4.509s]   165 |                             [01;31m[Kuse_gradient[m[K);
[4.509s]       |                             [01;31m[K^~~~~~~~~~~~[m[K
[4.509s] [01m[K/home/john/Desktop/rp_ros2_rviz/src/world_node.cpp:166:18:[m[K [01;31m[Kerror: [m[Kcannot call member function â€˜[01m[Kvoid WorldNode::[01;32m[Kredisplay[m[K(const GridMapping&)[m[Kâ€™ without object
[4.509s]   166 |         [01;31m[Kredisplay(planner->mapping)[m[K;
[4.510s]       |         [01;31m[K~~~~~~~~~^~~~~~~~~~~~~~~~~~[m[K
[4.534s] [01m[K/home/john/Desktop/rp_ros2_rviz/src/world_node.cpp:176:36:[m[K [01;31m[Kerror: [m[Kâ€˜[01m[Kbackground_mode[m[Kâ€™ was not declared in this scope
[4.534s]   176 |     cerr << "background_mode= " << [01;31m[Kbackground_mode[m[K << endl;
[4.534s]       |                                    [01;31m[K^~~~~~~~~~~~~~~[m[K
[4.545s] [01m[K/home/john/Desktop/rp_ros2_rviz/src/world_node.cpp:149:54:[m[K [01;35m[Kwarning: [m[Kunused parameter â€˜[01m[Kval[m[Kâ€™ [[01;35m[K]8;;https://gcc.gnu.org/onlinedocs/gcc/Warning-Options.html#index-Wunused-parameter-Wunused-parameter]8;;[m[K]
[4.546s]   149 |     static void onMouse(int event, int x, int y, [01;35m[Kint val[m[K, void* arg) {
[4.546s]       |                                                  [01;35m[K~~~~^~~[m[K
[6.547s] gmake[2]: *** [CMakeFiles/world_node.dir/build.make:76: CMakeFiles/world_node.dir/src/world_node.cpp.o] Error 1
[6.547s] gmake[1]: *** [CMakeFiles/Makefile2:165: CMakeFiles/world_node.dir/all] Error 2
[6.547s] gmake: *** [Makefile:146: all] Error 2
[6.551s] Invoked command in '/home/john/Desktop/rp_ros2_rviz/build/rp_ros2_rviz' returned '2': CMAKE_PREFIX_PATH=${CMAKE_PREFIX_PATH}:/opt/ros/jazzy DEBUGINFOD_URLS=https://debuginfod.ubuntu.com /usr/bin/cmake --build /home/john/Desktop/rp_ros2_rviz/build/rp_ros2_rviz -- -j4 -l4
