[ 33%] Built target dmap_node
[ 66%] Built target world_node
[ 73%] [32mBuilding CXX object CMakeFiles/pathplanner_node.dir/src/pathplanner_node.cpp.o[0m
[01m[K/home/john/Desktop/path_ros/rp_ros2_rviz/src/pathplanner_node.cpp:[m[K In member function â€˜[01m[Kvoid PathPlanner::[01;32m[Kstring_callback[m[K(std_msgs::msg::String_<std::allocator<void> >::SharedPtr)[m[Kâ€™:
[01m[K/home/john/Desktop/path_ros/rp_ros2_rviz/src/pathplanner_node.cpp:63:43:[m[K [01;31m[Kerror: [m[Kbase operand of â€˜[01m[K->[m[Kâ€™ has non-pointer type â€˜[01m[KDMapPlanner[m[Kâ€™
   63 |         Eigen::Vector2f world_pose=planner[01;31m[K->[m[Kmapping.g2w(Eigen::Vector2f(0,0));
      |                                           [01;31m[K^~[m[K
[01m[K/home/john/Desktop/path_ros/rp_ros2_rviz/src/pathplanner_node.cpp:65:16:[m[K [01;31m[Kerror: [m[Kbase operand of â€˜[01m[K->[m[Kâ€™ has non-pointer type â€˜[01m[KDMapPlanner[m[Kâ€™
   65 |         planner[01;31m[K->[m[KcomputePath(path,
      |                [01;31m[K^~[m[K
[01m[K/home/john/Desktop/path_ros/rp_ros2_rviz/src/pathplanner_node.cpp:67:20:[m[K [01;31m[Kerror: [m[Kbase operand of â€˜[01m[K->[m[Kâ€™ has non-pointer type â€˜[01m[KDMapPlanner[m[Kâ€™
   67 |             planner[01;31m[K->[m[Kmapping.resolution*2,
      |                    [01;31m[K^~[m[K
[01m[K/home/john/Desktop/path_ros/rp_ros2_rviz/src/pathplanner_node.cpp:69:13:[m[K [01;31m[Kerror: [m[Kâ€˜[01m[Knode[m[Kâ€™ was not declared in this scope; did you mean â€˜[01m[KNode[m[Kâ€™?
   69 |             [01;31m[Knode[m[K->use_gradient);
      |             [01;31m[K^~~~[m[K
      |             [32m[KNode[m[K
gmake[2]: *** [CMakeFiles/pathplanner_node.dir/build.make:76: CMakeFiles/pathplanner_node.dir/src/pathplanner_node.cpp.o] Error 1
gmake[1]: *** [CMakeFiles/Makefile2:193: CMakeFiles/pathplanner_node.dir/all] Error 2
gmake: *** [Makefile:146: all] Error 2
