[0.019s] Invoking command in '/home/john/Desktop/path_ros/rp_ros2_rviz/build/rp_ros2_rviz': CMAKE_PREFIX_PATH=${CMAKE_PREFIX_PATH}:/opt/ros/jazzy DEBUGINFOD_URLS=https://debuginfod.ubuntu.com /usr/bin/cmake --build /home/john/Desktop/path_ros/rp_ros2_rviz/build/rp_ros2_rviz -- -j4 -l4
[0.083s] [  6%] [32mBuilding CXX object CMakeFiles/pathplanner_node.dir/src/pathplanner_node.cpp.o[0m
[0.089s] [ 40%] Built target dmap_node
[0.099s] [ 73%] Built target world_node
[2.083s] [01m[K/home/john/Desktop/path_ros/rp_ros2_rviz/src/pathplanner_node.cpp:40:5:[m[K [01;31m[Kerror: [m[Knon-static data member declared with placeholder â€˜[01m[Kauto[m[Kâ€™
[2.083s]    40 |     [01;31m[Kauto[m[K bool_msg = std_msgs::msg::Bool();
[2.083s]       |     [01;31m[K^~~~[m[K
[2.084s] [01m[K/home/john/Desktop/path_ros/rp_ros2_rviz/src/pathplanner_node.cpp:41:5:[m[K [01;31m[Kerror: [m[Kâ€˜[01m[Kbool_msg[m[Kâ€™ does not name a type
[2.084s]    41 |     [01;31m[Kbool_msg[m[K.data = false;
[2.084s]       |     [01;31m[K^~~~~~~~[m[K
[2.127s] [01m[K/home/john/Desktop/path_ros/rp_ros2_rviz/src/pathplanner_node.cpp:[m[K In constructor â€˜[01m[KPathPlanner::[01;32m[KPathPlanner[m[K()[m[Kâ€™:
[2.127s] [01m[K/home/john/Desktop/path_ros/rp_ros2_rviz/src/pathplanner_node.cpp:17:9:[m[K [01;31m[Kerror: [m[Kâ€˜[01m[Ktimer_[m[Kâ€™ was not declared in this scope; did you mean â€˜[01m[Ktimer_t[m[Kâ€™?
[2.127s]    17 |         [01;31m[Ktimer_[m[K = this->create_wall_timer(
[2.127s]       |         [01;31m[K^~~~~~[m[K
[2.127s]       |         [32m[Ktimer_t[m[K
[2.131s] In file included from [01m[K/opt/ros/jazzy/include/rclcpp/rclcpp/logging.hpp:24[m[K,
[2.131s]                  from [01m[K/opt/ros/jazzy/include/rclcpp/rclcpp/copy_all_parameter_values.hpp:27[m[K,
[2.132s]                  from [01m[K/opt/ros/jazzy/include/rclcpp/rclcpp/rclcpp.hpp:171[m[K,
[2.132s]                  from [01m[K/home/john/Desktop/path_ros/rp_ros2_rviz/src/pathplanner_node.cpp:2[m[K:
[2.132s] [01m[K/home/john/Desktop/path_ros/rp_ros2_rviz/src/pathplanner_node.cpp:[m[K In member function â€˜[01m[Kvoid PathPlanner::[01;32m[KpublishBool[m[K()[m[Kâ€™:
[2.132s] [01m[K/home/john/Desktop/path_ros/rp_ros2_rviz/src/pathplanner_node.cpp:33:41:[m[K [01;35m[Kwarning: [m[Kformat â€˜[01m[K%s[m[Kâ€™ expects a matching â€˜[01m[Kchar*[m[Kâ€™ argument [[01;35m[K]8;;https://gcc.gnu.org/onlinedocs/gcc/Warning-Options.html#index-Wformat=-Wformat=]8;;[m[K]
[2.132s]    33 |         RCLCPP_INFO(this->get_logger(), [01;35m[K"Publishing Boolean '%s'"[m[K);
[2.132s]       |                                         [01;35m[K^~~~~~~~~~~~~~~~~~~~~~~~~[m[K
[2.132s] [01m[K/home/john/Desktop/path_ros/rp_ros2_rviz/src/pathplanner_node.cpp:33:63:[m[K [01;36m[Knote: [m[Kformat string is defined here
[2.132s]    33 |         RCLCPP_INFO(this->get_logger(), "Publishing Boolean '[01;36m[K%s[m[K'");
[2.132s]       |                                                              [01;36m[K~^[m[K
[2.132s]       |                                                               [01;36m[K|[m[K
[2.132s]       |                                                               [01;36m[Kchar*[m[K
[4.235s] gmake[2]: *** [CMakeFiles/pathplanner_node.dir/build.make:76: CMakeFiles/pathplanner_node.dir/src/pathplanner_node.cpp.o] Error 1
[4.236s] gmake[1]: *** [CMakeFiles/Makefile2:193: CMakeFiles/pathplanner_node.dir/all] Error 2
[4.236s] gmake: *** [Makefile:146: all] Error 2
[4.239s] Invoked command in '/home/john/Desktop/path_ros/rp_ros2_rviz/build/rp_ros2_rviz' returned '2': CMAKE_PREFIX_PATH=${CMAKE_PREFIX_PATH}:/opt/ros/jazzy DEBUGINFOD_URLS=https://debuginfod.ubuntu.com /usr/bin/cmake --build /home/john/Desktop/path_ros/rp_ros2_rviz/build/rp_ros2_rviz -- -j4 -l4
