[ 50%] Built target dmap_node
[ 60%] [32mBuilding CXX object CMakeFiles/world_node.dir/src/world_node.cpp.o[0m
In file included from [01m[K/opt/ros/jazzy/include/rclcpp/rclcpp/copy_all_parameter_values.hpp:27[m[K,
                 from [01m[K/opt/ros/jazzy/include/rclcpp/rclcpp/rclcpp.hpp:171[m[K,
                 from [01m[K/home/john/Desktop/path_ros/rp_ros2_rviz/src/world_node.cpp:2[m[K:
[01m[K/home/john/Desktop/path_ros/rp_ros2_rviz/src/world_node.cpp:[m[K In static member function â€˜[01m[Kstatic void WorldNode::[01;32m[KonMouse[m[K(int, int, int, int, void*)[m[Kâ€™:
[01m[K/home/john/Desktop/path_ros/rp_ros2_rviz/src/world_node.cpp:107:25:[m[K [01;31m[Kerror: [m[Kâ€˜[01m[Kthis[m[Kâ€™ is unavailable for static member functions
  107 |             RCLCPP_INFO([01;31m[Kthis[m[K->get_logger(), "Publishing Point: (%f, %f, %f)", point_message.x, point_message.y, point_message.z);
      |                         [01;31m[K^~~~[m[K
[01m[K/home/john/Desktop/path_ros/rp_ros2_rviz/src/world_node.cpp:107:25:[m[K [01;31m[Kerror: [m[Kâ€˜[01m[Kthis[m[Kâ€™ is unavailable for static member functions
[01m[K/home/john/Desktop/path_ros/rp_ros2_rviz/src/world_node.cpp:107:13:[m[K [01;31m[Kerror: [m[Ktemplate argument 1 is invalid
  107 |             [01;31m[KRCLCPP_INFO[m[K(this->get_logger(), "Publishing Point: (%f, %f, %f)", point_message.x, point_message.y, point_message.z);
      |             [01;31m[K^~~~~~~~~~~[m[K
[01m[K/home/john/Desktop/path_ros/rp_ros2_rviz/src/world_node.cpp:107:13:[m[K [01;31m[Kerror: [m[Ktemplate argument 1 is invalid
  107 |             [01;31m[KRCLCPP_INFO[m[K(this->get_logger(), "Publishing Point: (%f, %f, %f)", point_message.x, point_message.y, point_message.z);
      |             [01;31m[K^~~~~~~~~~~[m[K
[01m[K/home/john/Desktop/path_ros/rp_ros2_rviz/src/world_node.cpp:107:13:[m[K [01;31m[Kerror: [m[Ktemplate argument 1 is invalid
  107 |             [01;31m[KRCLCPP_INFO[m[K(this->get_logger(), "Publishing Point: (%f, %f, %f)", point_message.x, point_message.y, point_message.z);
      |             [01;31m[K^~~~~~~~~~~[m[K
In file included from [01m[K/opt/ros/jazzy/include/rclcpp/rclcpp/logging.hpp:24[m[K:
[01m[K/home/john/Desktop/path_ros/rp_ros2_rviz/src/world_node.cpp:107:25:[m[K [01;31m[Kerror: [m[Kâ€˜[01m[Kthis[m[Kâ€™ is unavailable for static member functions
  107 |             RCLCPP_INFO([01;31m[Kthis[m[K->get_logger(), "Publishing Point: (%f, %f, %f)", point_message.x, point_message.y, point_message.z);
      |                         [01;31m[K^~~~[m[K
[01m[K/home/john/Desktop/path_ros/rp_ros2_rviz/src/world_node.cpp:107:25:[m[K [01;31m[Kerror: [m[Kâ€˜[01m[Kthis[m[Kâ€™ is unavailable for static member functions
  107 |             RCLCPP_INFO([01;31m[Kthis[m[K->get_logger(), "Publishing Point: (%f, %f, %f)", point_message.x, point_message.y, point_message.z);
      |                         [01;31m[K^~~~[m[K
[01m[K/home/john/Desktop/path_ros/rp_ros2_rviz/src/world_node.cpp:108:13:[m[K [01;31m[Kerror: [m[Kinvalid use of member â€˜[01m[KWorldNode::point_publisher_[m[Kâ€™ in static member function
  108 |             [01;31m[Kpoint_publisher_[m[K->publish(point_message);
      |             [01;31m[K^~~~~~~~~~~~~~~~[m[K
[01m[K/home/john/Desktop/path_ros/rp_ros2_rviz/src/world_node.cpp:28:61:[m[K [01;36m[Knote: [m[Kdeclared here
   28 |     rclcpp::Publisher<geometry_msgs::msg::Point>::SharedPtr [01;36m[Kpoint_publisher_[m[K;  // Publisher per inviare i punti
      |                                                             [01;36m[K^~~~~~~~~~~~~~~~[m[K
[01m[K/home/john/Desktop/path_ros/rp_ros2_rviz/src/world_node.cpp:99:54:[m[K [01;35m[Kwarning: [m[Kunused parameter â€˜[01m[Kval[m[Kâ€™ [[01;35m[K]8;;https://gcc.gnu.org/onlinedocs/gcc/Warning-Options.html#index-Wunused-parameter-Wunused-parameter]8;;[m[K]
   99 |     static void onMouse(int event, int x, int y, [01;35m[Kint val[m[K, void* arg) {
      |                                                  [01;35m[K~~~~^~~[m[K
[01m[K/home/john/Desktop/path_ros/rp_ros2_rviz/src/world_node.cpp:99:65:[m[K [01;35m[Kwarning: [m[Kunused parameter â€˜[01m[Karg[m[Kâ€™ [[01;35m[K]8;;https://gcc.gnu.org/onlinedocs/gcc/Warning-Options.html#index-Wunused-parameter-Wunused-parameter]8;;[m[K]
   99 |     static void onMouse(int event, int x, int y, int val, [01;35m[Kvoid* arg[m[K) {
      |                                                           [01;35m[K~~~~~~^~~[m[K
gmake[2]: *** [CMakeFiles/world_node.dir/build.make:76: CMakeFiles/world_node.dir/src/world_node.cpp.o] Error 1
gmake[1]: *** [CMakeFiles/Makefile2:165: CMakeFiles/world_node.dir/all] Error 2
gmake: *** [Makefile:146: all] Error 2
