[0.014s] Invoking command in '/home/john/Desktop/path_ros/rp_ros2_rviz/build/rp_ros2_rviz': CMAKE_PREFIX_PATH=${CMAKE_PREFIX_PATH}:/opt/ros/jazzy DEBUGINFOD_URLS=https://debuginfod.ubuntu.com /usr/bin/cmake --build /home/john/Desktop/path_ros/rp_ros2_rviz/build/rp_ros2_rviz -- -j4 -l4
[0.090s] [ 40%] [32mBuilding CXX object CMakeFiles/dmap_node.dir/src/robot.cpp.o[0m
[0.090s] [ 40%] [32mBuilding CXX object CMakeFiles/dmap_node.dir/src/dmap_node.cpp.o[0m
[1.067s] In file included from [01m[K/home/john/Desktop/path_ros/rp_ros2_rviz/src/robot.cpp:2[m[K:
[1.067s] [01m[K/home/john/Desktop/path_ros/rp_ros2_rviz/include/rp_ros2_rviz/robot.h:20:39:[m[K [01;31m[Kerror: [m[Kâ€˜[01m[KVector2f[m[Kâ€™ was not declared in this scope; did you mean â€˜[01m[KEigen::Vector2f[m[Kâ€™?
[1.068s]    20 |     void followPath(const std::vector<[01;31m[KVector2f[m[K>& path) {
[1.068s]       |                                       [01;31m[K^~~~~~~~[m[K
[1.068s]       |                                       [32m[KEigen::Vector2f[m[K
[1.068s] In file included from [01m[K/usr/include/eigen3/Eigen/Core:295[m[K,
[1.068s]                  from [01m[K/usr/include/eigen3/Eigen/Dense:1[m[K,
[1.068s]                  from [01m[K/home/john/Desktop/path_ros/rp_ros2_rviz/src/robot.cpp:1[m[K:
[1.068s] [01m[K/usr/include/eigen3/Eigen/src/Core/Matrix.h:485:34:[m[K [01;36m[Knote: [m[Kâ€˜[01m[KEigen::Vector2f[m[Kâ€™ declared here
[1.068s]   485 | typedef Matrix<Type, Size, 1>    [01;36m[KVector[m[K##SizeSuffix##TypeSuffix;  \
[1.068s]       |                                  [01;36m[K^~~~~~[m[K
[1.068s] [01m[K/usr/include/eigen3/Eigen/src/Core/Matrix.h:496:1:[m[K [01;36m[Knote: [m[Kin expansion of macro â€˜[01m[KEIGEN_MAKE_TYPEDEFS[m[Kâ€™
[1.068s]   496 | [01;36m[KEIGEN_MAKE_TYPEDEFS[m[K(Type, TypeSuffix, 2, 2) \
[1.068s]       | [01;36m[K^~~~~~~~~~~~~~~~~~~[m[K
[1.068s] [01m[K/usr/include/eigen3/Eigen/src/Core/Matrix.h:505:1:[m[K [01;36m[Knote: [m[Kin expansion of macro â€˜[01m[KEIGEN_MAKE_TYPEDEFS_ALL_SIZES[m[Kâ€™
[1.068s]   505 | [01;36m[KEIGEN_MAKE_TYPEDEFS_ALL_SIZES[m[K(float,                f)
[1.068s]       | [01;36m[K^~~~~~~~~~~~~~~~~~~~~~~~~~~~~[m[K
[1.068s] [01m[K/home/john/Desktop/path_ros/rp_ros2_rviz/include/rp_ros2_rviz/robot.h:20:47:[m[K [01;31m[Kerror: [m[Ktemplate argument 1 is invalid
[1.068s]    20 |     void followPath(const std::vector<Vector2f[01;31m[K>[m[K& path) {
[1.068s]       |                                               [01;31m[K^[m[K
[1.068s] [01m[K/home/john/Desktop/path_ros/rp_ros2_rviz/include/rp_ros2_rviz/robot.h:20:47:[m[K [01;31m[Kerror: [m[Ktemplate argument 2 is invalid
[1.068s] [01m[K/home/john/Desktop/path_ros/rp_ros2_rviz/src/robot.cpp:5:1:[m[K [01;31m[Kerror: [m[Kextra qualification â€˜[01m[KRobot::[m[Kâ€™ on member â€˜[01m[KRobot[m[Kâ€™ [[01;31m[K]8;;https://gcc.gnu.org/onlinedocs/gcc/Warning-Options.html#index-fpermissive-fpermissive]8;;[m[K]
[1.068s]     5 | [01;31m[KRobot[m[K::Robot(float x, float y, float orientation, int radius)
[1.069s]       | [01;31m[K^~~~~[m[K
[1.069s] [01m[K/home/john/Desktop/path_ros/rp_ros2_rviz/src/robot.cpp:5:1:[m[K [01;31m[Kerror: [m[Kâ€˜[01m[KRobot::[01;32m[KRobot[m[K(float, float, float, int)[m[Kâ€™ cannot be overloaded with â€˜[01m[KRobot::[01;32m[KRobot[m[K(float, float, float, int)[m[Kâ€™
[1.069s] [01m[K/home/john/Desktop/path_ros/rp_ros2_rviz/include/rp_ros2_rviz/robot.h:16:5:[m[K [01;36m[Knote: [m[Kprevious declaration â€˜[01m[KRobot::[01;32m[KRobot[m[K(float, float, float, int)[m[Kâ€™
[1.069s]    16 |     [01;36m[KRobot[m[K(float x, float y, float orientation, int radius);
[1.069s]       |     [01;36m[K^~~~~[m[K
[1.069s] [01m[K/home/john/Desktop/path_ros/rp_ros2_rviz/src/robot.cpp:9:6:[m[K [01;31m[Kerror: [m[Kextra qualification â€˜[01m[KRobot::[m[Kâ€™ on member â€˜[01m[Kmove[m[Kâ€™ [[01;31m[K]8;;https://gcc.gnu.org/onlinedocs/gcc/Warning-Options.html#index-fpermissive-fpermissive]8;;[m[K]
[1.069s]     9 | void [01;31m[KRobot[m[K::move(const Eigen::Vector2f& direction) {
[1.069s]       |      [01;31m[K^~~~~[m[K
[1.069s] [01m[K/home/john/Desktop/path_ros/rp_ros2_rviz/src/robot.cpp:9:6:[m[K [01;31m[Kerror: [m[Kâ€˜[01m[Kvoid Robot::[01;32m[Kmove[m[K(const Eigen::Vector2f&)[m[Kâ€™ cannot be overloaded with â€˜[01m[Kvoid Robot::[01;32m[Kmove[m[K(const Eigen::Vector2f&)[m[Kâ€™
[1.069s] [01m[K/home/john/Desktop/path_ros/rp_ros2_rviz/include/rp_ros2_rviz/robot.h:18:10:[m[K [01;36m[Knote: [m[Kprevious declaration â€˜[01m[Kvoid Robot::[01;32m[Kmove[m[K(const Eigen::Vector2f&)[m[Kâ€™
[1.069s]    18 |     void [01;36m[Kmove[m[K(const Eigen::Vector2f& direction);
[1.069s]       |          [01;36m[K^~~~[m[K
[1.069s] [01m[K/home/john/Desktop/path_ros/rp_ros2_rviz/src/robot.cpp:13:6:[m[K [01;31m[Kerror: [m[Kextra qualification â€˜[01m[KRobot::[m[Kâ€™ on member â€˜[01m[KsetPosition[m[Kâ€™ [[01;31m[K]8;;https://gcc.gnu.org/onlinedocs/gcc/Warning-Options.html#index-fpermissive-fpermissive]8;;[m[K]
[1.069s]    13 | void [01;31m[KRobot[m[K::setPosition(float x, float y) {
[1.069s]       |      [01;31m[K^~~~~[m[K
[1.069s] [01m[K/home/john/Desktop/path_ros/rp_ros2_rviz/src/robot.cpp:13:6:[m[K [01;31m[Kerror: [m[Kâ€˜[01m[Kvoid Robot::[01;32m[KsetPosition[m[K(float, float)[m[Kâ€™ cannot be overloaded with â€˜[01m[Kvoid Robot::[01;32m[KsetPosition[m[K(float, float)[m[Kâ€™
[1.069s] [01m[K/home/john/Desktop/path_ros/rp_ros2_rviz/include/rp_ros2_rviz/robot.h:19:10:[m[K [01;36m[Knote: [m[Kprevious declaration â€˜[01m[Kvoid Robot::[01;32m[KsetPosition[m[K(float, float)[m[Kâ€™
[1.069s]    19 |     void [01;36m[KsetPosition[m[K(float x, float y);
[1.069s]       |          [01;36m[K^~~~~~~~~~~[m[K
[1.069s] [01m[K/home/john/Desktop/path_ros/rp_ros2_rviz/src/robot.cpp:17:6:[m[K [01;31m[Kerror: [m[Kextra qualification â€˜[01m[KRobot::[m[Kâ€™ on member â€˜[01m[KfollowPath[m[Kâ€™ [[01;31m[K]8;;https://gcc.gnu.org/onlinedocs/gcc/Warning-Options.html#index-fpermissive-fpermissive]8;;[m[K]
[1.069s]    17 | void [01;31m[KRobot[m[K::followPath(const std::vector<Eigen::Vector2f>& path) {
[1.069s]       |      [01;31m[K^~~~~[m[K
[1.069s] [01m[K/home/john/Desktop/path_ros/rp_ros2_rviz/src/robot.cpp:23:2:[m[K [01;31m[Kerror: [m[Kexpected â€˜[01m[K}[m[Kâ€™ at end of input
[1.069s]    23 | }
[1.070s]       |  [01;31m[K^[m[K
[1.070s] [01m[K/home/john/Desktop/path_ros/rp_ros2_rviz/include/rp_ros2_rviz/robot.h:6:13:[m[K [01;36m[Knote: [m[Kto match this â€˜[01m[K{[m[Kâ€™
[1.070s]     6 | class Robot [01;36m[K{[m[K
[1.070s]       |             [01;36m[K^[m[K
[1.070s] [01m[K/home/john/Desktop/path_ros/rp_ros2_rviz/include/rp_ros2_rviz/robot.h:[m[K In member function â€˜[01m[Kvoid Robot::[01;32m[KfollowPath[m[K(const int&)[m[Kâ€™:
[1.070s] [01m[K/home/john/Desktop/path_ros/rp_ros2_rviz/include/rp_ros2_rviz/robot.h:20:50:[m[K [01;35m[Kwarning: [m[Kunused parameter â€˜[01m[Kpath[m[Kâ€™ [[01;35m[K]8;;https://gcc.gnu.org/onlinedocs/gcc/Warning-Options.html#index-Wunused-parameter-Wunused-parameter]8;;[m[K]
[1.070s]    20 |     void followPath([01;35m[Kconst std::vector<Vector2f>& path[m[K) {
[1.070s]       |                     [01;35m[K~~~~~~~~~~~~~~~~~~~~~~~~~~~~~^~~~[m[K
[1.070s] [01m[K/home/john/Desktop/path_ros/rp_ros2_rviz/src/robot.cpp:[m[K In member function â€˜[01m[Kvoid Robot::[01;32m[KfollowPath[m[K(const std::vector<Eigen::Matrix<float, 2, 1> >&)[m[Kâ€™:
[1.070s] [01m[K/home/john/Desktop/path_ros/rp_ros2_rviz/src/robot.cpp:20:18:[m[K [01;31m[Kerror: [m[Kâ€˜[01m[KEigen::Vector2f[m[Kâ€™ {aka â€˜[01m[Kclass Eigen::Matrix<float, 2, 1>[m[Kâ€™} has no member named â€˜[01m[Kmove[m[Kâ€™
[1.070s]    20 |         position.[01;31m[Kmove[m[K(target);
[1.070s]       |                  [01;31m[K^~~~[m[K
[1.070s] [01m[K/home/john/Desktop/path_ros/rp_ros2_rviz/src/robot.cpp:21:14:[m[K [01;31m[Kerror: [m[Kâ€˜[01m[Kcout[m[Kâ€™ is not a member of â€˜[01m[Kstd[m[Kâ€™
[1.071s]    21 |         std::[01;31m[Kcout[m[K << "Robot posizione: (" << position.x << ", " << position.y << ")" << std::endl;
[1.071s]       |              [01;31m[K^~~~[m[K
[1.071s] [01m[K/home/john/Desktop/path_ros/rp_ros2_rviz/src/robot.cpp:3:1:[m[K [01;36m[Knote: [m[Kâ€˜[01m[Kstd::cout[m[Kâ€™ is defined in header â€˜[01m[K<iostream>[m[Kâ€™; did you forget to â€˜[01m[K#include <iostream>[m[Kâ€™?
[1.071s]     2 | #include "rp_ros2_rviz/robot.h"
[1.071s]   +++ |+[32m[K#include <iostream>[m[K
[1.071s]     3 | 
[1.071s] [01m[K/home/john/Desktop/path_ros/rp_ros2_rviz/src/robot.cpp:[m[K At global scope:
[1.071s] [01m[K/home/john/Desktop/path_ros/rp_ros2_rviz/src/robot.cpp:23:2:[m[K [01;31m[Kerror: [m[Kexpected unqualified-id at end of input
[1.071s]    23 | }
[1.071s]       |  [01;31m[K^[m[K
[1.152s] gmake[2]: *** [CMakeFiles/dmap_node.dir/build.make:118: CMakeFiles/dmap_node.dir/src/robot.cpp.o] Error 1
[1.152s] gmake[2]: *** Waiting for unfinished jobs....
[3.094s] [01m[K/home/john/Desktop/path_ros/rp_ros2_rviz/src/dmap_node.cpp:10:7:[m[K [01;31m[Kerror: [m[Kexpected nested-name-specifier before â€˜[01m[Knamespace[m[Kâ€™
[3.094s]    10 | using [01;31m[Knamespace[m[K std;
[3.094s]       |       [01;31m[K^~~~~~~~~[m[K
[3.094s] [01m[K/home/john/Desktop/path_ros/rp_ros2_rviz/src/dmap_node.cpp:11:7:[m[K [01;31m[Kerror: [m[Kexpected nested-name-specifier before â€˜[01m[Knamespace[m[Kâ€™
[3.094s]    11 | using [01;31m[Knamespace[m[K cv;
[3.094s]       |       [01;31m[K^~~~~~~~~[m[K
[3.097s] [01m[K/home/john/Desktop/path_ros/rp_ros2_rviz/src/dmap_node.cpp:21:11:[m[K [01;31m[Kerror: [m[Kfield â€˜[01m[Kmy_robot[m[Kâ€™ has incomplete type â€˜[01m[KRobot[m[Kâ€™
[3.097s]    21 |     Robot [01;31m[Kmy_robot[m[K;
[3.097s]       |           [01;31m[K^~~~~~~~[m[K
[3.097s] In file included from [01m[K/home/john/Desktop/path_ros/rp_ros2_rviz/src/dmap_node.cpp:8[m[K:
[3.097s] [01m[K/home/john/Desktop/path_ros/rp_ros2_rviz/include/rp_ros2_rviz/robot.h:6:7:[m[K [01;36m[Knote: [m[Kforward declaration of â€˜[01m[Kclass Robot[m[Kâ€™
[3.097s]     6 | class [01;36m[KRobot[m[K {
[3.098s]       |       [01;36m[K^~~~~[m[K
[3.101s] [01m[K/home/john/Desktop/path_ros/rp_ros2_rviz/src/dmap_node.cpp:221:2:[m[K [01;31m[Kerror: [m[Kexpected â€˜[01m[K}[m[Kâ€™ at end of input
[3.101s]   221 | }
[3.101s]       |  [01;31m[K^[m[K
[3.101s] [01m[K/home/john/Desktop/path_ros/rp_ros2_rviz/include/rp_ros2_rviz/robot.h:6:13:[m[K [01;36m[Knote: [m[Kto match this â€˜[01m[K{[m[Kâ€™
[3.101s]     6 | class Robot [01;36m[K{[m[K
[3.101s]       |             [01;36m[K^[m[K
[3.104s] [01m[K/home/john/Desktop/path_ros/rp_ros2_rviz/include/rp_ros2_rviz/robot.h:[m[K In member function â€˜[01m[Kvoid Robot::[01;32m[KfollowPath[m[K(const std::vector<Eigen::Matrix<float, 2, 1> >&)[m[Kâ€™:
[3.104s] [01m[K/home/john/Desktop/path_ros/rp_ros2_rviz/include/rp_ros2_rviz/robot.h:20:50:[m[K [01;35m[Kwarning: [m[Kunused parameter â€˜[01m[Kpath[m[Kâ€™ [[01;35m[K]8;;https://gcc.gnu.org/onlinedocs/gcc/Warning-Options.html#index-Wunused-parameter-Wunused-parameter]8;;[m[K]
[3.104s]    20 |     void followPath([01;35m[Kconst std::vector<Vector2f>& path[m[K) {
[3.104s]       |                     [01;35m[K~~~~~~~~~~~~~~~~~~~~~~~~~~~~~^~~~[m[K
[3.131s] [01m[K/home/john/Desktop/path_ros/rp_ros2_rviz/src/dmap_node.cpp:[m[K In static member function â€˜[01m[Kstatic void Robot::DmapNode::[01;32m[KonMouse[m[K(int, int, int, int, void*)[m[Kâ€™:
[3.131s] [01m[K/home/john/Desktop/path_ros/rp_ros2_rviz/src/dmap_node.cpp:130:40:[m[K [01;31m[Kerror: [m[Kcannot convert â€˜[01m[Kstd::__cxx11::list<Eigen::Matrix<float, 2, 1> >[m[Kâ€™ to â€˜[01m[Kconst std::vector<Eigen::Matrix<float, 2, 1> >&[m[Kâ€™
[3.131s]   130 |             my_robot->followPath([01;31m[Knode->path[m[K);
[3.131s]       |                                  [01;31m[K~~~~~~^~~~[m[K
[3.131s]       |                                        [01;31m[K|[m[K
[3.131s]       |                                        [01;31m[Kstd::__cxx11::list<Eigen::Matrix<float, 2, 1> >[m[K
[3.131s] [01m[K/home/john/Desktop/path_ros/rp_ros2_rviz/include/rp_ros2_rviz/robot.h:20:50:[m[K [01;36m[Knote: [m[K  initializing argument 1 of â€˜[01m[Kvoid Robot::[01;32m[KfollowPath[m[K(const std::vector<Eigen::Matrix<float, 2, 1> >&)[m[Kâ€™
[3.131s]    20 |     void followPath([01;36m[Kconst std::vector<Vector2f>& path[m[K) {
[3.131s]       |                     [01;36m[K~~~~~~~~~~~~~~~~~~~~~~~~~~~~~^~~~[m[K
[3.134s] In file included from [01m[K/opt/ros/jazzy/include/rclcpp/rclcpp/logging.hpp:24[m[K,
[3.134s]                  from [01m[K/opt/ros/jazzy/include/rclcpp/rclcpp/copy_all_parameter_values.hpp:27[m[K,
[3.134s]                  from [01m[K/opt/ros/jazzy/include/rclcpp/rclcpp/rclcpp.hpp:171[m[K,
[3.134s]                  from [01m[K/home/john/Desktop/path_ros/rp_ros2_rviz/src/dmap_node.cpp:2[m[K:
[3.134s] [01m[K/home/john/Desktop/path_ros/rp_ros2_rviz/src/dmap_node.cpp:156:49:[m[K [01;35m[Kwarning: [m[Kformat â€˜[01m[K%d[m[Kâ€™ expects argument of type â€˜[01m[Kint[m[Kâ€™, but argument 7 has type â€˜[01m[Kdouble[m[Kâ€™ [[01;35m[K]8;;https://gcc.gnu.org/onlinedocs/gcc/Warning-Options.html#index-Wformat=-Wformat=]8;;[m[K]
[3.134s]   156 |                 RCLCPP_INFO(node->get_logger(), [01;35m[K"policy: (%d, %d) val: %d parent: (%d, %d)"[m[K, y, x, [32m[Kplanner->policy.at(y, x)[m[K, parent_pos[0], parent_pos[1]);
[3.134s]       |                                                 [01;35m[K^~~~~~~~~~~~~~~~~~~~~~~~~~~~~~~~~~~~~~~~~~~[m[K        [32m[K~~~~~~~~~~~~~~~~~~~~~~~~[m[K
[3.134s]       |                                                                                                                      [32m[K|[m[K
[3.134s]       |                                                                                                                      [32m[Kdouble[m[K
[3.134s] [01m[K/home/john/Desktop/path_ros/rp_ros2_rviz/src/dmap_node.cpp:156:73:[m[K [01;36m[Knote: [m[Kformat string is defined here
[3.134s]   156 |     RCLCPP_INFO(node->get_logger(), "policy: (%d, %d) val: [01;36m[K%d[m[K parent: (%d, %d)", y, x, planner->policy.at(y, x), parent_pos[0], parent_pos[1]);
[3.134s]       |                                                            [01;36m[K~^[m[K
[3.134s]       |                                                             [01;36m[K|[m[K
[3.134s]       |                                                             [01;36m[Kint[m[K
[3.134s]       |                                                            [32m[K%f[m[K
[3.134s] [01m[K/home/john/Desktop/path_ros/rp_ros2_rviz/src/dmap_node.cpp:116:58:[m[K [01;35m[Kwarning: [m[Kunused parameter â€˜[01m[Kval[m[Kâ€™ [[01;35m[K]8;;https://gcc.gnu.org/onlinedocs/gcc/Warning-Options.html#index-Wunused-parameter-Wunused-parameter]8;;[m[K]
[3.134s]   116 |         static void onMouse(int event, int x, int y, [01;35m[Kint val[m[K, void* arg) {
[3.134s]       |                                                      [01;35m[K~~~~^~~[m[K
[3.136s] [01m[K/home/john/Desktop/path_ros/rp_ros2_rviz/src/dmap_node.cpp:[m[K In static member function â€˜[01m[Kstatic void Robot::DmapNode::[01;32m[KonClick[m[K(int, int, int, int, void*)[m[Kâ€™:
[3.136s] [01m[K/home/john/Desktop/path_ros/rp_ros2_rviz/src/dmap_node.cpp:191:62:[m[K [01;35m[Kwarning: [m[Kunused parameter â€˜[01m[Kval[m[Kâ€™ [[01;35m[K]8;;https://gcc.gnu.org/onlinedocs/gcc/Warning-Options.html#index-Wunused-parameter-Wunused-parameter]8;;[m[K]
[3.136s]   191 |            static void onClick(int event, int x, int y, [01;35m[Kint val[m[K, void* arg) {
[3.136s]       |                                                         [01;35m[K~~~~^~~[m[K
[3.136s] 
[3.144s] [01m[K/home/john/Desktop/path_ros/rp_ros2_rviz/src/dmap_node.cpp:[m[K At global scope:
[3.144s] [01m[K/home/john/Desktop/path_ros/rp_ros2_rviz/src/dmap_node.cpp:221:2:[m[K [01;31m[Kerror: [m[Kexpected unqualified-id at end of input
[3.144s]   221 | }
[3.144s]       |  [01;31m[K^[m[K
[4.416s] gmake[2]: *** [CMakeFiles/dmap_node.dir/build.make:76: CMakeFiles/dmap_node.dir/src/dmap_node.cpp.o] Error 1
[4.416s] gmake[1]: *** [CMakeFiles/Makefile2:137: CMakeFiles/dmap_node.dir/all] Error 2
[4.416s] gmake: *** [Makefile:146: all] Error 2
[4.419s] Invoked command in '/home/john/Desktop/path_ros/rp_ros2_rviz/build/rp_ros2_rviz' returned '2': CMAKE_PREFIX_PATH=${CMAKE_PREFIX_PATH}:/opt/ros/jazzy DEBUGINFOD_URLS=https://debuginfod.ubuntu.com /usr/bin/cmake --build /home/john/Desktop/path_ros/rp_ros2_rviz/build/rp_ros2_rviz -- -j4 -l4
