[0.014s] Invoking command in '/home/john/Desktop/rp_ros2_rviz/build/rp_ros2_rviz': CMAKE_PREFIX_PATH=${CMAKE_PREFIX_PATH}:/opt/ros/jazzy DEBUGINFOD_URLS=https://debuginfod.ubuntu.com /usr/bin/cmake --build /home/john/Desktop/rp_ros2_rviz/build/rp_ros2_rviz -- -j4 -l4
[0.085s] [ 16%] Built target control_robot
[0.100s] [ 25%] [32mBuilding CXX object CMakeFiles/world_node.dir/src/world_node.cpp.o[0m
[3.815s] [01m[K/home/john/Desktop/rp_ros2_rviz/src/world_node.cpp:[m[K In constructor â€˜[01m[KWorldNode::[01;32m[KWorldNode[m[K()[m[Kâ€™:
[3.815s] [01m[K/home/john/Desktop/rp_ros2_rviz/src/world_node.cpp:43:27:[m[K [01;31m[Kerror: [m[Kcannot convert â€˜[01m[KVector2iVector[m[Kâ€™ {aka â€˜[01m[Kstd::vector<Eigen::Matrix<int, 2, 1> >[m[Kâ€™} to â€˜[01m[KCanvas&[m[Kâ€™
[3.816s]    43 |             drawObstacles([01;31m[Kobstacles[m[K,canvas);
[3.816s]       |                           [01;31m[K^~~~~~~~~[m[K
[3.816s]       |                           [01;31m[K|[m[K
[3.816s]       |                           [01;31m[KVector2iVector {aka std::vector<Eigen::Matrix<int, 2, 1> >}[m[K
[3.816s] [01m[K/home/john/Desktop/rp_ros2_rviz/src/world_node.cpp:153:28:[m[K [01;36m[Knote: [m[K  initializing argument 1 of â€˜[01m[Kvoid WorldNode::[01;32m[KdrawObstacles[m[K(Canvas&, const Vector2iVector&)[m[Kâ€™
[3.816s]   153 | void drawObstacles([01;36m[KCanvas& canvas[m[K, const Vector2iVector& obstacles) {
[3.816s]       |                    [01;36m[K~~~~~~~~^~~~~~[m[K
[3.828s] [01m[K/home/john/Desktop/rp_ros2_rviz/src/world_node.cpp:56:17:[m[K [01;35m[Kwarning: [m[Kunused variable â€˜[01m[Kkey[m[Kâ€™ [[01;35m[K]8;;https://gcc.gnu.org/onlinedocs/gcc/Warning-Options.html#index-Wunused-variable-Wunused-variable]8;;[m[K]
[3.828s]    56 |             int [01;35m[Kkey[m[K=0;
[3.828s]       |                 [01;35m[K^~~[m[K
[3.851s] [01m[K/home/john/Desktop/rp_ros2_rviz/src/world_node.cpp:[m[K In static member function â€˜[01m[Kstatic void WorldNode::[01;32m[KonMouse[m[K(int, int, int, int, void*)[m[Kâ€™:
[3.851s] [01m[K/home/john/Desktop/rp_ros2_rviz/src/world_node.cpp:82:54:[m[K [01;35m[Kwarning: [m[Kunused parameter â€˜[01m[Kval[m[Kâ€™ [[01;35m[K]8;;https://gcc.gnu.org/onlinedocs/gcc/Warning-Options.html#index-Wunused-parameter-Wunused-parameter]8;;[m[K]
[3.851s]    82 |     static void onMouse(int event, int x, int y, [01;35m[Kint val[m[K, void* arg) {
[3.852s]       |                                                  [01;35m[K~~~~^~~[m[K
[3.855s] [01m[K/home/john/Desktop/rp_ros2_rviz/src/world_node.cpp:[m[K In member function â€˜[01m[Kvoid WorldNode::[01;32m[KdrawObstacles[m[K(Canvas&, const Vector2iVector&)[m[Kâ€™:
[3.856s] [01m[K/home/john/Desktop/rp_ros2_rviz/src/world_node.cpp:156:26:[m[K [01;31m[Kerror: [m[Kno matching function for call to â€˜[01m[KCanvas::drawCircle(const Eigen::Vector2i&)[m[Kâ€™
[3.856s]   156 |         [01;31m[Kcanvas.drawCircle(obstacle)[m[K;  // Disegna un cerchio per ogni ostacolo
[3.856s]       |         [01;31m[K~~~~~~~~~~~~~~~~~^~~~~~~~~~[m[K
[3.856s] In file included from [01m[K/home/john/Desktop/rp_ros2_rviz/include/rp_ros2_rviz/world.h:6[m[K,
[3.856s]                  from [01m[K/home/john/Desktop/rp_ros2_rviz/src/world_node.cpp:3[m[K:
[3.856s] [01m[K/home/john/Desktop/rp_ros2_rviz/include/rp_ros2_rviz/canvas.h:27:8:[m[K [01;36m[Knote: [m[Kcandidate: â€˜[01m[Kvoid Canvas::[01;32m[KdrawCircle[m[K(const Vec2f&, float, uint8_t)[m[Kâ€™
[3.856s]    27 |   void [01;36m[KdrawCircle[m[K(const Vec2f& center, const float radius, const uint8_t gray_value);
[3.856s]       |        [01;36m[K^~~~~~~~~~[m[K
[3.856s] [01m[K/home/john/Desktop/rp_ros2_rviz/include/rp_ros2_rviz/canvas.h:27:8:[m[K [01;36m[Knote: [m[K  candidate expects 3 arguments, 1 provided
[6.808s] gmake[2]: *** [CMakeFiles/world_node.dir/build.make:76: CMakeFiles/world_node.dir/src/world_node.cpp.o] Error 1
[6.808s] gmake[1]: *** [CMakeFiles/Makefile2:165: CMakeFiles/world_node.dir/all] Error 2
[6.808s] gmake: *** [Makefile:146: all] Error 2
[6.812s] Invoked command in '/home/john/Desktop/rp_ros2_rviz/build/rp_ros2_rviz' returned '2': CMAKE_PREFIX_PATH=${CMAKE_PREFIX_PATH}:/opt/ros/jazzy DEBUGINFOD_URLS=https://debuginfod.ubuntu.com /usr/bin/cmake --build /home/john/Desktop/rp_ros2_rviz/build/rp_ros2_rviz -- -j4 -l4
