[01m[K/home/john/Desktop/rp_ros2_rviz/src/world_node.cpp:[m[K In member function â€˜[01m[Kvoid WorldNode::[01;32m[Kredisplay[m[K()[m[Kâ€™:
[01m[K/home/john/Desktop/rp_ros2_rviz/src/world_node.cpp:119:23:[m[K [01;31m[Kerror: [m[Kâ€˜[01m[Kdmap[m[Kâ€™ was not declared in this scope; did you mean â€˜[01m[KDMap[m[Kâ€™?
  119 |             cv::Point([01;31m[Kdmap[m[K->cols(), dmap->rows()),
      |                       [01;31m[K^~~~[m[K
      |                       [32m[KDMap[m[K
gmake[2]: *** [CMakeFiles/world_node.dir/build.make:76: CMakeFiles/world_node.dir/src/world_node.cpp.o] Error 1
gmake[1]: *** [CMakeFiles/Makefile2:167: CMakeFiles/world_node.dir/all] Error 2
gmake: *** [Makefile:146: all] Error 2
