[0.024s] Invoking command in '/home/john/Desktop/rp_ros2_rviz/build/rp_ros2_rviz': CMAKE_PREFIX_PATH=${CMAKE_PREFIX_PATH}:/home/john/Desktop/path_ros/rp_ros2_rviz/install/rp_ros2_rviz:/opt/ros/jazzy DEBUGINFOD_URLS=https://debuginfod.ubuntu.com /usr/bin/cmake --build /home/john/Desktop/rp_ros2_rviz/build/rp_ros2_rviz -- -j4 -l4
[0.109s] [ 33%] Built target dmap_node
[0.114s] [ 40%] [32mBuilding CXX object CMakeFiles/world_node.dir/src/world_node.cpp.o[0m
[0.116s] [ 73%] Built target pathplanner_node
[3.755s] [01m[K/home/john/Desktop/rp_ros2_rviz/src/world_node.cpp:[m[K In member function â€˜[01m[Kvoid WorldNode::[01;32m[Kredisplay[m[K()[m[Kâ€™:
[3.755s] [01m[K/home/john/Desktop/rp_ros2_rviz/src/world_node.cpp:119:23:[m[K [01;31m[Kerror: [m[Kâ€˜[01m[Kdmap[m[Kâ€™ was not declared in this scope; did you mean â€˜[01m[KDMap[m[Kâ€™?
[3.755s]   119 |             cv::Point([01;31m[Kdmap[m[K->cols(), dmap->rows()),
[3.755s]       |                       [01;31m[K^~~~[m[K
[3.755s]       |                       [32m[KDMap[m[K
[7.131s] gmake[2]: *** [CMakeFiles/world_node.dir/build.make:76: CMakeFiles/world_node.dir/src/world_node.cpp.o] Error 1
[7.131s] gmake[1]: *** [CMakeFiles/Makefile2:167: CMakeFiles/world_node.dir/all] Error 2
[7.132s] gmake: *** [Makefile:146: all] Error 2
[7.140s] Invoked command in '/home/john/Desktop/rp_ros2_rviz/build/rp_ros2_rviz' returned '2': CMAKE_PREFIX_PATH=${CMAKE_PREFIX_PATH}:/home/john/Desktop/path_ros/rp_ros2_rviz/install/rp_ros2_rviz:/opt/ros/jazzy DEBUGINFOD_URLS=https://debuginfod.ubuntu.com /usr/bin/cmake --build /home/john/Desktop/rp_ros2_rviz/build/rp_ros2_rviz -- -j4 -l4
