[0.028s] Invoking command in '/home/john/Desktop/rp_ros2_rviz/build/rp_ros2_rviz': CMAKE_PREFIX_PATH=${CMAKE_PREFIX_PATH}:/opt/ros/jazzy DEBUGINFOD_URLS=https://debuginfod.ubuntu.com /usr/bin/cmake --build /home/john/Desktop/rp_ros2_rviz/build/rp_ros2_rviz -- -j4 -l4
[0.149s] [ 16%] Built target control_robot
[0.170s] [ 33%] [32mBuilding CXX object CMakeFiles/world_node.dir/src/world_node.cpp.o[0m
[0.170s] [ 33%] [32mBuilding CXX object CMakeFiles/world_node.dir/src/grid_map.cpp.o[0m
[0.172s] [ 41%] [32mBuilding CXX object CMakeFiles/world_node.dir/src/lidar.cpp.o[0m
[3.040s] In file included from [01m[K/home/john/Desktop/rp_ros2_rviz/include/rp_ros2_rviz/lidar.h:3[m[K,
[3.041s]                  from [01m[K/home/john/Desktop/rp_ros2_rviz/src/lidar.cpp:1[m[K:
[3.041s] [01m[K/home/john/Desktop/rp_ros2_rviz/include/rp_ros2_rviz/grid_map.h:51:3:[m[K [01;31m[Kerror: [m[Kâ€˜[01m[KVector2iVector[m[Kâ€™ does not name a type
[3.041s]    51 |   [01;31m[KVector2iVector[m[K GridMap::getObstacles() const;
[3.041s]       |   [01;31m[K^~~~~~~~~~~~~~[m[K
[3.042s] [01m[K/home/john/Desktop/rp_ros2_rviz/include/rp_ros2_rviz/grid_map.h:56:36:[m[K [01;31m[Kerror: [m[Kâ€˜[01m[KVector2i[m[Kâ€™ was not declared in this scope; did you mean â€˜[01m[KEigen::Vector2i[m[Kâ€™?
[3.042s]    56 | using Vector2iVector = std::vector<[01;31m[KVector2i[m[K>;
[3.042s]       |                                    [01;31m[K^~~~~~~~[m[K
[3.043s]       |                                    [32m[KEigen::Vector2i[m[K
[3.043s] In file included from [01m[K/usr/include/eigen3/Eigen/Core:295[m[K,
[3.044s]                  from [01m[K/home/john/Desktop/rp_ros2_rviz/include/rp_ros2_rviz/grid_map.h:7[m[K:
[3.044s] [01m[K/usr/include/eigen3/Eigen/src/Core/Matrix.h:485:34:[m[K [01;36m[Knote: [m[Kâ€˜[01m[KEigen::Vector2i[m[Kâ€™ declared here
[3.044s]   485 | typedef Matrix<Type, Size, 1>    [01;36m[KVector[m[K##SizeSuffix##TypeSuffix;  \
[3.044s]       |                                  [01;36m[K^~~~~~[m[K
[3.044s] [01m[K/usr/include/eigen3/Eigen/src/Core/Matrix.h:496:1:[m[K [01;36m[Knote: [m[Kin expansion of macro â€˜[01m[KEIGEN_MAKE_TYPEDEFS[m[Kâ€™
[3.044s]   496 | [01;36m[KEIGEN_MAKE_TYPEDEFS[m[K(Type, TypeSuffix, 2, 2) \
[3.044s]       | [01;36m[K^~~~~~~~~~~~~~~~~~~[m[K
[3.044s] [01m[K/usr/include/eigen3/Eigen/src/Core/Matrix.h:504:1:[m[K [01;36m[Knote: [m[Kin expansion of macro â€˜[01m[KEIGEN_MAKE_TYPEDEFS_ALL_SIZES[m[Kâ€™
[3.044s]   504 | [01;36m[KEIGEN_MAKE_TYPEDEFS_ALL_SIZES[m[K(int,                  i)
[3.044s]       | [01;36m[K^~~~~~~~~~~~~~~~~~~~~~~~~~~~~[m[K
[3.044s] [01m[K/home/john/Desktop/rp_ros2_rviz/include/rp_ros2_rviz/grid_map.h:56:44:[m[K [01;31m[Kerror: [m[Ktemplate argument 1 is invalid
[3.044s]    56 | using Vector2iVector = std::vector<Vector2i[01;31m[K>[m[K;
[3.044s]       |                                            [01;31m[K^[m[K
[3.044s] [01m[K/home/john/Desktop/rp_ros2_rviz/include/rp_ros2_rviz/grid_map.h:56:44:[m[K [01;31m[Kerror: [m[Ktemplate argument 2 is invalid
[3.044s] [01m[K/home/john/Desktop/rp_ros2_rviz/src/lidar.cpp:[m[K In member function â€˜[01m[Kvirtual void Lidar::[01;32m[KtimerTick[m[K(float)[m[Kâ€™:
[3.044s] [01m[K/home/john/Desktop/rp_ros2_rviz/src/lidar.cpp:31:29:[m[K [01;35m[Kwarning: [m[Kunused parameter â€˜[01m[Kdt[m[Kâ€™ [[01;35m[K]8;;https://gcc.gnu.org/onlinedocs/gcc/Warning-Options.html#index-Wunused-parameter-Wunused-parameter]8;;[m[K]
[3.044s]    31 | void Lidar::timerTick([01;35m[Kfloat dt[m[K) {
[3.044s]       |                       [01;35m[K~~~~~~^~[m[K
[3.140s] In file included from [01m[K/home/john/Desktop/rp_ros2_rviz/src/grid_map.cpp:1[m[K:
[3.140s] [01m[K/home/john/Desktop/rp_ros2_rviz/include/rp_ros2_rviz/grid_map.h:51:3:[m[K [01;31m[Kerror: [m[Kâ€˜[01m[KVector2iVector[m[Kâ€™ does not name a type
[3.140s]    51 |   [01;31m[KVector2iVector[m[K GridMap::getObstacles() const;
[3.140s]       |   [01;31m[K^~~~~~~~~~~~~~[m[K
[3.141s] [01m[K/home/john/Desktop/rp_ros2_rviz/include/rp_ros2_rviz/grid_map.h:56:36:[m[K [01;31m[Kerror: [m[Kâ€˜[01m[KVector2i[m[Kâ€™ was not declared in this scope; did you mean â€˜[01m[KEigen::Vector2i[m[Kâ€™?
[3.141s]    56 | using Vector2iVector = std::vector<[01;31m[KVector2i[m[K>;
[3.141s]       |                                    [01;31m[K^~~~~~~~[m[K
[3.141s]       |                                    [32m[KEigen::Vector2i[m[K
[3.142s] In file included from [01m[K/usr/include/eigen3/Eigen/Core:295[m[K,
[3.142s]                  from [01m[K/home/john/Desktop/rp_ros2_rviz/include/rp_ros2_rviz/grid_map.h:7[m[K:
[3.142s] [01m[K/usr/include/eigen3/Eigen/src/Core/Matrix.h:485:34:[m[K [01;36m[Knote: [m[Kâ€˜[01m[KEigen::Vector2i[m[Kâ€™ declared here
[3.142s]   485 | typedef Matrix<Type, Size, 1>    [01;36m[KVector[m[K##SizeSuffix##TypeSuffix;  \
[3.142s]       |                                  [01;36m[K^~~~~~[m[K
[3.142s] [01m[K/usr/include/eigen3/Eigen/src/Core/Matrix.h:496:1:[m[K [01;36m[Knote: [m[Kin expansion of macro â€˜[01m[KEIGEN_MAKE_TYPEDEFS[m[Kâ€™
[3.142s]   496 | [01;36m[KEIGEN_MAKE_TYPEDEFS[m[K(Type, TypeSuffix, 2, 2) \
[3.142s]       | [01;36m[K^~~~~~~~~~~~~~~~~~~[m[K
[3.142s] [01m[K/usr/include/eigen3/Eigen/src/Core/Matrix.h:504:1:[m[K [01;36m[Knote: [m[Kin expansion of macro â€˜[01m[KEIGEN_MAKE_TYPEDEFS_ALL_SIZES[m[Kâ€™
[3.142s]   504 | [01;36m[KEIGEN_MAKE_TYPEDEFS_ALL_SIZES[m[K(int,                  i)
[3.142s]       | [01;36m[K^~~~~~~~~~~~~~~~~~~~~~~~~~~~~[m[K
[3.142s] [01m[K/home/john/Desktop/rp_ros2_rviz/include/rp_ros2_rviz/grid_map.h:56:44:[m[K [01;31m[Kerror: [m[Ktemplate argument 1 is invalid
[3.142s]    56 | using Vector2iVector = std::vector<Vector2i[01;31m[K>[m[K;
[3.142s]       |                                            [01;31m[K^[m[K
[3.142s] [01m[K/home/john/Desktop/rp_ros2_rviz/include/rp_ros2_rviz/grid_map.h:56:44:[m[K [01;31m[Kerror: [m[Ktemplate argument 2 is invalid
[3.158s] [01m[K/home/john/Desktop/rp_ros2_rviz/src/grid_map.cpp:103:1:[m[K [01;31m[Kerror: [m[Kâ€˜[01m[KVector2iVector[m[Kâ€™ does not name a type
[3.158s]   103 | [01;31m[KVector2iVector[m[K GridMap::getObstacles() const {
[3.158s]       | [01;31m[K^~~~~~~~~~~~~~[m[K
[3.556s] gmake[2]: *** [CMakeFiles/world_node.dir/build.make:160: CMakeFiles/world_node.dir/src/lidar.cpp.o] Error 1
[3.556s] gmake[2]: *** Waiting for unfinished jobs....
[3.780s] gmake[2]: *** [CMakeFiles/world_node.dir/build.make:104: CMakeFiles/world_node.dir/src/grid_map.cpp.o] Error 1
[5.672s] In file included from [01m[K/home/john/Desktop/rp_ros2_rviz/src/world_node.cpp:5[m[K:
[5.674s] [01m[K/home/john/Desktop/rp_ros2_rviz/include/rp_ros2_rviz/grid_map.h:51:3:[m[K [01;31m[Kerror: [m[Kâ€˜[01m[KVector2iVector[m[Kâ€™ does not name a type
[5.674s]    51 |   [01;31m[KVector2iVector[m[K GridMap::getObstacles() const;
[5.674s]       |   [01;31m[K^~~~~~~~~~~~~~[m[K
[5.677s] [01m[K/home/john/Desktop/rp_ros2_rviz/include/rp_ros2_rviz/grid_map.h:56:36:[m[K [01;31m[Kerror: [m[Kâ€˜[01m[KVector2i[m[Kâ€™ was not declared in this scope; did you mean â€˜[01m[KEigen::Vector2i[m[Kâ€™?
[5.677s]    56 | using Vector2iVector = std::vector<[01;31m[KVector2i[m[K>;
[5.677s]       |                                    [01;31m[K^~~~~~~~[m[K
[5.677s]       |                                    [32m[KEigen::Vector2i[m[K
[5.677s] In file included from [01m[K/usr/include/eigen3/Eigen/Core:295[m[K,
[5.677s]                  from [01m[K/home/john/Desktop/rp_ros2_rviz/include/rp_ros2_rviz/grid_map.h:7[m[K:
[5.677s] [01m[K/usr/include/eigen3/Eigen/src/Core/Matrix.h:485:34:[m[K [01;36m[Knote: [m[Kâ€˜[01m[KEigen::Vector2i[m[Kâ€™ declared here
[5.677s]   485 | typedef Matrix<Type, Size, 1>    [01;36m[KVector[m[K##SizeSuffix##TypeSuffix;  \
[5.677s]       |                                  [01;36m[K^~~~~~[m[K
[5.677s] [01m[K/usr/include/eigen3/Eigen/src/Core/Matrix.h:496:1:[m[K [01;36m[Knote: [m[Kin expansion of macro â€˜[01m[KEIGEN_MAKE_TYPEDEFS[m[Kâ€™
[5.677s]   496 | [01;36m[KEIGEN_MAKE_TYPEDEFS[m[K(Type, TypeSuffix, 2, 2) \
[5.677s]       | [01;36m[K^~~~~~~~~~~~~~~~~~~[m[K
[5.677s] [01m[K/usr/include/eigen3/Eigen/src/Core/Matrix.h:504:1:[m[K [01;36m[Knote: [m[Kin expansion of macro â€˜[01m[KEIGEN_MAKE_TYPEDEFS_ALL_SIZES[m[Kâ€™
[5.677s]   504 | [01;36m[KEIGEN_MAKE_TYPEDEFS_ALL_SIZES[m[K(int,                  i)
[5.678s]       | [01;36m[K^~~~~~~~~~~~~~~~~~~~~~~~~~~~~[m[K
[5.678s] [01m[K/home/john/Desktop/rp_ros2_rviz/include/rp_ros2_rviz/grid_map.h:56:44:[m[K [01;31m[Kerror: [m[Ktemplate argument 1 is invalid
[5.678s]    56 | using Vector2iVector = std::vector<Vector2i[01;31m[K>[m[K;
[5.678s]       |                                            [01;31m[K^[m[K
[5.678s] [01m[K/home/john/Desktop/rp_ros2_rviz/include/rp_ros2_rviz/grid_map.h:56:44:[m[K [01;31m[Kerror: [m[Ktemplate argument 2 is invalid
[5.962s] [01m[K/home/john/Desktop/rp_ros2_rviz/src/world_node.cpp:[m[K In constructor â€˜[01m[KWorldNode::[01;32m[KWorldNode[m[K()[m[Kâ€™:
[5.962s] [01m[K/home/john/Desktop/rp_ros2_rviz/src/world_node.cpp:56:17:[m[K [01;35m[Kwarning: [m[Kunused variable â€˜[01m[Kkey[m[Kâ€™ [[01;35m[K]8;;https://gcc.gnu.org/onlinedocs/gcc/Warning-Options.html#index-Wunused-variable-Wunused-variable]8;;[m[K]
[5.962s]    56 |             int [01;35m[Kkey[m[K=0;
[5.962s]       |                 [01;35m[K^~~[m[K
[5.981s] [01m[K/home/john/Desktop/rp_ros2_rviz/src/world_node.cpp:[m[K In static member function â€˜[01m[Kstatic void WorldNode::[01;32m[KonMouse[m[K(int, int, int, int, void*)[m[Kâ€™:
[5.981s] [01m[K/home/john/Desktop/rp_ros2_rviz/src/world_node.cpp:82:54:[m[K [01;35m[Kwarning: [m[Kunused parameter â€˜[01m[Kval[m[Kâ€™ [[01;35m[K]8;;https://gcc.gnu.org/onlinedocs/gcc/Warning-Options.html#index-Wunused-parameter-Wunused-parameter]8;;[m[K]
[5.981s]    82 |     static void onMouse(int event, int x, int y, [01;35m[Kint val[m[K, void* arg) {
[5.981s]       |                                                  [01;35m[K~~~~^~~[m[K
[8.262s] gmake[2]: *** [CMakeFiles/world_node.dir/build.make:76: CMakeFiles/world_node.dir/src/world_node.cpp.o] Error 1
[8.262s] gmake[1]: *** [CMakeFiles/Makefile2:165: CMakeFiles/world_node.dir/all] Error 2
[8.262s] gmake: *** [Makefile:146: all] Error 2
[8.273s] Invoked command in '/home/john/Desktop/rp_ros2_rviz/build/rp_ros2_rviz' returned '2': CMAKE_PREFIX_PATH=${CMAKE_PREFIX_PATH}:/opt/ros/jazzy DEBUGINFOD_URLS=https://debuginfod.ubuntu.com /usr/bin/cmake --build /home/john/Desktop/rp_ros2_rviz/build/rp_ros2_rviz -- -j4 -l4
