[0.009s] Invoking command in '/home/john/Desktop/rp_ros2_rviz/build/rp_ros2_rviz': CMAKE_PREFIX_PATH=${CMAKE_PREFIX_PATH}:/opt/ros/jazzy DEBUGINFOD_URLS=https://debuginfod.ubuntu.com /usr/bin/cmake --build /home/john/Desktop/rp_ros2_rviz/build/rp_ros2_rviz -- -j4 -l4
[0.059s] -- Found ament_cmake: 2.5.3 (/opt/ros/jazzy/share/ament_cmake/cmake)
[0.278s] -- Found rclcpp: 28.1.6 (/opt/ros/jazzy/share/rclcpp/cmake)
[0.314s] -- Found rosidl_generator_c: 4.6.5 (/opt/ros/jazzy/share/rosidl_generator_c/cmake)
[0.333s] -- Found rosidl_generator_cpp: 4.6.5 (/opt/ros/jazzy/share/rosidl_generator_cpp/cmake)
[0.359s] -- Using all available rosidl_typesupport_c: rosidl_typesupport_fastrtps_c;rosidl_typesupport_introspection_c
[0.385s] -- Using all available rosidl_typesupport_cpp: rosidl_typesupport_fastrtps_cpp;rosidl_typesupport_introspection_cpp
[0.464s] -- Found rmw_implementation_cmake: 7.3.1 (/opt/ros/jazzy/share/rmw_implementation_cmake/cmake)
[0.465s] -- Found rmw_fastrtps_cpp: 8.4.1 (/opt/ros/jazzy/share/rmw_fastrtps_cpp/cmake)
[0.568s] -- Using RMW implementation 'rmw_fastrtps_cpp' as default
[0.671s] -- Found std_msgs: 5.3.5 (/opt/ros/jazzy/share/std_msgs/cmake)
[0.693s] -- Found geometry_msgs: 5.3.5 (/opt/ros/jazzy/share/geometry_msgs/cmake)
[0.736s] -- Found ament_lint_auto: 0.17.1 (/opt/ros/jazzy/share/ament_lint_auto/cmake)
[1.044s] -- Added test 'cppcheck' to perform static code analysis on C / C++ code
[1.044s] -- Configured cppcheck include dirs: /home/john/Desktop/rp_ros2_rviz/include;/home/john/Desktop/rp_ros2_rviz/msg
[1.044s] -- Configured cppcheck exclude dirs and/or files: 
[1.059s] -- Added test 'flake8' to check Python code syntax and style conventions
[1.060s] -- Configured 'flake8' exclude dirs and/or files: 
[1.092s] -- Added test 'lint_cmake' to check CMake code style
[1.108s] -- Added test 'pep257' to check Python code against some of the docstring style conventions in PEP 257
[1.218s] -- Added test 'uncrustify' to check C / C++ code style
[1.218s] -- Configured uncrustify additional arguments: 
[1.229s] -- Added test 'xmllint' to check XML markup files
[1.230s] -- Configuring done (1.2s)
[1.259s] -- Generating done (0.0s)
[1.264s] -- Build files have been written to: /home/john/Desktop/rp_ros2_rviz/build/rp_ros2_rviz
[1.339s] [ 12%] [32mBuilding CXX object CMakeFiles/world_node.dir/src/world_node.cpp.o[0m
[1.341s] [ 25%] [32mBuilding CXX object CMakeFiles/world_node.dir/src/lidar.cpp.o[0m
[1.405s] [01m[K/home/john/Desktop/rp_ros2_rviz/src/lidar.cpp:1:10:[m[K [01;31m[Kfatal error: [m[Klidar.h: No such file or directory
[1.405s]     1 | #include [01;31m[K"lidar.h"[m[K
[1.405s]       |          [01;31m[K^~~~~~~~~[m[K
[1.405s] compilation terminated.
[1.408s] gmake[2]: *** [CMakeFiles/world_node.dir/build.make:160: CMakeFiles/world_node.dir/src/lidar.cpp.o] Error 1
[1.408s] gmake[2]: *** Waiting for unfinished jobs....
[4.365s] [01m[K/home/john/Desktop/rp_ros2_rviz/src/world_node.cpp:[m[K In constructor â€˜[01m[KWorldNode::[01;32m[KWorldNode[m[K()[m[Kâ€™:
[4.365s] [01m[K/home/john/Desktop/rp_ros2_rviz/src/world_node.cpp:28:33:[m[K [01;31m[Kerror: [m[Kno matching function for call to â€˜[01m[KLidar::Lidar(LaserScan&, DifferentialDriveRobot**)[m[Kâ€™
[4.365s]    28 |             Lidar lid(scan, &ddr[01;31m[K)[m[K;
[4.365s]       |                                 [01;31m[K^[m[K
[4.365s] In file included from [01m[K/home/john/Desktop/rp_ros2_rviz/src/world_node.cpp:7[m[K:
[4.365s] [01m[K/home/john/Desktop/rp_ros2_rviz/include/rp_ros2_rviz/lidar.h:22:3:[m[K [01;36m[Knote: [m[Kcandidate: â€˜[01m[KLidar::[01;32m[KLidar[m[K(LaserScan&, WorldItem*)[m[Kâ€™
[4.365s]    22 |   [01;36m[KLidar[m[K(LaserScan& my_scan, WorldItem* p=0);
[4.365s]       |   [01;36m[K^~~~~[m[K
[4.365s] [01m[K/home/john/Desktop/rp_ros2_rviz/include/rp_ros2_rviz/lidar.h:22:40:[m[K [01;36m[Knote: [m[K  no known conversion for argument 2 from â€˜[01m[KDifferentialDriveRobot**[m[Kâ€™ to â€˜[01m[KWorldItem*[m[Kâ€™
[4.365s]    22 |   Lidar(LaserScan& my_scan, [01;36m[KWorldItem* p=0[m[K);
[4.365s]       |                             [01;36m[K~~~~~~~~~~~^~~[m[K
[4.366s] [01m[K/home/john/Desktop/rp_ros2_rviz/include/rp_ros2_rviz/lidar.h:17:8:[m[K [01;36m[Knote: [m[Kcandidate: â€˜[01m[Kconstexpr Lidar::[01;32m[KLidar[m[K(const Lidar&)[m[Kâ€™
[4.366s]    17 | struct [01;36m[KLidar[m[K: public WorldItem {
[4.366s]       |        [01;36m[K^~~~~[m[K
[4.366s] [01m[K/home/john/Desktop/rp_ros2_rviz/include/rp_ros2_rviz/lidar.h:17:8:[m[K [01;36m[Knote: [m[K  candidate expects 1 argument, 2 provided
[4.366s] [01m[K/home/john/Desktop/rp_ros2_rviz/include/rp_ros2_rviz/lidar.h:17:8:[m[K [01;36m[Knote: [m[Kcandidate: â€˜[01m[Kconstexpr Lidar::[01;32m[KLidar[m[K(Lidar&&)[m[Kâ€™
[4.367s] [01m[K/home/john/Desktop/rp_ros2_rviz/include/rp_ros2_rviz/lidar.h:17:8:[m[K [01;36m[Knote: [m[K  candidate expects 1 argument, 2 provided
[4.367s] [01m[K/home/john/Desktop/rp_ros2_rviz/src/world_node.cpp:28:19:[m[K [01;35m[Kwarning: [m[Kunused variable â€˜[01m[Klid[m[Kâ€™ [[01;35m[K]8;;https://gcc.gnu.org/onlinedocs/gcc/Warning-Options.html#index-Wunused-variable-Wunused-variable]8;;[m[K]
[4.367s]    28 |             Lidar [01;35m[Klid[m[K(scan, &ddr);
[4.367s]       |                   [01;35m[K^~~[m[K
[5.397s] gmake[2]: *** [CMakeFiles/world_node.dir/build.make:76: CMakeFiles/world_node.dir/src/world_node.cpp.o] Error 1
[5.398s] gmake[1]: *** [CMakeFiles/Makefile2:137: CMakeFiles/world_node.dir/all] Error 2
[5.398s] gmake: *** [Makefile:146: all] Error 2
[5.402s] Invoked command in '/home/john/Desktop/rp_ros2_rviz/build/rp_ros2_rviz' returned '2': CMAKE_PREFIX_PATH=${CMAKE_PREFIX_PATH}:/opt/ros/jazzy DEBUGINFOD_URLS=https://debuginfod.ubuntu.com /usr/bin/cmake --build /home/john/Desktop/rp_ros2_rviz/build/rp_ros2_rviz -- -j4 -l4
