[0.014s] Invoking command in '/home/john/Desktop/rp_ros2_rviz/build/rp_ros2_rviz': CMAKE_PREFIX_PATH=${CMAKE_PREFIX_PATH}:/opt/ros/jazzy DEBUGINFOD_URLS=https://debuginfod.ubuntu.com /usr/bin/cmake --build /home/john/Desktop/rp_ros2_rviz/build/rp_ros2_rviz -- -j4 -l4
[0.106s] [ 12%] [32mBuilding CXX object CMakeFiles/world_node.dir/src/world_node.cpp.o[0m
[2.798s] [01m[K/home/john/Desktop/rp_ros2_rviz/src/world_node.cpp:[m[K In constructor â€˜[01m[KWorldNode::[01;32m[KWorldNode[m[K()[m[Kâ€™:
[2.798s] [01m[K/home/john/Desktop/rp_ros2_rviz/src/world_node.cpp:37:17:[m[K [01;31m[Kerror: [m[Kâ€˜[01m[Kworld[m[Kâ€™ was not declared in this scope; did you mean â€˜[01m[KWorld[m[Kâ€™?
[2.798s]    37 |                 [01;31m[Kworld[m[K->draw(canvas);
[2.798s]       |                 [01;31m[K^~~~~[m[K
[2.798s]       |                 [32m[KWorld[m[K
[2.811s] [01m[K/home/john/Desktop/rp_ros2_rviz/src/world_node.cpp:49:17:[m[K [01;31m[Kerror: [m[Kâ€˜[01m[Kw[m[Kâ€™ was not declared in this scope
[2.811s]    49 |                 [01;31m[Kw[m[K.timerTick(0.1);
[2.811s]       |                 [01;31m[K^[m[K
[2.811s] [01m[K/home/john/Desktop/rp_ros2_rviz/src/world_node.cpp:28:20:[m[K [01;35m[Kwarning: [m[Kunused variable â€˜[01m[Klid[m[Kâ€™ [[01;35m[K]8;;https://gcc.gnu.org/onlinedocs/gcc/Warning-Options.html#index-Wunused-variable-Wunused-variable]8;;[m[K]
[2.811s]    28 |             Lidar* [01;35m[Klid[m[K = new Lidar(scan, ddr);
[2.811s]       |                    [01;35m[K^~~[m[K
[3.940s] gmake[2]: *** [CMakeFiles/world_node.dir/build.make:76: CMakeFiles/world_node.dir/src/world_node.cpp.o] Error 1
[3.940s] gmake[1]: *** [CMakeFiles/Makefile2:137: CMakeFiles/world_node.dir/all] Error 2
[3.940s] gmake: *** [Makefile:146: all] Error 2
[3.951s] Invoked command in '/home/john/Desktop/rp_ros2_rviz/build/rp_ros2_rviz' returned '2': CMAKE_PREFIX_PATH=${CMAKE_PREFIX_PATH}:/opt/ros/jazzy DEBUGINFOD_URLS=https://debuginfod.ubuntu.com /usr/bin/cmake --build /home/john/Desktop/rp_ros2_rviz/build/rp_ros2_rviz -- -j4 -l4
