In file included from [01m[K/home/john/Desktop/path_ros/rp_ros2_rviz/src/robot.cpp:2[m[K:
[01m[K/home/john/Desktop/path_ros/rp_ros2_rviz/include/rp_ros2_rviz/robot.h:20:32:[m[K [01;31m[Kerror: [m[Kâ€˜[01m[Klist[m[Kâ€™ in namespace â€˜[01m[Kstd[m[Kâ€™ does not name a template type
   20 |     void followPath(const std::[01;31m[Klist[m[K<Eigen::Vector2f>& path);
      |                                [01;31m[K^~~~[m[K
[01m[K/home/john/Desktop/path_ros/rp_ros2_rviz/include/rp_ros2_rviz/robot.h:5:1:[m[K [01;36m[Knote: [m[Kâ€˜[01m[Kstd::list[m[Kâ€™ is defined in header â€˜[01m[K<list>[m[Kâ€™; did you forget to â€˜[01m[K#include <list>[m[Kâ€™?
    4 | #include <Eigen/Dense>
  +++ |+[32m[K#include <list>[m[K
    5 | 
[01m[K/home/john/Desktop/path_ros/rp_ros2_rviz/include/rp_ros2_rviz/robot.h:20:36:[m[K [01;31m[Kerror: [m[Kexpected â€˜[01m[K,[m[Kâ€™ or â€˜[01m[K...[m[Kâ€™ before â€˜[01m[K<[m[Kâ€™ token
   20 |     void followPath(const std::list[01;31m[K<[m[KEigen::Vector2f>& path);
      |                                    [01;31m[K^[m[K
[01m[K/home/john/Desktop/path_ros/rp_ros2_rviz/src/robot.cpp:17:35:[m[K [01;31m[Kerror: [m[Kâ€˜[01m[Klist[m[Kâ€™ in namespace â€˜[01m[Kstd[m[Kâ€™ does not name a template type
   17 | void Robot::followPath(const std::[01;31m[Klist[m[K<Eigen::Vector2f>& path) {
      |                                   [01;31m[K^~~~[m[K
[01m[K/home/john/Desktop/path_ros/rp_ros2_rviz/src/robot.cpp:3:1:[m[K [01;36m[Knote: [m[Kâ€˜[01m[Kstd::list[m[Kâ€™ is defined in header â€˜[01m[K<list>[m[Kâ€™; did you forget to â€˜[01m[K#include <list>[m[Kâ€™?
    2 | #include "rp_ros2_rviz/robot.h"
  +++ |+[32m[K#include <list>[m[K
    3 | 
[01m[K/home/john/Desktop/path_ros/rp_ros2_rviz/src/robot.cpp:17:39:[m[K [01;31m[Kerror: [m[Kexpected â€˜[01m[K,[m[Kâ€™ or â€˜[01m[K...[m[Kâ€™ before â€˜[01m[K<[m[Kâ€™ token
   17 | void Robot::followPath(const std::list[01;31m[K<[m[KEigen::Vector2f>& path) {
      |                                       [01;31m[K^[m[K
[01m[K/home/john/Desktop/path_ros/rp_ros2_rviz/src/robot.cpp:[m[K In member function â€˜[01m[Kvoid Robot::[01;32m[KfollowPath[m[K(int)[m[Kâ€™:
[01m[K/home/john/Desktop/path_ros/rp_ros2_rviz/src/robot.cpp:18:31:[m[K [01;31m[Kerror: [m[Kâ€˜[01m[Kpath[m[Kâ€™ was not declared in this scope
   18 |     for (const auto& target : [01;31m[Kpath[m[K) {
      |                               [01;31m[K^~~~[m[K
[01m[K/home/john/Desktop/path_ros/rp_ros2_rviz/src/robot.cpp:20:15:[m[K [01;31m[Kerror: [m[Kâ€˜[01m[Kclass Robot[m[Kâ€™ has no member named â€˜[01m[Ktarget[m[Kâ€™
   20 |         this->[01;31m[Ktarget[m[K;
      |               [01;31m[K^~~~~~[m[K
[01m[K/home/john/Desktop/path_ros/rp_ros2_rviz/src/robot.cpp:21:14:[m[K [01;31m[Kerror: [m[Kâ€˜[01m[Kcout[m[Kâ€™ is not a member of â€˜[01m[Kstd[m[Kâ€™
   21 |         std::[01;31m[Kcout[m[K << "Robot posizione: (" << position.x << ", " << position.y << ")" << std::endl;
      |              [01;31m[K^~~~[m[K
[01m[K/home/john/Desktop/path_ros/rp_ros2_rviz/src/robot.cpp:3:1:[m[K [01;36m[Knote: [m[Kâ€˜[01m[Kstd::cout[m[Kâ€™ is defined in header â€˜[01m[K<iostream>[m[Kâ€™; did you forget to â€˜[01m[K#include <iostream>[m[Kâ€™?
    2 | #include "rp_ros2_rviz/robot.h"
  +++ |+[32m[K#include <iostream>[m[K
    3 | 
gmake[2]: *** [CMakeFiles/dmap_node.dir/build.make:118: CMakeFiles/dmap_node.dir/src/robot.cpp.o] Error 1
gmake[2]: *** Waiting for unfinished jobs....
In file included from [01m[K/opt/ros/jazzy/include/rclcpp/rclcpp/logging.hpp:24[m[K,
                 from [01m[K/opt/ros/jazzy/include/rclcpp/rclcpp/copy_all_parameter_values.hpp:27[m[K,
                 from [01m[K/opt/ros/jazzy/include/rclcpp/rclcpp/rclcpp.hpp:171[m[K,
                 from [01m[K/home/john/Desktop/path_ros/rp_ros2_rviz/src/dmap_node.cpp:2[m[K:
[01m[K/home/john/Desktop/path_ros/rp_ros2_rviz/src/dmap_node.cpp:[m[K In static member function â€˜[01m[Kstatic void DmapNode::[01;32m[KonMouse[m[K(int, int, int, int, void*)[m[Kâ€™:
[01m[K/home/john/Desktop/path_ros/rp_ros2_rviz/src/dmap_node.cpp:156:49:[m[K [01;35m[Kwarning: [m[Kformat â€˜[01m[K%d[m[Kâ€™ expects argument of type â€˜[01m[Kint[m[Kâ€™, but argument 7 has type â€˜[01m[Kdouble[m[Kâ€™ [[01;35m[K]8;;https://gcc.gnu.org/onlinedocs/gcc/Warning-Options.html#index-Wformat=-Wformat=]8;;[m[K]
  156 |                 RCLCPP_INFO(node->get_logger(), [01;35m[K"policy: (%d, %d) val: %d parent: (%d, %d)"[m[K, y, x, [32m[Kplanner->policy.at(y, x)[m[K, parent_pos[0], parent_pos[1]);
      |                                                 [01;35m[K^~~~~~~~~~~~~~~~~~~~~~~~~~~~~~~~~~~~~~~~~~~[m[K        [32m[K~~~~~~~~~~~~~~~~~~~~~~~~[m[K
      |                                                                                                                      [32m[K|[m[K
      |                                                                                                                      [32m[Kdouble[m[K
[01m[K/home/john/Desktop/path_ros/rp_ros2_rviz/src/dmap_node.cpp:156:73:[m[K [01;36m[Knote: [m[Kformat string is defined here
  156 |     RCLCPP_INFO(node->get_logger(), "policy: (%d, %d) val: [01;36m[K%d[m[K parent: (%d, %d)", y, x, planner->policy.at(y, x), parent_pos[0], parent_pos[1]);
      |                                                            [01;36m[K~^[m[K
      |                                                             [01;36m[K|[m[K
      |                                                             [01;36m[Kint[m[K
      |                                                            [32m[K%f[m[K
[01m[K/home/john/Desktop/path_ros/rp_ros2_rviz/src/dmap_node.cpp:116:58:[m[K [01;35m[Kwarning: [m[Kunused parameter â€˜[01m[Kval[m[Kâ€™ [[01;35m[K]8;;https://gcc.gnu.org/onlinedocs/gcc/Warning-Options.html#index-Wunused-parameter-Wunused-parameter]8;;[m[K]
  116 |         static void onMouse(int event, int x, int y, [01;35m[Kint val[m[K, void* arg) {
      |                                                      [01;35m[K~~~~^~~[m[K
[01m[K/home/john/Desktop/path_ros/rp_ros2_rviz/src/dmap_node.cpp:[m[K In static member function â€˜[01m[Kstatic void DmapNode::[01;32m[KonClick[m[K(int, int, int, int, void*)[m[Kâ€™:
[01m[K/home/john/Desktop/path_ros/rp_ros2_rviz/src/dmap_node.cpp:191:62:[m[K [01;35m[Kwarning: [m[Kunused parameter â€˜[01m[Kval[m[Kâ€™ [[01;35m[K]8;;https://gcc.gnu.org/onlinedocs/gcc/Warning-Options.html#index-Wunused-parameter-Wunused-parameter]8;;[m[K]
  191 |            static void onClick(int event, int x, int y, [01;35m[Kint val[m[K, void* arg) {
      |                                                         [01;35m[K~~~~^~~[m[K

gmake[1]: *** [CMakeFiles/Makefile2:137: CMakeFiles/dmap_node.dir/all] Error 2
gmake: *** [Makefile:146: all] Error 2
