[0.031s] Invoking command in '/home/john/Desktop/rp_ros2_rviz/build/rp_ros2_rviz': CMAKE_PREFIX_PATH=${CMAKE_PREFIX_PATH}:/opt/ros/jazzy DEBUGINFOD_URLS=https://debuginfod.ubuntu.com /usr/bin/cmake --build /home/john/Desktop/rp_ros2_rviz/build/rp_ros2_rviz -- -j4 -l4
[0.587s] [ 26%] [32mBuilding CXX object CMakeFiles/pathplanner_node.dir/src/pathplanner_node.cpp.o[0m
[0.589s] [ 60%] Built target world_node
[0.589s] [ 73%] Built target dmap_node
[6.487s] [01m[K/home/john/Desktop/rp_ros2_rviz/src/pathplanner_node.cpp:[m[K In member function â€˜[01m[Kvoid PathPlanner::[01;32m[Kstring_callback[m[K(std_msgs::msg::String_<std::allocator<void> >::SharedPtr)[m[Kâ€™:
[6.487s] [01m[K/home/john/Desktop/rp_ros2_rviz/src/pathplanner_node.cpp:100:22:[m[K [01;31m[Kerror: [m[Kâ€˜[01m[Kresolution[m[Kâ€™ was not declared in this scope
[6.487s]   100 |         planner.init([01;31m[Kresolution[m[K, 0.3, expansion_range, *dmap);
[6.487s]       |                      [01;31m[K^~~~~~~~~~[m[K
[6.517s] [01m[K/home/john/Desktop/rp_ros2_rviz/src/pathplanner_node.cpp:100:39:[m[K [01;31m[Kerror: [m[Kâ€˜[01m[Kexpansion_range[m[Kâ€™ was not declared in this scope
[6.517s]   100 |         planner.init(resolution, 0.3, [01;31m[Kexpansion_range[m[K, *dmap);
[6.517s]       |                                       [01;31m[K^~~~~~~~~~~~~~~[m[K
[6.524s] [01m[K/home/john/Desktop/rp_ros2_rviz/src/pathplanner_node.cpp:[m[K In member function â€˜[01m[Kvoid PathPlanner::[01;32m[KmakePath[m[K(const std::shared_ptr<DMap>&, float, float, const Eigen::Vector2f&)[m[Kâ€™:
[6.524s] [01m[K/home/john/Desktop/rp_ros2_rviz/src/pathplanner_node.cpp:104:48:[m[K [01;35m[Kwarning: [m[Kunused parameter â€˜[01m[Kdmap[m[Kâ€™ [[01;35m[K]8;;https://gcc.gnu.org/onlinedocs/gcc/Warning-Options.html#index-Wunused-parameter-Wunused-parameter]8;;[m[K]
[6.524s]   104 |     void makePath([01;35m[Kconst std::shared_ptr<DMap>& dmap[m[K, float resolution, float expansion_range, const Eigen::Vector2f& goal_position){
[6.524s]       |                   [01;35m[K~~~~~~~~~~~~~~~~~~~~~~~~~~~~~^~~~[m[K
[6.529s] [01m[K/home/john/Desktop/rp_ros2_rviz/src/pathplanner_node.cpp:104:60:[m[K [01;35m[Kwarning: [m[Kunused parameter â€˜[01m[Kresolution[m[Kâ€™ [[01;35m[K]8;;https://gcc.gnu.org/onlinedocs/gcc/Warning-Options.html#index-Wunused-parameter-Wunused-parameter]8;;[m[K]
[6.529s]   104 |     void makePath(const std::shared_ptr<DMap>& dmap, [01;35m[Kfloat resolution[m[K, float expansion_range, const Eigen::Vector2f& goal_position){
[6.529s]       |                                                      [01;35m[K~~~~~~^~~~~~~~~~[m[K
[6.529s] [01m[K/home/john/Desktop/rp_ros2_rviz/src/pathplanner_node.cpp:104:78:[m[K [01;35m[Kwarning: [m[Kunused parameter â€˜[01m[Kexpansion_range[m[Kâ€™ [[01;35m[K]8;;https://gcc.gnu.org/onlinedocs/gcc/Warning-Options.html#index-Wunused-parameter-Wunused-parameter]8;;[m[K]
[6.529s]   104 |     void makePath(const std::shared_ptr<DMap>& dmap, float resolution, [01;35m[Kfloat expansion_range[m[K, const Eigen::Vector2f& goal_position){
[6.529s]       |                                                                        [01;35m[K~~~~~~^~~~~~~~~~~~~~~[m[K
[10.251s] gmake[2]: *** [CMakeFiles/pathplanner_node.dir/build.make:76: CMakeFiles/pathplanner_node.dir/src/pathplanner_node.cpp.o] Error 1
[10.252s] gmake[1]: *** [CMakeFiles/Makefile2:193: CMakeFiles/pathplanner_node.dir/all] Error 2
[10.253s] gmake: *** [Makefile:146: all] Error 2
[10.260s] Invoked command in '/home/john/Desktop/rp_ros2_rviz/build/rp_ros2_rviz' returned '2': CMAKE_PREFIX_PATH=${CMAKE_PREFIX_PATH}:/opt/ros/jazzy DEBUGINFOD_URLS=https://debuginfod.ubuntu.com /usr/bin/cmake --build /home/john/Desktop/rp_ros2_rviz/build/rp_ros2_rviz -- -j4 -l4
