[0.014s] Invoking command in '/home/john/Desktop/rp_ros2_rviz/build/rp_ros2_rviz': CMAKE_PREFIX_PATH=${CMAKE_PREFIX_PATH}:/opt/ros/foxy /usr/bin/cmake --build /home/john/Desktop/rp_ros2_rviz/build/rp_ros2_rviz -- -j4 -l4
[0.039s] -- Found ament_cmake: 0.9.12 (/opt/ros/foxy/share/ament_cmake/cmake)
[0.056s] -- Using PYTHON_EXECUTABLE: /usr/bin/python3
[0.154s] -- Found rclcpp: 2.4.3 (/opt/ros/foxy/share/rclcpp/cmake)
[0.178s] -- Using all available rosidl_typesupport_c: rosidl_typesupport_fastrtps_c;rosidl_typesupport_introspection_c
[0.180s] -- Found rosidl_adapter: 1.3.1 (/opt/ros/foxy/share/rosidl_adapter/cmake)
[0.266s] -- Using all available rosidl_typesupport_cpp: rosidl_typesupport_fastrtps_cpp;rosidl_typesupport_introspection_cpp
[0.300s] -- Found rmw_implementation_cmake: 1.0.4 (/opt/ros/foxy/share/rmw_implementation_cmake/cmake)
[0.301s] -- Using RMW implementation 'rmw_fastrtps_cpp' as default
[0.402s] -- Found sensor_msgs: 2.0.5 (/opt/ros/foxy/share/sensor_msgs/cmake)
[0.484s] -- Found nav_msgs: 2.0.5 (/opt/ros/foxy/share/nav_msgs/cmake)
[0.536s] -- Found tf2: 0.13.14 (/opt/ros/foxy/share/tf2/cmake)
[0.542s] -- Found tf2_ros: 0.13.14 (/opt/ros/foxy/share/tf2_ros/cmake)
[0.776s] -- Found tf2_geometry_msgs: 0.13.14 (/opt/ros/foxy/share/tf2_geometry_msgs/cmake)
[0.781s] -- Found eigen3_cmake_module: 0.1.1 (/opt/ros/foxy/share/eigen3_cmake_module/cmake)
[0.799s] -- Found cv_bridge: 3.0.7 (/opt/ros/foxy/share/cv_bridge/cmake)
[0.822s] -- Found image_transport: 2.4.0 (/opt/ros/foxy/share/image_transport/cmake)
[0.928s] -- Found ament_lint_auto: 0.9.8 (/opt/ros/foxy/share/ament_lint_auto/cmake)
[0.973s] -- Added test 'cppcheck' to perform static code analysis on C / C++ code
[0.974s] -- Configured cppcheck include dirs: /home/john/Desktop/rp_ros2_rviz/include
[0.974s] -- Configured cppcheck exclude dirs and/or files: 
[0.975s] -- Added test 'flake8' to check Python code syntax and style conventions
[0.977s] -- Added test 'lint_cmake' to check CMake code style
[0.978s] -- Added test 'pep257' to check Python code against some of the style conventions in PEP 257
[0.985s] -- Added test 'uncrustify' to check C / C++ code style
[0.985s] -- Configured uncrustify additional arguments: 
[0.986s] -- Added test 'xmllint' to check XML markup files
[0.988s] -- Configuring done
[1.092s] -- Generating done
[1.163s] -- Build files have been written to: /home/john/Desktop/rp_ros2_rviz/build/rp_ros2_rviz
[1.184s] [35m[1mScanning dependencies of target controller_node[0m
[1.185s] [35m[1mScanning dependencies of target world_node[0m
[1.188s] [35m[1mScanning dependencies of target pathplanner_node[0m
[1.202s] [35m[1mScanning dependencies of target particle_node_filter[0m
[1.209s] [  4%] [32mBuilding CXX object CMakeFiles/controller_node.dir/src/controller_node.cpp.o[0m
[1.220s] [  8%] [32mBuilding CXX object CMakeFiles/world_node.dir/src/world_node.cpp.o[0m
[1.240s] [ 12%] [32mBuilding CXX object CMakeFiles/pathplanner_node.dir/src/pathplanner_node.cpp.o[0m
[1.246s] [ 16%] [32mBuilding CXX object CMakeFiles/particle_node_filter.dir/src/particle_node_filter.cpp.o[0m
[1.371s] [01m[K/home/john/Desktop/rp_ros2_rviz/src/pathplanner_node.cpp:6:10:[m[K [01;31m[Kfatal error: [m[Kcv_bridge/cv_bridge.hpp: No such file or directory
[1.371s]     6 | #include [01;31m[K<cv_bridge/cv_bridge.hpp>[m[K
[1.371s]       |          [01;31m[K^~~~~~~~~~~~~~~~~~~~~~~~~[m[K
[1.371s] compilation terminated.
[1.374s] make[2]: *** [CMakeFiles/pathplanner_node.dir/build.make:63: CMakeFiles/pathplanner_node.dir/src/pathplanner_node.cpp.o] Error 1
[1.374s] make[1]: *** [CMakeFiles/Makefile2:167: CMakeFiles/pathplanner_node.dir/all] Error 2
[1.374s] make[1]: *** Waiting for unfinished jobs....
[1.378s] [01m[K/home/john/Desktop/rp_ros2_rviz/src/world_node.cpp:4:10:[m[K [01;31m[Kfatal error: [m[Kcv_bridge/cv_bridge.hpp: No such file or directory
[1.378s]     4 | #include [01;31m[K<cv_bridge/cv_bridge.hpp>[m[K
[1.378s]       |          [01;31m[K^~~~~~~~~~~~~~~~~~~~~~~~~[m[K
[1.378s] compilation terminated.
[1.379s] make[2]: *** [CMakeFiles/world_node.dir/build.make:63: CMakeFiles/world_node.dir/src/world_node.cpp.o] Error 1
[1.380s] make[1]: *** [CMakeFiles/Makefile2:140: CMakeFiles/world_node.dir/all] Error 2
[1.386s] [ 20%] [32mBuilding CXX object CMakeFiles/controller_node.dir/src/dmap_planner.cpp.o[0m
[1.398s] [ 24%] [32mBuilding CXX object CMakeFiles/particle_node_filter.dir/src/dmap_planner.cpp.o[0m
[1.472s] [01m[K/home/john/Desktop/rp_ros2_rviz/src/particle_node_filter.cpp:10:10:[m[K [01;31m[Kfatal error: [m[Ktf2_geometry_msgs/tf2_geometry_msgs.hpp: No such file or directory
[1.472s]    10 | #include [01;31m[K<tf2_geometry_msgs/tf2_geometry_msgs.hpp>[m[K
[1.472s]       |          [01;31m[K^~~~~~~~~~~~~~~~~~~~~~~~~~~~~~~~~~~~~~~~~[m[K
[1.472s] compilation terminated.
[1.475s] make[2]: *** [CMakeFiles/particle_node_filter.dir/build.make:63: CMakeFiles/particle_node_filter.dir/src/particle_node_filter.cpp.o] Error 1
[1.475s] make[2]: *** Waiting for unfinished jobs....
[1.480s] [ 28%] [32mBuilding CXX object CMakeFiles/controller_node.dir/src/dmap.cpp.o[0m
[2.353s] [01m[K/home/john/Desktop/rp_ros2_rviz/src/dmap_planner.cpp:[m[K In member function â€˜[01m[Kvoid DMapPlanner::computePolicy(const Vector2f&)[m[Kâ€™:
[2.353s] [01m[K/home/john/Desktop/rp_ros2_rviz/src/dmap_planner.cpp:54:8:[m[K [01;35m[Kwarning: [m[Kunused variable â€˜[01m[Kstep_mode[m[Kâ€™ [[01;35m[K-Wunused-variable[m[K]
[2.353s]    54 |   bool [01;35m[Kstep_mode[m[K=true;
[2.353s]       |        [01;35m[K^~~~~~~~~[m[K
[2.364s] [01m[K/home/john/Desktop/rp_ros2_rviz/src/dmap_planner.cpp:[m[K In member function â€˜[01m[Kvoid DMapPlanner::computePolicy(const Vector2f&)[m[Kâ€™:
[2.364s] [01m[K/home/john/Desktop/rp_ros2_rviz/src/dmap_planner.cpp:54:8:[m[K [01;35m[Kwarning: [m[Kunused variable â€˜[01m[Kstep_mode[m[Kâ€™ [[01;35m[K-Wunused-variable[m[K]
[2.364s]    54 |   bool [01;35m[Kstep_mode[m[K=true;
[2.364s]       |        [01;35m[K^~~~~~~~~[m[K
[2.426s] [ 32%] [32mBuilding CXX object CMakeFiles/controller_node.dir/src/robot.cpp.o[0m
[3.075s] make[1]: *** [CMakeFiles/Makefile2:194: CMakeFiles/particle_node_filter.dir/all] Error 2
[5.215s] [ 36%] [32m[1mLinking CXX executable controller_node[0m
[5.535s] [ 36%] Built target controller_node
[5.536s] make: *** [Makefile:141: all] Error 2
[5.538s] Invoked command in '/home/john/Desktop/rp_ros2_rviz/build/rp_ros2_rviz' returned '2': CMAKE_PREFIX_PATH=${CMAKE_PREFIX_PATH}:/opt/ros/foxy /usr/bin/cmake --build /home/john/Desktop/rp_ros2_rviz/build/rp_ros2_rviz -- -j4 -l4
