[0.014s] Invoking command in '/home/john/Desktop/rp_ros2_rviz/build/rp_ros2_rviz': CMAKE_PREFIX_PATH=${CMAKE_PREFIX_PATH}:/opt/ros/jazzy DEBUGINFOD_URLS=https://debuginfod.ubuntu.com /usr/bin/cmake --build /home/john/Desktop/rp_ros2_rviz/build/rp_ros2_rviz -- -j4 -l4
[0.101s] [ 33%] Built target listener_node
[0.104s] [ 66%] Built target canvas_node
[0.131s] [ 83%] [32mBuilding CXX object CMakeFiles/grid_map_node.dir/src/grid_map.cpp.o[0m
[3.647s] [01m[K/home/john/Desktop/rp_ros2_rviz/src/grid_map.cpp:29:9:[m[K [01;31m[Kerror: [m[Kâ€˜[01m[KCanvas[m[Kâ€™ in namespace â€˜[01m[Kcv[m[Kâ€™ does not name a type
[3.647s]    29 |     cv::[01;31m[KCanvas[m[K canvas_;
[3.647s]       |         [01;31m[K^~~~~~[m[K
[3.707s] [01m[K/home/john/Desktop/rp_ros2_rviz/src/grid_map.cpp:[m[K In member function â€˜[01m[Kvoid GridMapNode::[01;32m[KupdateCanvas[m[K()[m[Kâ€™:
[3.707s] [01m[K/home/john/Desktop/rp_ros2_rviz/src/grid_map.cpp:54:13:[m[K [01;31m[Kerror: [m[Kâ€˜[01m[Kcanvas_[m[Kâ€™ was not declared in this scope; did you mean â€˜[01m[KCanvas[m[Kâ€™?
[3.707s]    54 |         if ([01;31m[Kcanvas_[m[K.empty() || canvas_.rows != grid_map_->rows() || canvas_.cols != grid_map_->cols()) {
[3.707s]       |             [01;31m[K^~~~~~~[m[K
[3.707s]       |             [32m[KCanvas[m[K
[3.707s] [01m[K/home/john/Desktop/rp_ros2_rviz/src/grid_map.cpp:54:63:[m[K [01;31m[Kerror: [m[Kexpression cannot be used as a function
[3.707s]    54 |         if (canvas_.empty() || canvas_.rows != [01;31m[Kgrid_map_->rows()[m[K || canvas_.cols != grid_map_->cols()) {
[3.707s]       |                                                [01;31m[K~~~~~~~~~~~~~~~^~[m[K
[3.707s] [01m[K/home/john/Desktop/rp_ros2_rviz/src/grid_map.cpp:54:100:[m[K [01;31m[Kerror: [m[Kexpression cannot be used as a function
[3.708s]    54 |         if (canvas_.empty() || canvas_.rows != grid_map_->rows() || canvas_.cols != [01;31m[Kgrid_map_->cols()[m[K) {
[3.708s]       |                                                                                     [01;31m[K~~~~~~~~~~~~~~~^~[m[K
[3.708s] [01m[K/home/john/Desktop/rp_ros2_rviz/src/grid_map.cpp:55:53:[m[K [01;31m[Kerror: [m[Kexpression cannot be used as a function
[3.708s]    55 |             canvas_ = cv::Mat::zeros([01;31m[Kgrid_map_->rows()[m[K, grid_map_->cols(), CV_8UC1);
[3.708s]       |                                      [01;31m[K~~~~~~~~~~~~~~~^~[m[K
[3.708s] [01m[K/home/john/Desktop/rp_ros2_rviz/src/grid_map.cpp:55:72:[m[K [01;31m[Kerror: [m[Kexpression cannot be used as a function
[3.708s]    55 |             canvas_ = cv::Mat::zeros(grid_map_->rows(), [01;31m[Kgrid_map_->cols()[m[K, CV_8UC1);
[3.708s]       |                                                         [01;31m[K~~~~~~~~~~~~~~~^~[m[K
[3.731s] [01m[K/home/john/Desktop/rp_ros2_rviz/src/grid_map.cpp:59:25:[m[K [01;31m[Kerror: [m[Kâ€˜[01m[Kcanvas_[m[Kâ€™ was not declared in this scope; did you mean â€˜[01m[KCanvas[m[Kâ€™?
[3.731s]    59 |         grid_map_->draw([01;31m[Kcanvas_[m[K);
[3.731s]       |                         [01;31m[K^~~~~~~[m[K
[3.731s]       |                         [32m[KCanvas[m[K
[6.781s] gmake[2]: *** [CMakeFiles/grid_map_node.dir/build.make:76: CMakeFiles/grid_map_node.dir/src/grid_map.cpp.o] Error 1
[6.781s] gmake[1]: *** [CMakeFiles/Makefile2:193: CMakeFiles/grid_map_node.dir/all] Error 2
[6.781s] gmake: *** [Makefile:146: all] Error 2
[6.794s] Invoked command in '/home/john/Desktop/rp_ros2_rviz/build/rp_ros2_rviz' returned '2': CMAKE_PREFIX_PATH=${CMAKE_PREFIX_PATH}:/opt/ros/jazzy DEBUGINFOD_URLS=https://debuginfod.ubuntu.com /usr/bin/cmake --build /home/john/Desktop/rp_ros2_rviz/build/rp_ros2_rviz -- -j4 -l4
