[0.022s] Invoking command in '/home/john/Desktop/rp_ros2_rviz/build/rp_ros2_rviz': CMAKE_PREFIX_PATH=${CMAKE_PREFIX_PATH}:/opt/ros/jazzy DEBUGINFOD_URLS=https://debuginfod.ubuntu.com /usr/bin/cmake --build /home/john/Desktop/rp_ros2_rviz/build/rp_ros2_rviz -- -j4 -l4
[0.111s] [ 20%] Built target control_robot
[0.176s] [ 30%] [32mBuilding CXX object CMakeFiles/world_node.dir/src/world_node.cpp.o[0m
[3.985s] [01m[K/home/john/Desktop/rp_ros2_rviz/src/world_node.cpp:[m[K In constructor â€˜[01m[KWorldNode::[01;32m[KWorldNode[m[K()[m[Kâ€™:
[3.985s] [01m[K/home/john/Desktop/rp_ros2_rviz/src/world_node.cpp:53:17:[m[K [01;35m[Kwarning: [m[Kunused variable â€˜[01m[Kkey[m[Kâ€™ [[01;35m[K]8;;https://gcc.gnu.org/onlinedocs/gcc/Warning-Options.html#index-Wunused-variable-Wunused-variable]8;;[m[K]
[3.985s]    53 |             int [01;35m[Kkey[m[K=0;
[3.985s]       |                 [01;35m[K^~~[m[K
[4.016s] [01m[K/home/john/Desktop/rp_ros2_rviz/src/world_node.cpp:[m[K In static member function â€˜[01m[Kstatic void WorldNode::[01;32m[KonMouse[m[K(int, int, int, int, void*)[m[Kâ€™:
[4.016s] [01m[K/home/john/Desktop/rp_ros2_rviz/src/world_node.cpp:151:9:[m[K [01;31m[Kerror: [m[Kâ€˜[01m[Kredisplay[m[Kâ€™ was not declared in this scope
[4.016s]   151 |         [01;31m[Kredisplay[m[K(planner->mapping);
[4.016s]       |         [01;31m[K^~~~~~~~~[m[K
[4.022s] [01m[K/home/john/Desktop/rp_ros2_rviz/src/world_node.cpp:153:19:[m[K [01;31m[Kerror: [m[Kâ€˜[01m[Kpath[m[Kâ€™ was not declared in this scope; did you mean â€˜[01m[Krcpputils::fs::path[m[Kâ€™?
[4.022s]   153 |         printPath([01;31m[Kpath[m[K);
[4.022s]       |                   [01;31m[K^~~~[m[K
[4.022s]       |                   [32m[Krcpputils::fs::path[m[K
[4.022s] In file included from [01m[K/opt/ros/jazzy/include/rclcpp/rclcpp/logger.hpp:26[m[K,
[4.022s]                  from [01m[K/opt/ros/jazzy/include/rclcpp/rclcpp/copy_all_parameter_values.hpp:26[m[K,
[4.022s]                  from [01m[K/opt/ros/jazzy/include/rclcpp/rclcpp/rclcpp.hpp:171[m[K,
[4.022s]                  from [01m[K/home/john/Desktop/rp_ros2_rviz/src/world_node.cpp:1[m[K:
[4.022s] [01m[K/opt/ros/jazzy/include/rcpputils/rcpputils/filesystem_helper.hpp:75:7:[m[K [01;36m[Knote: [m[Kâ€˜[01m[Krcpputils::fs::path[m[Kâ€™ declared here
[4.022s]    75 | class [01;36m[Kpath[m[K
[4.022s]       |       [01;36m[K^~~~[m[K
[4.052s] [01m[K/home/john/Desktop/rp_ros2_rviz/src/world_node.cpp:153:9:[m[K [01;31m[Kerror: [m[Kâ€˜[01m[KprintPath[m[Kâ€™ was not declared in this scope
[4.052s]   153 |         [01;31m[KprintPath[m[K(path);
[4.052s]       |         [01;31m[K^~~~~~~~~[m[K
[4.082s] [01m[K/home/john/Desktop/rp_ros2_rviz/src/world_node.cpp:158:29:[m[K [01;31m[Kerror: [m[Kâ€˜[01m[Kuse_gradient[m[Kâ€™ was not declared in this scope
[4.082s]   158 |                             [01;31m[Kuse_gradient[m[K);
[4.082s]       |                             [01;31m[K^~~~~~~~~~~~[m[K
[4.107s] [01m[K/home/john/Desktop/rp_ros2_rviz/src/world_node.cpp:159:9:[m[K [01;31m[Kerror: [m[Kâ€˜[01m[Kredisplay[m[Kâ€™ was not declared in this scope
[4.107s]   159 |         [01;31m[Kredisplay[m[K(planner->mapping);
[4.107s]       |         [01;31m[K^~~~~~~~~[m[K
[4.133s] [01m[K/home/john/Desktop/rp_ros2_rviz/src/world_node.cpp:169:36:[m[K [01;31m[Kerror: [m[Kâ€˜[01m[Kbackground_mode[m[Kâ€™ was not declared in this scope
[4.133s]   169 |     cerr << "background_mode= " << [01;31m[Kbackground_mode[m[K << endl;
[4.133s]       |                                    [01;31m[K^~~~~~~~~~~~~~~[m[K
[4.152s] [01m[K/home/john/Desktop/rp_ros2_rviz/src/world_node.cpp:142:54:[m[K [01;35m[Kwarning: [m[Kunused parameter â€˜[01m[Kval[m[Kâ€™ [[01;35m[K]8;;https://gcc.gnu.org/onlinedocs/gcc/Warning-Options.html#index-Wunused-parameter-Wunused-parameter]8;;[m[K]
[4.153s]   142 |     static void onMouse(int event, int x, int y, [01;35m[Kint val[m[K, void* arg) {
[4.153s]       |                                                  [01;35m[K~~~~^~~[m[K
[6.124s] gmake[2]: *** [CMakeFiles/world_node.dir/build.make:76: CMakeFiles/world_node.dir/src/world_node.cpp.o] Error 1
[6.125s] gmake[1]: *** [CMakeFiles/Makefile2:165: CMakeFiles/world_node.dir/all] Error 2
[6.125s] gmake: *** [Makefile:146: all] Error 2
[6.135s] Invoked command in '/home/john/Desktop/rp_ros2_rviz/build/rp_ros2_rviz' returned '2': CMAKE_PREFIX_PATH=${CMAKE_PREFIX_PATH}:/opt/ros/jazzy DEBUGINFOD_URLS=https://debuginfod.ubuntu.com /usr/bin/cmake --build /home/john/Desktop/rp_ros2_rviz/build/rp_ros2_rviz -- -j4 -l4
