[0.030s] Invoking command in '/home/john/Desktop/rp_ros2_rviz/build/rp_ros2_rviz': CMAKE_PREFIX_PATH=${CMAKE_PREFIX_PATH}:/opt/ros/jazzy DEBUGINFOD_URLS=https://debuginfod.ubuntu.com /usr/bin/cmake --build /home/john/Desktop/rp_ros2_rviz/build/rp_ros2_rviz -- -j4 -l4
[0.148s] [ 10%] [32mBuilding CXX object CMakeFiles/control_robot.dir/src/control_robot.cpp.o[0m
[0.188s] [ 90%] Built target world_node
[3.324s] [01m[K/home/john/Desktop/rp_ros2_rviz/src/control_robot.cpp:[m[K In member function â€˜[01m[Kvoid ControlNode::[01;32m[KgoalCallback[m[K(geometry_msgs::msg::Pose_<std::allocator<void> >::SharedPtr)[m[Kâ€™:
[3.324s] [01m[K/home/john/Desktop/rp_ros2_rviz/src/control_robot.cpp:45:9:[m[K [01;31m[Kerror: [m[Kexpected â€˜[01m[K;[m[Kâ€™ before â€˜[01m[Kmessage[m[Kâ€™
[3.324s]    45 |         [01;31m[Kmessage[m[K.data = command;
[3.324s]       |         [01;31m[K^~~~~~~[m[K
[5.923s] gmake[2]: *** [CMakeFiles/control_robot.dir/build.make:76: CMakeFiles/control_robot.dir/src/control_robot.cpp.o] Error 1
[5.923s] gmake[1]: *** [CMakeFiles/Makefile2:139: CMakeFiles/control_robot.dir/all] Error 2
[5.923s] gmake: *** [Makefile:146: all] Error 2
[5.929s] Invoked command in '/home/john/Desktop/rp_ros2_rviz/build/rp_ros2_rviz' returned '2': CMAKE_PREFIX_PATH=${CMAKE_PREFIX_PATH}:/opt/ros/jazzy DEBUGINFOD_URLS=https://debuginfod.ubuntu.com /usr/bin/cmake --build /home/john/Desktop/rp_ros2_rviz/build/rp_ros2_rviz -- -j4 -l4
