[35m[1mScanning dependencies of target world_node[0m
[35m[1mScanning dependencies of target particle_node_filter[0m
[35m[1mScanning dependencies of target controller_node[0m
[  4%] [32mBuilding CXX object CMakeFiles/world_node.dir/src/world_node.cpp.o[0m
[35m[1mScanning dependencies of target pathplanner_node[0m
[  8%] [32mBuilding CXX object CMakeFiles/controller_node.dir/src/controller_node.cpp.o[0m
[ 12%] [32mBuilding CXX object CMakeFiles/particle_node_filter.dir/src/robot.cpp.o[0m
[ 16%] [32mBuilding CXX object CMakeFiles/pathplanner_node.dir/src/pathplanner_node.cpp.o[0m
[ 20%] [32m[1mLinking CXX executable particle_node_filter[0m
[ 32%] Built target particle_node_filter
[35m[1mScanning dependencies of target mapserver[0m
[ 36%] [32mBuilding CXX object CMakeFiles/mapserver.dir/src/robot.cpp.o[0m
[ 40%] [32m[1mLinking CXX executable mapserver[0m
[01m[K/home/john/Desktop/rp_ros2_rviz/src/world_node.cpp:[m[K In constructor â€˜[01m[KWorldNode::WorldNode(const rclcpp::NodeOptions&)[m[Kâ€™:
[01m[K/home/john/Desktop/rp_ros2_rviz/src/world_node.cpp:15:5:[m[K [01;31m[Kerror: [m[Kâ€˜[01m[Krobot_sub[m[Kâ€™ was not declared in this scope
   15 |     [01;31m[Krobot_sub[m[K = this->create_subscription<geometry_msgs::msg::Pose>(
      |     [01;31m[K^~~~~~~~~[m[K
[01m[K/home/john/Desktop/rp_ros2_rviz/src/world_node.cpp:37:5:[m[K [01;35m[Kwarning: [m[Kstatement has no effect [[01;35m[K-Wunused-value[m[K]
   37 |     [01;35m[Kmy_robot[m[K;
      |     [01;35m[K^~~~~~~~[m[K
[01m[K/home/john/Desktop/rp_ros2_rviz/src/pathplanner_node.cpp:[m[K In member function â€˜[01m[Kvoid PathPlanner::makePath(const std::shared_ptr<DMap>&, float, float, const Vector2f&)[m[Kâ€™:
[01m[K/home/john/Desktop/rp_ros2_rviz/src/pathplanner_node.cpp:92:57:[m[K [01;35m[Kwarning: [m[Kunused parameter â€˜[01m[Kdmap[m[Kâ€™ [[01;35m[K-Wunused-parameter[m[K]
   92 | void PathPlanner::makePath([01;35m[Kconst std::shared_ptr<DMap>& dmap[m[K, float resolution, float expansion_range, const Eigen::Vector2f& goal_position){
      |                            [01;35m[K~~~~~~~~~~~~~~~~~~~~~~~~~~~~~^~~~[m[K
[01m[K/home/john/Desktop/rp_ros2_rviz/src/pathplanner_node.cpp:92:69:[m[K [01;35m[Kwarning: [m[Kunused parameter â€˜[01m[Kresolution[m[Kâ€™ [[01;35m[K-Wunused-parameter[m[K]
   92 | void PathPlanner::makePath(const std::shared_ptr<DMap>& dmap, [01;35m[Kfloat resolution[m[K, float expansion_range, const Eigen::Vector2f& goal_position){
      |                                                               [01;35m[K~~~~~~^~~~~~~~~~[m[K
[01m[K/home/john/Desktop/rp_ros2_rviz/src/pathplanner_node.cpp:92:87:[m[K [01;35m[Kwarning: [m[Kunused parameter â€˜[01m[Kexpansion_range[m[Kâ€™ [[01;35m[K-Wunused-parameter[m[K]
   92 | void PathPlanner::makePath(const std::shared_ptr<DMap>& dmap, float resolution, [01;35m[Kfloat expansion_range[m[K, const Eigen::Vector2f& goal_position){
      |                                                                                 [01;35m[K~~~~~~^~~~~~~~~~~~~~~[m[K
[01m[K/home/john/Desktop/rp_ros2_rviz/src/world_node.cpp:[m[K In member function â€˜[01m[Kvoid WorldNode::initalPoseCallback(geometry_msgs::msg::Pose_<std::allocator<void> >::SharedPtr)[m[Kâ€™:
[01m[K/home/john/Desktop/rp_ros2_rviz/src/world_node.cpp:115:5:[m[K [01;31m[Kerror: [m[Kâ€˜[01m[Kx_robot[m[Kâ€™ was not declared in this scope; did you mean â€˜[01m[Kmy_robot[m[Kâ€™?
  115 |     [01;31m[Kx_robot[m[K = pose->position.x;
      |     [01;31m[K^~~~~~~[m[K
      |     [32m[Kmy_robot[m[K
[01m[K/home/john/Desktop/rp_ros2_rviz/src/world_node.cpp:116:5:[m[K [01;31m[Kerror: [m[Kâ€˜[01m[Ky_robot[m[Kâ€™ was not declared in this scope; did you mean â€˜[01m[Kmy_robot[m[Kâ€™?
  116 |     [01;31m[Ky_robot[m[K = pose->position.y;
      |     [01;31m[K^~~~~~~[m[K
      |     [32m[Kmy_robot[m[K
[01m[K/home/john/Desktop/rp_ros2_rviz/src/world_node.cpp:117:5:[m[K [01;31m[Kerror: [m[Kâ€˜[01m[Kz_robot[m[Kâ€™ was not declared in this scope; did you mean â€˜[01m[Kmy_robot[m[Kâ€™?
  117 |     [01;31m[Kz_robot[m[K = pose->orientation.z;
      |     [01;31m[K^~~~~~~[m[K
      |     [32m[Kmy_robot[m[K
[01m[K/home/john/Desktop/rp_ros2_rviz/src/world_node.cpp:118:5:[m[K [01;31m[Kerror: [m[Kâ€˜[01m[Kw_robot[m[Kâ€™ was not declared in this scope; did you mean â€˜[01m[Kmy_robot[m[Kâ€™?
  118 |     [01;31m[Kw_robot[m[K = pose->orientation.w;
      |     [01;31m[K^~~~~~~[m[K
      |     [32m[Kmy_robot[m[K
[ 52%] Built target mapserver
[ 56%] [32mBuilding CXX object CMakeFiles/pathplanner_node.dir/src/robot.cpp.o[0m
[ 60%] [32mBuilding CXX object CMakeFiles/controller_node.dir/src/robot.cpp.o[0m
[ 64%] [32mBuilding CXX object CMakeFiles/world_node.dir/src/robot.cpp.o[0m
make[2]: *** [CMakeFiles/world_node.dir/build.make:63: CMakeFiles/world_node.dir/src/world_node.cpp.o] Error 1
make[1]: *** [CMakeFiles/Makefile2:140: CMakeFiles/world_node.dir/all] Error 2
make[1]: *** Waiting for unfinished jobs....
[ 68%] [32m[1mLinking CXX executable controller_node[0m
[ 72%] [32m[1mLinking CXX executable pathplanner_node[0m
[ 80%] Built target controller_node
[ 88%] Built target pathplanner_node
make: *** [Makefile:141: all] Error 2
