[0.009s] Invoking command in '/home/john/Desktop/rp_ros2_rviz/build/rp_ros2_rviz': CMAKE_PREFIX_PATH=${CMAKE_PREFIX_PATH}:/opt/ros/foxy /usr/bin/cmake --build /home/john/Desktop/rp_ros2_rviz/build/rp_ros2_rviz -- -j4 -l4
[0.037s] [35m[1mScanning dependencies of target world_node[0m
[0.047s] [35m[1mScanning dependencies of target particle_node_filter[0m
[0.053s] [35m[1mScanning dependencies of target controller_node[0m
[0.075s] [  4%] [32mBuilding CXX object CMakeFiles/world_node.dir/src/world_node.cpp.o[0m
[0.077s] [35m[1mScanning dependencies of target pathplanner_node[0m
[0.111s] [  8%] [32mBuilding CXX object CMakeFiles/controller_node.dir/src/controller_node.cpp.o[0m
[0.123s] [ 12%] [32mBuilding CXX object CMakeFiles/particle_node_filter.dir/src/robot.cpp.o[0m
[0.140s] [ 16%] [32mBuilding CXX object CMakeFiles/pathplanner_node.dir/src/pathplanner_node.cpp.o[0m
[0.987s] [ 20%] [32m[1mLinking CXX executable particle_node_filter[0m
[1.508s] [ 32%] Built target particle_node_filter
[1.525s] [35m[1mScanning dependencies of target mapserver[0m
[1.623s] [ 36%] [32mBuilding CXX object CMakeFiles/mapserver.dir/src/robot.cpp.o[0m
[2.336s] [ 40%] [32m[1mLinking CXX executable mapserver[0m
[2.357s] [01m[K/home/john/Desktop/rp_ros2_rviz/src/world_node.cpp:[m[K In constructor â€˜[01m[KWorldNode::WorldNode(const rclcpp::NodeOptions&)[m[Kâ€™:
[2.357s] [01m[K/home/john/Desktop/rp_ros2_rviz/src/world_node.cpp:15:5:[m[K [01;31m[Kerror: [m[Kâ€˜[01m[Krobot_sub[m[Kâ€™ was not declared in this scope
[2.357s]    15 |     [01;31m[Krobot_sub[m[K = this->create_subscription<geometry_msgs::msg::Pose>(
[2.357s]       |     [01;31m[K^~~~~~~~~[m[K
[2.367s] [01m[K/home/john/Desktop/rp_ros2_rviz/src/world_node.cpp:37:5:[m[K [01;35m[Kwarning: [m[Kstatement has no effect [[01;35m[K-Wunused-value[m[K]
[2.367s]    37 |     [01;35m[Kmy_robot[m[K;
[2.367s]       |     [01;35m[K^~~~~~~~[m[K
[2.504s] [01m[K/home/john/Desktop/rp_ros2_rviz/src/pathplanner_node.cpp:[m[K In member function â€˜[01m[Kvoid PathPlanner::makePath(const std::shared_ptr<DMap>&, float, float, const Vector2f&)[m[Kâ€™:
[2.504s] [01m[K/home/john/Desktop/rp_ros2_rviz/src/pathplanner_node.cpp:92:57:[m[K [01;35m[Kwarning: [m[Kunused parameter â€˜[01m[Kdmap[m[Kâ€™ [[01;35m[K-Wunused-parameter[m[K]
[2.504s]    92 | void PathPlanner::makePath([01;35m[Kconst std::shared_ptr<DMap>& dmap[m[K, float resolution, float expansion_range, const Eigen::Vector2f& goal_position){
[2.504s]       |                            [01;35m[K~~~~~~~~~~~~~~~~~~~~~~~~~~~~~^~~~[m[K
[2.504s] [01m[K/home/john/Desktop/rp_ros2_rviz/src/pathplanner_node.cpp:92:69:[m[K [01;35m[Kwarning: [m[Kunused parameter â€˜[01m[Kresolution[m[Kâ€™ [[01;35m[K-Wunused-parameter[m[K]
[2.504s]    92 | void PathPlanner::makePath(const std::shared_ptr<DMap>& dmap, [01;35m[Kfloat resolution[m[K, float expansion_range, const Eigen::Vector2f& goal_position){
[2.504s]       |                                                               [01;35m[K~~~~~~^~~~~~~~~~[m[K
[2.504s] [01m[K/home/john/Desktop/rp_ros2_rviz/src/pathplanner_node.cpp:92:87:[m[K [01;35m[Kwarning: [m[Kunused parameter â€˜[01m[Kexpansion_range[m[Kâ€™ [[01;35m[K-Wunused-parameter[m[K]
[2.504s]    92 | void PathPlanner::makePath(const std::shared_ptr<DMap>& dmap, float resolution, [01;35m[Kfloat expansion_range[m[K, const Eigen::Vector2f& goal_position){
[2.504s]       |                                                                                 [01;35m[K~~~~~~^~~~~~~~~~~~~~~[m[K
[2.610s] [01m[K/home/john/Desktop/rp_ros2_rviz/src/world_node.cpp:[m[K In member function â€˜[01m[Kvoid WorldNode::initalPoseCallback(geometry_msgs::msg::Pose_<std::allocator<void> >::SharedPtr)[m[Kâ€™:
[2.610s] [01m[K/home/john/Desktop/rp_ros2_rviz/src/world_node.cpp:115:5:[m[K [01;31m[Kerror: [m[Kâ€˜[01m[Kx_robot[m[Kâ€™ was not declared in this scope; did you mean â€˜[01m[Kmy_robot[m[Kâ€™?
[2.611s]   115 |     [01;31m[Kx_robot[m[K = pose->position.x;
[2.611s]       |     [01;31m[K^~~~~~~[m[K
[2.611s]       |     [32m[Kmy_robot[m[K
[2.614s] [01m[K/home/john/Desktop/rp_ros2_rviz/src/world_node.cpp:116:5:[m[K [01;31m[Kerror: [m[Kâ€˜[01m[Ky_robot[m[Kâ€™ was not declared in this scope; did you mean â€˜[01m[Kmy_robot[m[Kâ€™?
[2.615s]   116 |     [01;31m[Ky_robot[m[K = pose->position.y;
[2.615s]       |     [01;31m[K^~~~~~~[m[K
[2.615s]       |     [32m[Kmy_robot[m[K
[2.619s] [01m[K/home/john/Desktop/rp_ros2_rviz/src/world_node.cpp:117:5:[m[K [01;31m[Kerror: [m[Kâ€˜[01m[Kz_robot[m[Kâ€™ was not declared in this scope; did you mean â€˜[01m[Kmy_robot[m[Kâ€™?
[2.619s]   117 |     [01;31m[Kz_robot[m[K = pose->orientation.z;
[2.619s]       |     [01;31m[K^~~~~~~[m[K
[2.619s]       |     [32m[Kmy_robot[m[K
[2.624s] [01m[K/home/john/Desktop/rp_ros2_rviz/src/world_node.cpp:118:5:[m[K [01;31m[Kerror: [m[Kâ€˜[01m[Kw_robot[m[Kâ€™ was not declared in this scope; did you mean â€˜[01m[Kmy_robot[m[Kâ€™?
[2.624s]   118 |     [01;31m[Kw_robot[m[K = pose->orientation.w;
[2.624s]       |     [01;31m[K^~~~~~~[m[K
[2.624s]       |     [32m[Kmy_robot[m[K
[2.756s] [ 52%] Built target mapserver
[2.773s] [ 56%] [32mBuilding CXX object CMakeFiles/pathplanner_node.dir/src/robot.cpp.o[0m
[3.555s] [ 60%] [32mBuilding CXX object CMakeFiles/controller_node.dir/src/robot.cpp.o[0m
[4.369s] [ 64%] [32mBuilding CXX object CMakeFiles/world_node.dir/src/robot.cpp.o[0m
[5.811s] make[2]: *** [CMakeFiles/world_node.dir/build.make:63: CMakeFiles/world_node.dir/src/world_node.cpp.o] Error 1
[5.812s] make[1]: *** [CMakeFiles/Makefile2:140: CMakeFiles/world_node.dir/all] Error 2
[5.812s] make[1]: *** Waiting for unfinished jobs....
[6.523s] [ 68%] [32m[1mLinking CXX executable controller_node[0m
[6.893s] [ 72%] [32m[1mLinking CXX executable pathplanner_node[0m
[6.941s] [ 80%] Built target controller_node
[7.227s] [ 88%] Built target pathplanner_node
[7.228s] make: *** [Makefile:141: all] Error 2
[7.236s] Invoked command in '/home/john/Desktop/rp_ros2_rviz/build/rp_ros2_rviz' returned '2': CMAKE_PREFIX_PATH=${CMAKE_PREFIX_PATH}:/opt/ros/foxy /usr/bin/cmake --build /home/john/Desktop/rp_ros2_rviz/build/rp_ros2_rviz -- -j4 -l4
