[ 12%] [32mBuilding CXX object CMakeFiles/world_node.dir/src/world_node.cpp.o[0m
[01m[K/home/john/Desktop/rp_ros2_rviz/src/world_node.cpp:[m[K In constructor â€˜[01m[KWorldNode::[01;32m[KWorldNode[m[K()[m[Kâ€™:
[01m[K/home/john/Desktop/rp_ros2_rviz/src/world_node.cpp:28:46:[m[K [01;31m[Kerror: [m[Kno matching function for call to â€˜[01m[KLidar::Lidar(LaserScan&, DifferentialDriveRobot**)[m[Kâ€™
   28 |             Lidar* lid = new Lidar(scan, &ddr[01;31m[K)[m[K;
      |                                              [01;31m[K^[m[K
In file included from [01m[K/home/john/Desktop/rp_ros2_rviz/src/world_node.cpp:7[m[K:
[01m[K/home/john/Desktop/rp_ros2_rviz/include/rp_ros2_rviz/lidar.h:22:3:[m[K [01;36m[Knote: [m[Kcandidate: â€˜[01m[KLidar::[01;32m[KLidar[m[K(LaserScan&, WorldItem*)[m[Kâ€™
   22 |   [01;36m[KLidar[m[K(LaserScan& my_scan, WorldItem* p=0);
      |   [01;36m[K^~~~~[m[K
[01m[K/home/john/Desktop/rp_ros2_rviz/include/rp_ros2_rviz/lidar.h:22:40:[m[K [01;36m[Knote: [m[K  no known conversion for argument 2 from â€˜[01m[KDifferentialDriveRobot**[m[Kâ€™ to â€˜[01m[KWorldItem*[m[Kâ€™
   22 |   Lidar(LaserScan& my_scan, [01;36m[KWorldItem* p=0[m[K);
      |                             [01;36m[K~~~~~~~~~~~^~~[m[K
[01m[K/home/john/Desktop/rp_ros2_rviz/include/rp_ros2_rviz/lidar.h:17:8:[m[K [01;36m[Knote: [m[Kcandidate: â€˜[01m[Kconstexpr Lidar::[01;32m[KLidar[m[K(const Lidar&)[m[Kâ€™
   17 | struct [01;36m[KLidar[m[K: public WorldItem {
      |        [01;36m[K^~~~~[m[K
[01m[K/home/john/Desktop/rp_ros2_rviz/include/rp_ros2_rviz/lidar.h:17:8:[m[K [01;36m[Knote: [m[K  candidate expects 1 argument, 2 provided
[01m[K/home/john/Desktop/rp_ros2_rviz/include/rp_ros2_rviz/lidar.h:17:8:[m[K [01;36m[Knote: [m[Kcandidate: â€˜[01m[Kconstexpr Lidar::[01;32m[KLidar[m[K(Lidar&&)[m[Kâ€™
[01m[K/home/john/Desktop/rp_ros2_rviz/include/rp_ros2_rviz/lidar.h:17:8:[m[K [01;36m[Knote: [m[K  candidate expects 1 argument, 2 provided
[01m[K/home/john/Desktop/rp_ros2_rviz/src/world_node.cpp:28:20:[m[K [01;35m[Kwarning: [m[Kunused variable â€˜[01m[Klid[m[Kâ€™ [[01;35m[K]8;;https://gcc.gnu.org/onlinedocs/gcc/Warning-Options.html#index-Wunused-variable-Wunused-variable]8;;[m[K]
   28 |             Lidar* [01;35m[Klid[m[K = new Lidar(scan, &ddr);
      |                    [01;35m[K^~~[m[K
gmake[2]: *** [CMakeFiles/world_node.dir/build.make:76: CMakeFiles/world_node.dir/src/world_node.cpp.o] Error 1
gmake[1]: *** [CMakeFiles/Makefile2:137: CMakeFiles/world_node.dir/all] Error 2
gmake: *** [Makefile:146: all] Error 2
