[0.017s] Invoking command in '/home/john/Desktop/rp_ros2_rviz/build/rp_ros2_rviz': CMAKE_PREFIX_PATH=${CMAKE_PREFIX_PATH}:/opt/ros/jazzy DEBUGINFOD_URLS=https://debuginfod.ubuntu.com /usr/bin/cmake --build /home/john/Desktop/rp_ros2_rviz/build/rp_ros2_rviz -- -j4 -l4
[0.078s] -- Found ament_cmake: 2.5.3 (/opt/ros/jazzy/share/ament_cmake/cmake)
[0.403s] -- Found rclcpp: 28.1.6 (/opt/ros/jazzy/share/rclcpp/cmake)
[0.487s] -- Found rosidl_generator_c: 4.6.5 (/opt/ros/jazzy/share/rosidl_generator_c/cmake)
[0.506s] -- Found rosidl_generator_cpp: 4.6.5 (/opt/ros/jazzy/share/rosidl_generator_cpp/cmake)
[0.540s] -- Using all available rosidl_typesupport_c: rosidl_typesupport_fastrtps_c;rosidl_typesupport_introspection_c
[0.570s] -- Using all available rosidl_typesupport_cpp: rosidl_typesupport_fastrtps_cpp;rosidl_typesupport_introspection_cpp
[0.683s] -- Found rmw_implementation_cmake: 7.3.1 (/opt/ros/jazzy/share/rmw_implementation_cmake/cmake)
[0.688s] -- Found rmw_fastrtps_cpp: 8.4.1 (/opt/ros/jazzy/share/rmw_fastrtps_cpp/cmake)
[0.785s] -- Using RMW implementation 'rmw_fastrtps_cpp' as default
[0.895s] -- Found std_msgs: 5.3.5 (/opt/ros/jazzy/share/std_msgs/cmake)
[0.930s] -- Found geometry_msgs: 5.3.5 (/opt/ros/jazzy/share/geometry_msgs/cmake)
[0.968s] -- Found ament_lint_auto: 0.17.1 (/opt/ros/jazzy/share/ament_lint_auto/cmake)
[1.218s] -- Added test 'cppcheck' to perform static code analysis on C / C++ code
[1.218s] -- Configured cppcheck include dirs: /home/john/Desktop/rp_ros2_rviz/include
[1.218s] -- Configured cppcheck exclude dirs and/or files: 
[1.224s] -- Added test 'flake8' to check Python code syntax and style conventions
[1.224s] -- Configured 'flake8' exclude dirs and/or files: 
[1.234s] -- Added test 'lint_cmake' to check CMake code style
[1.241s] -- Added test 'pep257' to check Python code against some of the docstring style conventions in PEP 257
[1.274s] -- Added test 'uncrustify' to check C / C++ code style
[1.275s] -- Configured uncrustify additional arguments: 
[1.279s] -- Added test 'xmllint' to check XML markup files
[1.282s] -- Configuring done (1.2s)
[1.358s] -- Generating done (0.1s)
[1.368s] -- Build files have been written to: /home/john/Desktop/rp_ros2_rviz/build/rp_ros2_rviz
[1.436s] [ 14%] [32mBuilding CXX object CMakeFiles/world_node.dir/src/world_node.cpp.o[0m
[1.446s] [ 28%] [32mBuilding CXX object CMakeFiles/world_node.dir/src/world.cpp.o[0m
[1.451s] [ 57%] Built target listener_node
[1.456s] [ 85%] Built target canvas_node
[2.772s] [01m[K/home/john/Desktop/rp_ros2_rviz/src/world.cpp:[m[K In member function â€˜[01m[Kvirtual bool World::[01;32m[Kcollides[m[K(const WorldItem*) const[m[Kâ€™:
[2.772s] [01m[K/home/john/Desktop/rp_ros2_rviz/src/world.cpp:82:39:[m[K [01;35m[Kwarning: [m[Kunused parameter â€˜[01m[Kother[m[Kâ€™ [[01;35m[K]8;;https://gcc.gnu.org/onlinedocs/gcc/Warning-Options.html#index-Wunused-parameter-Wunused-parameter]8;;[m[K]
[2.772s]    82 | bool World::collides([01;35m[Kconst WorldItem* other[m[K) const {
[2.772s]       |                      [01;35m[K~~~~~~~~~~~~~~~~~^~~~~[m[K
[4.138s] [01m[K/home/john/Desktop/rp_ros2_rviz/src/world_node.cpp:[m[K In constructor â€˜[01m[KWorldNode::[01;32m[KWorldNode[m[K()[m[Kâ€™:
[4.138s] [01m[K/home/john/Desktop/rp_ros2_rviz/src/world_node.cpp:14:17:[m[K [01;31m[Kerror: [m[Kâ€˜[01m[Kusing std::__shared_ptr_access<World, __gnu_cxx::_S_atomic, false, false>::element_type = struct World[m[Kâ€™ {aka â€˜[01m[Kstruct World[m[Kâ€™} has no member named â€˜[01m[KaddItem[m[Kâ€™
[4.138s]    14 |         world_->[01;31m[KaddItem[m[K(item1_);
[4.138s]       |                 [01;31m[K^~~~~~~[m[K
[4.138s] [01m[K/home/john/Desktop/rp_ros2_rviz/src/world_node.cpp:18:17:[m[K [01;31m[Kerror: [m[Kâ€˜[01m[Kusing std::__shared_ptr_access<World, __gnu_cxx::_S_atomic, false, false>::element_type = struct World[m[Kâ€™ {aka â€˜[01m[Kstruct World[m[Kâ€™} has no member named â€˜[01m[KaddItem[m[Kâ€™
[4.138s]    18 |         world_->[01;31m[KaddItem[m[K(item2_);
[4.139s]       |                 [01;31m[K^~~~~~~[m[K
[4.147s] [01m[K/home/john/Desktop/rp_ros2_rviz/src/world_node.cpp:[m[K In member function â€˜[01m[Kvoid WorldNode::[01;32m[KposeCallback[m[K(geometry_msgs::msg::Pose_<std::allocator<void> >::SharedPtr)[m[Kâ€™:
[4.147s] [01m[K/home/john/Desktop/rp_ros2_rviz/src/world_node.cpp:28:9:[m[K [01;31m[Kerror: [m[Kâ€˜[01m[KEigen[m[Kâ€™ has not been declared
[4.147s]    28 |         [01;31m[KEigen[m[K::Isometry2f new_pose;
[4.147s]       |         [01;31m[K^~~~~[m[K
[4.163s] [01m[K/home/john/Desktop/rp_ros2_rviz/src/world_node.cpp:29:9:[m[K [01;31m[Kerror: [m[Kâ€˜[01m[Knew_pose[m[Kâ€™ was not declared in this scope
[4.163s]    29 |         [01;31m[Knew_pose[m[K.translation() = Eigen::Vector2f(msg->position.x, msg->position.y);
[4.163s]       |         [01;31m[K^~~~~~~~[m[K
[4.163s] [01m[K/home/john/Desktop/rp_ros2_rviz/src/world_node.cpp:29:34:[m[K [01;31m[Kerror: [m[Kâ€˜[01m[KEigen[m[Kâ€™ has not been declared
[4.163s]    29 |         new_pose.translation() = [01;31m[KEigen[m[K::Vector2f(msg->position.x, msg->position.y);
[4.163s]       |                                  [01;31m[K^~~~~[m[K
[4.163s] [01m[K/home/john/Desktop/rp_ros2_rviz/src/world_node.cpp:30:25:[m[K [01;31m[Kerror: [m[Kâ€˜[01m[KEigen[m[Kâ€™ has not been declared
[4.163s]    30 |         new_pose.rotate([01;31m[KEigen[m[K::Rotation2Df(msg->orientation.w));  // Ruotiamo in base all'orientamento (solo Z)
[4.164s]       |                         [01;31m[K^~~~~[m[K
[4.164s] [01m[K/home/john/Desktop/rp_ros2_rviz/src/world_node.cpp:33:17:[m[K [01;31m[Kerror: [m[Kâ€˜[01m[Kstruct WorldItem[m[Kâ€™ has no member named â€˜[01m[KupdatePose[m[Kâ€™
[4.164s]    33 |         item1_->[01;31m[KupdatePose[m[K(new_pose);
[4.164s]       |                 [01;31m[K^~~~~~~~~~[m[K
[5.923s] gmake[2]: *** [CMakeFiles/world_node.dir/build.make:76: CMakeFiles/world_node.dir/src/world_node.cpp.o] Error 1
[5.924s] gmake[1]: *** [CMakeFiles/Makefile2:193: CMakeFiles/world_node.dir/all] Error 2
[5.924s] gmake: *** [Makefile:146: all] Error 2
[5.929s] Invoked command in '/home/john/Desktop/rp_ros2_rviz/build/rp_ros2_rviz' returned '2': CMAKE_PREFIX_PATH=${CMAKE_PREFIX_PATH}:/opt/ros/jazzy DEBUGINFOD_URLS=https://debuginfod.ubuntu.com /usr/bin/cmake --build /home/john/Desktop/rp_ros2_rviz/build/rp_ros2_rviz -- -j4 -l4
