[0.009s] Invoking command in '/home/john/Desktop/rp_ros2_rviz/build/rp_ros2_rviz': CMAKE_PREFIX_PATH=${CMAKE_PREFIX_PATH}:/opt/ros/foxy /usr/bin/cmake --build /home/john/Desktop/rp_ros2_rviz/build/rp_ros2_rviz -- -j4 -l4
[0.079s] [ 20%] Built target pathplanner_node
[0.084s] [ 40%] Built target controller_node
[0.085s] [35m[1mScanning dependencies of target particle_node_filter[0m
[0.088s] [ 60%] Built target world_node
[0.115s] [ 80%] Built target mapserver
[0.134s] [ 84%] [32mBuilding CXX object CMakeFiles/particle_node_filter.dir/src/particle_node_filter.cpp.o[0m
[1.672s] [01m[K/home/john/Desktop/rp_ros2_rviz/src/particle_node_filter.cpp:253:11:[m[K [01;31m[Kerror: [m[Kextra qualification â€˜[01m[KParticleFilterNode::[m[Kâ€™ on member â€˜[01m[KcorrelativeScanMatching[m[Kâ€™ [[01;31m[K-fpermissive[m[K]
[1.673s]   253 |           [01;31m[KParticleFilterNode[m[K::correlativeScanMatching(
[1.673s]       |           [01;31m[K^~~~~~~~~~~~~~~~~~[m[K
[3.485s] make[2]: *** [CMakeFiles/particle_node_filter.dir/build.make:63: CMakeFiles/particle_node_filter.dir/src/particle_node_filter.cpp.o] Error 1
[3.485s] make[1]: *** [CMakeFiles/Makefile2:194: CMakeFiles/particle_node_filter.dir/all] Error 2
[3.486s] make: *** [Makefile:141: all] Error 2
[3.487s] Invoked command in '/home/john/Desktop/rp_ros2_rviz/build/rp_ros2_rviz' returned '2': CMAKE_PREFIX_PATH=${CMAKE_PREFIX_PATH}:/opt/ros/foxy /usr/bin/cmake --build /home/john/Desktop/rp_ros2_rviz/build/rp_ros2_rviz -- -j4 -l4
