[0.006s] Invoking command in '/home/john/Desktop/rp_ros2_rviz/build/rp_ros2_rviz': CMAKE_PREFIX_PATH=${CMAKE_PREFIX_PATH}:/opt/ros/foxy /usr/bin/cmake --build /home/john/Desktop/rp_ros2_rviz/build/rp_ros2_rviz -- -j4 -l4
[0.055s] [35m[1mScanning dependencies of target particle_node_filter[0m
[0.072s] [ 20%] Built target controller_node
[0.089s] [ 40%] Built target world_node
[0.102s] [ 44%] [32mBuilding CXX object CMakeFiles/particle_node_filter.dir/src/particle_node_filter.cpp.o[0m
[0.109s] [ 64%] Built target pathplanner_node
[0.121s] [ 84%] Built target mapserver
[1.540s] [01m[K/home/john/Desktop/rp_ros2_rviz/src/particle_node_filter.cpp:[m[K In member function â€˜[01m[Kvoid ParticleFilterNode::initializeParticlesNear(double, double, double, int)[m[Kâ€™:
[1.540s] [01m[K/home/john/Desktop/rp_ros2_rviz/src/particle_node_filter.cpp:95:79:[m[K [01;35m[Kwarning: [m[Kunused parameter â€˜[01m[Kcenter_theta[m[Kâ€™ [[01;35m[K-Wunused-parameter[m[K]
[1.540s]    95 |         void initializeParticlesNear(double center_x, double center_y, [01;35m[Kdouble center_theta[m[K, int num_particles) {
[1.540s]       |                                                                        [01;35m[K~~~~~~~^~~~~~~~~~~~[m[K
[1.551s] [01m[K/home/john/Desktop/rp_ros2_rviz/src/particle_node_filter.cpp:[m[K In member function â€˜[01m[Kstd::vector<std::tuple<double, double, double> > ParticleFilterNode::correlativeScanMatching(const std::vector<std::pair<double, double> >&, int)[m[Kâ€™:
[1.551s] [01m[K/home/john/Desktop/rp_ros2_rviz/src/particle_node_filter.cpp:322:76:[m[K [01;31m[Kerror: [m[Kunable to deduce â€˜[01m[Kstd::initializer_list<auto>&&[m[Kâ€™ from â€˜[01m[K{(-3.1415926535897931e+0 / (double)6), (-3.1415926535897931e+0 / (double)12), 0, (3.1415926535897931e+0 / (double)12), (3.1415926535897931e+0 / (double)6)}[m[Kâ€™
[1.551s]   322 |           for (double theta_test : { -M_PI/6, -M_PI/12, 0, M_PI/12, M_PI/6 [01;31m[K}[m[K) {
[1.551s]       |                                                                            [01;31m[K^[m[K
[1.551s] [01m[K/home/john/Desktop/rp_ros2_rviz/src/particle_node_filter.cpp:322:76:[m[K [01;36m[Knote: [m[K  deduced conflicting types for parameter â€˜[01m[Kauto[m[Kâ€™ (â€˜[01m[Kdouble[m[Kâ€™ and â€˜[01m[Kint[m[Kâ€™)
[1.561s] [01m[K/home/john/Desktop/rp_ros2_rviz/src/particle_node_filter.cpp:323:32:[m[K [01;31m[Kerror: [m[Kâ€˜[01m[KrasterizeScan[m[Kâ€™ was not declared in this scope
[1.562s]   323 |             cv::Mat scan_img = [01;31m[KrasterizeScan[m[K(scan, theta_test);
[1.562s]       |                                [01;31m[K^~~~~~~~~~~~~[m[K
[1.567s] [01m[K/home/john/Desktop/rp_ros2_rviz/src/particle_node_filter.cpp:325:41:[m[K [01;31m[Kerror: [m[Kâ€˜[01m[Kmap_img_[m[Kâ€™ was not declared in this scope
[1.567s]   325 |             cv::matchTemplate(scan_img, [01;31m[Kmap_img_[m[K, result, cv::TM_CCOEFF_NORMED);
[1.567s]       |                                         [01;31m[K^~~~~~~~[m[K
[1.575s] [01m[K/home/john/Desktop/rp_ros2_rviz/src/particle_node_filter.cpp:329:27:[m[K [01;31m[Kerror: [m[Kâ€˜[01m[KgridToWorldX[m[Kâ€™ was not declared in this scope
[1.575s]   329 |               double wx = [01;31m[KgridToWorldX[m[K(maxLoc.x);
[1.575s]       |                           [01;31m[K^~~~~~~~~~~~[m[K
[1.582s] [01m[K/home/john/Desktop/rp_ros2_rviz/src/particle_node_filter.cpp:330:27:[m[K [01;31m[Kerror: [m[Kâ€˜[01m[KgridToWorldY[m[Kâ€™ was not declared in this scope
[1.583s]   330 |               double wy = [01;31m[KgridToWorldY[m[K(maxLoc.y);
[1.583s]       |                           [01;31m[K^~~~~~~~~~~~[m[K
[3.215s] make[2]: *** [CMakeFiles/particle_node_filter.dir/build.make:63: CMakeFiles/particle_node_filter.dir/src/particle_node_filter.cpp.o] Error 1
[3.215s] make[1]: *** [CMakeFiles/Makefile2:194: CMakeFiles/particle_node_filter.dir/all] Error 2
[3.215s] make: *** [Makefile:141: all] Error 2
[3.217s] Invoked command in '/home/john/Desktop/rp_ros2_rviz/build/rp_ros2_rviz' returned '2': CMAKE_PREFIX_PATH=${CMAKE_PREFIX_PATH}:/opt/ros/foxy /usr/bin/cmake --build /home/john/Desktop/rp_ros2_rviz/build/rp_ros2_rviz -- -j4 -l4
