[01m[K/home/john/Desktop/rp_ros2_rviz/src/world_node.cpp:[m[K In constructor â€˜[01m[KWorldNode::[01;32m[KWorldNode[m[K()[m[Kâ€™:
[01m[K/home/john/Desktop/rp_ros2_rviz/src/world_node.cpp:32:42:[m[K [01;31m[Kerror: [m[Kâ€˜[01m[Kddr[m[Kâ€™ was not declared in this scope; did you mean â€˜[01m[Kddr_[m[Kâ€™?
   32 |             Lidar* lid = new Lidar(scan, [01;31m[Kddr[m[K);
      |                                          [01;31m[K^~~[m[K
      |                                          [32m[Kddr_[m[K
[01m[K/home/john/Desktop/rp_ros2_rviz/src/world_node.cpp:32:20:[m[K [01;35m[Kwarning: [m[Kunused variable â€˜[01m[Klid[m[Kâ€™ [[01;35m[K]8;;https://gcc.gnu.org/onlinedocs/gcc/Warning-Options.html#index-Wunused-variable-Wunused-variable]8;;[m[K]
   32 |             Lidar* [01;35m[Klid[m[K = new Lidar(scan, ddr);
      |                    [01;35m[K^~~[m[K
gmake[2]: *** [CMakeFiles/world_node.dir/build.make:76: CMakeFiles/world_node.dir/src/world_node.cpp.o] Error 1
gmake[1]: *** [CMakeFiles/Makefile2:165: CMakeFiles/world_node.dir/all] Error 2
gmake: *** [Makefile:146: all] Error 2
