[ 25%] [32mBuilding CXX object CMakeFiles/canvas_node.dir/src/canvas.cpp.o[0m
[ 75%] Built target listener_node
[01m[K/home/john/Desktop/rp_ros2_rviz/src/canvas.cpp:3:10:[m[K [01;31m[Kfatal error: [m[Kstd_msgs/msg/string.hpp: No such file or directory
    3 | #include [01;31m[K"std_msgs/msg/string.hpp"[m[K
      |          [01;31m[K^~~~~~~~~~~~~~~~~~~~~~~~~[m[K
compilation terminated.
gmake[2]: *** [CMakeFiles/canvas_node.dir/build.make:76: CMakeFiles/canvas_node.dir/src/canvas.cpp.o] Error 1
gmake[1]: *** [CMakeFiles/Makefile2:165: CMakeFiles/canvas_node.dir/all] Error 2
gmake: *** [Makefile:146: all] Error 2
