[ 10%] [32mBuilding CXX object CMakeFiles/control_robot.dir/src/control_robot.cpp.o[0m
[ 90%] Built target world_node
[01m[K/home/john/Desktop/rp_ros2_rviz/src/control_robot.cpp:34:29:[m[K [01;31m[Kerror: [m[Kâ€˜[01m[Kgeometry_msgs[m[Kâ€™ does not name a type
   34 |     void goalCallback(const [01;31m[Kgeometry_msgs[m[K::msg::Pose::SharedPtr msg) {
      |                             [01;31m[K^~~~~~~~~~~~~[m[K
[01m[K/home/john/Desktop/rp_ros2_rviz/src/control_robot.cpp:34:47:[m[K [01;31m[Kerror: [m[Kexpected unqualified-id before â€˜[01m[K::[m[Kâ€™ token
   34 |     void goalCallback(const geometry_msgs::msg[01;31m[K::[m[KPose::SharedPtr msg) {
      |                                               [01;31m[K^~[m[K
[01m[K/home/john/Desktop/rp_ros2_rviz/src/control_robot.cpp:34:47:[m[K [01;31m[Kerror: [m[Kexpected â€˜[01m[K)[m[Kâ€™ before â€˜[01m[K::[m[Kâ€™ token
   34 |     void goalCallback[34m[K([m[Kconst geometry_msgs::msg[01;31m[K:[m[K[32m[K:[m[KPose::SharedPtr msg) {
      |                      [34m[K~[m[K                        [01;31m[K^[m[K[32m[K~[m[K
      |                                               [32m[K)[m[K
[01m[K/home/john/Desktop/rp_ros2_rviz/src/control_robot.cpp:34:44:[m[K [01;31m[Kerror: [m[Kexpected â€˜[01m[K;[m[Kâ€™ at end of member declaration
   34 |     void goalCallback(const geometry_msgs::[01;31m[Kmsg[m[K::Pose::SharedPtr msg) {
      |                                            [01;31m[K^~~[m[K
      |                                               [32m[K;[m[K
[01m[K/home/john/Desktop/rp_ros2_rviz/src/control_robot.cpp:34:49:[m[K [01;31m[Kerror: [m[Kâ€˜[01m[KPose[m[Kâ€™ in namespace â€˜[01m[K::[m[Kâ€™ does not name a type
   34 |     void goalCallback(const geometry_msgs::msg::[01;31m[KPose[m[K::SharedPtr msg) {
      |                                                 [01;31m[K^~~~[m[K
[01m[K/home/john/Desktop/rp_ros2_rviz/src/control_robot.cpp:73:26:[m[K [01;31m[Kerror: [m[Kâ€˜[01m[Kgeometry_msgs[m[Kâ€™ was not declared in this scope
   73 |     rclcpp::Subscription<[01;31m[Kgeometry_msgs[m[K::msg::Pose>::SharedPtr goal_sub_;
      |                          [01;31m[K^~~~~~~~~~~~~[m[K
[01m[K/home/john/Desktop/rp_ros2_rviz/src/control_robot.cpp:73:50:[m[K [01;31m[Kerror: [m[Ktemplate argument 1 is invalid
   73 |     rclcpp::Subscription<geometry_msgs::msg::Pose[01;31m[K>[m[K::SharedPtr goal_sub_;
      |                                                  [01;31m[K^[m[K
[01m[K/home/john/Desktop/rp_ros2_rviz/src/control_robot.cpp:73:50:[m[K [01;31m[Kerror: [m[Ktemplate argument 3 is invalid
[01m[K/home/john/Desktop/rp_ros2_rviz/src/control_robot.cpp:73:50:[m[K [01;31m[Kerror: [m[Ktemplate argument 4 is invalid
[01m[K/home/john/Desktop/rp_ros2_rviz/src/control_robot.cpp:73:50:[m[K [01;31m[Kerror: [m[Ktemplate argument 5 is invalid
[01m[K/home/john/Desktop/rp_ros2_rviz/src/control_robot.cpp:73:53:[m[K [01;31m[Kerror: [m[Kexpected â€˜[01m[K;[m[Kâ€™ at end of member declaration
   73 |     rclcpp::Subscription<geometry_msgs::msg::Pose>::[01;31m[KSharedPtr[m[K goal_sub_;
      |                                                     [01;31m[K^~~~~~~~~[m[K
      |                                                              [32m[K;[m[K
[01m[K/home/john/Desktop/rp_ros2_rviz/src/control_robot.cpp:73:63:[m[K [01;31m[Kerror: [m[Kâ€˜[01m[Kgoal_sub_[m[Kâ€™ does not name a type
   73 |     rclcpp::Subscription<geometry_msgs::msg::Pose>::SharedPtr [01;31m[Kgoal_sub_[m[K;
      |                                                               [01;31m[K^~~~~~~~~[m[K
[01m[K/home/john/Desktop/rp_ros2_rviz/src/control_robot.cpp:[m[K In constructor â€˜[01m[KControlNode::[01;32m[KControlNode[m[K()[m[Kâ€™:
[01m[K/home/john/Desktop/rp_ros2_rviz/src/control_robot.cpp:23:9:[m[K [01;31m[Kerror: [m[Kâ€˜[01m[Kgoal_sub_[m[Kâ€™ was not declared in this scope; did you mean â€˜[01m[Kgoal_x_[m[Kâ€™?
   23 |         [01;31m[Kgoal_sub_[m[K = this->create_subscription<geometry_msgs::msg::Pose>(
      |         [01;31m[K^~~~~~~~~[m[K
      |         [32m[Kgoal_x_[m[K
[01m[K/home/john/Desktop/rp_ros2_rviz/src/control_robot.cpp:23:47:[m[K [01;31m[Kerror: [m[Kâ€˜[01m[Kgeometry_msgs[m[Kâ€™ was not declared in this scope
   23 |         goal_sub_ = this->create_subscription<[01;31m[Kgeometry_msgs[m[K::msg::Pose>(
      |                                               [01;31m[K^~~~~~~~~~~~~[m[K
[01m[K/home/john/Desktop/rp_ros2_rviz/src/control_robot.cpp:23:27:[m[K [01;31m[Kerror: [m[Kparse error in template argument list
   23 |         goal_sub_ = this->[01;31m[Kcreate_subscription<geometry_msgs::msg::Pose>[m[K(
      |                           [01;31m[K^~~~~~~~~~~~~~~~~~~~~~~~~~~~~~~~~~~~~~~~~~~~~[m[K
[01m[K/home/john/Desktop/rp_ros2_rviz/src/control_robot.cpp:23:72:[m[K [01;31m[Kerror: [m[Kno matching function for call to â€˜[01m[KControlNode::create_subscription<<expression error> >(const char [10], int, std::_Bind_helper<false, void (ControlNode::*)(...), ControlNode*, const std::_Placeholder<1>&>::type)[m[Kâ€™
   23 |         goal_sub_ = [01;31m[Kthis->create_subscription<geometry_msgs::msg::Pose>([m[K
      |                     [01;31m[K~~~~~~~~~~~~~~~~~~~~~~~~~~~~~~~~~~~~~~~~~~~~~~~~~~~^[m[K
   24 | [01;31m[K            "goal_pose", 10, std::bind(&ControlNode::goalCallback, this, std::placeholders::_1))[m[K;
      |             [01;31m[K~~~~~~~~~~~~~~~~~~~~~~~~~~~~~~~~~~~~~~~~~~~~~~~~~~~~~~~~~~~~~~~~~~~~~~~~~~~~~~~~~~~~[m[K
In file included from [01m[K/opt/ros/jazzy/include/rclcpp/rclcpp/executors/single_threaded_executor.hpp:28[m[K,
                 from [01m[K/opt/ros/jazzy/include/rclcpp/rclcpp/executors.hpp:22[m[K,
                 from [01m[K/opt/ros/jazzy/include/rclcpp/rclcpp/rclcpp.hpp:172[m[K,
                 from [01m[K/home/john/Desktop/rp_ros2_rviz/src/control_robot.cpp:1[m[K:
[01m[K/opt/ros/jazzy/include/rclcpp/rclcpp/node.hpp:221:3:[m[K [01;36m[Knote: [m[Kcandidate: â€˜[01m[Ktemplate<class MessageT, class CallbackT, class AllocatorT, class SubscriptionT, class MessageMemoryStrategyT> std::shared_ptr<ROSMessageT> rclcpp::Node::[01;32m[Kcreate_subscription[m[K(const std::string&, const rclcpp::QoS&, CallbackT&&, const rclcpp::SubscriptionOptionsWithAllocator<AllocatorT>&, typename MessageMemoryStrategyT::SharedPtr)[m[Kâ€™
  221 |   [01;36m[Kcreate_subscription[m[K(
      |   [01;36m[K^~~~~~~~~~~~~~~~~~~[m[K
[01m[K/opt/ros/jazzy/include/rclcpp/rclcpp/node.hpp:221:3:[m[K [01;36m[Knote: [m[K  template argument deduction/substitution failed:
[01m[K/home/john/Desktop/rp_ros2_rviz/src/control_robot.cpp:23:72:[m[K [01;31m[Kerror: [m[Ktemplate argument 1 is invalid
   23 |         goal_sub_ = [01;31m[Kthis->create_subscription<geometry_msgs::msg::Pose>([m[K
      |                     [01;31m[K~~~~~~~~~~~~~~~~~~~~~~~~~~~~~~~~~~~~~~~~~~~~~~~~~~~^[m[K
   24 | [01;31m[K            "goal_pose", 10, std::bind(&ControlNode::goalCallback, this, std::placeholders::_1))[m[K;
      |             [01;31m[K~~~~~~~~~~~~~~~~~~~~~~~~~~~~~~~~~~~~~~~~~~~~~~~~~~~~~~~~~~~~~~~~~~~~~~~~~~~~~~~~~~~~[m[K
gmake[2]: *** [CMakeFiles/control_robot.dir/build.make:76: CMakeFiles/control_robot.dir/src/control_robot.cpp.o] Error 1
gmake[1]: *** [CMakeFiles/Makefile2:139: CMakeFiles/control_robot.dir/all] Error 2
gmake: *** [Makefile:146: all] Error 2
