[0.011s] Invoking command in '/home/john/Desktop/rp_ros2_rviz/build/rp_ros2_rviz': CMAKE_PREFIX_PATH=${CMAKE_PREFIX_PATH}:/opt/ros/jazzy DEBUGINFOD_URLS=https://debuginfod.ubuntu.com /usr/bin/cmake --build /home/john/Desktop/rp_ros2_rviz/build/rp_ros2_rviz -- -j4 -l4
[0.087s] [ 16%] Built target control_robot
[0.143s] [ 25%] [32mBuilding CXX object CMakeFiles/world_node.dir/src/lidar.cpp.o[0m
[0.143s] [ 33%] [32mBuilding CXX object CMakeFiles/world_node.dir/src/grid_map.cpp.o[0m
[0.143s] [ 41%] [32mBuilding CXX object CMakeFiles/world_node.dir/src/world_node.cpp.o[0m
[2.581s] [01m[K/home/john/Desktop/rp_ros2_rviz/src/grid_map.cpp:[m[K In member function â€˜[01m[Kvirtual void GridMap::[01;32m[Kdraw[m[K(Canvas&) const[m[Kâ€™:
[2.581s] [01m[K/home/john/Desktop/rp_ros2_rviz/src/grid_map.cpp:80:9:[m[K [01;35m[Kwarning: [m[Kvariable â€˜[01m[Kt[m[Kâ€™ set but not used [[01;35m[K]8;;https://gcc.gnu.org/onlinedocs/gcc/Warning-Options.html#index-Wunused-but-set-variable-Wunused-but-set-variable]8;;[m[K]
[2.581s]    80 |   Vec2f [01;35m[Kt[m[K=_piw.t*(1./dest.resolution);
[2.581s]       |         [01;35m[K^[m[K
[2.586s] [01m[K/home/john/Desktop/rp_ros2_rviz/src/grid_map.cpp:[m[K In member function â€˜[01m[KVector2iVector GridMap::[01;32m[KgetObstacles[m[K() const[m[Kâ€™:
[2.587s] [01m[K/home/john/Desktop/rp_ros2_rviz/src/grid_map.cpp:108:38:[m[K [01;31m[Kerror: [m[Kâ€˜[01m[KVec2i[m[Kâ€™ was not declared in this scope; did you mean â€˜[01m[Kcv::Vec2i[m[Kâ€™?
[2.587s]   108 |               obstacles.emplace_back([01;31m[KVec2i[m[K(r, c));
[2.587s]       |                                      [01;31m[K^~~~~[m[K
[2.587s]       |                                      [32m[Kcv::Vec2i[m[K
[2.587s] In file included from [01m[K/usr/include/opencv4/opencv2/core.hpp:56[m[K,
[2.587s]                  from [01m[K/usr/include/opencv4/opencv2/opencv.hpp:52[m[K,
[2.587s]                  from [01m[K/home/john/Desktop/rp_ros2_rviz/include/rp_ros2_rviz/canvas.h:2[m[K,
[2.587s]                  from [01m[K/home/john/Desktop/rp_ros2_rviz/include/rp_ros2_rviz/world.h:6[m[K,
[2.587s]                  from [01m[K/home/john/Desktop/rp_ros2_rviz/include/rp_ros2_rviz/grid_map.h:4[m[K,
[2.587s]                  from [01m[K/home/john/Desktop/rp_ros2_rviz/src/grid_map.cpp:1[m[K:
[2.587s] [01m[K/usr/include/opencv4/opencv2/core/matx.hpp:429:21:[m[K [01;36m[Knote: [m[Kâ€˜[01m[Kcv::Vec2i[m[Kâ€™ declared here
[2.587s]   429 | typedef Vec<int, 2> [01;36m[KVec2i[m[K;
[2.587s]       |                     [01;36m[K^~~~~[m[K
[2.636s] [01m[K/home/john/Desktop/rp_ros2_rviz/src/lidar.cpp:[m[K In member function â€˜[01m[Kvirtual void Lidar::[01;32m[KtimerTick[m[K(float)[m[Kâ€™:
[2.636s] [01m[K/home/john/Desktop/rp_ros2_rviz/src/lidar.cpp:31:29:[m[K [01;35m[Kwarning: [m[Kunused parameter â€˜[01m[Kdt[m[Kâ€™ [[01;35m[K]8;;https://gcc.gnu.org/onlinedocs/gcc/Warning-Options.html#index-Wunused-parameter-Wunused-parameter]8;;[m[K]
[2.636s]    31 | void Lidar::timerTick([01;35m[Kfloat dt[m[K) {
[2.636s]       |                       [01;35m[K~~~~~~^~[m[K
[3.096s] gmake[2]: *** [CMakeFiles/world_node.dir/build.make:104: CMakeFiles/world_node.dir/src/grid_map.cpp.o] Error 1
[3.096s] gmake[2]: *** Waiting for unfinished jobs....
[5.569s] [01m[K/home/john/Desktop/rp_ros2_rviz/src/world_node.cpp:[m[K In constructor â€˜[01m[KWorldNode::[01;32m[KWorldNode[m[K()[m[Kâ€™:
[5.569s] [01m[K/home/john/Desktop/rp_ros2_rviz/src/world_node.cpp:56:17:[m[K [01;35m[Kwarning: [m[Kunused variable â€˜[01m[Kkey[m[Kâ€™ [[01;35m[K]8;;https://gcc.gnu.org/onlinedocs/gcc/Warning-Options.html#index-Wunused-variable-Wunused-variable]8;;[m[K]
[5.569s]    56 |             int [01;35m[Kkey[m[K=0;
[5.569s]       |                 [01;35m[K^~~[m[K
[5.606s] [01m[K/home/john/Desktop/rp_ros2_rviz/src/world_node.cpp:[m[K In static member function â€˜[01m[Kstatic void WorldNode::[01;32m[KonMouse[m[K(int, int, int, int, void*)[m[Kâ€™:
[5.606s] [01m[K/home/john/Desktop/rp_ros2_rviz/src/world_node.cpp:82:54:[m[K [01;35m[Kwarning: [m[Kunused parameter â€˜[01m[Kval[m[Kâ€™ [[01;35m[K]8;;https://gcc.gnu.org/onlinedocs/gcc/Warning-Options.html#index-Wunused-parameter-Wunused-parameter]8;;[m[K]
[5.606s]    82 |     static void onMouse(int event, int x, int y, [01;35m[Kint val[m[K, void* arg) {
[5.606s]       |                                                  [01;35m[K~~~~^~~[m[K
[10.583s] gmake[1]: *** [CMakeFiles/Makefile2:165: CMakeFiles/world_node.dir/all] Error 2
[10.584s] gmake: *** [Makefile:146: all] Error 2
[10.588s] Invoked command in '/home/john/Desktop/rp_ros2_rviz/build/rp_ros2_rviz' returned '2': CMAKE_PREFIX_PATH=${CMAKE_PREFIX_PATH}:/opt/ros/jazzy DEBUGINFOD_URLS=https://debuginfod.ubuntu.com /usr/bin/cmake --build /home/john/Desktop/rp_ros2_rviz/build/rp_ros2_rviz -- -j4 -l4
