[0.014s] Invoking command in '/home/john/Desktop/path_ros/rp_ros2_rviz/build/rp_ros2_rviz': CMAKE_PREFIX_PATH=${CMAKE_PREFIX_PATH}:/opt/ros/jazzy DEBUGINFOD_URLS=https://debuginfod.ubuntu.com /usr/bin/cmake --build /home/john/Desktop/path_ros/rp_ros2_rviz/build/rp_ros2_rviz -- -j4 -l4
[0.095s] [ 20%] [32mBuilding CXX object CMakeFiles/dmap_node.dir/src/dmap_node.cpp.o[0m
[3.163s] In file included from [01m[K/opt/ros/jazzy/include/rclcpp/rclcpp/copy_all_parameter_values.hpp:27[m[K,
[3.163s]                  from [01m[K/opt/ros/jazzy/include/rclcpp/rclcpp/rclcpp.hpp:171[m[K,
[3.163s]                  from [01m[K/home/john/Desktop/path_ros/rp_ros2_rviz/src/dmap_node.cpp:2[m[K:
[3.163s] [01m[K/home/john/Desktop/path_ros/rp_ros2_rviz/src/dmap_node.cpp:[m[K In static member function â€˜[01m[Kstatic void DmapNode::[01;32m[KonMouse[m[K(int, int, int, int, void*)[m[Kâ€™:
[3.163s] [01m[K/home/john/Desktop/path_ros/rp_ros2_rviz/src/dmap_node.cpp:120:25:[m[K [01;31m[Kerror: [m[Kâ€˜[01m[Kthis[m[Kâ€™ is unavailable for static member functions
[3.163s]   120 |             RCLCPP_INFO([01;31m[Kthis[m[K->get_logger(), "LETSGOSKI");
[3.163s]       |                         [01;31m[K^~~~[m[K
[3.163s] [01m[K/home/john/Desktop/path_ros/rp_ros2_rviz/src/dmap_node.cpp:120:25:[m[K [01;31m[Kerror: [m[Kâ€˜[01m[Kthis[m[Kâ€™ is unavailable for static member functions
[3.163s] [01m[K/home/john/Desktop/path_ros/rp_ros2_rviz/src/dmap_node.cpp:120:13:[m[K [01;31m[Kerror: [m[Ktemplate argument 1 is invalid
[3.163s]   120 |             [01;31m[KRCLCPP_INFO[m[K(this->get_logger(), "LETSGOSKI");
[3.163s]       |             [01;31m[K^~~~~~~~~~~[m[K
[3.163s] [01m[K/home/john/Desktop/path_ros/rp_ros2_rviz/src/dmap_node.cpp:120:13:[m[K [01;31m[Kerror: [m[Ktemplate argument 1 is invalid
[3.164s]   120 |             [01;31m[KRCLCPP_INFO[m[K(this->get_logger(), "LETSGOSKI");
[3.164s]       |             [01;31m[K^~~~~~~~~~~[m[K
[3.164s] [01m[K/home/john/Desktop/path_ros/rp_ros2_rviz/src/dmap_node.cpp:120:13:[m[K [01;31m[Kerror: [m[Ktemplate argument 1 is invalid
[3.164s]   120 |             [01;31m[KRCLCPP_INFO[m[K(this->get_logger(), "LETSGOSKI");
[3.164s]       |             [01;31m[K^~~~~~~~~~~[m[K
[3.164s] In file included from [01m[K/opt/ros/jazzy/include/rclcpp/rclcpp/logging.hpp:24[m[K:
[3.164s] [01m[K/home/john/Desktop/path_ros/rp_ros2_rviz/src/dmap_node.cpp:120:25:[m[K [01;31m[Kerror: [m[Kâ€˜[01m[Kthis[m[Kâ€™ is unavailable for static member functions
[3.164s]   120 |             RCLCPP_INFO([01;31m[Kthis[m[K->get_logger(), "LETSGOSKI");
[3.164s]       |                         [01;31m[K^~~~[m[K
[3.164s] [01m[K/home/john/Desktop/path_ros/rp_ros2_rviz/src/dmap_node.cpp:120:25:[m[K [01;31m[Kerror: [m[Kâ€˜[01m[Kthis[m[Kâ€™ is unavailable for static member functions
[3.164s]   120 |             RCLCPP_INFO([01;31m[Kthis[m[K->get_logger(), "LETSGOSKI");
[3.164s]       |                         [01;31m[K^~~~[m[K
[3.170s] [01m[K/home/john/Desktop/path_ros/rp_ros2_rviz/src/dmap_node.cpp:151:49:[m[K [01;35m[Kwarning: [m[Kformat â€˜[01m[K%d[m[Kâ€™ expects argument of type â€˜[01m[Kint[m[Kâ€™, but argument 7 has type â€˜[01m[Kdouble[m[Kâ€™ [[01;35m[K]8;;https://gcc.gnu.org/onlinedocs/gcc/Warning-Options.html#index-Wformat=-Wformat=]8;;[m[K]
[3.170s]   151 |                 RCLCPP_INFO(node->get_logger(), [01;35m[K"policy: (%d, %d) val: %d parent: (%d, %d)"[m[K, y, x, [32m[Kplanner->policy.at(y, x)[m[K, parent_pos[0], parent_pos[1]);
[3.170s]       |                                                 [01;35m[K^~~~~~~~~~~~~~~~~~~~~~~~~~~~~~~~~~~~~~~~~~~[m[K        [32m[K~~~~~~~~~~~~~~~~~~~~~~~~[m[K
[3.170s]       |                                                                                                                      [32m[K|[m[K
[3.170s]       |                                                                                                                      [32m[Kdouble[m[K
[3.170s] [01m[K/home/john/Desktop/path_ros/rp_ros2_rviz/src/dmap_node.cpp:151:73:[m[K [01;36m[Knote: [m[Kformat string is defined here
[3.170s]   151 |     RCLCPP_INFO(node->get_logger(), "policy: (%d, %d) val: [01;36m[K%d[m[K parent: (%d, %d)", y, x, planner->policy.at(y, x), parent_pos[0], parent_pos[1]);
[3.170s]       |                                                            [01;36m[K~^[m[K
[3.170s]       |                                                             [01;36m[K|[m[K
[3.170s]       |                                                             [01;36m[Kint[m[K
[3.171s]       |                                                            [32m[K%f[m[K
[3.172s] [01m[K/home/john/Desktop/path_ros/rp_ros2_rviz/src/dmap_node.cpp:115:58:[m[K [01;35m[Kwarning: [m[Kunused parameter â€˜[01m[Kval[m[Kâ€™ [[01;35m[K]8;;https://gcc.gnu.org/onlinedocs/gcc/Warning-Options.html#index-Wunused-parameter-Wunused-parameter]8;;[m[K]
[3.172s]   115 |         static void onMouse(int event, int x, int y, [01;35m[Kint val[m[K, void* arg) {
[3.172s]       |                                                      [01;35m[K~~~~^~~[m[K
[4.398s] gmake[2]: *** [CMakeFiles/dmap_node.dir/build.make:76: CMakeFiles/dmap_node.dir/src/dmap_node.cpp.o] Error 1
[4.399s] gmake[1]: *** [CMakeFiles/Makefile2:137: CMakeFiles/dmap_node.dir/all] Error 2
[4.399s] gmake: *** [Makefile:146: all] Error 2
[4.402s] Invoked command in '/home/john/Desktop/path_ros/rp_ros2_rviz/build/rp_ros2_rviz' returned '2': CMAKE_PREFIX_PATH=${CMAKE_PREFIX_PATH}:/opt/ros/jazzy DEBUGINFOD_URLS=https://debuginfod.ubuntu.com /usr/bin/cmake --build /home/john/Desktop/path_ros/rp_ros2_rviz/build/rp_ros2_rviz -- -j4 -l4
